[2023-04-09T23:30:50.793+0000] {taskinstance.py:1090} INFO - Dependencies all met for dep_context=non-requeueable deps ti=<TaskInstance: etl_all_pandas_vinicius.download manual__2023-04-09T23:30:46.828511+00:00 [queued]>
[2023-04-09T23:30:50.802+0000] {taskinstance.py:1090} INFO - Dependencies all met for dep_context=requeueable deps ti=<TaskInstance: etl_all_pandas_vinicius.download manual__2023-04-09T23:30:46.828511+00:00 [queued]>
[2023-04-09T23:30:50.803+0000] {taskinstance.py:1288} INFO - 
--------------------------------------------------------------------------------
[2023-04-09T23:30:50.803+0000] {taskinstance.py:1289} INFO - Starting attempt 1 of 6
[2023-04-09T23:30:50.803+0000] {taskinstance.py:1290} INFO - 
--------------------------------------------------------------------------------
[2023-04-09T23:30:50.819+0000] {taskinstance.py:1309} INFO - Executing <Task(BashOperator): download> on 2023-04-09 23:30:46.828511+00:00
[2023-04-09T23:30:50.824+0000] {standard_task_runner.py:55} INFO - Started process 117 to run task
[2023-04-09T23:30:50.826+0000] {standard_task_runner.py:82} INFO - Running: ['***', 'tasks', 'run', 'etl_all_pandas_vinicius', 'download', 'manual__2023-04-09T23:30:46.828511+00:00', '--job-id', '8', '--raw', '--subdir', 'DAGS_FOLDER/etl_dag_vinicius.py', '--cfg-path', '/tmp/tmpurm5dm81']
[2023-04-09T23:30:50.826+0000] {standard_task_runner.py:83} INFO - Job 8: Subtask download
[2023-04-09T23:30:50.874+0000] {task_command.py:389} INFO - Running <TaskInstance: etl_all_pandas_vinicius.download manual__2023-04-09T23:30:46.828511+00:00 [running]> on host c8c0de2c14c7
[2023-04-09T23:30:50.940+0000] {taskinstance.py:1518} INFO - Exporting the following env vars:
AIRFLOW_CTX_DAG_EMAIL=***@example.com
AIRFLOW_CTX_DAG_OWNER=***
AIRFLOW_CTX_DAG_ID=etl_all_pandas_vinicius
AIRFLOW_CTX_TASK_ID=download
AIRFLOW_CTX_EXECUTION_DATE=2023-04-09T23:30:46.828511+00:00
AIRFLOW_CTX_TRY_NUMBER=1
AIRFLOW_CTX_DAG_RUN_ID=manual__2023-04-09T23:30:46.828511+00:00
[2023-04-09T23:30:50.942+0000] {subprocess.py:63} INFO - Tmp dir root location: 
 /tmp
[2023-04-09T23:30:50.942+0000] {subprocess.py:75} INFO - Running command: ['/bin/bash', '-c', 'wget https://github.com/raizen-analytics/data-engineering-test/raw/master/assets/vendas-combustiveis-m3.xls -O /tmp/vendas.xls']
[2023-04-09T23:30:50.953+0000] {subprocess.py:86} INFO - Output:
[2023-04-09T23:30:50.957+0000] {subprocess.py:93} INFO - --2023-04-09 23:30:50--  https://github.com/raizen-analytics/data-engineering-test/raw/master/assets/vendas-combustiveis-m3.xls
[2023-04-09T23:30:50.971+0000] {subprocess.py:93} INFO - Resolving github.com (github.com)... 20.201.28.151
[2023-04-09T23:30:50.985+0000] {subprocess.py:93} INFO - Connecting to github.com (github.com)|20.201.28.151|:443... connected.
[2023-04-09T23:30:51.331+0000] {subprocess.py:93} INFO - HTTP request sent, awaiting response... 302 Found
[2023-04-09T23:30:51.331+0000] {subprocess.py:93} INFO - Location: https://raw.githubusercontent.com/raizen-analytics/data-engineering-test/master/assets/vendas-combustiveis-m3.xls [following]
[2023-04-09T23:30:51.332+0000] {subprocess.py:93} INFO - --2023-04-09 23:30:51--  https://raw.githubusercontent.com/raizen-analytics/data-engineering-test/master/assets/vendas-combustiveis-m3.xls
[2023-04-09T23:30:51.332+0000] {subprocess.py:93} INFO - Resolving raw.githubusercontent.com (raw.githubusercontent.com)... 185.199.110.133, 185.199.108.133, 185.199.111.133, ...
[2023-04-09T23:30:51.337+0000] {subprocess.py:93} INFO - Connecting to raw.githubusercontent.com (raw.githubusercontent.com)|185.199.110.133|:443... connected.
[2023-04-09T23:30:51.782+0000] {subprocess.py:93} INFO - HTTP request sent, awaiting response... 200 OK
[2023-04-09T23:30:51.782+0000] {subprocess.py:93} INFO - Length: 10533888 (10M) [application/octet-stream]
[2023-04-09T23:30:51.782+0000] {subprocess.py:93} INFO - Saving to: ‘/tmp/vendas.xls’
[2023-04-09T23:30:51.783+0000] {subprocess.py:93} INFO - 
[2023-04-09T23:30:51.786+0000] {subprocess.py:93} INFO -      0K .......... .......... .......... .......... ..........  0% 12.0M 1s
[2023-04-09T23:30:51.790+0000] {subprocess.py:93} INFO -     50K .......... .......... .......... .......... ..........  0% 12.4M 1s
[2023-04-09T23:30:51.791+0000] {subprocess.py:93} INFO -    100K .......... .......... .......... .......... ..........  1% 72.8M 1s
[2023-04-09T23:30:51.792+0000] {subprocess.py:93} INFO -    150K .......... .......... .......... .......... ..........  1% 43.8M 0s
[2023-04-09T23:30:51.794+0000] {subprocess.py:93} INFO -    200K .......... .......... .......... .......... ..........  2% 21.8M 0s
[2023-04-09T23:30:51.794+0000] {subprocess.py:93} INFO -    250K .......... .......... .......... .......... ..........  2%  113M 0s
[2023-04-09T23:30:51.795+0000] {subprocess.py:93} INFO -    300K .......... .......... .......... .......... ..........  3%  103M 0s
[2023-04-09T23:30:51.795+0000] {subprocess.py:93} INFO -    350K .......... .......... .......... .......... ..........  3% 73.6M 0s
[2023-04-09T23:30:51.796+0000] {subprocess.py:93} INFO -    400K .......... .......... .......... .......... ..........  4% 99.6M 0s
[2023-04-09T23:30:51.798+0000] {subprocess.py:93} INFO -    450K .......... .......... .......... .......... ..........  4% 29.7M 0s
[2023-04-09T23:30:51.798+0000] {subprocess.py:93} INFO -    500K .......... .......... .......... .......... ..........  5%  113M 0s
[2023-04-09T23:30:51.799+0000] {subprocess.py:93} INFO -    550K .......... .......... .......... .......... ..........  5% 57.8M 0s
[2023-04-09T23:30:51.800+0000] {subprocess.py:93} INFO -    600K .......... .......... .......... .......... ..........  6% 45.5M 0s
[2023-04-09T23:30:51.800+0000] {subprocess.py:93} INFO -    650K .......... .......... .......... .......... ..........  6%  103M 0s
[2023-04-09T23:30:51.801+0000] {subprocess.py:93} INFO -    700K .......... .......... .......... .......... ..........  7%  107M 0s
[2023-04-09T23:30:51.801+0000] {subprocess.py:93} INFO -    750K .......... .......... .......... .......... ..........  7%  136M 0s
[2023-04-09T23:30:51.802+0000] {subprocess.py:93} INFO -    800K .......... .......... .......... .......... ..........  8%  112M 0s
[2023-04-09T23:30:51.802+0000] {subprocess.py:93} INFO -    850K .......... .......... .......... .......... ..........  8% 88.9M 0s
[2023-04-09T23:30:51.803+0000] {subprocess.py:93} INFO -    900K .......... .......... .......... .......... ..........  9% 94.2M 0s
[2023-04-09T23:30:51.804+0000] {subprocess.py:93} INFO -    950K .......... .......... .......... .......... ..........  9% 34.9M 0s
[2023-04-09T23:30:51.805+0000] {subprocess.py:93} INFO -   1000K .......... .......... .......... .......... .......... 10% 71.8M 0s
[2023-04-09T23:30:51.806+0000] {subprocess.py:93} INFO -   1050K .......... .......... .......... .......... .......... 10% 60.7M 0s
[2023-04-09T23:30:51.806+0000] {subprocess.py:93} INFO -   1100K .......... .......... .......... .......... .......... 11%  124M 0s
[2023-04-09T23:30:51.807+0000] {subprocess.py:93} INFO -   1150K .......... .......... .......... .......... .......... 11% 41.0M 0s
[2023-04-09T23:30:51.808+0000] {subprocess.py:93} INFO -   1200K .......... .......... .......... .......... .......... 12% 70.9M 0s
[2023-04-09T23:30:51.808+0000] {subprocess.py:93} INFO -   1250K .......... .......... .......... .......... .......... 12% 93.9M 0s
[2023-04-09T23:30:51.809+0000] {subprocess.py:93} INFO -   1300K .......... .......... .......... .......... .......... 13%  119M 0s
[2023-04-09T23:30:51.810+0000] {subprocess.py:93} INFO -   1350K .......... .......... .......... .......... .......... 13% 60.9M 0s
[2023-04-09T23:30:51.811+0000] {subprocess.py:93} INFO -   1400K .......... .......... .......... .......... .......... 14% 43.3M 0s
[2023-04-09T23:30:51.811+0000] {subprocess.py:93} INFO -   1450K .......... .......... .......... .......... .......... 14%  102M 0s
[2023-04-09T23:30:51.812+0000] {subprocess.py:93} INFO -   1500K .......... .......... .......... .......... .......... 15%  104M 0s
[2023-04-09T23:30:51.813+0000] {subprocess.py:93} INFO -   1550K .......... .......... .......... .......... .......... 15% 54.0M 0s
[2023-04-09T23:30:51.813+0000] {subprocess.py:93} INFO -   1600K .......... .......... .......... .......... .......... 16%  116M 0s
[2023-04-09T23:30:51.814+0000] {subprocess.py:93} INFO -   1650K .......... .......... .......... .......... .......... 16% 94.9M 0s
[2023-04-09T23:30:51.814+0000] {subprocess.py:93} INFO -   1700K .......... .......... .......... .......... .......... 17%  123M 0s
[2023-04-09T23:30:51.814+0000] {subprocess.py:93} INFO -   1750K .......... .......... .......... .......... .......... 17%  108M 0s
[2023-04-09T23:30:51.815+0000] {subprocess.py:93} INFO -   1800K .......... .......... .......... .......... .......... 17%  118M 0s
[2023-04-09T23:30:51.816+0000] {subprocess.py:93} INFO -   1850K .......... .......... .......... .......... .......... 18% 41.5M 0s
[2023-04-09T23:30:51.828+0000] {subprocess.py:93} INFO -   1900K .......... .......... .......... .......... .......... 18% 3.97M 0s
[2023-04-09T23:30:51.830+0000] {subprocess.py:93} INFO -   1950K .......... .......... .......... .......... .......... 19% 32.0M 0s
[2023-04-09T23:30:51.830+0000] {subprocess.py:93} INFO -   2000K .......... .......... .......... .......... .......... 19% 83.6M 0s
[2023-04-09T23:30:51.831+0000] {subprocess.py:93} INFO -   2050K .......... .......... .......... .......... .......... 20%  103M 0s
[2023-04-09T23:30:51.831+0000] {subprocess.py:93} INFO -   2100K .......... .......... .......... .......... .......... 20%  127M 0s
[2023-04-09T23:30:51.832+0000] {subprocess.py:93} INFO -   2150K .......... .......... .......... .......... .......... 21% 81.3M 0s
[2023-04-09T23:30:51.832+0000] {subprocess.py:93} INFO -   2200K .......... .......... .......... .......... .......... 21%  136M 0s
[2023-04-09T23:30:51.833+0000] {subprocess.py:93} INFO -   2250K .......... .......... .......... .......... .......... 22%  109M 0s
[2023-04-09T23:30:51.833+0000] {subprocess.py:93} INFO -   2300K .......... .......... .......... .......... .......... 22%  120M 0s
[2023-04-09T23:30:51.833+0000] {subprocess.py:93} INFO -   2350K .......... .......... .......... .......... .......... 23%  169M 0s
[2023-04-09T23:30:51.834+0000] {subprocess.py:93} INFO -   2400K .......... .......... .......... .......... .......... 23%  143M 0s
[2023-04-09T23:30:51.834+0000] {subprocess.py:93} INFO -   2450K .......... .......... .......... .......... .......... 24% 96.0M 0s
[2023-04-09T23:30:51.835+0000] {subprocess.py:93} INFO -   2500K .......... .......... .......... .......... .......... 24% 59.5M 0s
[2023-04-09T23:30:51.835+0000] {subprocess.py:93} INFO -   2550K .......... .......... .......... .......... .......... 25%  109M 0s
[2023-04-09T23:30:51.836+0000] {subprocess.py:93} INFO -   2600K .......... .......... .......... .......... .......... 25% 96.9M 0s
[2023-04-09T23:30:51.837+0000] {subprocess.py:93} INFO -   2650K .......... .......... .......... .......... .......... 26% 81.2M 0s
[2023-04-09T23:30:51.837+0000] {subprocess.py:93} INFO -   2700K .......... .......... .......... .......... .......... 26% 97.6M 0s
[2023-04-09T23:30:51.838+0000] {subprocess.py:93} INFO -   2750K .......... .......... .......... .......... .......... 27%  121M 0s
[2023-04-09T23:30:51.838+0000] {subprocess.py:93} INFO -   2800K .......... .......... .......... .......... .......... 27% 85.9M 0s
[2023-04-09T23:30:51.839+0000] {subprocess.py:93} INFO -   2850K .......... .......... .......... .......... .......... 28% 95.7M 0s
[2023-04-09T23:30:51.839+0000] {subprocess.py:93} INFO -   2900K .......... .......... .......... .......... .......... 28%  132M 0s
[2023-04-09T23:30:51.839+0000] {subprocess.py:93} INFO -   2950K .......... .......... .......... .......... .......... 29%  121M 0s
[2023-04-09T23:30:51.840+0000] {subprocess.py:93} INFO -   3000K .......... .......... .......... .......... .......... 29%  146M 0s
[2023-04-09T23:30:51.840+0000] {subprocess.py:93} INFO -   3050K .......... .......... .......... .......... .......... 30%  119M 0s
[2023-04-09T23:30:51.841+0000] {subprocess.py:93} INFO -   3100K .......... .......... .......... .......... .......... 30%  115M 0s
[2023-04-09T23:30:51.841+0000] {subprocess.py:93} INFO -   3150K .......... .......... .......... .......... .......... 31%  139M 0s
[2023-04-09T23:30:51.841+0000] {subprocess.py:93} INFO -   3200K .......... .......... .......... .......... .......... 31%  138M 0s
[2023-04-09T23:30:51.842+0000] {subprocess.py:93} INFO -   3250K .......... .......... .......... .......... .......... 32%  111M 0s
[2023-04-09T23:30:51.842+0000] {subprocess.py:93} INFO -   3300K .......... .......... .......... .......... .......... 32%  126M 0s
[2023-04-09T23:30:51.842+0000] {subprocess.py:93} INFO -   3350K .......... .......... .......... .......... .......... 33%  131M 0s
[2023-04-09T23:30:51.843+0000] {subprocess.py:93} INFO -   3400K .......... .......... .......... .......... .......... 33%  156M 0s
[2023-04-09T23:30:51.843+0000] {subprocess.py:93} INFO -   3450K .......... .......... .......... .......... .......... 34%  120M 0s
[2023-04-09T23:30:51.843+0000] {subprocess.py:93} INFO -   3500K .......... .......... .......... .......... .......... 34%  137M 0s
[2023-04-09T23:30:51.844+0000] {subprocess.py:93} INFO -   3550K .......... .......... .......... .......... .......... 34%  162M 0s
[2023-04-09T23:30:51.845+0000] {subprocess.py:93} INFO -   3600K .......... .......... .......... .......... .......... 35% 58.0M 0s
[2023-04-09T23:30:51.845+0000] {subprocess.py:93} INFO -   3650K .......... .......... .......... .......... .......... 35% 67.7M 0s
[2023-04-09T23:30:51.846+0000] {subprocess.py:93} INFO -   3700K .......... .......... .......... .......... .......... 36% 61.2M 0s
[2023-04-09T23:30:51.847+0000] {subprocess.py:93} INFO -   3750K .......... .......... .......... .......... .......... 36%  119M 0s
[2023-04-09T23:30:51.847+0000] {subprocess.py:93} INFO -   3800K .......... .......... .......... .......... .......... 37%  112M 0s
[2023-04-09T23:30:51.848+0000] {subprocess.py:93} INFO -   3850K .......... .......... .......... .......... .......... 37% 56.4M 0s
[2023-04-09T23:30:51.848+0000] {subprocess.py:93} INFO -   3900K .......... .......... .......... .......... .......... 38% 92.2M 0s
[2023-04-09T23:30:51.849+0000] {subprocess.py:93} INFO -   3950K .......... .......... .......... .......... .......... 38%  107M 0s
[2023-04-09T23:30:51.849+0000] {subprocess.py:93} INFO -   4000K .......... .......... .......... .......... .......... 39%  120M 0s
[2023-04-09T23:30:51.851+0000] {subprocess.py:93} INFO -   4050K .......... .......... .......... .......... .......... 39% 22.4M 0s
[2023-04-09T23:30:51.852+0000] {subprocess.py:93} INFO -   4100K .......... .......... .......... .......... .......... 40% 48.1M 0s
[2023-04-09T23:30:51.854+0000] {subprocess.py:93} INFO -   4150K .......... .......... .......... .......... .......... 40% 34.5M 0s
[2023-04-09T23:30:51.855+0000] {subprocess.py:93} INFO -   4200K .......... .......... .......... .......... .......... 41% 74.8M 0s
[2023-04-09T23:30:51.855+0000] {subprocess.py:93} INFO -   4250K .......... .......... .......... .......... .......... 41% 62.9M 0s
[2023-04-09T23:30:51.856+0000] {subprocess.py:93} INFO -   4300K .......... .......... .......... .......... .......... 42%  118M 0s
[2023-04-09T23:30:51.857+0000] {subprocess.py:93} INFO -   4350K .......... .......... .......... .......... .......... 42% 50.4M 0s
[2023-04-09T23:30:51.857+0000] {subprocess.py:93} INFO -   4400K .......... .......... .......... .......... .......... 43%  119M 0s
[2023-04-09T23:30:51.858+0000] {subprocess.py:93} INFO -   4450K .......... .......... .......... .......... .......... 43% 48.9M 0s
[2023-04-09T23:30:51.859+0000] {subprocess.py:93} INFO -   4500K .......... .......... .......... .......... .......... 44% 89.0M 0s
[2023-04-09T23:30:51.859+0000] {subprocess.py:93} INFO -   4550K .......... .......... .......... .......... .......... 44%  123M 0s
[2023-04-09T23:30:51.859+0000] {subprocess.py:93} INFO -   4600K .......... .......... .......... .......... .......... 45%  124M 0s
[2023-04-09T23:30:51.861+0000] {subprocess.py:93} INFO -   4650K .......... .......... .......... .......... .......... 45% 30.8M 0s
[2023-04-09T23:30:51.861+0000] {subprocess.py:93} INFO -   4700K .......... .......... .......... .......... .......... 46%  116M 0s
[2023-04-09T23:30:51.862+0000] {subprocess.py:93} INFO -   4750K .......... .......... .......... .......... .......... 46% 47.0M 0s
[2023-04-09T23:30:51.864+0000] {subprocess.py:93} INFO -   4800K .......... .......... .......... .......... .......... 47% 33.6M 0s
[2023-04-09T23:30:51.865+0000] {subprocess.py:93} INFO -   4850K .......... .......... .......... .......... .......... 47% 46.6M 0s
[2023-04-09T23:30:51.871+0000] {subprocess.py:93} INFO -   4900K .......... .......... .......... .......... .......... 48% 7.95M 0s
[2023-04-09T23:30:51.879+0000] {subprocess.py:93} INFO -   4950K .......... .......... .......... .......... .......... 48% 6.08M 0s
[2023-04-09T23:30:51.879+0000] {subprocess.py:93} INFO -   5000K .......... .......... .......... .......... .......... 49%  189M 0s
[2023-04-09T23:30:51.880+0000] {subprocess.py:93} INFO -   5050K .......... .......... .......... .......... .......... 49%  170M 0s
[2023-04-09T23:30:51.880+0000] {subprocess.py:93} INFO -   5100K .......... .......... .......... .......... .......... 50%  189M 0s
[2023-04-09T23:30:51.880+0000] {subprocess.py:93} INFO -   5150K .......... .......... .......... .......... .......... 50%  177M 0s
[2023-04-09T23:30:51.881+0000] {subprocess.py:93} INFO -   5200K .......... .......... .......... .......... .......... 51%  195M 0s
[2023-04-09T23:30:51.881+0000] {subprocess.py:93} INFO -   5250K .......... .......... .......... .......... .......... 51%  161M 0s
[2023-04-09T23:30:51.881+0000] {subprocess.py:93} INFO -   5300K .......... .......... .......... .......... .......... 52%  195M 0s
[2023-04-09T23:30:51.881+0000] {subprocess.py:93} INFO -   5350K .......... .......... .......... .......... .......... 52%  162M 0s
[2023-04-09T23:30:51.882+0000] {subprocess.py:93} INFO -   5400K .......... .......... .......... .......... .......... 52%  191M 0s
[2023-04-09T23:30:51.882+0000] {subprocess.py:93} INFO -   5450K .......... .......... .......... .......... .......... 53%  143M 0s
[2023-04-09T23:30:51.883+0000] {subprocess.py:93} INFO -   5500K .......... .......... .......... .......... .......... 53% 31.7M 0s
[2023-04-09T23:30:51.884+0000] {subprocess.py:93} INFO -   5550K .......... .......... .......... .......... .......... 54%  108M 0s
[2023-04-09T23:30:51.884+0000] {subprocess.py:93} INFO -   5600K .......... .......... .......... .......... .......... 54%  108M 0s
[2023-04-09T23:30:51.885+0000] {subprocess.py:93} INFO -   5650K .......... .......... .......... .......... .......... 55% 89.5M 0s
[2023-04-09T23:30:51.886+0000] {subprocess.py:93} INFO -   5700K .......... .......... .......... .......... .......... 55% 78.4M 0s
[2023-04-09T23:30:51.886+0000] {subprocess.py:93} INFO -   5750K .......... .......... .......... .......... .......... 56% 78.2M 0s
[2023-04-09T23:30:51.895+0000] {subprocess.py:93} INFO -   5800K .......... .......... .......... .......... .......... 56% 5.82M 0s
[2023-04-09T23:30:51.895+0000] {subprocess.py:93} INFO -   5850K .......... .......... .......... .......... .......... 57%  163M 0s
[2023-04-09T23:30:51.895+0000] {subprocess.py:93} INFO -   5900K .......... .......... .......... .......... .......... 57%  189M 0s
[2023-04-09T23:30:51.895+0000] {subprocess.py:93} INFO -   5950K .......... .......... .......... .......... .......... 58%  193M 0s
[2023-04-09T23:30:51.897+0000] {subprocess.py:93} INFO -   6000K .......... .......... .......... .......... .......... 58% 43.7M 0s
[2023-04-09T23:30:51.897+0000] {subprocess.py:93} INFO -   6050K .......... .......... .......... .......... .......... 59% 53.7M 0s
[2023-04-09T23:30:51.898+0000] {subprocess.py:93} INFO -   6100K .......... .......... .......... .......... .......... 59% 54.8M 0s
[2023-04-09T23:30:51.900+0000] {subprocess.py:93} INFO -   6150K .......... .......... .......... .......... .......... 60% 27.3M 0s
[2023-04-09T23:30:51.901+0000] {subprocess.py:93} INFO -   6200K .......... .......... .......... .......... .......... 60% 63.2M 0s
[2023-04-09T23:30:51.908+0000] {subprocess.py:93} INFO -   6250K .......... .......... .......... .......... .......... 61% 6.87M 0s
[2023-04-09T23:30:51.909+0000] {subprocess.py:93} INFO -   6300K .......... .......... .......... .......... .......... 61% 62.9M 0s
[2023-04-09T23:30:51.912+0000] {subprocess.py:93} INFO -   6350K .......... .......... .......... .......... .......... 62% 14.5M 0s
[2023-04-09T23:30:51.913+0000] {subprocess.py:93} INFO -   6400K .......... .......... .......... .......... .......... 62% 75.0M 0s
[2023-04-09T23:30:51.916+0000] {subprocess.py:93} INFO -   6450K .......... .......... .......... .......... .......... 63% 15.2M 0s
[2023-04-09T23:30:51.917+0000] {subprocess.py:93} INFO -   6500K .......... .......... .......... .......... .......... 63% 44.4M 0s
[2023-04-09T23:30:51.918+0000] {subprocess.py:93} INFO -   6550K .......... .......... .......... .......... .......... 64% 60.8M 0s
[2023-04-09T23:30:51.920+0000] {subprocess.py:93} INFO -   6600K .......... .......... .......... .......... .......... 64% 20.8M 0s
[2023-04-09T23:30:51.921+0000] {subprocess.py:93} INFO -   6650K .......... .......... .......... .......... .......... 65% 43.2M 0s
[2023-04-09T23:30:51.922+0000] {subprocess.py:93} INFO -   6700K .......... .......... .......... .......... .......... 65% 47.1M 0s
[2023-04-09T23:30:51.924+0000] {subprocess.py:93} INFO -   6750K .......... .......... .......... .......... .......... 66% 27.2M 0s
[2023-04-09T23:30:51.926+0000] {subprocess.py:93} INFO -   6800K .......... .......... .......... .......... .......... 66% 31.7M 0s
[2023-04-09T23:30:51.927+0000] {subprocess.py:93} INFO -   6850K .......... .......... .......... .......... .......... 67% 54.5M 0s
[2023-04-09T23:30:51.929+0000] {subprocess.py:93} INFO -   6900K .......... .......... .......... .......... .......... 67% 18.6M 0s
[2023-04-09T23:30:51.930+0000] {subprocess.py:93} INFO -   6950K .......... .......... .......... .......... .......... 68%  105M 0s
[2023-04-09T23:30:51.931+0000] {subprocess.py:93} INFO -   7000K .......... .......... .......... .......... .......... 68% 64.8M 0s
[2023-04-09T23:30:51.937+0000] {subprocess.py:93} INFO -   7050K .......... .......... .......... .......... .......... 69% 7.56M 0s
[2023-04-09T23:30:51.937+0000] {subprocess.py:93} INFO -   7100K .......... .......... .......... .......... .......... 69%  177M 0s
[2023-04-09T23:30:51.938+0000] {subprocess.py:93} INFO -   7150K .......... .......... .......... .......... .......... 69% 54.4M 0s
[2023-04-09T23:30:51.938+0000] {subprocess.py:93} INFO -   7200K .......... .......... .......... .......... .......... 70%  155M 0s
[2023-04-09T23:30:51.940+0000] {subprocess.py:93} INFO -   7250K .......... .......... .......... .......... .......... 70% 31.1M 0s
[2023-04-09T23:30:51.941+0000] {subprocess.py:93} INFO -   7300K .......... .......... .......... .......... .......... 71% 78.1M 0s
[2023-04-09T23:30:51.943+0000] {subprocess.py:93} INFO -   7350K .......... .......... .......... .......... .......... 71% 17.5M 0s
[2023-04-09T23:30:51.944+0000] {subprocess.py:93} INFO -   7400K .......... .......... .......... .......... .......... 72% 91.0M 0s
[2023-04-09T23:30:51.947+0000] {subprocess.py:93} INFO -   7450K .......... .......... .......... .......... .......... 72% 14.7M 0s
[2023-04-09T23:30:51.948+0000] {subprocess.py:93} INFO -   7500K .......... .......... .......... .......... .......... 73% 87.4M 0s
[2023-04-09T23:30:51.950+0000] {subprocess.py:93} INFO -   7550K .......... .......... .......... .......... .......... 73% 26.9M 0s
[2023-04-09T23:30:51.953+0000] {subprocess.py:93} INFO -   7600K .......... .......... .......... .......... .......... 74% 16.7M 0s
[2023-04-09T23:30:51.955+0000] {subprocess.py:93} INFO -   7650K .......... .......... .......... .......... .......... 74% 22.6M 0s
[2023-04-09T23:30:51.956+0000] {subprocess.py:93} INFO -   7700K .......... .......... .......... .......... .......... 75% 32.3M 0s
[2023-04-09T23:30:51.957+0000] {subprocess.py:93} INFO -   7750K .......... .......... .......... .......... .......... 75% 65.9M 0s
[2023-04-09T23:30:51.960+0000] {subprocess.py:93} INFO -   7800K .......... .......... .......... .......... .......... 76% 16.2M 0s
[2023-04-09T23:30:51.962+0000] {subprocess.py:93} INFO -   7850K .......... .......... .......... .......... .......... 76% 27.6M 0s
[2023-04-09T23:30:51.964+0000] {subprocess.py:93} INFO -   7900K .......... .......... .......... .......... .......... 77% 23.8M 0s
[2023-04-09T23:30:51.966+0000] {subprocess.py:93} INFO -   7950K .......... .......... .......... .......... .......... 77% 20.5M 0s
[2023-04-09T23:30:51.968+0000] {subprocess.py:93} INFO -   8000K .......... .......... .......... .......... .......... 78% 63.1M 0s
[2023-04-09T23:30:51.970+0000] {subprocess.py:93} INFO -   8050K .......... .......... .......... .......... .......... 78% 15.2M 0s
[2023-04-09T23:30:51.971+0000] {subprocess.py:93} INFO -   8100K .......... .......... .......... .......... .......... 79% 39.0M 0s
[2023-04-09T23:30:51.974+0000] {subprocess.py:93} INFO -   8150K .......... .......... .......... .......... .......... 79% 18.1M 0s
[2023-04-09T23:30:51.976+0000] {subprocess.py:93} INFO -   8200K .......... .......... .......... .......... .......... 80% 36.1M 0s
[2023-04-09T23:30:51.978+0000] {subprocess.py:93} INFO -   8250K .......... .......... .......... .......... .......... 80% 21.8M 0s
[2023-04-09T23:30:51.979+0000] {subprocess.py:93} INFO -   8300K .......... .......... .......... .......... .......... 81% 29.5M 0s
[2023-04-09T23:30:51.981+0000] {subprocess.py:93} INFO -   8350K .......... .......... .......... .......... .......... 81% 23.9M 0s
[2023-04-09T23:30:51.983+0000] {subprocess.py:93} INFO -   8400K .......... .......... .......... .......... .......... 82% 70.7M 0s
[2023-04-09T23:30:51.985+0000] {subprocess.py:93} INFO -   8450K .......... .......... .......... .......... .......... 82% 17.9M 0s
[2023-04-09T23:30:51.986+0000] {subprocess.py:93} INFO -   8500K .......... .......... .......... .......... .......... 83% 41.8M 0s
[2023-04-09T23:30:51.989+0000] {subprocess.py:93} INFO -   8550K .......... .......... .......... .......... .......... 83% 19.0M 0s
[2023-04-09T23:30:51.991+0000] {subprocess.py:93} INFO -   8600K .......... .......... .......... .......... .......... 84% 25.6M 0s
[2023-04-09T23:30:51.993+0000] {subprocess.py:93} INFO -   8650K .......... .......... .......... .......... .......... 84% 22.6M 0s
[2023-04-09T23:30:51.994+0000] {subprocess.py:93} INFO -   8700K .......... .......... .......... .......... .......... 85% 31.6M 0s
[2023-04-09T23:30:51.996+0000] {subprocess.py:93} INFO -   8750K .......... .......... .......... .......... .......... 85% 21.7M 0s
[2023-04-09T23:30:51.998+0000] {subprocess.py:93} INFO -   8800K .......... .......... .......... .......... .......... 86% 39.6M 0s
[2023-04-09T23:30:52.001+0000] {subprocess.py:93} INFO -   8850K .......... .......... .......... .......... .......... 86% 17.0M 0s
[2023-04-09T23:30:52.001+0000] {subprocess.py:93} INFO -   8900K .......... .......... .......... .......... .......... 87% 69.8M 0s
[2023-04-09T23:30:52.004+0000] {subprocess.py:93} INFO -   8950K .......... .......... .......... .......... .......... 87% 19.9M 0s
[2023-04-09T23:30:52.005+0000] {subprocess.py:93} INFO -   9000K .......... .......... .......... .......... .......... 87% 53.8M 0s
[2023-04-09T23:30:52.007+0000] {subprocess.py:93} INFO -   9050K .......... .......... .......... .......... .......... 88% 20.2M 0s
[2023-04-09T23:30:52.009+0000] {subprocess.py:93} INFO -   9100K .......... .......... .......... .......... .......... 88% 25.6M 0s
[2023-04-09T23:30:52.010+0000] {subprocess.py:93} INFO -   9150K .......... .......... .......... .......... .......... 89% 34.7M 0s
[2023-04-09T23:30:52.013+0000] {subprocess.py:93} INFO -   9200K .......... .......... .......... .......... .......... 89% 40.8M 0s
[2023-04-09T23:30:52.014+0000] {subprocess.py:93} INFO -   9250K .......... .......... .......... .......... .......... 90% 18.4M 0s
[2023-04-09T23:30:52.017+0000] {subprocess.py:93} INFO -   9300K .......... .......... .......... .......... .......... 90% 21.0M 0s
[2023-04-09T23:30:52.018+0000] {subprocess.py:93} INFO -   9350K .......... .......... .......... .......... .......... 91% 33.7M 0s
[2023-04-09T23:30:52.019+0000] {subprocess.py:93} INFO -   9400K .......... .......... .......... .......... .......... 91% 89.6M 0s
[2023-04-09T23:30:52.021+0000] {subprocess.py:93} INFO -   9450K .......... .......... .......... .......... .......... 92% 23.8M 0s
[2023-04-09T23:30:52.022+0000] {subprocess.py:93} INFO -   9500K .......... .......... .......... .......... .......... 92% 29.9M 0s
[2023-04-09T23:30:52.024+0000] {subprocess.py:93} INFO -   9550K .......... .......... .......... .......... .......... 93% 26.3M 0s
[2023-04-09T23:30:52.026+0000] {subprocess.py:93} INFO -   9600K .......... .......... .......... .......... .......... 93% 58.2M 0s
[2023-04-09T23:30:52.027+0000] {subprocess.py:93} INFO -   9650K .......... .......... .......... .......... .......... 94% 27.5M 0s
[2023-04-09T23:30:52.029+0000] {subprocess.py:93} INFO -   9700K .......... .......... .......... .......... .......... 94% 22.0M 0s
[2023-04-09T23:30:52.030+0000] {subprocess.py:93} INFO -   9750K .......... .......... .......... .......... .......... 95% 45.5M 0s
[2023-04-09T23:30:52.033+0000] {subprocess.py:93} INFO -   9800K .......... .......... .......... .......... .......... 95% 17.9M 0s
[2023-04-09T23:30:52.034+0000] {subprocess.py:93} INFO -   9850K .......... .......... .......... .......... .......... 96% 45.6M 0s
[2023-04-09T23:30:52.035+0000] {subprocess.py:93} INFO -   9900K .......... .......... .......... .......... .......... 96% 48.5M 0s
[2023-04-09T23:30:52.037+0000] {subprocess.py:93} INFO -   9950K .......... .......... .......... .......... .......... 97% 20.6M 0s
[2023-04-09T23:30:52.038+0000] {subprocess.py:93} INFO -  10000K .......... .......... .......... .......... .......... 97% 57.3M 0s
[2023-04-09T23:30:52.041+0000] {subprocess.py:93} INFO -  10050K .......... .......... .......... .......... .......... 98% 15.2M 0s
[2023-04-09T23:30:52.042+0000] {subprocess.py:93} INFO -  10100K .......... .......... .......... .......... .......... 98% 44.6M 0s
[2023-04-09T23:30:52.043+0000] {subprocess.py:93} INFO -  10150K .......... .......... .......... .......... .......... 99% 48.2M 0s
[2023-04-09T23:30:52.046+0000] {subprocess.py:93} INFO -  10200K .......... .......... .......... .......... .......... 99% 21.4M 0s
[2023-04-09T23:30:52.046+0000] {subprocess.py:93} INFO -  10250K .......... .......... .......... .......              100% 58.9M=0.3s
[2023-04-09T23:30:52.046+0000] {subprocess.py:93} INFO - 
[2023-04-09T23:30:52.047+0000] {subprocess.py:93} INFO - 2023-04-09 23:30:52 (38.0 MB/s) - ‘/tmp/vendas.xls’ saved [10533888/10533888]
[2023-04-09T23:30:52.047+0000] {subprocess.py:93} INFO - 
[2023-04-09T23:30:52.070+0000] {subprocess.py:97} INFO - Command exited with return code 0
[2023-04-09T23:30:52.122+0000] {taskinstance.py:1332} INFO - Marking task as SUCCESS. dag_id=etl_all_pandas_vinicius, task_id=download, execution_date=20230409T233046, start_date=20230409T233050, end_date=20230409T233052
[2023-04-09T23:30:52.200+0000] {local_task_job.py:212} INFO - Task exited with return code 0
[2023-04-09T23:30:52.243+0000] {taskinstance.py:2596} INFO - 1 downstream tasks scheduled from follow-on schedule check
