[2023-04-09T23:30:50.744+0000] {taskinstance.py:1090} INFO - Dependencies all met for dep_context=non-requeueable deps ti=<TaskInstance: etl_all_pandas_vinicius.download scheduled__2023-04-08T23:30:43.442659+00:00 [queued]>
[2023-04-09T23:30:50.752+0000] {taskinstance.py:1090} INFO - Dependencies all met for dep_context=requeueable deps ti=<TaskInstance: etl_all_pandas_vinicius.download scheduled__2023-04-08T23:30:43.442659+00:00 [queued]>
[2023-04-09T23:30:50.752+0000] {taskinstance.py:1288} INFO - 
--------------------------------------------------------------------------------
[2023-04-09T23:30:50.752+0000] {taskinstance.py:1289} INFO - Starting attempt 1 of 6
[2023-04-09T23:30:50.752+0000] {taskinstance.py:1290} INFO - 
--------------------------------------------------------------------------------
[2023-04-09T23:30:50.769+0000] {taskinstance.py:1309} INFO - Executing <Task(BashOperator): download> on 2023-04-08 23:30:43.442659+00:00
[2023-04-09T23:30:50.775+0000] {standard_task_runner.py:55} INFO - Started process 116 to run task
[2023-04-09T23:30:50.779+0000] {standard_task_runner.py:82} INFO - Running: ['***', 'tasks', 'run', 'etl_all_pandas_vinicius', 'download', 'scheduled__2023-04-08T23:30:43.442659+00:00', '--job-id', '7', '--raw', '--subdir', 'DAGS_FOLDER/etl_dag_vinicius.py', '--cfg-path', '/tmp/tmp2vhnp131']
[2023-04-09T23:30:50.780+0000] {standard_task_runner.py:83} INFO - Job 7: Subtask download
[2023-04-09T23:30:50.833+0000] {task_command.py:389} INFO - Running <TaskInstance: etl_all_pandas_vinicius.download scheduled__2023-04-08T23:30:43.442659+00:00 [running]> on host c8c0de2c14c7
[2023-04-09T23:30:50.912+0000] {taskinstance.py:1518} INFO - Exporting the following env vars:
AIRFLOW_CTX_DAG_EMAIL=***@example.com
AIRFLOW_CTX_DAG_OWNER=***
AIRFLOW_CTX_DAG_ID=etl_all_pandas_vinicius
AIRFLOW_CTX_TASK_ID=download
AIRFLOW_CTX_EXECUTION_DATE=2023-04-08T23:30:43.442659+00:00
AIRFLOW_CTX_TRY_NUMBER=1
AIRFLOW_CTX_DAG_RUN_ID=scheduled__2023-04-08T23:30:43.442659+00:00
[2023-04-09T23:30:50.914+0000] {subprocess.py:63} INFO - Tmp dir root location: 
 /tmp
[2023-04-09T23:30:50.914+0000] {subprocess.py:75} INFO - Running command: ['/bin/bash', '-c', 'wget https://github.com/raizen-analytics/data-engineering-test/raw/master/assets/vendas-combustiveis-m3.xls -O /tmp/vendas.xls']
[2023-04-09T23:30:50.929+0000] {subprocess.py:86} INFO - Output:
[2023-04-09T23:30:50.941+0000] {subprocess.py:93} INFO - --2023-04-09 23:30:50--  https://github.com/raizen-analytics/data-engineering-test/raw/master/assets/vendas-combustiveis-m3.xls
[2023-04-09T23:30:50.971+0000] {subprocess.py:93} INFO - Resolving github.com (github.com)... 20.201.28.151
[2023-04-09T23:30:50.986+0000] {subprocess.py:93} INFO - Connecting to github.com (github.com)|20.201.28.151|:443... connected.
[2023-04-09T23:30:51.262+0000] {subprocess.py:93} INFO - HTTP request sent, awaiting response... 302 Found
[2023-04-09T23:30:51.263+0000] {subprocess.py:93} INFO - Location: https://raw.githubusercontent.com/raizen-analytics/data-engineering-test/master/assets/vendas-combustiveis-m3.xls [following]
[2023-04-09T23:30:51.263+0000] {subprocess.py:93} INFO - --2023-04-09 23:30:51--  https://raw.githubusercontent.com/raizen-analytics/data-engineering-test/master/assets/vendas-combustiveis-m3.xls
[2023-04-09T23:30:51.270+0000] {subprocess.py:93} INFO - Resolving raw.githubusercontent.com (raw.githubusercontent.com)... 185.199.109.133, 185.199.110.133, 185.199.111.133, ...
[2023-04-09T23:30:51.275+0000] {subprocess.py:93} INFO - Connecting to raw.githubusercontent.com (raw.githubusercontent.com)|185.199.109.133|:443... connected.
[2023-04-09T23:30:51.782+0000] {subprocess.py:93} INFO - HTTP request sent, awaiting response... 200 OK
[2023-04-09T23:30:51.782+0000] {subprocess.py:93} INFO - Length: 10533888 (10M) [application/octet-stream]
[2023-04-09T23:30:51.782+0000] {subprocess.py:93} INFO - Saving to: ‘/tmp/vendas.xls’
[2023-04-09T23:30:51.783+0000] {subprocess.py:93} INFO - 
[2023-04-09T23:30:51.787+0000] {subprocess.py:93} INFO -      0K .......... .......... .......... .......... ..........  0% 10.5M 1s
[2023-04-09T23:30:51.791+0000] {subprocess.py:93} INFO -     50K .......... .......... .......... .......... ..........  0% 10.4M 1s
[2023-04-09T23:30:51.792+0000] {subprocess.py:93} INFO -    100K .......... .......... .......... .......... ..........  1% 51.7M 1s
[2023-04-09T23:30:51.793+0000] {subprocess.py:93} INFO -    150K .......... .......... .......... .......... ..........  1% 41.6M 1s
[2023-04-09T23:30:51.797+0000] {subprocess.py:93} INFO -    200K .......... .......... .......... .......... ..........  2% 15.7M 1s
[2023-04-09T23:30:51.797+0000] {subprocess.py:93} INFO -    250K .......... .......... .......... .......... ..........  2%  142M 0s
[2023-04-09T23:30:51.797+0000] {subprocess.py:93} INFO -    300K .......... .......... .......... .......... ..........  3%  109M 0s
[2023-04-09T23:30:51.799+0000] {subprocess.py:93} INFO -    350K .......... .......... .......... .......... ..........  3% 38.0M 0s
[2023-04-09T23:30:51.799+0000] {subprocess.py:93} INFO -    400K .......... .......... .......... .......... ..........  4% 64.1M 0s
[2023-04-09T23:30:51.803+0000] {subprocess.py:93} INFO -    450K .......... .......... .......... .......... ..........  4% 13.3M 0s
[2023-04-09T23:30:51.803+0000] {subprocess.py:93} INFO -    500K .......... .......... .......... .......... ..........  5%  119M 0s
[2023-04-09T23:30:51.804+0000] {subprocess.py:93} INFO -    550K .......... .......... .......... .......... ..........  5%  105M 0s
[2023-04-09T23:30:51.805+0000] {subprocess.py:93} INFO -    600K .......... .......... .......... .......... ..........  6% 55.5M 0s
[2023-04-09T23:30:51.806+0000] {subprocess.py:93} INFO -    650K .......... .......... .......... .......... ..........  6% 28.9M 0s
[2023-04-09T23:30:51.807+0000] {subprocess.py:93} INFO -    700K .......... .......... .......... .......... ..........  7%  148M 0s
[2023-04-09T23:30:51.809+0000] {subprocess.py:93} INFO -    750K .......... .......... .......... .......... ..........  7% 22.2M 0s
[2023-04-09T23:30:51.810+0000] {subprocess.py:93} INFO -    800K .......... .......... .......... .......... ..........  8% 49.5M 0s
[2023-04-09T23:30:51.810+0000] {subprocess.py:93} INFO -    850K .......... .......... .......... .......... ..........  8%  123M 0s
[2023-04-09T23:30:51.812+0000] {subprocess.py:93} INFO -    900K .......... .......... .......... .......... ..........  9% 31.3M 0s
[2023-04-09T23:30:51.815+0000] {subprocess.py:93} INFO -    950K .......... .......... .......... .......... ..........  9% 15.4M 0s
[2023-04-09T23:30:51.815+0000] {subprocess.py:93} INFO -   1000K .......... .......... .......... .......... .......... 10%  133M 0s
[2023-04-09T23:30:51.816+0000] {subprocess.py:93} INFO -   1050K .......... .......... .......... .......... .......... 10% 65.6M 0s
[2023-04-09T23:30:51.829+0000] {subprocess.py:93} INFO -   1100K .......... .......... .......... .......... .......... 11% 3.73M 0s
[2023-04-09T23:30:51.830+0000] {subprocess.py:93} INFO -   1150K .......... .......... .......... .......... .......... 11%  152M 0s
[2023-04-09T23:30:51.830+0000] {subprocess.py:93} INFO -   1200K .......... .......... .......... .......... .......... 12%  136M 0s
[2023-04-09T23:30:51.830+0000] {subprocess.py:93} INFO -   1250K .......... .......... .......... .......... .......... 12%  120M 0s
[2023-04-09T23:30:51.831+0000] {subprocess.py:93} INFO -   1300K .......... .......... .......... .......... .......... 13%  137M 0s
[2023-04-09T23:30:51.831+0000] {subprocess.py:93} INFO -   1350K .......... .......... .......... .......... .......... 13%  145M 0s
[2023-04-09T23:30:51.832+0000] {subprocess.py:93} INFO -   1400K .......... .......... .......... .......... .......... 14%  102M 0s
[2023-04-09T23:30:51.832+0000] {subprocess.py:93} INFO -   1450K .......... .......... .......... .......... .......... 14%  150M 0s
[2023-04-09T23:30:51.832+0000] {subprocess.py:93} INFO -   1500K .......... .......... .......... .......... .......... 15% 96.0M 0s
[2023-04-09T23:30:51.833+0000] {subprocess.py:93} INFO -   1550K .......... .......... .......... .......... .......... 15%  131M 0s
[2023-04-09T23:30:51.834+0000] {subprocess.py:93} INFO -   1600K .......... .......... .......... .......... .......... 16% 45.7M 0s
[2023-04-09T23:30:51.834+0000] {subprocess.py:93} INFO -   1650K .......... .......... .......... .......... .......... 16%  135M 0s
[2023-04-09T23:30:51.835+0000] {subprocess.py:93} INFO -   1700K .......... .......... .......... .......... .......... 17%  132M 0s
[2023-04-09T23:30:51.835+0000] {subprocess.py:93} INFO -   1750K .......... .......... .......... .......... .......... 17%  170M 0s
[2023-04-09T23:30:51.835+0000] {subprocess.py:93} INFO -   1800K .......... .......... .......... .......... .......... 17%  215M 0s
[2023-04-09T23:30:51.835+0000] {subprocess.py:93} INFO -   1850K .......... .......... .......... .......... .......... 18%  135M 0s
[2023-04-09T23:30:51.836+0000] {subprocess.py:93} INFO -   1900K .......... .......... .......... .......... .......... 18%  153M 0s
[2023-04-09T23:30:51.836+0000] {subprocess.py:93} INFO -   1950K .......... .......... .......... .......... .......... 19%  130M 0s
[2023-04-09T23:30:51.836+0000] {subprocess.py:93} INFO -   2000K .......... .......... .......... .......... .......... 19%  164M 0s
[2023-04-09T23:30:51.837+0000] {subprocess.py:93} INFO -   2050K .......... .......... .......... .......... .......... 20%  169M 0s
[2023-04-09T23:30:51.838+0000] {subprocess.py:93} INFO -   2100K .......... .......... .......... .......... .......... 20% 59.9M 0s
[2023-04-09T23:30:51.839+0000] {subprocess.py:93} INFO -   2150K .......... .......... .......... .......... .......... 21% 43.5M 0s
[2023-04-09T23:30:51.839+0000] {subprocess.py:93} INFO -   2200K .......... .......... .......... .......... .......... 21% 97.8M 0s
[2023-04-09T23:30:51.840+0000] {subprocess.py:93} INFO -   2250K .......... .......... .......... .......... .......... 22% 80.6M 0s
[2023-04-09T23:30:51.840+0000] {subprocess.py:93} INFO -   2300K .......... .......... .......... .......... .......... 22%  124M 0s
[2023-04-09T23:30:51.841+0000] {subprocess.py:93} INFO -   2350K .......... .......... .......... .......... .......... 23% 62.8M 0s
[2023-04-09T23:30:51.842+0000] {subprocess.py:93} INFO -   2400K .......... .......... .......... .......... .......... 23% 65.3M 0s
[2023-04-09T23:30:51.842+0000] {subprocess.py:93} INFO -   2450K .......... .......... .......... .......... .......... 24%  132M 0s
[2023-04-09T23:30:51.843+0000] {subprocess.py:93} INFO -   2500K .......... .......... .......... .......... .......... 24% 42.9M 0s
[2023-04-09T23:30:51.844+0000] {subprocess.py:93} INFO -   2550K .......... .......... .......... .......... .......... 25% 44.3M 0s
[2023-04-09T23:30:51.846+0000] {subprocess.py:93} INFO -   2600K .......... .......... .......... .......... .......... 25% 37.6M 0s
[2023-04-09T23:30:51.847+0000] {subprocess.py:93} INFO -   2650K .......... .......... .......... .......... .......... 26% 28.3M 0s
[2023-04-09T23:30:51.850+0000] {subprocess.py:93} INFO -   2700K .......... .......... .......... .......... .......... 26% 51.9M 0s
[2023-04-09T23:30:51.850+0000] {subprocess.py:93} INFO -   2750K .......... .......... .......... .......... .......... 27% 30.2M 0s
[2023-04-09T23:30:51.850+0000] {subprocess.py:93} INFO -   2800K .......... .......... .......... .......... .......... 27%  110M 0s
[2023-04-09T23:30:51.851+0000] {subprocess.py:93} INFO -   2850K .......... .......... .......... .......... .......... 28%  121M 0s
[2023-04-09T23:30:51.852+0000] {subprocess.py:93} INFO -   2900K .......... .......... .......... .......... .......... 28% 48.5M 0s
[2023-04-09T23:30:51.852+0000] {subprocess.py:93} INFO -   2950K .......... .......... .......... .......... .......... 29%  128M 0s
[2023-04-09T23:30:51.853+0000] {subprocess.py:93} INFO -   3000K .......... .......... .......... .......... .......... 29% 50.6M 0s
[2023-04-09T23:30:51.854+0000] {subprocess.py:93} INFO -   3050K .......... .......... .......... .......... .......... 30%  107M 0s
[2023-04-09T23:30:51.855+0000] {subprocess.py:93} INFO -   3100K .......... .......... .......... .......... .......... 30% 49.0M 0s
[2023-04-09T23:30:51.856+0000] {subprocess.py:93} INFO -   3150K .......... .......... .......... .......... .......... 31% 30.7M 0s
[2023-04-09T23:30:51.858+0000] {subprocess.py:93} INFO -   3200K .......... .......... .......... .......... .......... 31% 32.2M 0s
[2023-04-09T23:30:51.858+0000] {subprocess.py:93} INFO -   3250K .......... .......... .......... .......... .......... 32%  125M 0s
[2023-04-09T23:30:51.860+0000] {subprocess.py:93} INFO -   3300K .......... .......... .......... .......... .......... 32% 23.5M 0s
[2023-04-09T23:30:51.861+0000] {subprocess.py:93} INFO -   3350K .......... .......... .......... .......... .......... 33%  115M 0s
[2023-04-09T23:30:51.862+0000] {subprocess.py:93} INFO -   3400K .......... .......... .......... .......... .......... 33% 48.2M 0s
[2023-04-09T23:30:51.862+0000] {subprocess.py:93} INFO -   3450K .......... .......... .......... .......... .......... 34%  134M 0s
[2023-04-09T23:30:51.863+0000] {subprocess.py:93} INFO -   3500K .......... .......... .......... .......... .......... 34% 48.0M 0s
[2023-04-09T23:30:51.863+0000] {subprocess.py:93} INFO -   3550K .......... .......... .......... .......... .......... 34% 97.1M 0s
[2023-04-09T23:30:51.864+0000] {subprocess.py:93} INFO -   3600K .......... .......... .......... .......... .......... 35% 50.4M 0s
[2023-04-09T23:30:51.865+0000] {subprocess.py:93} INFO -   3650K .......... .......... .......... .......... .......... 35% 49.8M 0s
[2023-04-09T23:30:51.872+0000] {subprocess.py:93} INFO -   3700K .......... .......... .......... .......... .......... 36% 6.98M 0s
[2023-04-09T23:30:51.882+0000] {subprocess.py:93} INFO -   3750K .......... .......... .......... .......... .......... 36% 5.11M 0s
[2023-04-09T23:30:51.882+0000] {subprocess.py:93} INFO -   3800K .......... .......... .......... .......... .......... 37%  276M 0s
[2023-04-09T23:30:51.882+0000] {subprocess.py:93} INFO -   3850K .......... .......... .......... .......... .......... 37%  184M 0s
[2023-04-09T23:30:51.883+0000] {subprocess.py:93} INFO -   3900K .......... .......... .......... .......... .......... 38%  282M 0s
[2023-04-09T23:30:51.883+0000] {subprocess.py:93} INFO -   3950K .......... .......... .......... .......... .......... 38%  208M 0s
[2023-04-09T23:30:51.883+0000] {subprocess.py:93} INFO -   4000K .......... .......... .......... .......... .......... 39%  227M 0s
[2023-04-09T23:30:51.883+0000] {subprocess.py:93} INFO -   4050K .......... .......... .......... .......... .......... 39%  286M 0s
[2023-04-09T23:30:51.884+0000] {subprocess.py:93} INFO -   4100K .......... .......... .......... .......... .......... 40%  249M 0s
[2023-04-09T23:30:51.884+0000] {subprocess.py:93} INFO -   4150K .......... .......... .......... .......... .......... 40%  172M 0s
[2023-04-09T23:30:51.884+0000] {subprocess.py:93} INFO -   4200K .......... .......... .......... .......... .......... 41%  233M 0s
[2023-04-09T23:30:51.885+0000] {subprocess.py:93} INFO -   4250K .......... .......... .......... .......... .......... 41%  269M 0s
[2023-04-09T23:30:51.885+0000] {subprocess.py:93} INFO -   4300K .......... .......... .......... .......... .......... 42%  228M 0s
[2023-04-09T23:30:51.885+0000] {subprocess.py:93} INFO -   4350K .......... .......... .......... .......... .......... 42%  178M 0s
[2023-04-09T23:30:51.886+0000] {subprocess.py:93} INFO -   4400K .......... .......... .......... .......... .......... 43% 37.2M 0s
[2023-04-09T23:30:51.895+0000] {subprocess.py:93} INFO -   4450K .......... .......... .......... .......... .......... 43% 5.12M 0s
[2023-04-09T23:30:51.896+0000] {subprocess.py:93} INFO -   4500K .......... .......... .......... .......... .......... 44%  271M 0s
[2023-04-09T23:30:51.896+0000] {subprocess.py:93} INFO -   4550K .......... .......... .......... .......... .......... 44%  262M 0s
[2023-04-09T23:30:51.896+0000] {subprocess.py:93} INFO -   4600K .......... .......... .......... .......... .......... 45%  287M 0s
[2023-04-09T23:30:51.896+0000] {subprocess.py:93} INFO -   4650K .......... .......... .......... .......... .......... 45%  112M 0s
[2023-04-09T23:30:51.897+0000] {subprocess.py:93} INFO -   4700K .......... .......... .......... .......... .......... 46%  256M 0s
[2023-04-09T23:30:51.898+0000] {subprocess.py:93} INFO -   4750K .......... .......... .......... .......... .......... 46% 38.0M 0s
[2023-04-09T23:30:51.899+0000] {subprocess.py:93} INFO -   4800K .......... .......... .......... .......... .......... 47% 37.3M 0s
[2023-04-09T23:30:51.901+0000] {subprocess.py:93} INFO -   4850K .......... .......... .......... .......... .......... 47% 27.0M 0s
[2023-04-09T23:30:51.902+0000] {subprocess.py:93} INFO -   4900K .......... .......... .......... .......... .......... 48% 48.1M 0s
[2023-04-09T23:30:51.906+0000] {subprocess.py:93} INFO -   4950K .......... .......... .......... .......... .......... 48% 11.1M 0s
[2023-04-09T23:30:51.907+0000] {subprocess.py:93} INFO -   5000K .......... .......... .......... .......... .......... 49%  277M 0s
[2023-04-09T23:30:51.907+0000] {subprocess.py:93} INFO -   5050K .......... .......... .......... .......... .......... 49%  290M 0s
[2023-04-09T23:30:51.911+0000] {subprocess.py:93} INFO -   5100K .......... .......... .......... .......... .......... 50% 12.3M 0s
[2023-04-09T23:30:51.911+0000] {subprocess.py:93} INFO -   5150K .......... .......... .......... .......... .......... 50%  231M 0s
[2023-04-09T23:30:51.911+0000] {subprocess.py:93} INFO -   5200K .......... .......... .......... .......... .......... 51%  290M 0s
[2023-04-09T23:30:51.913+0000] {subprocess.py:93} INFO -   5250K .......... .......... .......... .......... .......... 51% 32.9M 0s
[2023-04-09T23:30:51.914+0000] {subprocess.py:93} INFO -   5300K .......... .......... .......... .......... .......... 52% 48.3M 0s
[2023-04-09T23:30:51.914+0000] {subprocess.py:93} INFO -   5350K .......... .......... .......... .......... .......... 52% 54.7M 0s
[2023-04-09T23:30:51.917+0000] {subprocess.py:93} INFO -   5400K .......... .......... .......... .......... .......... 52% 17.2M 0s
[2023-04-09T23:30:51.918+0000] {subprocess.py:93} INFO -   5450K .......... .......... .......... .......... .......... 53% 55.5M 0s
[2023-04-09T23:30:51.921+0000] {subprocess.py:93} INFO -   5500K .......... .......... .......... .......... .......... 53% 18.4M 0s
[2023-04-09T23:30:51.922+0000] {subprocess.py:93} INFO -   5550K .......... .......... .......... .......... .......... 54% 51.8M 0s
[2023-04-09T23:30:51.925+0000] {subprocess.py:93} INFO -   5600K .......... .......... .......... .......... .......... 54% 15.3M 0s
[2023-04-09T23:30:51.926+0000] {subprocess.py:93} INFO -   5650K .......... .......... .......... .......... .......... 55% 47.5M 0s
[2023-04-09T23:30:51.927+0000] {subprocess.py:93} INFO -   5700K .......... .......... .......... .......... .......... 55% 44.2M 0s
[2023-04-09T23:30:51.930+0000] {subprocess.py:93} INFO -   5750K .......... .......... .......... .......... .......... 56% 18.4M 0s
[2023-04-09T23:30:51.931+0000] {subprocess.py:93} INFO -   5800K .......... .......... .......... .......... .......... 56% 49.2M 0s
[2023-04-09T23:30:51.936+0000] {subprocess.py:93} INFO -   5850K .......... .......... .......... .......... .......... 57% 9.26M 0s
[2023-04-09T23:30:51.936+0000] {subprocess.py:93} INFO -   5900K .......... .......... .......... .......... .......... 57%  280M 0s
[2023-04-09T23:30:51.936+0000] {subprocess.py:93} INFO -   5950K .......... .......... .......... .......... .......... 58%  214M 0s
[2023-04-09T23:30:51.939+0000] {subprocess.py:93} INFO -   6000K .......... .......... .......... .......... .......... 58% 18.2M 0s
[2023-04-09T23:30:51.940+0000] {subprocess.py:93} INFO -   6050K .......... .......... .......... .......... .......... 59% 69.9M 0s
[2023-04-09T23:30:51.943+0000] {subprocess.py:93} INFO -   6100K .......... .......... .......... .......... .......... 59% 14.1M 0s
[2023-04-09T23:30:51.945+0000] {subprocess.py:93} INFO -   6150K .......... .......... .......... .......... .......... 60% 22.2M 0s
[2023-04-09T23:30:51.948+0000] {subprocess.py:93} INFO -   6200K .......... .......... .......... .......... .......... 60% 20.1M 0s
[2023-04-09T23:30:51.949+0000] {subprocess.py:93} INFO -   6250K .......... .......... .......... .......... .......... 61% 29.9M 0s
[2023-04-09T23:30:51.952+0000] {subprocess.py:93} INFO -   6300K .......... .......... .......... .......... .......... 61% 17.4M 0s
[2023-04-09T23:30:51.954+0000] {subprocess.py:93} INFO -   6350K .......... .......... .......... .......... .......... 62% 26.4M 0s
[2023-04-09T23:30:51.958+0000] {subprocess.py:93} INFO -   6400K .......... .......... .......... .......... .......... 62% 14.1M 0s
[2023-04-09T23:30:51.958+0000] {subprocess.py:93} INFO -   6450K .......... .......... .......... .......... .......... 63% 69.0M 0s
[2023-04-09T23:30:51.962+0000] {subprocess.py:93} INFO -   6500K .......... .......... .......... .......... .......... 63% 15.3M 0s
[2023-04-09T23:30:51.963+0000] {subprocess.py:93} INFO -   6550K .......... .......... .......... .......... .......... 64% 43.6M 0s
[2023-04-09T23:30:51.966+0000] {subprocess.py:93} INFO -   6600K .......... .......... .......... .......... .......... 64% 12.7M 0s
[2023-04-09T23:30:51.967+0000] {subprocess.py:93} INFO -   6650K .......... .......... .......... .......... .......... 65% 67.0M 0s
[2023-04-09T23:30:51.971+0000] {subprocess.py:93} INFO -   6700K .......... .......... .......... .......... .......... 65% 12.4M 0s
[2023-04-09T23:30:51.974+0000] {subprocess.py:93} INFO -   6750K .......... .......... .......... .......... .......... 66% 20.6M 0s
[2023-04-09T23:30:51.977+0000] {subprocess.py:93} INFO -   6800K .......... .......... .......... .......... .......... 66% 17.2M 0s
[2023-04-09T23:30:51.978+0000] {subprocess.py:93} INFO -   6850K .......... .......... .......... .......... .......... 67% 30.3M 0s
[2023-04-09T23:30:51.981+0000] {subprocess.py:93} INFO -   6900K .......... .......... .......... .......... .......... 67% 18.4M 0s
[2023-04-09T23:30:51.982+0000] {subprocess.py:93} INFO -   6950K .......... .......... .......... .......... .......... 68% 27.7M 0s
[2023-04-09T23:30:51.985+0000] {subprocess.py:93} INFO -   7000K .......... .......... .......... .......... .......... 68% 21.3M 0s
[2023-04-09T23:30:51.987+0000] {subprocess.py:93} INFO -   7050K .......... .......... .......... .......... .......... 69% 24.4M 0s
[2023-04-09T23:30:51.989+0000] {subprocess.py:93} INFO -   7100K .......... .......... .......... .......... .......... 69% 18.7M 0s
[2023-04-09T23:30:51.992+0000] {subprocess.py:93} INFO -   7150K .......... .......... .......... .......... .......... 69% 15.8M 0s
[2023-04-09T23:30:51.994+0000] {subprocess.py:93} INFO -   7200K .......... .......... .......... .......... .......... 70% 28.5M 0s
[2023-04-09T23:30:51.997+0000] {subprocess.py:93} INFO -   7250K .......... .......... .......... .......... .......... 70% 16.7M 0s
[2023-04-09T23:30:51.998+0000] {subprocess.py:93} INFO -   7300K .......... .......... .......... .......... .......... 71% 38.6M 0s
[2023-04-09T23:30:52.002+0000] {subprocess.py:93} INFO -   7350K .......... .......... .......... .......... .......... 71% 14.7M 0s
[2023-04-09T23:30:52.003+0000] {subprocess.py:93} INFO -   7400K .......... .......... .......... .......... .......... 72% 36.8M 0s
[2023-04-09T23:30:52.006+0000] {subprocess.py:93} INFO -   7450K .......... .......... .......... .......... .......... 72% 16.3M 0s
[2023-04-09T23:30:52.009+0000] {subprocess.py:93} INFO -   7500K .......... .......... .......... .......... .......... 73% 18.1M 0s
[2023-04-09T23:30:52.012+0000] {subprocess.py:93} INFO -   7550K .......... .......... .......... .......... .......... 73% 16.0M 0s
[2023-04-09T23:30:52.013+0000] {subprocess.py:93} INFO -   7600K .......... .......... .......... .......... .......... 74% 31.4M 0s
[2023-04-09T23:30:52.016+0000] {subprocess.py:93} INFO -   7650K .......... .......... .......... .......... .......... 74% 16.9M 0s
[2023-04-09T23:30:52.017+0000] {subprocess.py:93} INFO -   7700K .......... .......... .......... .......... .......... 75% 37.5M 0s
[2023-04-09T23:30:52.021+0000] {subprocess.py:93} INFO -   7750K .......... .......... .......... .......... .......... 75% 14.4M 0s
[2023-04-09T23:30:52.022+0000] {subprocess.py:93} INFO -   7800K .......... .......... .......... .......... .......... 76% 51.6M 0s
[2023-04-09T23:30:52.025+0000] {subprocess.py:93} INFO -   7850K .......... .......... .......... .......... .......... 76% 15.0M 0s
[2023-04-09T23:30:52.027+0000] {subprocess.py:93} INFO -   7900K .......... .......... .......... .......... .......... 77% 38.7M 0s
[2023-04-09T23:30:52.029+0000] {subprocess.py:93} INFO -   7950K .......... .......... .......... .......... .......... 77% 15.3M 0s
[2023-04-09T23:30:52.031+0000] {subprocess.py:93} INFO -   8000K .......... .......... .......... .......... .......... 78% 29.6M 0s
[2023-04-09T23:30:52.034+0000] {subprocess.py:93} INFO -   8050K .......... .......... .......... .......... .......... 78% 14.9M 0s
[2023-04-09T23:30:52.035+0000] {subprocess.py:93} INFO -   8100K .......... .......... .......... .......... .......... 79% 50.2M 0s
[2023-04-09T23:30:52.038+0000] {subprocess.py:93} INFO -   8150K .......... .......... .......... .......... .......... 79% 17.0M 0s
[2023-04-09T23:30:52.040+0000] {subprocess.py:93} INFO -   8200K .......... .......... .......... .......... .......... 80% 36.4M 0s
[2023-04-09T23:30:52.043+0000] {subprocess.py:93} INFO -   8250K .......... .......... .......... .......... .......... 80% 15.5M 0s
[2023-04-09T23:30:52.046+0000] {subprocess.py:93} INFO -   8300K .......... .......... .......... .......... .......... 81% 55.0M 0s
[2023-04-09T23:30:52.047+0000] {subprocess.py:93} INFO -   8350K .......... .......... .......... .......... .......... 81% 14.3M 0s
[2023-04-09T23:30:52.049+0000] {subprocess.py:93} INFO -   8400K .......... .......... .......... .......... .......... 82% 28.1M 0s
[2023-04-09T23:30:52.051+0000] {subprocess.py:93} INFO -   8450K .......... .......... .......... .......... .......... 82% 23.2M 0s
[2023-04-09T23:30:52.052+0000] {subprocess.py:93} INFO -   8500K .......... .......... .......... .......... .......... 83% 30.8M 0s
[2023-04-09T23:30:52.056+0000] {subprocess.py:93} INFO -   8550K .......... .......... .......... .......... .......... 83% 14.4M 0s
[2023-04-09T23:30:52.057+0000] {subprocess.py:93} INFO -   8600K .......... .......... .......... .......... .......... 84% 33.0M 0s
[2023-04-09T23:30:52.060+0000] {subprocess.py:93} INFO -   8650K .......... .......... .......... .......... .......... 84% 18.0M 0s
[2023-04-09T23:30:52.062+0000] {subprocess.py:93} INFO -   8700K .......... .......... .......... .......... .......... 85% 31.2M 0s
[2023-04-09T23:30:52.065+0000] {subprocess.py:93} INFO -   8750K .......... .......... .......... .......... .......... 85% 14.5M 0s
[2023-04-09T23:30:52.066+0000] {subprocess.py:93} INFO -   8800K .......... .......... .......... .......... .......... 86% 69.4M 0s
[2023-04-09T23:30:52.069+0000] {subprocess.py:93} INFO -   8850K .......... .......... .......... .......... .......... 86% 15.8M 0s
[2023-04-09T23:30:52.070+0000] {subprocess.py:93} INFO -   8900K .......... .......... .......... .......... .......... 87% 39.8M 0s
[2023-04-09T23:30:52.072+0000] {subprocess.py:93} INFO -   8950K .......... .......... .......... .......... .......... 87% 34.1M 0s
[2023-04-09T23:30:52.075+0000] {subprocess.py:93} INFO -   9000K .......... .......... .......... .......... .......... 87% 14.2M 0s
[2023-04-09T23:30:52.076+0000] {subprocess.py:93} INFO -   9050K .......... .......... .......... .......... .......... 88% 52.2M 0s
[2023-04-09T23:30:52.079+0000] {subprocess.py:93} INFO -   9100K .......... .......... .......... .......... .......... 88% 13.9M 0s
[2023-04-09T23:30:52.082+0000] {subprocess.py:93} INFO -   9150K .......... .......... .......... .......... .......... 89% 17.5M 0s
[2023-04-09T23:30:52.084+0000] {subprocess.py:93} INFO -   9200K .......... .......... .......... .......... .......... 89% 28.0M 0s
[2023-04-09T23:30:52.087+0000] {subprocess.py:93} INFO -   9250K .......... .......... .......... .......... .......... 90% 17.7M 0s
[2023-04-09T23:30:52.088+0000] {subprocess.py:93} INFO -   9300K .......... .......... .......... .......... .......... 90% 29.7M 0s
[2023-04-09T23:30:52.091+0000] {subprocess.py:93} INFO -   9350K .......... .......... .......... .......... .......... 91% 16.7M 0s
[2023-04-09T23:30:52.093+0000] {subprocess.py:93} INFO -   9400K .......... .......... .......... .......... .......... 91% 30.8M 0s
[2023-04-09T23:30:52.096+0000] {subprocess.py:93} INFO -   9450K .......... .......... .......... .......... .......... 92% 16.9M 0s
[2023-04-09T23:30:52.097+0000] {subprocess.py:93} INFO -   9500K .......... .......... .......... .......... .......... 92% 35.1M 0s
[2023-04-09T23:30:52.100+0000] {subprocess.py:93} INFO -   9550K .......... .......... .......... .......... .......... 93% 16.3M 0s
[2023-04-09T23:30:52.101+0000] {subprocess.py:93} INFO -   9600K .......... .......... .......... .......... .......... 93% 31.9M 0s
[2023-04-09T23:30:52.102+0000] {subprocess.py:93} INFO -   9650K .......... .......... .......... .......... .......... 94% 51.5M 0s
[2023-04-09T23:30:52.106+0000] {subprocess.py:93} INFO -   9700K .......... .......... .......... .......... .......... 94% 15.5M 0s
[2023-04-09T23:30:52.107+0000] {subprocess.py:93} INFO -   9750K .......... .......... .......... .......... .......... 95% 51.7M 0s
[2023-04-09T23:30:52.109+0000] {subprocess.py:93} INFO -   9800K .......... .......... .......... .......... .......... 95% 17.3M 0s
[2023-04-09T23:30:52.111+0000] {subprocess.py:93} INFO -   9850K .......... .......... .......... .......... .......... 96% 32.5M 0s
[2023-04-09T23:30:52.115+0000] {subprocess.py:93} INFO -   9900K .......... .......... .......... .......... .......... 96% 44.3M 0s
[2023-04-09T23:30:52.115+0000] {subprocess.py:93} INFO -   9950K .......... .......... .......... .......... .......... 97% 15.0M 0s
[2023-04-09T23:30:52.117+0000] {subprocess.py:93} INFO -  10000K .......... .......... .......... .......... .......... 97% 27.6M 0s
[2023-04-09T23:30:52.120+0000] {subprocess.py:93} INFO -  10050K .......... .......... .......... .......... .......... 98% 18.0M 0s
[2023-04-09T23:30:52.121+0000] {subprocess.py:93} INFO -  10100K .......... .......... .......... .......... .......... 98% 43.9M 0s
[2023-04-09T23:30:52.122+0000] {subprocess.py:93} INFO -  10150K .......... .......... .......... .......... .......... 99% 42.0M 0s
[2023-04-09T23:30:52.125+0000] {subprocess.py:93} INFO -  10200K .......... .......... .......... .......... .......... 99% 17.9M 0s
[2023-04-09T23:30:52.126+0000] {subprocess.py:93} INFO -  10250K .......... .......... .......... .......              100% 44.3M=0.3s
[2023-04-09T23:30:52.126+0000] {subprocess.py:93} INFO - 
[2023-04-09T23:30:52.126+0000] {subprocess.py:93} INFO - 2023-04-09 23:30:52 (29.2 MB/s) - ‘/tmp/vendas.xls’ saved [10533888/10533888]
[2023-04-09T23:30:52.126+0000] {subprocess.py:93} INFO - 
[2023-04-09T23:30:52.127+0000] {subprocess.py:97} INFO - Command exited with return code 0
[2023-04-09T23:30:52.167+0000] {taskinstance.py:1332} INFO - Marking task as SUCCESS. dag_id=etl_all_pandas_vinicius, task_id=download, execution_date=20230408T233043, start_date=20230409T233050, end_date=20230409T233052
[2023-04-09T23:30:52.192+0000] {local_task_job.py:212} INFO - Task exited with return code 0
[2023-04-09T23:30:52.264+0000] {taskinstance.py:2596} INFO - 1 downstream tasks scheduled from follow-on schedule check
