[2023-04-09T23:30:53.552+0000] {taskinstance.py:1090} INFO - Dependencies all met for dep_context=non-requeueable deps ti=<TaskInstance: etl_all_pandas_vinicius.list_dir2 manual__2023-04-09T23:30:46.828511+00:00 [queued]>
[2023-04-09T23:30:53.560+0000] {taskinstance.py:1090} INFO - Dependencies all met for dep_context=requeueable deps ti=<TaskInstance: etl_all_pandas_vinicius.list_dir2 manual__2023-04-09T23:30:46.828511+00:00 [queued]>
[2023-04-09T23:30:53.560+0000] {taskinstance.py:1288} INFO - 
--------------------------------------------------------------------------------
[2023-04-09T23:30:53.560+0000] {taskinstance.py:1289} INFO - Starting attempt 1 of 6
[2023-04-09T23:30:53.560+0000] {taskinstance.py:1290} INFO - 
--------------------------------------------------------------------------------
[2023-04-09T23:30:53.575+0000] {taskinstance.py:1309} INFO - Executing <Task(BashOperator): list_dir2> on 2023-04-09 23:30:46.828511+00:00
[2023-04-09T23:30:53.580+0000] {standard_task_runner.py:55} INFO - Started process 125 to run task
[2023-04-09T23:30:53.582+0000] {standard_task_runner.py:82} INFO - Running: ['***', 'tasks', 'run', 'etl_all_pandas_vinicius', 'list_dir2', 'manual__2023-04-09T23:30:46.828511+00:00', '--job-id', '10', '--raw', '--subdir', 'DAGS_FOLDER/etl_dag_vinicius.py', '--cfg-path', '/tmp/tmpsyv19ws9']
[2023-04-09T23:30:53.583+0000] {standard_task_runner.py:83} INFO - Job 10: Subtask list_dir2
[2023-04-09T23:30:53.633+0000] {task_command.py:389} INFO - Running <TaskInstance: etl_all_pandas_vinicius.list_dir2 manual__2023-04-09T23:30:46.828511+00:00 [running]> on host c8c0de2c14c7
[2023-04-09T23:30:53.702+0000] {taskinstance.py:1518} INFO - Exporting the following env vars:
AIRFLOW_CTX_DAG_EMAIL=***@example.com
AIRFLOW_CTX_DAG_OWNER=***
AIRFLOW_CTX_DAG_ID=etl_all_pandas_vinicius
AIRFLOW_CTX_TASK_ID=list_dir2
AIRFLOW_CTX_EXECUTION_DATE=2023-04-09T23:30:46.828511+00:00
AIRFLOW_CTX_TRY_NUMBER=1
AIRFLOW_CTX_DAG_RUN_ID=manual__2023-04-09T23:30:46.828511+00:00
[2023-04-09T23:30:53.704+0000] {subprocess.py:63} INFO - Tmp dir root location: 
 /tmp
[2023-04-09T23:30:53.704+0000] {subprocess.py:75} INFO - Running command: ['/bin/bash', '-c', 'ls /tmp']
[2023-04-09T23:30:53.716+0000] {subprocess.py:86} INFO - Output:
[2023-04-09T23:30:53.719+0000] {subprocess.py:93} INFO - ***tmpvehv3no6
[2023-04-09T23:30:53.719+0000] {subprocess.py:93} INFO - hsperfdata_root
[2023-04-09T23:30:53.719+0000] {subprocess.py:93} INFO - pymp-e_epytsf
[2023-04-09T23:30:53.719+0000] {subprocess.py:93} INFO - tmpo383kgfp
[2023-04-09T23:30:53.720+0000] {subprocess.py:93} INFO - vendas.xls
[2023-04-09T23:30:53.720+0000] {subprocess.py:97} INFO - Command exited with return code 0
[2023-04-09T23:30:53.742+0000] {taskinstance.py:1332} INFO - Marking task as SUCCESS. dag_id=etl_all_pandas_vinicius, task_id=list_dir2, execution_date=20230409T233046, start_date=20230409T233053, end_date=20230409T233053
[2023-04-09T23:30:53.794+0000] {local_task_job.py:212} INFO - Task exited with return code 0
[2023-04-09T23:30:53.823+0000] {taskinstance.py:2596} INFO - 1 downstream tasks scheduled from follow-on schedule check
