[2023-04-09T23:30:48.970+0000] {taskinstance.py:1090} INFO - Dependencies all met for dep_context=non-requeueable deps ti=<TaskInstance: etl_all_pandas_vinicius.list_dir scheduled__2023-04-08T23:30:43.442659+00:00 [queued]>
[2023-04-09T23:30:48.978+0000] {taskinstance.py:1090} INFO - Dependencies all met for dep_context=requeueable deps ti=<TaskInstance: etl_all_pandas_vinicius.list_dir scheduled__2023-04-08T23:30:43.442659+00:00 [queued]>
[2023-04-09T23:30:48.978+0000] {taskinstance.py:1288} INFO - 
--------------------------------------------------------------------------------
[2023-04-09T23:30:48.978+0000] {taskinstance.py:1289} INFO - Starting attempt 1 of 6
[2023-04-09T23:30:48.978+0000] {taskinstance.py:1290} INFO - 
--------------------------------------------------------------------------------
[2023-04-09T23:30:48.994+0000] {taskinstance.py:1309} INFO - Executing <Task(BashOperator): list_dir> on 2023-04-08 23:30:43.442659+00:00
[2023-04-09T23:30:49.001+0000] {standard_task_runner.py:55} INFO - Started process 109 to run task
[2023-04-09T23:30:49.003+0000] {standard_task_runner.py:82} INFO - Running: ['***', 'tasks', 'run', 'etl_all_pandas_vinicius', 'list_dir', 'scheduled__2023-04-08T23:30:43.442659+00:00', '--job-id', '5', '--raw', '--subdir', 'DAGS_FOLDER/etl_dag_vinicius.py', '--cfg-path', '/tmp/tmpn7gtf7fu']
[2023-04-09T23:30:49.004+0000] {standard_task_runner.py:83} INFO - Job 5: Subtask list_dir
[2023-04-09T23:30:49.056+0000] {task_command.py:389} INFO - Running <TaskInstance: etl_all_pandas_vinicius.list_dir scheduled__2023-04-08T23:30:43.442659+00:00 [running]> on host c8c0de2c14c7
[2023-04-09T23:30:49.152+0000] {taskinstance.py:1518} INFO - Exporting the following env vars:
AIRFLOW_CTX_DAG_EMAIL=***@example.com
AIRFLOW_CTX_DAG_OWNER=***
AIRFLOW_CTX_DAG_ID=etl_all_pandas_vinicius
AIRFLOW_CTX_TASK_ID=list_dir
AIRFLOW_CTX_EXECUTION_DATE=2023-04-08T23:30:43.442659+00:00
AIRFLOW_CTX_TRY_NUMBER=1
AIRFLOW_CTX_DAG_RUN_ID=scheduled__2023-04-08T23:30:43.442659+00:00
[2023-04-09T23:30:49.155+0000] {subprocess.py:63} INFO - Tmp dir root location: 
 /tmp
[2023-04-09T23:30:49.156+0000] {subprocess.py:75} INFO - Running command: ['/bin/bash', '-c', 'ls /']
[2023-04-09T23:30:49.176+0000] {subprocess.py:86} INFO - Output:
[2023-04-09T23:30:49.181+0000] {subprocess.py:93} INFO - ***-scheduler-autorestart
[2023-04-09T23:30:49.183+0000] {subprocess.py:93} INFO - bin
[2023-04-09T23:30:49.183+0000] {subprocess.py:93} INFO - boot
[2023-04-09T23:30:49.184+0000] {subprocess.py:93} INFO - clean-logs
[2023-04-09T23:30:49.184+0000] {subprocess.py:93} INFO - dev
[2023-04-09T23:30:49.184+0000] {subprocess.py:93} INFO - entrypoint
[2023-04-09T23:30:49.184+0000] {subprocess.py:93} INFO - etc
[2023-04-09T23:30:49.184+0000] {subprocess.py:93} INFO - home
[2023-04-09T23:30:49.184+0000] {subprocess.py:93} INFO - lib
[2023-04-09T23:30:49.184+0000] {subprocess.py:93} INFO - lib64
[2023-04-09T23:30:49.184+0000] {subprocess.py:93} INFO - media
[2023-04-09T23:30:49.185+0000] {subprocess.py:93} INFO - mnt
[2023-04-09T23:30:49.185+0000] {subprocess.py:93} INFO - opt
[2023-04-09T23:30:49.185+0000] {subprocess.py:93} INFO - proc
[2023-04-09T23:30:49.185+0000] {subprocess.py:93} INFO - root
[2023-04-09T23:30:49.185+0000] {subprocess.py:93} INFO - run
[2023-04-09T23:30:49.185+0000] {subprocess.py:93} INFO - sbin
[2023-04-09T23:30:49.185+0000] {subprocess.py:93} INFO - scripts
[2023-04-09T23:30:49.185+0000] {subprocess.py:93} INFO - srv
[2023-04-09T23:30:49.186+0000] {subprocess.py:93} INFO - sys
[2023-04-09T23:30:49.186+0000] {subprocess.py:93} INFO - tmp
[2023-04-09T23:30:49.186+0000] {subprocess.py:93} INFO - usr
[2023-04-09T23:30:49.186+0000] {subprocess.py:93} INFO - var
[2023-04-09T23:30:49.186+0000] {subprocess.py:97} INFO - Command exited with return code 0
[2023-04-09T23:30:49.222+0000] {taskinstance.py:1332} INFO - Marking task as SUCCESS. dag_id=etl_all_pandas_vinicius, task_id=list_dir, execution_date=20230408T233043, start_date=20230409T233048, end_date=20230409T233049
[2023-04-09T23:30:49.255+0000] {local_task_job.py:212} INFO - Task exited with return code 0
[2023-04-09T23:30:49.301+0000] {taskinstance.py:2596} INFO - 1 downstream tasks scheduled from follow-on schedule check
