[2023-04-09T23:24:02.745+0000] {processor.py:153} INFO - Started process (PID=50) to work on /opt/airflow/dags/etl_dag_vinicius.py
[2023-04-09T23:24:02.747+0000] {processor.py:743} INFO - Processing file /opt/airflow/dags/etl_dag_vinicius.py for tasks to queue
[2023-04-09T23:24:02.748+0000] {logging_mixin.py:137} INFO - [2023-04-09T23:24:02.747+0000] {dagbag.py:532} INFO - Filling up the DagBag from /opt/airflow/dags/etl_dag_vinicius.py
[2023-04-09T23:24:03.695+0000] {processor.py:753} INFO - DAG(s) dict_keys(['etl_all_pandas_vinicius']) retrieved from /opt/airflow/dags/etl_dag_vinicius.py
[2023-04-09T23:24:03.881+0000] {logging_mixin.py:137} INFO - [2023-04-09T23:24:03.880+0000] {manager.py:504} INFO - Created Permission View: can delete on DAG:etl_all_pandas_vinicius
[2023-04-09T23:24:03.892+0000] {logging_mixin.py:137} INFO - [2023-04-09T23:24:03.891+0000] {manager.py:504} INFO - Created Permission View: can read on DAG:etl_all_pandas_vinicius
[2023-04-09T23:24:03.899+0000] {logging_mixin.py:137} INFO - [2023-04-09T23:24:03.898+0000] {manager.py:504} INFO - Created Permission View: can edit on DAG:etl_all_pandas_vinicius
[2023-04-09T23:24:03.899+0000] {logging_mixin.py:137} INFO - [2023-04-09T23:24:03.899+0000] {dag.py:2705} INFO - Sync 1 DAGs
[2023-04-09T23:24:03.914+0000] {logging_mixin.py:137} INFO - [2023-04-09T23:24:03.913+0000] {dag.py:2726} INFO - Creating ORM DAG for etl_all_pandas_vinicius
[2023-04-09T23:24:03.925+0000] {logging_mixin.py:137} INFO - [2023-04-09T23:24:03.925+0000] {dag.py:3456} INFO - Setting next_dagrun for etl_all_pandas_vinicius to 2023-04-08T23:24:03.925388+00:00, run_after=2023-04-09T23:24:03.925388+00:00
[2023-04-09T23:24:03.946+0000] {processor.py:175} INFO - Processing /opt/airflow/dags/etl_dag_vinicius.py took 1.205 seconds
[2023-04-09T23:24:33.987+0000] {processor.py:153} INFO - Started process (PID=110) to work on /opt/airflow/dags/etl_dag_vinicius.py
[2023-04-09T23:24:33.988+0000] {processor.py:743} INFO - Processing file /opt/airflow/dags/etl_dag_vinicius.py for tasks to queue
[2023-04-09T23:24:33.988+0000] {logging_mixin.py:137} INFO - [2023-04-09T23:24:33.988+0000] {dagbag.py:532} INFO - Filling up the DagBag from /opt/airflow/dags/etl_dag_vinicius.py
[2023-04-09T23:24:34.354+0000] {processor.py:753} INFO - DAG(s) dict_keys(['etl_all_pandas_vinicius']) retrieved from /opt/airflow/dags/etl_dag_vinicius.py
[2023-04-09T23:24:34.374+0000] {logging_mixin.py:137} INFO - [2023-04-09T23:24:34.374+0000] {dag.py:2705} INFO - Sync 1 DAGs
[2023-04-09T23:24:34.398+0000] {logging_mixin.py:137} INFO - [2023-04-09T23:24:34.398+0000] {dag.py:3456} INFO - Setting next_dagrun for etl_all_pandas_vinicius to 2023-04-08T23:24:34.397878+00:00, run_after=2023-04-09T23:24:34.397878+00:00
[2023-04-09T23:24:34.413+0000] {processor.py:175} INFO - Processing /opt/airflow/dags/etl_dag_vinicius.py took 0.428 seconds
[2023-04-09T23:25:05.248+0000] {processor.py:153} INFO - Started process (PID=163) to work on /opt/airflow/dags/etl_dag_vinicius.py
[2023-04-09T23:25:05.249+0000] {processor.py:743} INFO - Processing file /opt/airflow/dags/etl_dag_vinicius.py for tasks to queue
[2023-04-09T23:25:05.250+0000] {logging_mixin.py:137} INFO - [2023-04-09T23:25:05.250+0000] {dagbag.py:532} INFO - Filling up the DagBag from /opt/airflow/dags/etl_dag_vinicius.py
[2023-04-09T23:25:05.626+0000] {processor.py:753} INFO - DAG(s) dict_keys(['etl_all_pandas_vinicius']) retrieved from /opt/airflow/dags/etl_dag_vinicius.py
[2023-04-09T23:25:05.649+0000] {logging_mixin.py:137} INFO - [2023-04-09T23:25:05.648+0000] {dag.py:2705} INFO - Sync 1 DAGs
[2023-04-09T23:25:05.673+0000] {logging_mixin.py:137} INFO - [2023-04-09T23:25:05.673+0000] {dag.py:3456} INFO - Setting next_dagrun for etl_all_pandas_vinicius to 2023-04-08T23:25:05.672844+00:00, run_after=2023-04-09T23:25:05.672844+00:00
[2023-04-09T23:25:05.690+0000] {processor.py:175} INFO - Processing /opt/airflow/dags/etl_dag_vinicius.py took 0.446 seconds
[2023-04-09T23:25:35.880+0000] {processor.py:153} INFO - Started process (PID=218) to work on /opt/airflow/dags/etl_dag_vinicius.py
[2023-04-09T23:25:35.881+0000] {processor.py:743} INFO - Processing file /opt/airflow/dags/etl_dag_vinicius.py for tasks to queue
[2023-04-09T23:25:35.882+0000] {logging_mixin.py:137} INFO - [2023-04-09T23:25:35.882+0000] {dagbag.py:532} INFO - Filling up the DagBag from /opt/airflow/dags/etl_dag_vinicius.py
[2023-04-09T23:25:36.249+0000] {processor.py:753} INFO - DAG(s) dict_keys(['etl_all_pandas_vinicius']) retrieved from /opt/airflow/dags/etl_dag_vinicius.py
[2023-04-09T23:25:36.268+0000] {logging_mixin.py:137} INFO - [2023-04-09T23:25:36.268+0000] {dag.py:2705} INFO - Sync 1 DAGs
[2023-04-09T23:25:36.292+0000] {logging_mixin.py:137} INFO - [2023-04-09T23:25:36.292+0000] {dag.py:3456} INFO - Setting next_dagrun for etl_all_pandas_vinicius to 2023-04-08T23:25:36.292093+00:00, run_after=2023-04-09T23:25:36.292093+00:00
[2023-04-09T23:25:36.308+0000] {processor.py:175} INFO - Processing /opt/airflow/dags/etl_dag_vinicius.py took 0.429 seconds
[2023-04-09T23:26:07.190+0000] {processor.py:153} INFO - Started process (PID=271) to work on /opt/airflow/dags/etl_dag_vinicius.py
[2023-04-09T23:26:07.192+0000] {processor.py:743} INFO - Processing file /opt/airflow/dags/etl_dag_vinicius.py for tasks to queue
[2023-04-09T23:26:07.193+0000] {logging_mixin.py:137} INFO - [2023-04-09T23:26:07.192+0000] {dagbag.py:532} INFO - Filling up the DagBag from /opt/airflow/dags/etl_dag_vinicius.py
[2023-04-09T23:26:07.565+0000] {processor.py:753} INFO - DAG(s) dict_keys(['etl_all_pandas_vinicius']) retrieved from /opt/airflow/dags/etl_dag_vinicius.py
[2023-04-09T23:26:07.587+0000] {logging_mixin.py:137} INFO - [2023-04-09T23:26:07.587+0000] {dag.py:2705} INFO - Sync 1 DAGs
[2023-04-09T23:26:07.614+0000] {logging_mixin.py:137} INFO - [2023-04-09T23:26:07.614+0000] {dag.py:3456} INFO - Setting next_dagrun for etl_all_pandas_vinicius to 2023-04-08T23:26:07.614441+00:00, run_after=2023-04-09T23:26:07.614441+00:00
[2023-04-09T23:26:07.632+0000] {processor.py:175} INFO - Processing /opt/airflow/dags/etl_dag_vinicius.py took 0.446 seconds
[2023-04-09T23:26:37.700+0000] {processor.py:153} INFO - Started process (PID=326) to work on /opt/airflow/dags/etl_dag_vinicius.py
[2023-04-09T23:26:37.701+0000] {processor.py:743} INFO - Processing file /opt/airflow/dags/etl_dag_vinicius.py for tasks to queue
[2023-04-09T23:26:37.702+0000] {logging_mixin.py:137} INFO - [2023-04-09T23:26:37.702+0000] {dagbag.py:532} INFO - Filling up the DagBag from /opt/airflow/dags/etl_dag_vinicius.py
[2023-04-09T23:26:38.075+0000] {processor.py:753} INFO - DAG(s) dict_keys(['etl_all_pandas_vinicius']) retrieved from /opt/airflow/dags/etl_dag_vinicius.py
[2023-04-09T23:26:38.095+0000] {logging_mixin.py:137} INFO - [2023-04-09T23:26:38.095+0000] {dag.py:2705} INFO - Sync 1 DAGs
[2023-04-09T23:26:38.120+0000] {logging_mixin.py:137} INFO - [2023-04-09T23:26:38.120+0000] {dag.py:3456} INFO - Setting next_dagrun for etl_all_pandas_vinicius to 2023-04-08T23:26:38.120390+00:00, run_after=2023-04-09T23:26:38.120390+00:00
[2023-04-09T23:26:38.137+0000] {processor.py:175} INFO - Processing /opt/airflow/dags/etl_dag_vinicius.py took 0.441 seconds
[2023-04-09T23:27:09.003+0000] {processor.py:153} INFO - Started process (PID=380) to work on /opt/airflow/dags/etl_dag_vinicius.py
[2023-04-09T23:27:09.004+0000] {processor.py:743} INFO - Processing file /opt/airflow/dags/etl_dag_vinicius.py for tasks to queue
[2023-04-09T23:27:09.005+0000] {logging_mixin.py:137} INFO - [2023-04-09T23:27:09.005+0000] {dagbag.py:532} INFO - Filling up the DagBag from /opt/airflow/dags/etl_dag_vinicius.py
[2023-04-09T23:27:09.371+0000] {processor.py:753} INFO - DAG(s) dict_keys(['etl_all_pandas_vinicius']) retrieved from /opt/airflow/dags/etl_dag_vinicius.py
[2023-04-09T23:27:09.395+0000] {logging_mixin.py:137} INFO - [2023-04-09T23:27:09.394+0000] {dag.py:2705} INFO - Sync 1 DAGs
[2023-04-09T23:27:09.425+0000] {logging_mixin.py:137} INFO - [2023-04-09T23:27:09.425+0000] {dag.py:3456} INFO - Setting next_dagrun for etl_all_pandas_vinicius to 2023-04-08T23:27:09.424901+00:00, run_after=2023-04-09T23:27:09.424901+00:00
[2023-04-09T23:27:09.442+0000] {processor.py:175} INFO - Processing /opt/airflow/dags/etl_dag_vinicius.py took 0.445 seconds
[2023-04-09T23:29:41.756+0000] {processor.py:153} INFO - Started process (PID=47) to work on /opt/airflow/dags/etl_dag_vinicius.py
[2023-04-09T23:29:41.756+0000] {processor.py:743} INFO - Processing file /opt/airflow/dags/etl_dag_vinicius.py for tasks to queue
[2023-04-09T23:29:41.757+0000] {logging_mixin.py:137} INFO - [2023-04-09T23:29:41.757+0000] {dagbag.py:532} INFO - Filling up the DagBag from /opt/airflow/dags/etl_dag_vinicius.py
[2023-04-09T23:29:42.183+0000] {processor.py:753} INFO - DAG(s) dict_keys(['etl_all_pandas_vinicius']) retrieved from /opt/airflow/dags/etl_dag_vinicius.py
[2023-04-09T23:29:42.257+0000] {logging_mixin.py:137} INFO - [2023-04-09T23:29:42.256+0000] {dag.py:2705} INFO - Sync 1 DAGs
[2023-04-09T23:29:42.281+0000] {logging_mixin.py:137} INFO - [2023-04-09T23:29:42.281+0000] {dag.py:3456} INFO - Setting next_dagrun for etl_all_pandas_vinicius to 2023-04-08T23:29:42.281372+00:00, run_after=2023-04-09T23:29:42.281372+00:00
[2023-04-09T23:29:42.303+0000] {processor.py:175} INFO - Processing /opt/airflow/dags/etl_dag_vinicius.py took 0.550 seconds
[2023-04-09T23:30:12.543+0000] {processor.py:153} INFO - Started process (PID=99) to work on /opt/airflow/dags/etl_dag_vinicius.py
[2023-04-09T23:30:12.544+0000] {processor.py:743} INFO - Processing file /opt/airflow/dags/etl_dag_vinicius.py for tasks to queue
[2023-04-09T23:30:12.545+0000] {logging_mixin.py:137} INFO - [2023-04-09T23:30:12.545+0000] {dagbag.py:532} INFO - Filling up the DagBag from /opt/airflow/dags/etl_dag_vinicius.py
[2023-04-09T23:30:12.903+0000] {processor.py:753} INFO - DAG(s) dict_keys(['etl_all_pandas_vinicius']) retrieved from /opt/airflow/dags/etl_dag_vinicius.py
[2023-04-09T23:30:12.926+0000] {logging_mixin.py:137} INFO - [2023-04-09T23:30:12.926+0000] {dag.py:2705} INFO - Sync 1 DAGs
[2023-04-09T23:30:12.949+0000] {logging_mixin.py:137} INFO - [2023-04-09T23:30:12.949+0000] {dag.py:3456} INFO - Setting next_dagrun for etl_all_pandas_vinicius to 2023-04-08T23:30:12.949179+00:00, run_after=2023-04-09T23:30:12.949179+00:00
[2023-04-09T23:30:12.965+0000] {processor.py:175} INFO - Processing /opt/airflow/dags/etl_dag_vinicius.py took 0.427 seconds
[2023-04-09T23:30:43.021+0000] {processor.py:153} INFO - Started process (PID=154) to work on /opt/airflow/dags/etl_dag_vinicius.py
[2023-04-09T23:30:43.022+0000] {processor.py:743} INFO - Processing file /opt/airflow/dags/etl_dag_vinicius.py for tasks to queue
[2023-04-09T23:30:43.022+0000] {logging_mixin.py:137} INFO - [2023-04-09T23:30:43.022+0000] {dagbag.py:532} INFO - Filling up the DagBag from /opt/airflow/dags/etl_dag_vinicius.py
[2023-04-09T23:30:43.397+0000] {processor.py:753} INFO - DAG(s) dict_keys(['etl_all_pandas_vinicius']) retrieved from /opt/airflow/dags/etl_dag_vinicius.py
[2023-04-09T23:30:43.420+0000] {logging_mixin.py:137} INFO - [2023-04-09T23:30:43.420+0000] {dag.py:2705} INFO - Sync 1 DAGs
[2023-04-09T23:30:43.442+0000] {logging_mixin.py:137} INFO - [2023-04-09T23:30:43.442+0000] {dag.py:3456} INFO - Setting next_dagrun for etl_all_pandas_vinicius to 2023-04-08T23:30:43.442659+00:00, run_after=2023-04-09T23:30:43.442659+00:00
[2023-04-09T23:30:43.461+0000] {processor.py:175} INFO - Processing /opt/airflow/dags/etl_dag_vinicius.py took 0.442 seconds
[2023-04-09T23:31:13.506+0000] {processor.py:153} INFO - Started process (PID=226) to work on /opt/airflow/dags/etl_dag_vinicius.py
[2023-04-09T23:31:13.507+0000] {processor.py:743} INFO - Processing file /opt/airflow/dags/etl_dag_vinicius.py for tasks to queue
[2023-04-09T23:31:13.507+0000] {logging_mixin.py:137} INFO - [2023-04-09T23:31:13.507+0000] {dagbag.py:532} INFO - Filling up the DagBag from /opt/airflow/dags/etl_dag_vinicius.py
[2023-04-09T23:31:13.889+0000] {processor.py:753} INFO - DAG(s) dict_keys(['etl_all_pandas_vinicius']) retrieved from /opt/airflow/dags/etl_dag_vinicius.py
[2023-04-09T23:31:13.910+0000] {logging_mixin.py:137} INFO - [2023-04-09T23:31:13.910+0000] {dag.py:2705} INFO - Sync 1 DAGs
[2023-04-09T23:31:13.937+0000] {logging_mixin.py:137} INFO - [2023-04-09T23:31:13.937+0000] {dag.py:3456} INFO - Setting next_dagrun for etl_all_pandas_vinicius to 2023-04-09T23:30:43.442659+00:00, run_after=2023-04-10T23:30:43.442659+00:00
[2023-04-09T23:31:13.957+0000] {processor.py:175} INFO - Processing /opt/airflow/dags/etl_dag_vinicius.py took 0.454 seconds
