[2023-04-09T23:24:03.487+0000] {processor.py:153} INFO - Started process (PID=57) to work on /home/airflow/.local/lib/python3.7/site-packages/airflow/example_dags/example_task_group.py
[2023-04-09T23:24:03.488+0000] {processor.py:743} INFO - Processing file /home/airflow/.local/lib/python3.7/site-packages/airflow/example_dags/example_task_group.py for tasks to queue
[2023-04-09T23:24:03.489+0000] {logging_mixin.py:137} INFO - [2023-04-09T23:24:03.489+0000] {dagbag.py:532} INFO - Filling up the DagBag from /home/airflow/.local/lib/python3.7/site-packages/airflow/example_dags/example_task_group.py
[2023-04-09T23:24:03.523+0000] {processor.py:753} INFO - DAG(s) dict_keys(['example_task_group']) retrieved from /home/airflow/.local/lib/python3.7/site-packages/airflow/example_dags/example_task_group.py
[2023-04-09T23:24:03.548+0000] {logging_mixin.py:137} INFO - [2023-04-09T23:24:03.547+0000] {dag.py:2705} INFO - Sync 1 DAGs
[2023-04-09T23:24:03.574+0000] {logging_mixin.py:137} INFO - [2023-04-09T23:24:03.574+0000] {dag.py:3456} INFO - Setting next_dagrun for example_task_group to 2023-04-08T23:24:03.573889+00:00, run_after=2023-04-09T23:24:03.573889+00:00
[2023-04-09T23:24:03.592+0000] {processor.py:175} INFO - Processing /home/airflow/.local/lib/python3.7/site-packages/airflow/example_dags/example_task_group.py took 0.110 seconds
[2023-04-09T23:24:33.736+0000] {processor.py:153} INFO - Started process (PID=107) to work on /home/airflow/.local/lib/python3.7/site-packages/airflow/example_dags/example_task_group.py
[2023-04-09T23:24:33.737+0000] {processor.py:743} INFO - Processing file /home/airflow/.local/lib/python3.7/site-packages/airflow/example_dags/example_task_group.py for tasks to queue
[2023-04-09T23:24:33.738+0000] {logging_mixin.py:137} INFO - [2023-04-09T23:24:33.738+0000] {dagbag.py:532} INFO - Filling up the DagBag from /home/airflow/.local/lib/python3.7/site-packages/airflow/example_dags/example_task_group.py
[2023-04-09T23:24:33.765+0000] {processor.py:753} INFO - DAG(s) dict_keys(['example_task_group']) retrieved from /home/airflow/.local/lib/python3.7/site-packages/airflow/example_dags/example_task_group.py
[2023-04-09T23:24:33.789+0000] {logging_mixin.py:137} INFO - [2023-04-09T23:24:33.789+0000] {dag.py:2705} INFO - Sync 1 DAGs
[2023-04-09T23:24:33.815+0000] {logging_mixin.py:137} INFO - [2023-04-09T23:24:33.815+0000] {dag.py:3456} INFO - Setting next_dagrun for example_task_group to 2023-04-08T23:24:33.814796+00:00, run_after=2023-04-09T23:24:33.814796+00:00
[2023-04-09T23:24:33.836+0000] {processor.py:175} INFO - Processing /home/airflow/.local/lib/python3.7/site-packages/airflow/example_dags/example_task_group.py took 0.105 seconds
[2023-04-09T23:25:03.878+0000] {processor.py:153} INFO - Started process (PID=158) to work on /home/airflow/.local/lib/python3.7/site-packages/airflow/example_dags/example_task_group.py
[2023-04-09T23:25:03.879+0000] {processor.py:743} INFO - Processing file /home/airflow/.local/lib/python3.7/site-packages/airflow/example_dags/example_task_group.py for tasks to queue
[2023-04-09T23:25:03.881+0000] {logging_mixin.py:137} INFO - [2023-04-09T23:25:03.880+0000] {dagbag.py:532} INFO - Filling up the DagBag from /home/airflow/.local/lib/python3.7/site-packages/airflow/example_dags/example_task_group.py
[2023-04-09T23:25:03.912+0000] {processor.py:753} INFO - DAG(s) dict_keys(['example_task_group']) retrieved from /home/airflow/.local/lib/python3.7/site-packages/airflow/example_dags/example_task_group.py
[2023-04-09T23:25:03.936+0000] {logging_mixin.py:137} INFO - [2023-04-09T23:25:03.936+0000] {dag.py:2705} INFO - Sync 1 DAGs
[2023-04-09T23:25:03.961+0000] {logging_mixin.py:137} INFO - [2023-04-09T23:25:03.961+0000] {dag.py:3456} INFO - Setting next_dagrun for example_task_group to 2023-04-08T23:25:03.960975+00:00, run_after=2023-04-09T23:25:03.960975+00:00
[2023-04-09T23:25:03.979+0000] {processor.py:175} INFO - Processing /home/airflow/.local/lib/python3.7/site-packages/airflow/example_dags/example_task_group.py took 0.106 seconds
[2023-04-09T23:25:34.328+0000] {processor.py:153} INFO - Started process (PID=210) to work on /home/airflow/.local/lib/python3.7/site-packages/airflow/example_dags/example_task_group.py
[2023-04-09T23:25:34.329+0000] {processor.py:743} INFO - Processing file /home/airflow/.local/lib/python3.7/site-packages/airflow/example_dags/example_task_group.py for tasks to queue
[2023-04-09T23:25:34.330+0000] {logging_mixin.py:137} INFO - [2023-04-09T23:25:34.330+0000] {dagbag.py:532} INFO - Filling up the DagBag from /home/airflow/.local/lib/python3.7/site-packages/airflow/example_dags/example_task_group.py
[2023-04-09T23:25:34.344+0000] {processor.py:753} INFO - DAG(s) dict_keys(['example_task_group']) retrieved from /home/airflow/.local/lib/python3.7/site-packages/airflow/example_dags/example_task_group.py
[2023-04-09T23:25:34.390+0000] {logging_mixin.py:137} INFO - [2023-04-09T23:25:34.390+0000] {dag.py:2705} INFO - Sync 1 DAGs
[2023-04-09T23:25:34.416+0000] {logging_mixin.py:137} INFO - [2023-04-09T23:25:34.415+0000] {dag.py:3456} INFO - Setting next_dagrun for example_task_group to 2023-04-08T23:25:34.415733+00:00, run_after=2023-04-09T23:25:34.415733+00:00
[2023-04-09T23:25:34.433+0000] {processor.py:175} INFO - Processing /home/airflow/.local/lib/python3.7/site-packages/airflow/example_dags/example_task_group.py took 0.107 seconds
[2023-04-09T23:26:04.556+0000] {processor.py:153} INFO - Started process (PID=262) to work on /home/airflow/.local/lib/python3.7/site-packages/airflow/example_dags/example_task_group.py
[2023-04-09T23:26:04.557+0000] {processor.py:743} INFO - Processing file /home/airflow/.local/lib/python3.7/site-packages/airflow/example_dags/example_task_group.py for tasks to queue
[2023-04-09T23:26:04.558+0000] {logging_mixin.py:137} INFO - [2023-04-09T23:26:04.558+0000] {dagbag.py:532} INFO - Filling up the DagBag from /home/airflow/.local/lib/python3.7/site-packages/airflow/example_dags/example_task_group.py
[2023-04-09T23:26:04.588+0000] {processor.py:753} INFO - DAG(s) dict_keys(['example_task_group']) retrieved from /home/airflow/.local/lib/python3.7/site-packages/airflow/example_dags/example_task_group.py
[2023-04-09T23:26:04.614+0000] {logging_mixin.py:137} INFO - [2023-04-09T23:26:04.614+0000] {dag.py:2705} INFO - Sync 1 DAGs
[2023-04-09T23:26:04.642+0000] {logging_mixin.py:137} INFO - [2023-04-09T23:26:04.641+0000] {dag.py:3456} INFO - Setting next_dagrun for example_task_group to 2023-04-08T23:26:04.641580+00:00, run_after=2023-04-09T23:26:04.641580+00:00
[2023-04-09T23:26:04.665+0000] {processor.py:175} INFO - Processing /home/airflow/.local/lib/python3.7/site-packages/airflow/example_dags/example_task_group.py took 0.114 seconds
[2023-04-09T23:26:35.837+0000] {processor.py:153} INFO - Started process (PID=315) to work on /home/airflow/.local/lib/python3.7/site-packages/airflow/example_dags/example_task_group.py
[2023-04-09T23:26:35.838+0000] {processor.py:743} INFO - Processing file /home/airflow/.local/lib/python3.7/site-packages/airflow/example_dags/example_task_group.py for tasks to queue
[2023-04-09T23:26:35.839+0000] {logging_mixin.py:137} INFO - [2023-04-09T23:26:35.839+0000] {dagbag.py:532} INFO - Filling up the DagBag from /home/airflow/.local/lib/python3.7/site-packages/airflow/example_dags/example_task_group.py
[2023-04-09T23:26:35.869+0000] {processor.py:753} INFO - DAG(s) dict_keys(['example_task_group']) retrieved from /home/airflow/.local/lib/python3.7/site-packages/airflow/example_dags/example_task_group.py
[2023-04-09T23:26:35.895+0000] {logging_mixin.py:137} INFO - [2023-04-09T23:26:35.895+0000] {dag.py:2705} INFO - Sync 1 DAGs
[2023-04-09T23:26:35.922+0000] {logging_mixin.py:137} INFO - [2023-04-09T23:26:35.922+0000] {dag.py:3456} INFO - Setting next_dagrun for example_task_group to 2023-04-08T23:26:35.921910+00:00, run_after=2023-04-09T23:26:35.921910+00:00
[2023-04-09T23:26:35.939+0000] {processor.py:175} INFO - Processing /home/airflow/.local/lib/python3.7/site-packages/airflow/example_dags/example_task_group.py took 0.108 seconds
[2023-04-09T23:27:06.068+0000] {processor.py:153} INFO - Started process (PID=367) to work on /home/airflow/.local/lib/python3.7/site-packages/airflow/example_dags/example_task_group.py
[2023-04-09T23:27:06.069+0000] {processor.py:743} INFO - Processing file /home/airflow/.local/lib/python3.7/site-packages/airflow/example_dags/example_task_group.py for tasks to queue
[2023-04-09T23:27:06.070+0000] {logging_mixin.py:137} INFO - [2023-04-09T23:27:06.070+0000] {dagbag.py:532} INFO - Filling up the DagBag from /home/airflow/.local/lib/python3.7/site-packages/airflow/example_dags/example_task_group.py
[2023-04-09T23:27:06.101+0000] {processor.py:753} INFO - DAG(s) dict_keys(['example_task_group']) retrieved from /home/airflow/.local/lib/python3.7/site-packages/airflow/example_dags/example_task_group.py
[2023-04-09T23:27:06.126+0000] {logging_mixin.py:137} INFO - [2023-04-09T23:27:06.125+0000] {dag.py:2705} INFO - Sync 1 DAGs
[2023-04-09T23:27:06.150+0000] {logging_mixin.py:137} INFO - [2023-04-09T23:27:06.149+0000] {dag.py:3456} INFO - Setting next_dagrun for example_task_group to 2023-04-08T23:27:06.149748+00:00, run_after=2023-04-09T23:27:06.149748+00:00
[2023-04-09T23:27:06.165+0000] {processor.py:175} INFO - Processing /home/airflow/.local/lib/python3.7/site-packages/airflow/example_dags/example_task_group.py took 0.103 seconds
[2023-04-09T23:29:42.334+0000] {processor.py:153} INFO - Started process (PID=54) to work on /home/airflow/.local/lib/python3.7/site-packages/airflow/example_dags/example_task_group.py
[2023-04-09T23:29:42.336+0000] {processor.py:743} INFO - Processing file /home/airflow/.local/lib/python3.7/site-packages/airflow/example_dags/example_task_group.py for tasks to queue
[2023-04-09T23:29:42.337+0000] {logging_mixin.py:137} INFO - [2023-04-09T23:29:42.336+0000] {dagbag.py:532} INFO - Filling up the DagBag from /home/airflow/.local/lib/python3.7/site-packages/airflow/example_dags/example_task_group.py
[2023-04-09T23:29:42.368+0000] {processor.py:753} INFO - DAG(s) dict_keys(['example_task_group']) retrieved from /home/airflow/.local/lib/python3.7/site-packages/airflow/example_dags/example_task_group.py
[2023-04-09T23:29:42.380+0000] {logging_mixin.py:137} INFO - [2023-04-09T23:29:42.380+0000] {dag.py:2705} INFO - Sync 1 DAGs
[2023-04-09T23:29:42.406+0000] {logging_mixin.py:137} INFO - [2023-04-09T23:29:42.406+0000] {dag.py:3456} INFO - Setting next_dagrun for example_task_group to 2023-04-08T23:29:42.406601+00:00, run_after=2023-04-09T23:29:42.406601+00:00
[2023-04-09T23:29:42.426+0000] {processor.py:175} INFO - Processing /home/airflow/.local/lib/python3.7/site-packages/airflow/example_dags/example_task_group.py took 0.096 seconds
[2023-04-09T23:30:13.158+0000] {processor.py:153} INFO - Started process (PID=106) to work on /home/airflow/.local/lib/python3.7/site-packages/airflow/example_dags/example_task_group.py
[2023-04-09T23:30:13.160+0000] {processor.py:743} INFO - Processing file /home/airflow/.local/lib/python3.7/site-packages/airflow/example_dags/example_task_group.py for tasks to queue
[2023-04-09T23:30:13.161+0000] {logging_mixin.py:137} INFO - [2023-04-09T23:30:13.161+0000] {dagbag.py:532} INFO - Filling up the DagBag from /home/airflow/.local/lib/python3.7/site-packages/airflow/example_dags/example_task_group.py
[2023-04-09T23:30:13.191+0000] {processor.py:753} INFO - DAG(s) dict_keys(['example_task_group']) retrieved from /home/airflow/.local/lib/python3.7/site-packages/airflow/example_dags/example_task_group.py
[2023-04-09T23:30:13.218+0000] {logging_mixin.py:137} INFO - [2023-04-09T23:30:13.218+0000] {dag.py:2705} INFO - Sync 1 DAGs
[2023-04-09T23:30:13.243+0000] {logging_mixin.py:137} INFO - [2023-04-09T23:30:13.243+0000] {dag.py:3456} INFO - Setting next_dagrun for example_task_group to 2023-04-08T23:30:13.243641+00:00, run_after=2023-04-09T23:30:13.243641+00:00
[2023-04-09T23:30:13.260+0000] {processor.py:175} INFO - Processing /home/airflow/.local/lib/python3.7/site-packages/airflow/example_dags/example_task_group.py took 0.107 seconds
[2023-04-09T23:30:43.659+0000] {processor.py:153} INFO - Started process (PID=158) to work on /home/airflow/.local/lib/python3.7/site-packages/airflow/example_dags/example_task_group.py
[2023-04-09T23:30:43.660+0000] {processor.py:743} INFO - Processing file /home/airflow/.local/lib/python3.7/site-packages/airflow/example_dags/example_task_group.py for tasks to queue
[2023-04-09T23:30:43.661+0000] {logging_mixin.py:137} INFO - [2023-04-09T23:30:43.661+0000] {dagbag.py:532} INFO - Filling up the DagBag from /home/airflow/.local/lib/python3.7/site-packages/airflow/example_dags/example_task_group.py
[2023-04-09T23:30:43.689+0000] {processor.py:753} INFO - DAG(s) dict_keys(['example_task_group']) retrieved from /home/airflow/.local/lib/python3.7/site-packages/airflow/example_dags/example_task_group.py
[2023-04-09T23:30:43.718+0000] {logging_mixin.py:137} INFO - [2023-04-09T23:30:43.718+0000] {dag.py:2705} INFO - Sync 1 DAGs
[2023-04-09T23:30:43.745+0000] {logging_mixin.py:137} INFO - [2023-04-09T23:30:43.744+0000] {dag.py:3456} INFO - Setting next_dagrun for example_task_group to 2023-04-08T23:30:43.744813+00:00, run_after=2023-04-09T23:30:43.744813+00:00
[2023-04-09T23:30:43.762+0000] {processor.py:175} INFO - Processing /home/airflow/.local/lib/python3.7/site-packages/airflow/example_dags/example_task_group.py took 0.108 seconds
[2023-04-09T23:31:14.145+0000] {processor.py:153} INFO - Started process (PID=230) to work on /home/airflow/.local/lib/python3.7/site-packages/airflow/example_dags/example_task_group.py
[2023-04-09T23:31:14.146+0000] {processor.py:743} INFO - Processing file /home/airflow/.local/lib/python3.7/site-packages/airflow/example_dags/example_task_group.py for tasks to queue
[2023-04-09T23:31:14.147+0000] {logging_mixin.py:137} INFO - [2023-04-09T23:31:14.147+0000] {dagbag.py:532} INFO - Filling up the DagBag from /home/airflow/.local/lib/python3.7/site-packages/airflow/example_dags/example_task_group.py
[2023-04-09T23:31:14.163+0000] {processor.py:753} INFO - DAG(s) dict_keys(['example_task_group']) retrieved from /home/airflow/.local/lib/python3.7/site-packages/airflow/example_dags/example_task_group.py
[2023-04-09T23:31:14.193+0000] {logging_mixin.py:137} INFO - [2023-04-09T23:31:14.193+0000] {dag.py:2705} INFO - Sync 1 DAGs
[2023-04-09T23:31:14.222+0000] {logging_mixin.py:137} INFO - [2023-04-09T23:31:14.222+0000] {dag.py:3456} INFO - Setting next_dagrun for example_task_group to 2023-04-08T23:31:14.222531+00:00, run_after=2023-04-09T23:31:14.222531+00:00
[2023-04-09T23:31:14.244+0000] {processor.py:175} INFO - Processing /home/airflow/.local/lib/python3.7/site-packages/airflow/example_dags/example_task_group.py took 0.101 seconds
