[2023-04-09T23:24:05.320+0000] {processor.py:153} INFO - Started process (PID=79) to work on /home/airflow/.local/lib/python3.7/site-packages/airflow/example_dags/example_branch_labels.py
[2023-04-09T23:24:05.320+0000] {processor.py:743} INFO - Processing file /home/airflow/.local/lib/python3.7/site-packages/airflow/example_dags/example_branch_labels.py for tasks to queue
[2023-04-09T23:24:05.321+0000] {logging_mixin.py:137} INFO - [2023-04-09T23:24:05.321+0000] {dagbag.py:532} INFO - Filling up the DagBag from /home/airflow/.local/lib/python3.7/site-packages/airflow/example_dags/example_branch_labels.py
[2023-04-09T23:24:05.344+0000] {processor.py:753} INFO - DAG(s) dict_keys(['example_branch_labels']) retrieved from /home/airflow/.local/lib/python3.7/site-packages/airflow/example_dags/example_branch_labels.py
[2023-04-09T23:24:05.371+0000] {logging_mixin.py:137} INFO - [2023-04-09T23:24:05.371+0000] {dag.py:2705} INFO - Sync 1 DAGs
[2023-04-09T23:24:05.400+0000] {logging_mixin.py:137} INFO - [2023-04-09T23:24:05.400+0000] {dag.py:3456} INFO - Setting next_dagrun for example_branch_labels to 2023-04-08T00:00:00+00:00, run_after=2023-04-09T00:00:00+00:00
[2023-04-09T23:24:05.417+0000] {processor.py:175} INFO - Processing /home/airflow/.local/lib/python3.7/site-packages/airflow/example_dags/example_branch_labels.py took 0.100 seconds
[2023-04-09T23:24:35.561+0000] {processor.py:153} INFO - Started process (PID=131) to work on /home/airflow/.local/lib/python3.7/site-packages/airflow/example_dags/example_branch_labels.py
[2023-04-09T23:24:35.562+0000] {processor.py:743} INFO - Processing file /home/airflow/.local/lib/python3.7/site-packages/airflow/example_dags/example_branch_labels.py for tasks to queue
[2023-04-09T23:24:35.562+0000] {logging_mixin.py:137} INFO - [2023-04-09T23:24:35.562+0000] {dagbag.py:532} INFO - Filling up the DagBag from /home/airflow/.local/lib/python3.7/site-packages/airflow/example_dags/example_branch_labels.py
[2023-04-09T23:24:35.573+0000] {processor.py:753} INFO - DAG(s) dict_keys(['example_branch_labels']) retrieved from /home/airflow/.local/lib/python3.7/site-packages/airflow/example_dags/example_branch_labels.py
[2023-04-09T23:24:35.600+0000] {logging_mixin.py:137} INFO - [2023-04-09T23:24:35.600+0000] {dag.py:2705} INFO - Sync 1 DAGs
[2023-04-09T23:24:35.633+0000] {logging_mixin.py:137} INFO - [2023-04-09T23:24:35.633+0000] {dag.py:3456} INFO - Setting next_dagrun for example_branch_labels to 2023-04-08T00:00:00+00:00, run_after=2023-04-09T00:00:00+00:00
[2023-04-09T23:24:35.655+0000] {processor.py:175} INFO - Processing /home/airflow/.local/lib/python3.7/site-packages/airflow/example_dags/example_branch_labels.py took 0.096 seconds
[2023-04-09T23:25:06.741+0000] {processor.py:153} INFO - Started process (PID=183) to work on /home/airflow/.local/lib/python3.7/site-packages/airflow/example_dags/example_branch_labels.py
[2023-04-09T23:25:06.742+0000] {processor.py:743} INFO - Processing file /home/airflow/.local/lib/python3.7/site-packages/airflow/example_dags/example_branch_labels.py for tasks to queue
[2023-04-09T23:25:06.742+0000] {logging_mixin.py:137} INFO - [2023-04-09T23:25:06.742+0000] {dagbag.py:532} INFO - Filling up the DagBag from /home/airflow/.local/lib/python3.7/site-packages/airflow/example_dags/example_branch_labels.py
[2023-04-09T23:25:06.754+0000] {processor.py:753} INFO - DAG(s) dict_keys(['example_branch_labels']) retrieved from /home/airflow/.local/lib/python3.7/site-packages/airflow/example_dags/example_branch_labels.py
[2023-04-09T23:25:06.781+0000] {logging_mixin.py:137} INFO - [2023-04-09T23:25:06.780+0000] {dag.py:2705} INFO - Sync 1 DAGs
[2023-04-09T23:25:06.810+0000] {logging_mixin.py:137} INFO - [2023-04-09T23:25:06.810+0000] {dag.py:3456} INFO - Setting next_dagrun for example_branch_labels to 2023-04-08T00:00:00+00:00, run_after=2023-04-09T00:00:00+00:00
[2023-04-09T23:25:06.828+0000] {processor.py:175} INFO - Processing /home/airflow/.local/lib/python3.7/site-packages/airflow/example_dags/example_branch_labels.py took 0.089 seconds
[2023-04-09T23:25:37.058+0000] {processor.py:153} INFO - Started process (PID=235) to work on /home/airflow/.local/lib/python3.7/site-packages/airflow/example_dags/example_branch_labels.py
[2023-04-09T23:25:37.058+0000] {processor.py:743} INFO - Processing file /home/airflow/.local/lib/python3.7/site-packages/airflow/example_dags/example_branch_labels.py for tasks to queue
[2023-04-09T23:25:37.059+0000] {logging_mixin.py:137} INFO - [2023-04-09T23:25:37.059+0000] {dagbag.py:532} INFO - Filling up the DagBag from /home/airflow/.local/lib/python3.7/site-packages/airflow/example_dags/example_branch_labels.py
[2023-04-09T23:25:37.070+0000] {processor.py:753} INFO - DAG(s) dict_keys(['example_branch_labels']) retrieved from /home/airflow/.local/lib/python3.7/site-packages/airflow/example_dags/example_branch_labels.py
[2023-04-09T23:25:37.097+0000] {logging_mixin.py:137} INFO - [2023-04-09T23:25:37.097+0000] {dag.py:2705} INFO - Sync 1 DAGs
[2023-04-09T23:25:37.131+0000] {logging_mixin.py:137} INFO - [2023-04-09T23:25:37.131+0000] {dag.py:3456} INFO - Setting next_dagrun for example_branch_labels to 2023-04-08T00:00:00+00:00, run_after=2023-04-09T00:00:00+00:00
[2023-04-09T23:25:37.147+0000] {processor.py:175} INFO - Processing /home/airflow/.local/lib/python3.7/site-packages/airflow/example_dags/example_branch_labels.py took 0.092 seconds
[2023-04-09T23:26:08.445+0000] {processor.py:153} INFO - Started process (PID=287) to work on /home/airflow/.local/lib/python3.7/site-packages/airflow/example_dags/example_branch_labels.py
[2023-04-09T23:26:08.446+0000] {processor.py:743} INFO - Processing file /home/airflow/.local/lib/python3.7/site-packages/airflow/example_dags/example_branch_labels.py for tasks to queue
[2023-04-09T23:26:08.446+0000] {logging_mixin.py:137} INFO - [2023-04-09T23:26:08.446+0000] {dagbag.py:532} INFO - Filling up the DagBag from /home/airflow/.local/lib/python3.7/site-packages/airflow/example_dags/example_branch_labels.py
[2023-04-09T23:26:08.458+0000] {processor.py:753} INFO - DAG(s) dict_keys(['example_branch_labels']) retrieved from /home/airflow/.local/lib/python3.7/site-packages/airflow/example_dags/example_branch_labels.py
[2023-04-09T23:26:08.479+0000] {logging_mixin.py:137} INFO - [2023-04-09T23:26:08.479+0000] {dag.py:2705} INFO - Sync 1 DAGs
[2023-04-09T23:26:08.503+0000] {logging_mixin.py:137} INFO - [2023-04-09T23:26:08.503+0000] {dag.py:3456} INFO - Setting next_dagrun for example_branch_labels to 2023-04-08T00:00:00+00:00, run_after=2023-04-09T00:00:00+00:00
[2023-04-09T23:26:08.519+0000] {processor.py:175} INFO - Processing /home/airflow/.local/lib/python3.7/site-packages/airflow/example_dags/example_branch_labels.py took 0.076 seconds
[2023-04-09T23:26:38.682+0000] {processor.py:153} INFO - Started process (PID=339) to work on /home/airflow/.local/lib/python3.7/site-packages/airflow/example_dags/example_branch_labels.py
[2023-04-09T23:26:38.683+0000] {processor.py:743} INFO - Processing file /home/airflow/.local/lib/python3.7/site-packages/airflow/example_dags/example_branch_labels.py for tasks to queue
[2023-04-09T23:26:38.685+0000] {logging_mixin.py:137} INFO - [2023-04-09T23:26:38.684+0000] {dagbag.py:532} INFO - Filling up the DagBag from /home/airflow/.local/lib/python3.7/site-packages/airflow/example_dags/example_branch_labels.py
[2023-04-09T23:26:38.711+0000] {processor.py:753} INFO - DAG(s) dict_keys(['example_branch_labels']) retrieved from /home/airflow/.local/lib/python3.7/site-packages/airflow/example_dags/example_branch_labels.py
[2023-04-09T23:26:38.738+0000] {logging_mixin.py:137} INFO - [2023-04-09T23:26:38.738+0000] {dag.py:2705} INFO - Sync 1 DAGs
[2023-04-09T23:26:38.765+0000] {logging_mixin.py:137} INFO - [2023-04-09T23:26:38.765+0000] {dag.py:3456} INFO - Setting next_dagrun for example_branch_labels to 2023-04-08T00:00:00+00:00, run_after=2023-04-09T00:00:00+00:00
[2023-04-09T23:26:38.779+0000] {processor.py:175} INFO - Processing /home/airflow/.local/lib/python3.7/site-packages/airflow/example_dags/example_branch_labels.py took 0.102 seconds
[2023-04-09T23:27:09.955+0000] {processor.py:153} INFO - Started process (PID=391) to work on /home/airflow/.local/lib/python3.7/site-packages/airflow/example_dags/example_branch_labels.py
[2023-04-09T23:27:09.955+0000] {processor.py:743} INFO - Processing file /home/airflow/.local/lib/python3.7/site-packages/airflow/example_dags/example_branch_labels.py for tasks to queue
[2023-04-09T23:27:09.956+0000] {logging_mixin.py:137} INFO - [2023-04-09T23:27:09.955+0000] {dagbag.py:532} INFO - Filling up the DagBag from /home/airflow/.local/lib/python3.7/site-packages/airflow/example_dags/example_branch_labels.py
[2023-04-09T23:27:09.967+0000] {processor.py:753} INFO - DAG(s) dict_keys(['example_branch_labels']) retrieved from /home/airflow/.local/lib/python3.7/site-packages/airflow/example_dags/example_branch_labels.py
[2023-04-09T23:27:09.991+0000] {logging_mixin.py:137} INFO - [2023-04-09T23:27:09.991+0000] {dag.py:2705} INFO - Sync 1 DAGs
[2023-04-09T23:27:10.020+0000] {logging_mixin.py:137} INFO - [2023-04-09T23:27:10.020+0000] {dag.py:3456} INFO - Setting next_dagrun for example_branch_labels to 2023-04-08T00:00:00+00:00, run_after=2023-04-09T00:00:00+00:00
[2023-04-09T23:27:10.036+0000] {processor.py:175} INFO - Processing /home/airflow/.local/lib/python3.7/site-packages/airflow/example_dags/example_branch_labels.py took 0.084 seconds
[2023-04-09T23:29:43.668+0000] {processor.py:153} INFO - Started process (PID=76) to work on /home/airflow/.local/lib/python3.7/site-packages/airflow/example_dags/example_branch_labels.py
[2023-04-09T23:29:43.669+0000] {processor.py:743} INFO - Processing file /home/airflow/.local/lib/python3.7/site-packages/airflow/example_dags/example_branch_labels.py for tasks to queue
[2023-04-09T23:29:43.672+0000] {logging_mixin.py:137} INFO - [2023-04-09T23:29:43.672+0000] {dagbag.py:532} INFO - Filling up the DagBag from /home/airflow/.local/lib/python3.7/site-packages/airflow/example_dags/example_branch_labels.py
[2023-04-09T23:29:43.683+0000] {processor.py:753} INFO - DAG(s) dict_keys(['example_branch_labels']) retrieved from /home/airflow/.local/lib/python3.7/site-packages/airflow/example_dags/example_branch_labels.py
[2023-04-09T23:29:43.693+0000] {logging_mixin.py:137} INFO - [2023-04-09T23:29:43.693+0000] {dag.py:2705} INFO - Sync 1 DAGs
[2023-04-09T23:29:43.723+0000] {logging_mixin.py:137} INFO - [2023-04-09T23:29:43.723+0000] {dag.py:3456} INFO - Setting next_dagrun for example_branch_labels to 2023-04-08T00:00:00+00:00, run_after=2023-04-09T00:00:00+00:00
[2023-04-09T23:29:43.742+0000] {processor.py:175} INFO - Processing /home/airflow/.local/lib/python3.7/site-packages/airflow/example_dags/example_branch_labels.py took 0.076 seconds
[2023-04-09T23:30:14.711+0000] {processor.py:153} INFO - Started process (PID=128) to work on /home/airflow/.local/lib/python3.7/site-packages/airflow/example_dags/example_branch_labels.py
[2023-04-09T23:30:14.712+0000] {processor.py:743} INFO - Processing file /home/airflow/.local/lib/python3.7/site-packages/airflow/example_dags/example_branch_labels.py for tasks to queue
[2023-04-09T23:30:14.713+0000] {logging_mixin.py:137} INFO - [2023-04-09T23:30:14.713+0000] {dagbag.py:532} INFO - Filling up the DagBag from /home/airflow/.local/lib/python3.7/site-packages/airflow/example_dags/example_branch_labels.py
[2023-04-09T23:30:14.742+0000] {processor.py:753} INFO - DAG(s) dict_keys(['example_branch_labels']) retrieved from /home/airflow/.local/lib/python3.7/site-packages/airflow/example_dags/example_branch_labels.py
[2023-04-09T23:30:14.766+0000] {logging_mixin.py:137} INFO - [2023-04-09T23:30:14.765+0000] {dag.py:2705} INFO - Sync 1 DAGs
[2023-04-09T23:30:14.790+0000] {logging_mixin.py:137} INFO - [2023-04-09T23:30:14.790+0000] {dag.py:3456} INFO - Setting next_dagrun for example_branch_labels to 2023-04-08T00:00:00+00:00, run_after=2023-04-09T00:00:00+00:00
[2023-04-09T23:30:14.806+0000] {processor.py:175} INFO - Processing /home/airflow/.local/lib/python3.7/site-packages/airflow/example_dags/example_branch_labels.py took 0.101 seconds
[2023-04-09T23:30:45.205+0000] {processor.py:153} INFO - Started process (PID=180) to work on /home/airflow/.local/lib/python3.7/site-packages/airflow/example_dags/example_branch_labels.py
[2023-04-09T23:30:45.206+0000] {processor.py:743} INFO - Processing file /home/airflow/.local/lib/python3.7/site-packages/airflow/example_dags/example_branch_labels.py for tasks to queue
[2023-04-09T23:30:45.207+0000] {logging_mixin.py:137} INFO - [2023-04-09T23:30:45.207+0000] {dagbag.py:532} INFO - Filling up the DagBag from /home/airflow/.local/lib/python3.7/site-packages/airflow/example_dags/example_branch_labels.py
[2023-04-09T23:30:45.232+0000] {processor.py:753} INFO - DAG(s) dict_keys(['example_branch_labels']) retrieved from /home/airflow/.local/lib/python3.7/site-packages/airflow/example_dags/example_branch_labels.py
[2023-04-09T23:30:45.256+0000] {logging_mixin.py:137} INFO - [2023-04-09T23:30:45.256+0000] {dag.py:2705} INFO - Sync 1 DAGs
[2023-04-09T23:30:45.280+0000] {logging_mixin.py:137} INFO - [2023-04-09T23:30:45.280+0000] {dag.py:3456} INFO - Setting next_dagrun for example_branch_labels to 2023-04-08T00:00:00+00:00, run_after=2023-04-09T00:00:00+00:00
[2023-04-09T23:30:45.295+0000] {processor.py:175} INFO - Processing /home/airflow/.local/lib/python3.7/site-packages/airflow/example_dags/example_branch_labels.py took 0.096 seconds
[2023-04-09T23:31:15.548+0000] {processor.py:153} INFO - Started process (PID=252) to work on /home/airflow/.local/lib/python3.7/site-packages/airflow/example_dags/example_branch_labels.py
[2023-04-09T23:31:15.548+0000] {processor.py:743} INFO - Processing file /home/airflow/.local/lib/python3.7/site-packages/airflow/example_dags/example_branch_labels.py for tasks to queue
[2023-04-09T23:31:15.549+0000] {logging_mixin.py:137} INFO - [2023-04-09T23:31:15.549+0000] {dagbag.py:532} INFO - Filling up the DagBag from /home/airflow/.local/lib/python3.7/site-packages/airflow/example_dags/example_branch_labels.py
[2023-04-09T23:31:15.560+0000] {processor.py:753} INFO - DAG(s) dict_keys(['example_branch_labels']) retrieved from /home/airflow/.local/lib/python3.7/site-packages/airflow/example_dags/example_branch_labels.py
[2023-04-09T23:31:15.589+0000] {logging_mixin.py:137} INFO - [2023-04-09T23:31:15.589+0000] {dag.py:2705} INFO - Sync 1 DAGs
[2023-04-09T23:31:15.626+0000] {logging_mixin.py:137} INFO - [2023-04-09T23:31:15.626+0000] {dag.py:3456} INFO - Setting next_dagrun for example_branch_labels to 2023-04-08T00:00:00+00:00, run_after=2023-04-09T00:00:00+00:00
[2023-04-09T23:31:15.648+0000] {processor.py:175} INFO - Processing /home/airflow/.local/lib/python3.7/site-packages/airflow/example_dags/example_branch_labels.py took 0.102 seconds
