[2023-04-09T23:24:04.662+0000] {processor.py:153} INFO - Started process (PID=69) to work on /home/airflow/.local/lib/python3.7/site-packages/airflow/example_dags/example_params_ui_tutorial.py
[2023-04-09T23:24:04.663+0000] {processor.py:743} INFO - Processing file /home/airflow/.local/lib/python3.7/site-packages/airflow/example_dags/example_params_ui_tutorial.py for tasks to queue
[2023-04-09T23:24:04.663+0000] {logging_mixin.py:137} INFO - [2023-04-09T23:24:04.663+0000] {dagbag.py:532} INFO - Filling up the DagBag from /home/airflow/.local/lib/python3.7/site-packages/airflow/example_dags/example_params_ui_tutorial.py
[2023-04-09T23:24:04.720+0000] {processor.py:753} INFO - DAG(s) dict_keys(['example_params_ui_tutorial']) retrieved from /home/airflow/.local/lib/python3.7/site-packages/airflow/example_dags/example_params_ui_tutorial.py
[2023-04-09T23:24:04.789+0000] {logging_mixin.py:137} INFO - [2023-04-09T23:24:04.789+0000] {dag.py:2705} INFO - Sync 1 DAGs
[2023-04-09T23:24:04.815+0000] {logging_mixin.py:137} INFO - [2023-04-09T23:24:04.815+0000] {dag.py:3456} INFO - Setting next_dagrun for example_params_ui_tutorial to None, run_after=None
[2023-04-09T23:24:04.832+0000] {processor.py:175} INFO - Processing /home/airflow/.local/lib/python3.7/site-packages/airflow/example_dags/example_params_ui_tutorial.py took 0.172 seconds
[2023-04-09T23:24:34.902+0000] {processor.py:153} INFO - Started process (PID=121) to work on /home/airflow/.local/lib/python3.7/site-packages/airflow/example_dags/example_params_ui_tutorial.py
[2023-04-09T23:24:34.903+0000] {processor.py:743} INFO - Processing file /home/airflow/.local/lib/python3.7/site-packages/airflow/example_dags/example_params_ui_tutorial.py for tasks to queue
[2023-04-09T23:24:34.904+0000] {logging_mixin.py:137} INFO - [2023-04-09T23:24:34.904+0000] {dagbag.py:532} INFO - Filling up the DagBag from /home/airflow/.local/lib/python3.7/site-packages/airflow/example_dags/example_params_ui_tutorial.py
[2023-04-09T23:24:34.979+0000] {processor.py:753} INFO - DAG(s) dict_keys(['example_params_ui_tutorial']) retrieved from /home/airflow/.local/lib/python3.7/site-packages/airflow/example_dags/example_params_ui_tutorial.py
[2023-04-09T23:24:35.047+0000] {logging_mixin.py:137} INFO - [2023-04-09T23:24:35.047+0000] {dag.py:2705} INFO - Sync 1 DAGs
[2023-04-09T23:24:35.070+0000] {logging_mixin.py:137} INFO - [2023-04-09T23:24:35.070+0000] {dag.py:3456} INFO - Setting next_dagrun for example_params_ui_tutorial to None, run_after=None
[2023-04-09T23:24:35.086+0000] {processor.py:175} INFO - Processing /home/airflow/.local/lib/python3.7/site-packages/airflow/example_dags/example_params_ui_tutorial.py took 0.189 seconds
[2023-04-09T23:25:05.961+0000] {processor.py:153} INFO - Started process (PID=173) to work on /home/airflow/.local/lib/python3.7/site-packages/airflow/example_dags/example_params_ui_tutorial.py
[2023-04-09T23:25:05.962+0000] {processor.py:743} INFO - Processing file /home/airflow/.local/lib/python3.7/site-packages/airflow/example_dags/example_params_ui_tutorial.py for tasks to queue
[2023-04-09T23:25:05.962+0000] {logging_mixin.py:137} INFO - [2023-04-09T23:25:05.962+0000] {dagbag.py:532} INFO - Filling up the DagBag from /home/airflow/.local/lib/python3.7/site-packages/airflow/example_dags/example_params_ui_tutorial.py
[2023-04-09T23:25:06.012+0000] {processor.py:753} INFO - DAG(s) dict_keys(['example_params_ui_tutorial']) retrieved from /home/airflow/.local/lib/python3.7/site-packages/airflow/example_dags/example_params_ui_tutorial.py
[2023-04-09T23:25:06.085+0000] {logging_mixin.py:137} INFO - [2023-04-09T23:25:06.085+0000] {dag.py:2705} INFO - Sync 1 DAGs
[2023-04-09T23:25:06.111+0000] {logging_mixin.py:137} INFO - [2023-04-09T23:25:06.111+0000] {dag.py:3456} INFO - Setting next_dagrun for example_params_ui_tutorial to None, run_after=None
[2023-04-09T23:25:06.130+0000] {processor.py:175} INFO - Processing /home/airflow/.local/lib/python3.7/site-packages/airflow/example_dags/example_params_ui_tutorial.py took 0.172 seconds
[2023-04-09T23:25:36.477+0000] {processor.py:153} INFO - Started process (PID=225) to work on /home/airflow/.local/lib/python3.7/site-packages/airflow/example_dags/example_params_ui_tutorial.py
[2023-04-09T23:25:36.478+0000] {processor.py:743} INFO - Processing file /home/airflow/.local/lib/python3.7/site-packages/airflow/example_dags/example_params_ui_tutorial.py for tasks to queue
[2023-04-09T23:25:36.478+0000] {logging_mixin.py:137} INFO - [2023-04-09T23:25:36.478+0000] {dagbag.py:532} INFO - Filling up the DagBag from /home/airflow/.local/lib/python3.7/site-packages/airflow/example_dags/example_params_ui_tutorial.py
[2023-04-09T23:25:36.528+0000] {processor.py:753} INFO - DAG(s) dict_keys(['example_params_ui_tutorial']) retrieved from /home/airflow/.local/lib/python3.7/site-packages/airflow/example_dags/example_params_ui_tutorial.py
[2023-04-09T23:25:36.591+0000] {logging_mixin.py:137} INFO - [2023-04-09T23:25:36.591+0000] {dag.py:2705} INFO - Sync 1 DAGs
[2023-04-09T23:25:36.617+0000] {logging_mixin.py:137} INFO - [2023-04-09T23:25:36.617+0000] {dag.py:3456} INFO - Setting next_dagrun for example_params_ui_tutorial to None, run_after=None
[2023-04-09T23:25:36.633+0000] {processor.py:175} INFO - Processing /home/airflow/.local/lib/python3.7/site-packages/airflow/example_dags/example_params_ui_tutorial.py took 0.158 seconds
[2023-04-09T23:26:07.655+0000] {processor.py:153} INFO - Started process (PID=277) to work on /home/airflow/.local/lib/python3.7/site-packages/airflow/example_dags/example_params_ui_tutorial.py
[2023-04-09T23:26:07.656+0000] {processor.py:743} INFO - Processing file /home/airflow/.local/lib/python3.7/site-packages/airflow/example_dags/example_params_ui_tutorial.py for tasks to queue
[2023-04-09T23:26:07.656+0000] {logging_mixin.py:137} INFO - [2023-04-09T23:26:07.656+0000] {dagbag.py:532} INFO - Filling up the DagBag from /home/airflow/.local/lib/python3.7/site-packages/airflow/example_dags/example_params_ui_tutorial.py
[2023-04-09T23:26:07.706+0000] {processor.py:753} INFO - DAG(s) dict_keys(['example_params_ui_tutorial']) retrieved from /home/airflow/.local/lib/python3.7/site-packages/airflow/example_dags/example_params_ui_tutorial.py
[2023-04-09T23:26:07.774+0000] {logging_mixin.py:137} INFO - [2023-04-09T23:26:07.774+0000] {dag.py:2705} INFO - Sync 1 DAGs
[2023-04-09T23:26:07.798+0000] {logging_mixin.py:137} INFO - [2023-04-09T23:26:07.798+0000] {dag.py:3456} INFO - Setting next_dagrun for example_params_ui_tutorial to None, run_after=None
[2023-04-09T23:26:07.814+0000] {processor.py:175} INFO - Processing /home/airflow/.local/lib/python3.7/site-packages/airflow/example_dags/example_params_ui_tutorial.py took 0.161 seconds
[2023-04-09T23:26:37.969+0000] {processor.py:153} INFO - Started process (PID=330) to work on /home/airflow/.local/lib/python3.7/site-packages/airflow/example_dags/example_params_ui_tutorial.py
[2023-04-09T23:26:37.970+0000] {processor.py:743} INFO - Processing file /home/airflow/.local/lib/python3.7/site-packages/airflow/example_dags/example_params_ui_tutorial.py for tasks to queue
[2023-04-09T23:26:37.971+0000] {logging_mixin.py:137} INFO - [2023-04-09T23:26:37.971+0000] {dagbag.py:532} INFO - Filling up the DagBag from /home/airflow/.local/lib/python3.7/site-packages/airflow/example_dags/example_params_ui_tutorial.py
[2023-04-09T23:26:38.042+0000] {processor.py:753} INFO - DAG(s) dict_keys(['example_params_ui_tutorial']) retrieved from /home/airflow/.local/lib/python3.7/site-packages/airflow/example_dags/example_params_ui_tutorial.py
[2023-04-09T23:26:38.109+0000] {logging_mixin.py:137} INFO - [2023-04-09T23:26:38.109+0000] {dag.py:2705} INFO - Sync 1 DAGs
[2023-04-09T23:26:38.140+0000] {logging_mixin.py:137} INFO - [2023-04-09T23:26:38.140+0000] {dag.py:3456} INFO - Setting next_dagrun for example_params_ui_tutorial to None, run_after=None
[2023-04-09T23:26:38.163+0000] {processor.py:175} INFO - Processing /home/airflow/.local/lib/python3.7/site-packages/airflow/example_dags/example_params_ui_tutorial.py took 0.198 seconds
[2023-04-09T23:27:09.010+0000] {processor.py:153} INFO - Started process (PID=381) to work on /home/airflow/.local/lib/python3.7/site-packages/airflow/example_dags/example_params_ui_tutorial.py
[2023-04-09T23:27:09.011+0000] {processor.py:743} INFO - Processing file /home/airflow/.local/lib/python3.7/site-packages/airflow/example_dags/example_params_ui_tutorial.py for tasks to queue
[2023-04-09T23:27:09.012+0000] {logging_mixin.py:137} INFO - [2023-04-09T23:27:09.012+0000] {dagbag.py:532} INFO - Filling up the DagBag from /home/airflow/.local/lib/python3.7/site-packages/airflow/example_dags/example_params_ui_tutorial.py
[2023-04-09T23:27:09.083+0000] {processor.py:753} INFO - DAG(s) dict_keys(['example_params_ui_tutorial']) retrieved from /home/airflow/.local/lib/python3.7/site-packages/airflow/example_dags/example_params_ui_tutorial.py
[2023-04-09T23:27:09.147+0000] {logging_mixin.py:137} INFO - [2023-04-09T23:27:09.147+0000] {dag.py:2705} INFO - Sync 1 DAGs
[2023-04-09T23:27:09.172+0000] {logging_mixin.py:137} INFO - [2023-04-09T23:27:09.172+0000] {dag.py:3456} INFO - Setting next_dagrun for example_params_ui_tutorial to None, run_after=None
[2023-04-09T23:27:09.190+0000] {processor.py:175} INFO - Processing /home/airflow/.local/lib/python3.7/site-packages/airflow/example_dags/example_params_ui_tutorial.py took 0.186 seconds
[2023-04-09T23:29:43.098+0000] {processor.py:153} INFO - Started process (PID=66) to work on /home/airflow/.local/lib/python3.7/site-packages/airflow/example_dags/example_params_ui_tutorial.py
[2023-04-09T23:29:43.098+0000] {processor.py:743} INFO - Processing file /home/airflow/.local/lib/python3.7/site-packages/airflow/example_dags/example_params_ui_tutorial.py for tasks to queue
[2023-04-09T23:29:43.099+0000] {logging_mixin.py:137} INFO - [2023-04-09T23:29:43.099+0000] {dagbag.py:532} INFO - Filling up the DagBag from /home/airflow/.local/lib/python3.7/site-packages/airflow/example_dags/example_params_ui_tutorial.py
[2023-04-09T23:29:43.150+0000] {processor.py:753} INFO - DAG(s) dict_keys(['example_params_ui_tutorial']) retrieved from /home/airflow/.local/lib/python3.7/site-packages/airflow/example_dags/example_params_ui_tutorial.py
[2023-04-09T23:29:43.159+0000] {logging_mixin.py:137} INFO - [2023-04-09T23:29:43.159+0000] {dag.py:2705} INFO - Sync 1 DAGs
[2023-04-09T23:29:43.184+0000] {logging_mixin.py:137} INFO - [2023-04-09T23:29:43.184+0000] {dag.py:3456} INFO - Setting next_dagrun for example_params_ui_tutorial to None, run_after=None
[2023-04-09T23:29:43.202+0000] {processor.py:175} INFO - Processing /home/airflow/.local/lib/python3.7/site-packages/airflow/example_dags/example_params_ui_tutorial.py took 0.107 seconds
[2023-04-09T23:30:14.053+0000] {processor.py:153} INFO - Started process (PID=118) to work on /home/airflow/.local/lib/python3.7/site-packages/airflow/example_dags/example_params_ui_tutorial.py
[2023-04-09T23:30:14.055+0000] {processor.py:743} INFO - Processing file /home/airflow/.local/lib/python3.7/site-packages/airflow/example_dags/example_params_ui_tutorial.py for tasks to queue
[2023-04-09T23:30:14.056+0000] {logging_mixin.py:137} INFO - [2023-04-09T23:30:14.056+0000] {dagbag.py:532} INFO - Filling up the DagBag from /home/airflow/.local/lib/python3.7/site-packages/airflow/example_dags/example_params_ui_tutorial.py
[2023-04-09T23:30:14.111+0000] {processor.py:753} INFO - DAG(s) dict_keys(['example_params_ui_tutorial']) retrieved from /home/airflow/.local/lib/python3.7/site-packages/airflow/example_dags/example_params_ui_tutorial.py
[2023-04-09T23:30:14.178+0000] {logging_mixin.py:137} INFO - [2023-04-09T23:30:14.178+0000] {dag.py:2705} INFO - Sync 1 DAGs
[2023-04-09T23:30:14.204+0000] {logging_mixin.py:137} INFO - [2023-04-09T23:30:14.204+0000] {dag.py:3456} INFO - Setting next_dagrun for example_params_ui_tutorial to None, run_after=None
[2023-04-09T23:30:14.224+0000] {processor.py:175} INFO - Processing /home/airflow/.local/lib/python3.7/site-packages/airflow/example_dags/example_params_ui_tutorial.py took 0.173 seconds
[2023-04-09T23:30:44.492+0000] {processor.py:153} INFO - Started process (PID=170) to work on /home/airflow/.local/lib/python3.7/site-packages/airflow/example_dags/example_params_ui_tutorial.py
[2023-04-09T23:30:44.493+0000] {processor.py:743} INFO - Processing file /home/airflow/.local/lib/python3.7/site-packages/airflow/example_dags/example_params_ui_tutorial.py for tasks to queue
[2023-04-09T23:30:44.493+0000] {logging_mixin.py:137} INFO - [2023-04-09T23:30:44.493+0000] {dagbag.py:532} INFO - Filling up the DagBag from /home/airflow/.local/lib/python3.7/site-packages/airflow/example_dags/example_params_ui_tutorial.py
[2023-04-09T23:30:44.548+0000] {processor.py:753} INFO - DAG(s) dict_keys(['example_params_ui_tutorial']) retrieved from /home/airflow/.local/lib/python3.7/site-packages/airflow/example_dags/example_params_ui_tutorial.py
[2023-04-09T23:30:44.620+0000] {logging_mixin.py:137} INFO - [2023-04-09T23:30:44.620+0000] {dag.py:2705} INFO - Sync 1 DAGs
[2023-04-09T23:30:44.648+0000] {logging_mixin.py:137} INFO - [2023-04-09T23:30:44.647+0000] {dag.py:3456} INFO - Setting next_dagrun for example_params_ui_tutorial to None, run_after=None
[2023-04-09T23:30:44.670+0000] {processor.py:175} INFO - Processing /home/airflow/.local/lib/python3.7/site-packages/airflow/example_dags/example_params_ui_tutorial.py took 0.180 seconds
[2023-04-09T23:31:14.882+0000] {processor.py:153} INFO - Started process (PID=242) to work on /home/airflow/.local/lib/python3.7/site-packages/airflow/example_dags/example_params_ui_tutorial.py
[2023-04-09T23:31:14.883+0000] {processor.py:743} INFO - Processing file /home/airflow/.local/lib/python3.7/site-packages/airflow/example_dags/example_params_ui_tutorial.py for tasks to queue
[2023-04-09T23:31:14.883+0000] {logging_mixin.py:137} INFO - [2023-04-09T23:31:14.883+0000] {dagbag.py:532} INFO - Filling up the DagBag from /home/airflow/.local/lib/python3.7/site-packages/airflow/example_dags/example_params_ui_tutorial.py
[2023-04-09T23:31:14.934+0000] {processor.py:753} INFO - DAG(s) dict_keys(['example_params_ui_tutorial']) retrieved from /home/airflow/.local/lib/python3.7/site-packages/airflow/example_dags/example_params_ui_tutorial.py
[2023-04-09T23:31:15.006+0000] {logging_mixin.py:137} INFO - [2023-04-09T23:31:15.005+0000] {dag.py:2705} INFO - Sync 1 DAGs
[2023-04-09T23:31:15.034+0000] {logging_mixin.py:137} INFO - [2023-04-09T23:31:15.034+0000] {dag.py:3456} INFO - Setting next_dagrun for example_params_ui_tutorial to None, run_after=None
[2023-04-09T23:31:15.053+0000] {processor.py:175} INFO - Processing /home/airflow/.local/lib/python3.7/site-packages/airflow/example_dags/example_params_ui_tutorial.py took 0.173 seconds
