[2023-04-09T23:24:04.122+0000] {processor.py:153} INFO - Started process (PID=63) to work on /home/airflow/.local/lib/python3.7/site-packages/airflow/example_dags/example_sla_dag.py
[2023-04-09T23:24:04.123+0000] {processor.py:743} INFO - Processing file /home/airflow/.local/lib/python3.7/site-packages/airflow/example_dags/example_sla_dag.py for tasks to queue
[2023-04-09T23:24:04.123+0000] {logging_mixin.py:137} INFO - [2023-04-09T23:24:04.123+0000] {dagbag.py:532} INFO - Filling up the DagBag from /home/airflow/.local/lib/python3.7/site-packages/airflow/example_dags/example_sla_dag.py
[2023-04-09T23:24:04.157+0000] {processor.py:753} INFO - DAG(s) dict_keys(['example_sla_dag']) retrieved from /home/airflow/.local/lib/python3.7/site-packages/airflow/example_dags/example_sla_dag.py
[2023-04-09T23:24:04.183+0000] {logging_mixin.py:137} INFO - [2023-04-09T23:24:04.183+0000] {dag.py:2705} INFO - Sync 1 DAGs
[2023-04-09T23:24:04.227+0000] {logging_mixin.py:137} INFO - [2023-04-09T23:24:04.226+0000] {dag.py:3456} INFO - Setting next_dagrun for example_sla_dag to 2023-04-09T23:22:00+00:00, run_after=2023-04-09T23:24:00+00:00
[2023-04-09T23:24:04.251+0000] {processor.py:175} INFO - Processing /home/airflow/.local/lib/python3.7/site-packages/airflow/example_dags/example_sla_dag.py took 0.132 seconds
[2023-04-09T23:24:34.555+0000] {processor.py:153} INFO - Started process (PID=115) to work on /home/airflow/.local/lib/python3.7/site-packages/airflow/example_dags/example_sla_dag.py
[2023-04-09T23:24:34.556+0000] {processor.py:743} INFO - Processing file /home/airflow/.local/lib/python3.7/site-packages/airflow/example_dags/example_sla_dag.py for tasks to queue
[2023-04-09T23:24:34.557+0000] {logging_mixin.py:137} INFO - [2023-04-09T23:24:34.556+0000] {dagbag.py:532} INFO - Filling up the DagBag from /home/airflow/.local/lib/python3.7/site-packages/airflow/example_dags/example_sla_dag.py
[2023-04-09T23:24:34.579+0000] {processor.py:753} INFO - DAG(s) dict_keys(['example_sla_dag']) retrieved from /home/airflow/.local/lib/python3.7/site-packages/airflow/example_dags/example_sla_dag.py
[2023-04-09T23:24:34.609+0000] {logging_mixin.py:137} INFO - [2023-04-09T23:24:34.609+0000] {dag.py:2705} INFO - Sync 1 DAGs
[2023-04-09T23:24:34.643+0000] {logging_mixin.py:137} INFO - [2023-04-09T23:24:34.643+0000] {dag.py:3456} INFO - Setting next_dagrun for example_sla_dag to 2023-04-09T23:22:00+00:00, run_after=2023-04-09T23:24:00+00:00
[2023-04-09T23:24:34.661+0000] {processor.py:175} INFO - Processing /home/airflow/.local/lib/python3.7/site-packages/airflow/example_dags/example_sla_dag.py took 0.109 seconds
[2023-04-09T23:25:05.552+0000] {processor.py:153} INFO - Started process (PID=167) to work on /home/airflow/.local/lib/python3.7/site-packages/airflow/example_dags/example_sla_dag.py
[2023-04-09T23:25:05.552+0000] {processor.py:743} INFO - Processing file /home/airflow/.local/lib/python3.7/site-packages/airflow/example_dags/example_sla_dag.py for tasks to queue
[2023-04-09T23:25:05.553+0000] {logging_mixin.py:137} INFO - [2023-04-09T23:25:05.553+0000] {dagbag.py:532} INFO - Filling up the DagBag from /home/airflow/.local/lib/python3.7/site-packages/airflow/example_dags/example_sla_dag.py
[2023-04-09T23:25:05.572+0000] {processor.py:753} INFO - DAG(s) dict_keys(['example_sla_dag']) retrieved from /home/airflow/.local/lib/python3.7/site-packages/airflow/example_dags/example_sla_dag.py
[2023-04-09T23:25:05.594+0000] {logging_mixin.py:137} INFO - [2023-04-09T23:25:05.594+0000] {dag.py:2705} INFO - Sync 1 DAGs
[2023-04-09T23:25:05.623+0000] {logging_mixin.py:137} INFO - [2023-04-09T23:25:05.623+0000] {dag.py:3456} INFO - Setting next_dagrun for example_sla_dag to 2023-04-09T23:22:00+00:00, run_after=2023-04-09T23:24:00+00:00
[2023-04-09T23:25:05.639+0000] {processor.py:175} INFO - Processing /home/airflow/.local/lib/python3.7/site-packages/airflow/example_dags/example_sla_dag.py took 0.090 seconds
[2023-04-09T23:25:35.845+0000] {processor.py:153} INFO - Started process (PID=217) to work on /home/airflow/.local/lib/python3.7/site-packages/airflow/example_dags/example_sla_dag.py
[2023-04-09T23:25:35.846+0000] {processor.py:743} INFO - Processing file /home/airflow/.local/lib/python3.7/site-packages/airflow/example_dags/example_sla_dag.py for tasks to queue
[2023-04-09T23:25:35.848+0000] {logging_mixin.py:137} INFO - [2023-04-09T23:25:35.847+0000] {dagbag.py:532} INFO - Filling up the DagBag from /home/airflow/.local/lib/python3.7/site-packages/airflow/example_dags/example_sla_dag.py
[2023-04-09T23:25:35.881+0000] {processor.py:753} INFO - DAG(s) dict_keys(['example_sla_dag']) retrieved from /home/airflow/.local/lib/python3.7/site-packages/airflow/example_dags/example_sla_dag.py
[2023-04-09T23:25:35.902+0000] {logging_mixin.py:137} INFO - [2023-04-09T23:25:35.902+0000] {dag.py:2705} INFO - Sync 1 DAGs
[2023-04-09T23:25:35.934+0000] {logging_mixin.py:137} INFO - [2023-04-09T23:25:35.934+0000] {dag.py:3456} INFO - Setting next_dagrun for example_sla_dag to 2023-04-09T23:22:00+00:00, run_after=2023-04-09T23:24:00+00:00
[2023-04-09T23:25:35.951+0000] {processor.py:175} INFO - Processing /home/airflow/.local/lib/python3.7/site-packages/airflow/example_dags/example_sla_dag.py took 0.111 seconds
[2023-04-09T23:26:06.064+0000] {processor.py:153} INFO - Started process (PID=269) to work on /home/airflow/.local/lib/python3.7/site-packages/airflow/example_dags/example_sla_dag.py
[2023-04-09T23:26:06.064+0000] {processor.py:743} INFO - Processing file /home/airflow/.local/lib/python3.7/site-packages/airflow/example_dags/example_sla_dag.py for tasks to queue
[2023-04-09T23:26:06.065+0000] {logging_mixin.py:137} INFO - [2023-04-09T23:26:06.065+0000] {dagbag.py:532} INFO - Filling up the DagBag from /home/airflow/.local/lib/python3.7/site-packages/airflow/example_dags/example_sla_dag.py
[2023-04-09T23:26:06.083+0000] {processor.py:753} INFO - DAG(s) dict_keys(['example_sla_dag']) retrieved from /home/airflow/.local/lib/python3.7/site-packages/airflow/example_dags/example_sla_dag.py
[2023-04-09T23:26:06.105+0000] {logging_mixin.py:137} INFO - [2023-04-09T23:26:06.105+0000] {dag.py:2705} INFO - Sync 1 DAGs
[2023-04-09T23:26:06.137+0000] {logging_mixin.py:137} INFO - [2023-04-09T23:26:06.137+0000] {dag.py:3456} INFO - Setting next_dagrun for example_sla_dag to 2023-04-09T23:24:00+00:00, run_after=2023-04-09T23:26:00+00:00
[2023-04-09T23:26:06.156+0000] {processor.py:175} INFO - Processing /home/airflow/.local/lib/python3.7/site-packages/airflow/example_dags/example_sla_dag.py took 0.095 seconds
[2023-04-09T23:26:36.238+0000] {processor.py:153} INFO - Started process (PID=321) to work on /home/airflow/.local/lib/python3.7/site-packages/airflow/example_dags/example_sla_dag.py
[2023-04-09T23:26:36.238+0000] {processor.py:743} INFO - Processing file /home/airflow/.local/lib/python3.7/site-packages/airflow/example_dags/example_sla_dag.py for tasks to queue
[2023-04-09T23:26:36.239+0000] {logging_mixin.py:137} INFO - [2023-04-09T23:26:36.239+0000] {dagbag.py:532} INFO - Filling up the DagBag from /home/airflow/.local/lib/python3.7/site-packages/airflow/example_dags/example_sla_dag.py
[2023-04-09T23:26:36.257+0000] {processor.py:753} INFO - DAG(s) dict_keys(['example_sla_dag']) retrieved from /home/airflow/.local/lib/python3.7/site-packages/airflow/example_dags/example_sla_dag.py
[2023-04-09T23:26:36.290+0000] {logging_mixin.py:137} INFO - [2023-04-09T23:26:36.290+0000] {dag.py:2705} INFO - Sync 1 DAGs
[2023-04-09T23:26:36.317+0000] {logging_mixin.py:137} INFO - [2023-04-09T23:26:36.317+0000] {dag.py:3456} INFO - Setting next_dagrun for example_sla_dag to 2023-04-09T23:24:00+00:00, run_after=2023-04-09T23:26:00+00:00
[2023-04-09T23:26:36.332+0000] {processor.py:175} INFO - Processing /home/airflow/.local/lib/python3.7/site-packages/airflow/example_dags/example_sla_dag.py took 0.097 seconds
[2023-04-09T23:27:06.436+0000] {processor.py:153} INFO - Started process (PID=373) to work on /home/airflow/.local/lib/python3.7/site-packages/airflow/example_dags/example_sla_dag.py
[2023-04-09T23:27:06.438+0000] {processor.py:743} INFO - Processing file /home/airflow/.local/lib/python3.7/site-packages/airflow/example_dags/example_sla_dag.py for tasks to queue
[2023-04-09T23:27:06.439+0000] {logging_mixin.py:137} INFO - [2023-04-09T23:27:06.439+0000] {dagbag.py:532} INFO - Filling up the DagBag from /home/airflow/.local/lib/python3.7/site-packages/airflow/example_dags/example_sla_dag.py
[2023-04-09T23:27:06.468+0000] {processor.py:753} INFO - DAG(s) dict_keys(['example_sla_dag']) retrieved from /home/airflow/.local/lib/python3.7/site-packages/airflow/example_dags/example_sla_dag.py
[2023-04-09T23:27:06.490+0000] {logging_mixin.py:137} INFO - [2023-04-09T23:27:06.489+0000] {dag.py:2705} INFO - Sync 1 DAGs
[2023-04-09T23:27:06.518+0000] {logging_mixin.py:137} INFO - [2023-04-09T23:27:06.518+0000] {dag.py:3456} INFO - Setting next_dagrun for example_sla_dag to 2023-04-09T23:24:00+00:00, run_after=2023-04-09T23:26:00+00:00
[2023-04-09T23:27:06.533+0000] {processor.py:175} INFO - Processing /home/airflow/.local/lib/python3.7/site-packages/airflow/example_dags/example_sla_dag.py took 0.102 seconds
[2023-04-09T23:29:42.686+0000] {processor.py:153} INFO - Started process (PID=60) to work on /home/airflow/.local/lib/python3.7/site-packages/airflow/example_dags/example_sla_dag.py
[2023-04-09T23:29:42.687+0000] {processor.py:743} INFO - Processing file /home/airflow/.local/lib/python3.7/site-packages/airflow/example_dags/example_sla_dag.py for tasks to queue
[2023-04-09T23:29:42.688+0000] {logging_mixin.py:137} INFO - [2023-04-09T23:29:42.687+0000] {dagbag.py:532} INFO - Filling up the DagBag from /home/airflow/.local/lib/python3.7/site-packages/airflow/example_dags/example_sla_dag.py
[2023-04-09T23:29:42.710+0000] {processor.py:753} INFO - DAG(s) dict_keys(['example_sla_dag']) retrieved from /home/airflow/.local/lib/python3.7/site-packages/airflow/example_dags/example_sla_dag.py
[2023-04-09T23:29:42.720+0000] {logging_mixin.py:137} INFO - [2023-04-09T23:29:42.720+0000] {dag.py:2705} INFO - Sync 1 DAGs
[2023-04-09T23:29:42.750+0000] {logging_mixin.py:137} INFO - [2023-04-09T23:29:42.750+0000] {dag.py:3456} INFO - Setting next_dagrun for example_sla_dag to 2023-04-09T23:26:00+00:00, run_after=2023-04-09T23:28:00+00:00
[2023-04-09T23:29:42.770+0000] {processor.py:175} INFO - Processing /home/airflow/.local/lib/python3.7/site-packages/airflow/example_dags/example_sla_dag.py took 0.086 seconds
[2023-04-09T23:30:13.686+0000] {processor.py:153} INFO - Started process (PID=112) to work on /home/airflow/.local/lib/python3.7/site-packages/airflow/example_dags/example_sla_dag.py
[2023-04-09T23:30:13.687+0000] {processor.py:743} INFO - Processing file /home/airflow/.local/lib/python3.7/site-packages/airflow/example_dags/example_sla_dag.py for tasks to queue
[2023-04-09T23:30:13.688+0000] {logging_mixin.py:137} INFO - [2023-04-09T23:30:13.688+0000] {dagbag.py:532} INFO - Filling up the DagBag from /home/airflow/.local/lib/python3.7/site-packages/airflow/example_dags/example_sla_dag.py
[2023-04-09T23:30:13.729+0000] {processor.py:753} INFO - DAG(s) dict_keys(['example_sla_dag']) retrieved from /home/airflow/.local/lib/python3.7/site-packages/airflow/example_dags/example_sla_dag.py
[2023-04-09T23:30:13.751+0000] {logging_mixin.py:137} INFO - [2023-04-09T23:30:13.751+0000] {dag.py:2705} INFO - Sync 1 DAGs
[2023-04-09T23:30:13.780+0000] {logging_mixin.py:137} INFO - [2023-04-09T23:30:13.780+0000] {dag.py:3456} INFO - Setting next_dagrun for example_sla_dag to 2023-04-09T23:28:00+00:00, run_after=2023-04-09T23:30:00+00:00
[2023-04-09T23:30:13.796+0000] {processor.py:175} INFO - Processing /home/airflow/.local/lib/python3.7/site-packages/airflow/example_dags/example_sla_dag.py took 0.116 seconds
[2023-04-09T23:30:44.086+0000] {processor.py:153} INFO - Started process (PID=164) to work on /home/airflow/.local/lib/python3.7/site-packages/airflow/example_dags/example_sla_dag.py
[2023-04-09T23:30:44.087+0000] {processor.py:743} INFO - Processing file /home/airflow/.local/lib/python3.7/site-packages/airflow/example_dags/example_sla_dag.py for tasks to queue
[2023-04-09T23:30:44.088+0000] {logging_mixin.py:137} INFO - [2023-04-09T23:30:44.088+0000] {dagbag.py:532} INFO - Filling up the DagBag from /home/airflow/.local/lib/python3.7/site-packages/airflow/example_dags/example_sla_dag.py
[2023-04-09T23:30:44.132+0000] {processor.py:753} INFO - DAG(s) dict_keys(['example_sla_dag']) retrieved from /home/airflow/.local/lib/python3.7/site-packages/airflow/example_dags/example_sla_dag.py
[2023-04-09T23:30:44.156+0000] {logging_mixin.py:137} INFO - [2023-04-09T23:30:44.155+0000] {dag.py:2705} INFO - Sync 1 DAGs
[2023-04-09T23:30:44.185+0000] {logging_mixin.py:137} INFO - [2023-04-09T23:30:44.185+0000] {dag.py:3456} INFO - Setting next_dagrun for example_sla_dag to 2023-04-09T23:28:00+00:00, run_after=2023-04-09T23:30:00+00:00
[2023-04-09T23:30:44.202+0000] {processor.py:175} INFO - Processing /home/airflow/.local/lib/python3.7/site-packages/airflow/example_dags/example_sla_dag.py took 0.121 seconds
[2023-04-09T23:31:14.524+0000] {processor.py:153} INFO - Started process (PID=236) to work on /home/airflow/.local/lib/python3.7/site-packages/airflow/example_dags/example_sla_dag.py
[2023-04-09T23:31:14.524+0000] {processor.py:743} INFO - Processing file /home/airflow/.local/lib/python3.7/site-packages/airflow/example_dags/example_sla_dag.py for tasks to queue
[2023-04-09T23:31:14.525+0000] {logging_mixin.py:137} INFO - [2023-04-09T23:31:14.525+0000] {dagbag.py:532} INFO - Filling up the DagBag from /home/airflow/.local/lib/python3.7/site-packages/airflow/example_dags/example_sla_dag.py
[2023-04-09T23:31:14.544+0000] {processor.py:753} INFO - DAG(s) dict_keys(['example_sla_dag']) retrieved from /home/airflow/.local/lib/python3.7/site-packages/airflow/example_dags/example_sla_dag.py
[2023-04-09T23:31:14.566+0000] {logging_mixin.py:137} INFO - [2023-04-09T23:31:14.566+0000] {dag.py:2705} INFO - Sync 1 DAGs
[2023-04-09T23:31:14.597+0000] {logging_mixin.py:137} INFO - [2023-04-09T23:31:14.597+0000] {dag.py:3456} INFO - Setting next_dagrun for example_sla_dag to 2023-04-09T23:28:00+00:00, run_after=2023-04-09T23:30:00+00:00
[2023-04-09T23:31:14.616+0000] {processor.py:175} INFO - Processing /home/airflow/.local/lib/python3.7/site-packages/airflow/example_dags/example_sla_dag.py took 0.095 seconds
