[2023-04-09T23:24:05.830+0000] {processor.py:153} INFO - Started process (PID=86) to work on /home/airflow/.local/lib/python3.7/site-packages/airflow/example_dags/example_task_group_decorator.py
[2023-04-09T23:24:05.831+0000] {processor.py:743} INFO - Processing file /home/airflow/.local/lib/python3.7/site-packages/airflow/example_dags/example_task_group_decorator.py for tasks to queue
[2023-04-09T23:24:05.831+0000] {logging_mixin.py:137} INFO - [2023-04-09T23:24:05.831+0000] {dagbag.py:532} INFO - Filling up the DagBag from /home/airflow/.local/lib/python3.7/site-packages/airflow/example_dags/example_task_group_decorator.py
[2023-04-09T23:24:05.862+0000] {processor.py:753} INFO - DAG(s) dict_keys(['example_task_group_decorator']) retrieved from /home/airflow/.local/lib/python3.7/site-packages/airflow/example_dags/example_task_group_decorator.py
[2023-04-09T23:24:05.889+0000] {logging_mixin.py:137} INFO - [2023-04-09T23:24:05.888+0000] {dag.py:2705} INFO - Sync 1 DAGs
[2023-04-09T23:24:05.914+0000] {logging_mixin.py:137} INFO - [2023-04-09T23:24:05.914+0000] {dag.py:3456} INFO - Setting next_dagrun for example_task_group_decorator to 2023-04-08T23:24:05.914431+00:00, run_after=2023-04-09T23:24:05.914431+00:00
[2023-04-09T23:24:05.930+0000] {processor.py:175} INFO - Processing /home/airflow/.local/lib/python3.7/site-packages/airflow/example_dags/example_task_group_decorator.py took 0.102 seconds
[2023-04-09T23:24:36.095+0000] {processor.py:153} INFO - Started process (PID=138) to work on /home/airflow/.local/lib/python3.7/site-packages/airflow/example_dags/example_task_group_decorator.py
[2023-04-09T23:24:36.095+0000] {processor.py:743} INFO - Processing file /home/airflow/.local/lib/python3.7/site-packages/airflow/example_dags/example_task_group_decorator.py for tasks to queue
[2023-04-09T23:24:36.096+0000] {logging_mixin.py:137} INFO - [2023-04-09T23:24:36.096+0000] {dagbag.py:532} INFO - Filling up the DagBag from /home/airflow/.local/lib/python3.7/site-packages/airflow/example_dags/example_task_group_decorator.py
[2023-04-09T23:24:36.120+0000] {processor.py:753} INFO - DAG(s) dict_keys(['example_task_group_decorator']) retrieved from /home/airflow/.local/lib/python3.7/site-packages/airflow/example_dags/example_task_group_decorator.py
[2023-04-09T23:24:36.145+0000] {logging_mixin.py:137} INFO - [2023-04-09T23:24:36.145+0000] {dag.py:2705} INFO - Sync 1 DAGs
[2023-04-09T23:24:36.168+0000] {logging_mixin.py:137} INFO - [2023-04-09T23:24:36.168+0000] {dag.py:3456} INFO - Setting next_dagrun for example_task_group_decorator to 2023-04-08T23:24:36.168638+00:00, run_after=2023-04-09T23:24:36.168638+00:00
[2023-04-09T23:24:36.184+0000] {processor.py:175} INFO - Processing /home/airflow/.local/lib/python3.7/site-packages/airflow/example_dags/example_task_group_decorator.py took 0.091 seconds
[2023-04-09T23:25:07.203+0000] {processor.py:153} INFO - Started process (PID=190) to work on /home/airflow/.local/lib/python3.7/site-packages/airflow/example_dags/example_task_group_decorator.py
[2023-04-09T23:25:07.204+0000] {processor.py:743} INFO - Processing file /home/airflow/.local/lib/python3.7/site-packages/airflow/example_dags/example_task_group_decorator.py for tasks to queue
[2023-04-09T23:25:07.204+0000] {logging_mixin.py:137} INFO - [2023-04-09T23:25:07.204+0000] {dagbag.py:532} INFO - Filling up the DagBag from /home/airflow/.local/lib/python3.7/site-packages/airflow/example_dags/example_task_group_decorator.py
[2023-04-09T23:25:07.228+0000] {processor.py:753} INFO - DAG(s) dict_keys(['example_task_group_decorator']) retrieved from /home/airflow/.local/lib/python3.7/site-packages/airflow/example_dags/example_task_group_decorator.py
[2023-04-09T23:25:07.266+0000] {logging_mixin.py:137} INFO - [2023-04-09T23:25:07.265+0000] {dag.py:2705} INFO - Sync 1 DAGs
[2023-04-09T23:25:07.291+0000] {logging_mixin.py:137} INFO - [2023-04-09T23:25:07.291+0000] {dag.py:3456} INFO - Setting next_dagrun for example_task_group_decorator to 2023-04-08T23:25:07.291145+00:00, run_after=2023-04-09T23:25:07.291145+00:00
[2023-04-09T23:25:07.307+0000] {processor.py:175} INFO - Processing /home/airflow/.local/lib/python3.7/site-packages/airflow/example_dags/example_task_group_decorator.py took 0.107 seconds
[2023-04-09T23:25:37.505+0000] {processor.py:153} INFO - Started process (PID=242) to work on /home/airflow/.local/lib/python3.7/site-packages/airflow/example_dags/example_task_group_decorator.py
[2023-04-09T23:25:37.506+0000] {processor.py:743} INFO - Processing file /home/airflow/.local/lib/python3.7/site-packages/airflow/example_dags/example_task_group_decorator.py for tasks to queue
[2023-04-09T23:25:37.506+0000] {logging_mixin.py:137} INFO - [2023-04-09T23:25:37.506+0000] {dagbag.py:532} INFO - Filling up the DagBag from /home/airflow/.local/lib/python3.7/site-packages/airflow/example_dags/example_task_group_decorator.py
[2023-04-09T23:25:37.540+0000] {processor.py:753} INFO - DAG(s) dict_keys(['example_task_group_decorator']) retrieved from /home/airflow/.local/lib/python3.7/site-packages/airflow/example_dags/example_task_group_decorator.py
[2023-04-09T23:25:37.568+0000] {logging_mixin.py:137} INFO - [2023-04-09T23:25:37.568+0000] {dag.py:2705} INFO - Sync 1 DAGs
[2023-04-09T23:25:37.593+0000] {logging_mixin.py:137} INFO - [2023-04-09T23:25:37.593+0000] {dag.py:3456} INFO - Setting next_dagrun for example_task_group_decorator to 2023-04-08T23:25:37.593199+00:00, run_after=2023-04-09T23:25:37.593199+00:00
[2023-04-09T23:25:37.611+0000] {processor.py:175} INFO - Processing /home/airflow/.local/lib/python3.7/site-packages/airflow/example_dags/example_task_group_decorator.py took 0.109 seconds
[2023-04-09T23:26:08.898+0000] {processor.py:153} INFO - Started process (PID=294) to work on /home/airflow/.local/lib/python3.7/site-packages/airflow/example_dags/example_task_group_decorator.py
[2023-04-09T23:26:08.899+0000] {processor.py:743} INFO - Processing file /home/airflow/.local/lib/python3.7/site-packages/airflow/example_dags/example_task_group_decorator.py for tasks to queue
[2023-04-09T23:26:08.900+0000] {logging_mixin.py:137} INFO - [2023-04-09T23:26:08.900+0000] {dagbag.py:532} INFO - Filling up the DagBag from /home/airflow/.local/lib/python3.7/site-packages/airflow/example_dags/example_task_group_decorator.py
[2023-04-09T23:26:08.945+0000] {processor.py:753} INFO - DAG(s) dict_keys(['example_task_group_decorator']) retrieved from /home/airflow/.local/lib/python3.7/site-packages/airflow/example_dags/example_task_group_decorator.py
[2023-04-09T23:26:08.973+0000] {logging_mixin.py:137} INFO - [2023-04-09T23:26:08.973+0000] {dag.py:2705} INFO - Sync 1 DAGs
[2023-04-09T23:26:09.001+0000] {logging_mixin.py:137} INFO - [2023-04-09T23:26:09.001+0000] {dag.py:3456} INFO - Setting next_dagrun for example_task_group_decorator to 2023-04-08T23:26:09.001092+00:00, run_after=2023-04-09T23:26:09.001092+00:00
[2023-04-09T23:26:09.019+0000] {processor.py:175} INFO - Processing /home/airflow/.local/lib/python3.7/site-packages/airflow/example_dags/example_task_group_decorator.py took 0.126 seconds
[2023-04-09T23:26:39.107+0000] {processor.py:153} INFO - Started process (PID=346) to work on /home/airflow/.local/lib/python3.7/site-packages/airflow/example_dags/example_task_group_decorator.py
[2023-04-09T23:26:39.108+0000] {processor.py:743} INFO - Processing file /home/airflow/.local/lib/python3.7/site-packages/airflow/example_dags/example_task_group_decorator.py for tasks to queue
[2023-04-09T23:26:39.109+0000] {logging_mixin.py:137} INFO - [2023-04-09T23:26:39.108+0000] {dagbag.py:532} INFO - Filling up the DagBag from /home/airflow/.local/lib/python3.7/site-packages/airflow/example_dags/example_task_group_decorator.py
[2023-04-09T23:26:39.135+0000] {processor.py:753} INFO - DAG(s) dict_keys(['example_task_group_decorator']) retrieved from /home/airflow/.local/lib/python3.7/site-packages/airflow/example_dags/example_task_group_decorator.py
[2023-04-09T23:26:39.164+0000] {logging_mixin.py:137} INFO - [2023-04-09T23:26:39.164+0000] {dag.py:2705} INFO - Sync 1 DAGs
[2023-04-09T23:26:39.189+0000] {logging_mixin.py:137} INFO - [2023-04-09T23:26:39.189+0000] {dag.py:3456} INFO - Setting next_dagrun for example_task_group_decorator to 2023-04-08T23:26:39.189199+00:00, run_after=2023-04-09T23:26:39.189199+00:00
[2023-04-09T23:26:39.204+0000] {processor.py:175} INFO - Processing /home/airflow/.local/lib/python3.7/site-packages/airflow/example_dags/example_task_group_decorator.py took 0.099 seconds
[2023-04-09T23:27:10.355+0000] {processor.py:153} INFO - Started process (PID=398) to work on /home/airflow/.local/lib/python3.7/site-packages/airflow/example_dags/example_task_group_decorator.py
[2023-04-09T23:27:10.357+0000] {processor.py:743} INFO - Processing file /home/airflow/.local/lib/python3.7/site-packages/airflow/example_dags/example_task_group_decorator.py for tasks to queue
[2023-04-09T23:27:10.358+0000] {logging_mixin.py:137} INFO - [2023-04-09T23:27:10.358+0000] {dagbag.py:532} INFO - Filling up the DagBag from /home/airflow/.local/lib/python3.7/site-packages/airflow/example_dags/example_task_group_decorator.py
[2023-04-09T23:27:10.410+0000] {processor.py:753} INFO - DAG(s) dict_keys(['example_task_group_decorator']) retrieved from /home/airflow/.local/lib/python3.7/site-packages/airflow/example_dags/example_task_group_decorator.py
[2023-04-09T23:27:10.443+0000] {logging_mixin.py:137} INFO - [2023-04-09T23:27:10.442+0000] {dag.py:2705} INFO - Sync 1 DAGs
[2023-04-09T23:27:10.471+0000] {logging_mixin.py:137} INFO - [2023-04-09T23:27:10.471+0000] {dag.py:3456} INFO - Setting next_dagrun for example_task_group_decorator to 2023-04-08T23:27:10.470876+00:00, run_after=2023-04-09T23:27:10.470876+00:00
[2023-04-09T23:27:10.487+0000] {processor.py:175} INFO - Processing /home/airflow/.local/lib/python3.7/site-packages/airflow/example_dags/example_task_group_decorator.py took 0.134 seconds
[2023-04-09T23:29:44.053+0000] {processor.py:153} INFO - Started process (PID=83) to work on /home/airflow/.local/lib/python3.7/site-packages/airflow/example_dags/example_task_group_decorator.py
[2023-04-09T23:29:44.054+0000] {processor.py:743} INFO - Processing file /home/airflow/.local/lib/python3.7/site-packages/airflow/example_dags/example_task_group_decorator.py for tasks to queue
[2023-04-09T23:29:44.054+0000] {logging_mixin.py:137} INFO - [2023-04-09T23:29:44.054+0000] {dagbag.py:532} INFO - Filling up the DagBag from /home/airflow/.local/lib/python3.7/site-packages/airflow/example_dags/example_task_group_decorator.py
[2023-04-09T23:29:44.077+0000] {processor.py:753} INFO - DAG(s) dict_keys(['example_task_group_decorator']) retrieved from /home/airflow/.local/lib/python3.7/site-packages/airflow/example_dags/example_task_group_decorator.py
[2023-04-09T23:29:44.089+0000] {logging_mixin.py:137} INFO - [2023-04-09T23:29:44.089+0000] {dag.py:2705} INFO - Sync 1 DAGs
[2023-04-09T23:29:44.116+0000] {logging_mixin.py:137} INFO - [2023-04-09T23:29:44.116+0000] {dag.py:3456} INFO - Setting next_dagrun for example_task_group_decorator to 2023-04-08T23:29:44.115990+00:00, run_after=2023-04-09T23:29:44.115990+00:00
[2023-04-09T23:29:44.133+0000] {processor.py:175} INFO - Processing /home/airflow/.local/lib/python3.7/site-packages/airflow/example_dags/example_task_group_decorator.py took 0.082 seconds
[2023-04-09T23:30:15.215+0000] {processor.py:153} INFO - Started process (PID=135) to work on /home/airflow/.local/lib/python3.7/site-packages/airflow/example_dags/example_task_group_decorator.py
[2023-04-09T23:30:15.216+0000] {processor.py:743} INFO - Processing file /home/airflow/.local/lib/python3.7/site-packages/airflow/example_dags/example_task_group_decorator.py for tasks to queue
[2023-04-09T23:30:15.217+0000] {logging_mixin.py:137} INFO - [2023-04-09T23:30:15.217+0000] {dagbag.py:532} INFO - Filling up the DagBag from /home/airflow/.local/lib/python3.7/site-packages/airflow/example_dags/example_task_group_decorator.py
[2023-04-09T23:30:15.264+0000] {processor.py:753} INFO - DAG(s) dict_keys(['example_task_group_decorator']) retrieved from /home/airflow/.local/lib/python3.7/site-packages/airflow/example_dags/example_task_group_decorator.py
[2023-04-09T23:30:15.293+0000] {logging_mixin.py:137} INFO - [2023-04-09T23:30:15.293+0000] {dag.py:2705} INFO - Sync 1 DAGs
[2023-04-09T23:30:15.324+0000] {logging_mixin.py:137} INFO - [2023-04-09T23:30:15.324+0000] {dag.py:3456} INFO - Setting next_dagrun for example_task_group_decorator to 2023-04-08T23:30:15.324580+00:00, run_after=2023-04-09T23:30:15.324580+00:00
[2023-04-09T23:30:15.348+0000] {processor.py:175} INFO - Processing /home/airflow/.local/lib/python3.7/site-packages/airflow/example_dags/example_task_group_decorator.py took 0.137 seconds
[2023-04-09T23:30:45.791+0000] {processor.py:153} INFO - Started process (PID=187) to work on /home/airflow/.local/lib/python3.7/site-packages/airflow/example_dags/example_task_group_decorator.py
[2023-04-09T23:30:45.794+0000] {processor.py:743} INFO - Processing file /home/airflow/.local/lib/python3.7/site-packages/airflow/example_dags/example_task_group_decorator.py for tasks to queue
[2023-04-09T23:30:45.794+0000] {logging_mixin.py:137} INFO - [2023-04-09T23:30:45.794+0000] {dagbag.py:532} INFO - Filling up the DagBag from /home/airflow/.local/lib/python3.7/site-packages/airflow/example_dags/example_task_group_decorator.py
[2023-04-09T23:30:45.822+0000] {processor.py:753} INFO - DAG(s) dict_keys(['example_task_group_decorator']) retrieved from /home/airflow/.local/lib/python3.7/site-packages/airflow/example_dags/example_task_group_decorator.py
[2023-04-09T23:30:45.850+0000] {logging_mixin.py:137} INFO - [2023-04-09T23:30:45.849+0000] {dag.py:2705} INFO - Sync 1 DAGs
[2023-04-09T23:30:45.875+0000] {logging_mixin.py:137} INFO - [2023-04-09T23:30:45.875+0000] {dag.py:3456} INFO - Setting next_dagrun for example_task_group_decorator to 2023-04-08T23:30:45.875045+00:00, run_after=2023-04-09T23:30:45.875045+00:00
[2023-04-09T23:30:45.891+0000] {processor.py:175} INFO - Processing /home/airflow/.local/lib/python3.7/site-packages/airflow/example_dags/example_task_group_decorator.py took 0.103 seconds
[2023-04-09T23:31:16.171+0000] {processor.py:153} INFO - Started process (PID=259) to work on /home/airflow/.local/lib/python3.7/site-packages/airflow/example_dags/example_task_group_decorator.py
[2023-04-09T23:31:16.172+0000] {processor.py:743} INFO - Processing file /home/airflow/.local/lib/python3.7/site-packages/airflow/example_dags/example_task_group_decorator.py for tasks to queue
[2023-04-09T23:31:16.172+0000] {logging_mixin.py:137} INFO - [2023-04-09T23:31:16.172+0000] {dagbag.py:532} INFO - Filling up the DagBag from /home/airflow/.local/lib/python3.7/site-packages/airflow/example_dags/example_task_group_decorator.py
[2023-04-09T23:31:16.200+0000] {processor.py:753} INFO - DAG(s) dict_keys(['example_task_group_decorator']) retrieved from /home/airflow/.local/lib/python3.7/site-packages/airflow/example_dags/example_task_group_decorator.py
[2023-04-09T23:31:16.226+0000] {logging_mixin.py:137} INFO - [2023-04-09T23:31:16.226+0000] {dag.py:2705} INFO - Sync 1 DAGs
[2023-04-09T23:31:16.253+0000] {logging_mixin.py:137} INFO - [2023-04-09T23:31:16.253+0000] {dag.py:3456} INFO - Setting next_dagrun for example_task_group_decorator to 2023-04-08T23:31:16.253342+00:00, run_after=2023-04-09T23:31:16.253342+00:00
[2023-04-09T23:31:16.278+0000] {processor.py:175} INFO - Processing /home/airflow/.local/lib/python3.7/site-packages/airflow/example_dags/example_task_group_decorator.py took 0.109 seconds
