[2023-04-09T23:24:04.681+0000] {processor.py:153} INFO - Started process (PID=70) to work on /home/airflow/.local/lib/python3.7/site-packages/airflow/example_dags/example_subdag_operator.py
[2023-04-09T23:24:04.681+0000] {processor.py:743} INFO - Processing file /home/airflow/.local/lib/python3.7/site-packages/airflow/example_dags/example_subdag_operator.py for tasks to queue
[2023-04-09T23:24:04.682+0000] {logging_mixin.py:137} INFO - [2023-04-09T23:24:04.682+0000] {dagbag.py:532} INFO - Filling up the DagBag from /home/airflow/.local/lib/python3.7/site-packages/airflow/example_dags/example_subdag_operator.py
[2023-04-09T23:24:04.715+0000] {processor.py:753} INFO - DAG(s) dict_keys(['example_subdag_operator.section-1', 'example_subdag_operator.section-2', 'example_subdag_operator']) retrieved from /home/airflow/.local/lib/python3.7/site-packages/airflow/example_dags/example_subdag_operator.py
[2023-04-09T23:24:04.747+0000] {logging_mixin.py:137} INFO - [2023-04-09T23:24:04.747+0000] {dag.py:2705} INFO - Sync 3 DAGs
[2023-04-09T23:24:04.775+0000] {logging_mixin.py:137} INFO - [2023-04-09T23:24:04.775+0000] {dag.py:3456} INFO - Setting next_dagrun for example_subdag_operator to 2022-01-01T00:00:00+00:00, run_after=2022-01-01T00:00:00+00:00
[2023-04-09T23:24:04.779+0000] {logging_mixin.py:137} INFO - [2023-04-09T23:24:04.779+0000] {dag.py:3456} INFO - Setting next_dagrun for example_subdag_operator.section-1 to None, run_after=None
[2023-04-09T23:24:04.780+0000] {logging_mixin.py:137} INFO - [2023-04-09T23:24:04.780+0000] {dag.py:3456} INFO - Setting next_dagrun for example_subdag_operator.section-2 to None, run_after=None
[2023-04-09T23:24:04.787+0000] {logging_mixin.py:137} INFO - [2023-04-09T23:24:04.787+0000] {dag.py:2705} INFO - Sync 2 DAGs
[2023-04-09T23:24:04.796+0000] {logging_mixin.py:137} INFO - [2023-04-09T23:24:04.796+0000] {dag.py:3456} INFO - Setting next_dagrun for example_subdag_operator.section-1 to None, run_after=None
[2023-04-09T23:24:04.796+0000] {logging_mixin.py:137} INFO - [2023-04-09T23:24:04.796+0000] {dag.py:3456} INFO - Setting next_dagrun for example_subdag_operator.section-2 to None, run_after=None
[2023-04-09T23:24:04.811+0000] {processor.py:175} INFO - Processing /home/airflow/.local/lib/python3.7/site-packages/airflow/example_dags/example_subdag_operator.py took 0.133 seconds
[2023-04-09T23:24:34.960+0000] {processor.py:153} INFO - Started process (PID=122) to work on /home/airflow/.local/lib/python3.7/site-packages/airflow/example_dags/example_subdag_operator.py
[2023-04-09T23:24:34.961+0000] {processor.py:743} INFO - Processing file /home/airflow/.local/lib/python3.7/site-packages/airflow/example_dags/example_subdag_operator.py for tasks to queue
[2023-04-09T23:24:34.961+0000] {logging_mixin.py:137} INFO - [2023-04-09T23:24:34.961+0000] {dagbag.py:532} INFO - Filling up the DagBag from /home/airflow/.local/lib/python3.7/site-packages/airflow/example_dags/example_subdag_operator.py
[2023-04-09T23:24:34.995+0000] {processor.py:753} INFO - DAG(s) dict_keys(['example_subdag_operator.section-1', 'example_subdag_operator.section-2', 'example_subdag_operator']) retrieved from /home/airflow/.local/lib/python3.7/site-packages/airflow/example_dags/example_subdag_operator.py
[2023-04-09T23:24:35.023+0000] {logging_mixin.py:137} INFO - [2023-04-09T23:24:35.023+0000] {dag.py:2705} INFO - Sync 3 DAGs
[2023-04-09T23:24:35.048+0000] {logging_mixin.py:137} INFO - [2023-04-09T23:24:35.048+0000] {dag.py:3456} INFO - Setting next_dagrun for example_subdag_operator to 2022-01-01T00:00:00+00:00, run_after=2022-01-01T00:00:00+00:00
[2023-04-09T23:24:35.051+0000] {logging_mixin.py:137} INFO - [2023-04-09T23:24:35.051+0000] {dag.py:3456} INFO - Setting next_dagrun for example_subdag_operator.section-1 to None, run_after=None
[2023-04-09T23:24:35.052+0000] {logging_mixin.py:137} INFO - [2023-04-09T23:24:35.052+0000] {dag.py:3456} INFO - Setting next_dagrun for example_subdag_operator.section-2 to None, run_after=None
[2023-04-09T23:24:35.058+0000] {logging_mixin.py:137} INFO - [2023-04-09T23:24:35.058+0000] {dag.py:2705} INFO - Sync 2 DAGs
[2023-04-09T23:24:35.063+0000] {logging_mixin.py:137} INFO - [2023-04-09T23:24:35.063+0000] {dag.py:3456} INFO - Setting next_dagrun for example_subdag_operator.section-1 to None, run_after=None
[2023-04-09T23:24:35.063+0000] {logging_mixin.py:137} INFO - [2023-04-09T23:24:35.063+0000] {dag.py:3456} INFO - Setting next_dagrun for example_subdag_operator.section-2 to None, run_after=None
[2023-04-09T23:24:35.073+0000] {processor.py:175} INFO - Processing /home/airflow/.local/lib/python3.7/site-packages/airflow/example_dags/example_subdag_operator.py took 0.116 seconds
[2023-04-09T23:25:06.014+0000] {processor.py:153} INFO - Started process (PID=174) to work on /home/airflow/.local/lib/python3.7/site-packages/airflow/example_dags/example_subdag_operator.py
[2023-04-09T23:25:06.015+0000] {processor.py:743} INFO - Processing file /home/airflow/.local/lib/python3.7/site-packages/airflow/example_dags/example_subdag_operator.py for tasks to queue
[2023-04-09T23:25:06.015+0000] {logging_mixin.py:137} INFO - [2023-04-09T23:25:06.015+0000] {dagbag.py:532} INFO - Filling up the DagBag from /home/airflow/.local/lib/python3.7/site-packages/airflow/example_dags/example_subdag_operator.py
[2023-04-09T23:25:06.039+0000] {processor.py:753} INFO - DAG(s) dict_keys(['example_subdag_operator.section-1', 'example_subdag_operator.section-2', 'example_subdag_operator']) retrieved from /home/airflow/.local/lib/python3.7/site-packages/airflow/example_dags/example_subdag_operator.py
[2023-04-09T23:25:06.057+0000] {logging_mixin.py:137} INFO - [2023-04-09T23:25:06.057+0000] {dag.py:2705} INFO - Sync 3 DAGs
[2023-04-09T23:25:06.080+0000] {logging_mixin.py:137} INFO - [2023-04-09T23:25:06.080+0000] {dag.py:3456} INFO - Setting next_dagrun for example_subdag_operator to 2022-01-01T00:00:00+00:00, run_after=2022-01-01T00:00:00+00:00
[2023-04-09T23:25:06.083+0000] {logging_mixin.py:137} INFO - [2023-04-09T23:25:06.083+0000] {dag.py:3456} INFO - Setting next_dagrun for example_subdag_operator.section-1 to None, run_after=None
[2023-04-09T23:25:06.084+0000] {logging_mixin.py:137} INFO - [2023-04-09T23:25:06.084+0000] {dag.py:3456} INFO - Setting next_dagrun for example_subdag_operator.section-2 to None, run_after=None
[2023-04-09T23:25:06.091+0000] {logging_mixin.py:137} INFO - [2023-04-09T23:25:06.090+0000] {dag.py:2705} INFO - Sync 2 DAGs
[2023-04-09T23:25:06.104+0000] {logging_mixin.py:137} INFO - [2023-04-09T23:25:06.104+0000] {dag.py:3456} INFO - Setting next_dagrun for example_subdag_operator.section-1 to None, run_after=None
[2023-04-09T23:25:06.105+0000] {logging_mixin.py:137} INFO - [2023-04-09T23:25:06.105+0000] {dag.py:3456} INFO - Setting next_dagrun for example_subdag_operator.section-2 to None, run_after=None
[2023-04-09T23:25:06.121+0000] {processor.py:175} INFO - Processing /home/airflow/.local/lib/python3.7/site-packages/airflow/example_dags/example_subdag_operator.py took 0.109 seconds
[2023-04-09T23:25:36.486+0000] {processor.py:153} INFO - Started process (PID=226) to work on /home/airflow/.local/lib/python3.7/site-packages/airflow/example_dags/example_subdag_operator.py
[2023-04-09T23:25:36.486+0000] {processor.py:743} INFO - Processing file /home/airflow/.local/lib/python3.7/site-packages/airflow/example_dags/example_subdag_operator.py for tasks to queue
[2023-04-09T23:25:36.487+0000] {logging_mixin.py:137} INFO - [2023-04-09T23:25:36.487+0000] {dagbag.py:532} INFO - Filling up the DagBag from /home/airflow/.local/lib/python3.7/site-packages/airflow/example_dags/example_subdag_operator.py
[2023-04-09T23:25:36.515+0000] {processor.py:753} INFO - DAG(s) dict_keys(['example_subdag_operator.section-1', 'example_subdag_operator.section-2', 'example_subdag_operator']) retrieved from /home/airflow/.local/lib/python3.7/site-packages/airflow/example_dags/example_subdag_operator.py
[2023-04-09T23:25:36.533+0000] {logging_mixin.py:137} INFO - [2023-04-09T23:25:36.533+0000] {dag.py:2705} INFO - Sync 3 DAGs
[2023-04-09T23:25:36.559+0000] {logging_mixin.py:137} INFO - [2023-04-09T23:25:36.558+0000] {dag.py:3456} INFO - Setting next_dagrun for example_subdag_operator to 2022-01-01T00:00:00+00:00, run_after=2022-01-01T00:00:00+00:00
[2023-04-09T23:25:36.562+0000] {logging_mixin.py:137} INFO - [2023-04-09T23:25:36.562+0000] {dag.py:3456} INFO - Setting next_dagrun for example_subdag_operator.section-1 to None, run_after=None
[2023-04-09T23:25:36.563+0000] {logging_mixin.py:137} INFO - [2023-04-09T23:25:36.562+0000] {dag.py:3456} INFO - Setting next_dagrun for example_subdag_operator.section-2 to None, run_after=None
[2023-04-09T23:25:36.569+0000] {logging_mixin.py:137} INFO - [2023-04-09T23:25:36.569+0000] {dag.py:2705} INFO - Sync 2 DAGs
[2023-04-09T23:25:36.575+0000] {logging_mixin.py:137} INFO - [2023-04-09T23:25:36.575+0000] {dag.py:3456} INFO - Setting next_dagrun for example_subdag_operator.section-1 to None, run_after=None
[2023-04-09T23:25:36.575+0000] {logging_mixin.py:137} INFO - [2023-04-09T23:25:36.575+0000] {dag.py:3456} INFO - Setting next_dagrun for example_subdag_operator.section-2 to None, run_after=None
[2023-04-09T23:25:36.584+0000] {processor.py:175} INFO - Processing /home/airflow/.local/lib/python3.7/site-packages/airflow/example_dags/example_subdag_operator.py took 0.100 seconds
[2023-04-09T23:26:07.673+0000] {processor.py:153} INFO - Started process (PID=278) to work on /home/airflow/.local/lib/python3.7/site-packages/airflow/example_dags/example_subdag_operator.py
[2023-04-09T23:26:07.674+0000] {processor.py:743} INFO - Processing file /home/airflow/.local/lib/python3.7/site-packages/airflow/example_dags/example_subdag_operator.py for tasks to queue
[2023-04-09T23:26:07.675+0000] {logging_mixin.py:137} INFO - [2023-04-09T23:26:07.675+0000] {dagbag.py:532} INFO - Filling up the DagBag from /home/airflow/.local/lib/python3.7/site-packages/airflow/example_dags/example_subdag_operator.py
[2023-04-09T23:26:07.715+0000] {processor.py:753} INFO - DAG(s) dict_keys(['example_subdag_operator.section-1', 'example_subdag_operator.section-2', 'example_subdag_operator']) retrieved from /home/airflow/.local/lib/python3.7/site-packages/airflow/example_dags/example_subdag_operator.py
[2023-04-09T23:26:07.732+0000] {logging_mixin.py:137} INFO - [2023-04-09T23:26:07.732+0000] {dag.py:2705} INFO - Sync 3 DAGs
[2023-04-09T23:26:07.755+0000] {logging_mixin.py:137} INFO - [2023-04-09T23:26:07.755+0000] {dag.py:3456} INFO - Setting next_dagrun for example_subdag_operator to 2022-01-01T00:00:00+00:00, run_after=2022-01-01T00:00:00+00:00
[2023-04-09T23:26:07.758+0000] {logging_mixin.py:137} INFO - [2023-04-09T23:26:07.758+0000] {dag.py:3456} INFO - Setting next_dagrun for example_subdag_operator.section-1 to None, run_after=None
[2023-04-09T23:26:07.759+0000] {logging_mixin.py:137} INFO - [2023-04-09T23:26:07.759+0000] {dag.py:3456} INFO - Setting next_dagrun for example_subdag_operator.section-2 to None, run_after=None
[2023-04-09T23:26:07.766+0000] {logging_mixin.py:137} INFO - [2023-04-09T23:26:07.765+0000] {dag.py:2705} INFO - Sync 2 DAGs
[2023-04-09T23:26:07.771+0000] {logging_mixin.py:137} INFO - [2023-04-09T23:26:07.771+0000] {dag.py:3456} INFO - Setting next_dagrun for example_subdag_operator.section-1 to None, run_after=None
[2023-04-09T23:26:07.772+0000] {logging_mixin.py:137} INFO - [2023-04-09T23:26:07.772+0000] {dag.py:3456} INFO - Setting next_dagrun for example_subdag_operator.section-2 to None, run_after=None
[2023-04-09T23:26:07.782+0000] {processor.py:175} INFO - Processing /home/airflow/.local/lib/python3.7/site-packages/airflow/example_dags/example_subdag_operator.py took 0.114 seconds
[2023-04-09T23:26:37.824+0000] {processor.py:153} INFO - Started process (PID=329) to work on /home/airflow/.local/lib/python3.7/site-packages/airflow/example_dags/example_subdag_operator.py
[2023-04-09T23:26:37.825+0000] {processor.py:743} INFO - Processing file /home/airflow/.local/lib/python3.7/site-packages/airflow/example_dags/example_subdag_operator.py for tasks to queue
[2023-04-09T23:26:37.826+0000] {logging_mixin.py:137} INFO - [2023-04-09T23:26:37.826+0000] {dagbag.py:532} INFO - Filling up the DagBag from /home/airflow/.local/lib/python3.7/site-packages/airflow/example_dags/example_subdag_operator.py
[2023-04-09T23:26:37.870+0000] {processor.py:753} INFO - DAG(s) dict_keys(['example_subdag_operator.section-1', 'example_subdag_operator.section-2', 'example_subdag_operator']) retrieved from /home/airflow/.local/lib/python3.7/site-packages/airflow/example_dags/example_subdag_operator.py
[2023-04-09T23:26:37.888+0000] {logging_mixin.py:137} INFO - [2023-04-09T23:26:37.888+0000] {dag.py:2705} INFO - Sync 3 DAGs
[2023-04-09T23:26:37.915+0000] {logging_mixin.py:137} INFO - [2023-04-09T23:26:37.915+0000] {dag.py:3456} INFO - Setting next_dagrun for example_subdag_operator to 2022-01-01T00:00:00+00:00, run_after=2022-01-01T00:00:00+00:00
[2023-04-09T23:26:37.918+0000] {logging_mixin.py:137} INFO - [2023-04-09T23:26:37.918+0000] {dag.py:3456} INFO - Setting next_dagrun for example_subdag_operator.section-1 to None, run_after=None
[2023-04-09T23:26:37.919+0000] {logging_mixin.py:137} INFO - [2023-04-09T23:26:37.919+0000] {dag.py:3456} INFO - Setting next_dagrun for example_subdag_operator.section-2 to None, run_after=None
[2023-04-09T23:26:37.927+0000] {logging_mixin.py:137} INFO - [2023-04-09T23:26:37.927+0000] {dag.py:2705} INFO - Sync 2 DAGs
[2023-04-09T23:26:37.933+0000] {logging_mixin.py:137} INFO - [2023-04-09T23:26:37.933+0000] {dag.py:3456} INFO - Setting next_dagrun for example_subdag_operator.section-1 to None, run_after=None
[2023-04-09T23:26:37.933+0000] {logging_mixin.py:137} INFO - [2023-04-09T23:26:37.933+0000] {dag.py:3456} INFO - Setting next_dagrun for example_subdag_operator.section-2 to None, run_after=None
[2023-04-09T23:26:37.942+0000] {processor.py:175} INFO - Processing /home/airflow/.local/lib/python3.7/site-packages/airflow/example_dags/example_subdag_operator.py took 0.124 seconds
[2023-04-09T23:27:07.985+0000] {processor.py:153} INFO - Started process (PID=379) to work on /home/airflow/.local/lib/python3.7/site-packages/airflow/example_dags/example_subdag_operator.py
[2023-04-09T23:27:07.986+0000] {processor.py:743} INFO - Processing file /home/airflow/.local/lib/python3.7/site-packages/airflow/example_dags/example_subdag_operator.py for tasks to queue
[2023-04-09T23:27:07.987+0000] {logging_mixin.py:137} INFO - [2023-04-09T23:27:07.987+0000] {dagbag.py:532} INFO - Filling up the DagBag from /home/airflow/.local/lib/python3.7/site-packages/airflow/example_dags/example_subdag_operator.py
[2023-04-09T23:27:08.014+0000] {processor.py:753} INFO - DAG(s) dict_keys(['example_subdag_operator.section-1', 'example_subdag_operator.section-2', 'example_subdag_operator']) retrieved from /home/airflow/.local/lib/python3.7/site-packages/airflow/example_dags/example_subdag_operator.py
[2023-04-09T23:27:08.034+0000] {logging_mixin.py:137} INFO - [2023-04-09T23:27:08.034+0000] {dag.py:2705} INFO - Sync 3 DAGs
[2023-04-09T23:27:08.062+0000] {logging_mixin.py:137} INFO - [2023-04-09T23:27:08.062+0000] {dag.py:3456} INFO - Setting next_dagrun for example_subdag_operator to 2022-01-01T00:00:00+00:00, run_after=2022-01-01T00:00:00+00:00
[2023-04-09T23:27:08.065+0000] {logging_mixin.py:137} INFO - [2023-04-09T23:27:08.065+0000] {dag.py:3456} INFO - Setting next_dagrun for example_subdag_operator.section-1 to None, run_after=None
[2023-04-09T23:27:08.066+0000] {logging_mixin.py:137} INFO - [2023-04-09T23:27:08.066+0000] {dag.py:3456} INFO - Setting next_dagrun for example_subdag_operator.section-2 to None, run_after=None
[2023-04-09T23:27:08.073+0000] {logging_mixin.py:137} INFO - [2023-04-09T23:27:08.073+0000] {dag.py:2705} INFO - Sync 2 DAGs
[2023-04-09T23:27:08.080+0000] {logging_mixin.py:137} INFO - [2023-04-09T23:27:08.079+0000] {dag.py:3456} INFO - Setting next_dagrun for example_subdag_operator.section-1 to None, run_after=None
[2023-04-09T23:27:08.080+0000] {logging_mixin.py:137} INFO - [2023-04-09T23:27:08.080+0000] {dag.py:3456} INFO - Setting next_dagrun for example_subdag_operator.section-2 to None, run_after=None
[2023-04-09T23:27:08.090+0000] {processor.py:175} INFO - Processing /home/airflow/.local/lib/python3.7/site-packages/airflow/example_dags/example_subdag_operator.py took 0.107 seconds
[2023-04-09T23:29:43.223+0000] {processor.py:153} INFO - Started process (PID=67) to work on /home/airflow/.local/lib/python3.7/site-packages/airflow/example_dags/example_subdag_operator.py
[2023-04-09T23:29:43.224+0000] {processor.py:743} INFO - Processing file /home/airflow/.local/lib/python3.7/site-packages/airflow/example_dags/example_subdag_operator.py for tasks to queue
[2023-04-09T23:29:43.224+0000] {logging_mixin.py:137} INFO - [2023-04-09T23:29:43.224+0000] {dagbag.py:532} INFO - Filling up the DagBag from /home/airflow/.local/lib/python3.7/site-packages/airflow/example_dags/example_subdag_operator.py
[2023-04-09T23:29:43.263+0000] {processor.py:753} INFO - DAG(s) dict_keys(['example_subdag_operator.section-1', 'example_subdag_operator.section-2', 'example_subdag_operator']) retrieved from /home/airflow/.local/lib/python3.7/site-packages/airflow/example_dags/example_subdag_operator.py
[2023-04-09T23:29:43.269+0000] {logging_mixin.py:137} INFO - [2023-04-09T23:29:43.269+0000] {dag.py:2705} INFO - Sync 3 DAGs
[2023-04-09T23:29:43.295+0000] {logging_mixin.py:137} INFO - [2023-04-09T23:29:43.295+0000] {dag.py:3456} INFO - Setting next_dagrun for example_subdag_operator to 2022-01-01T00:00:00+00:00, run_after=2022-01-01T00:00:00+00:00
[2023-04-09T23:29:43.298+0000] {logging_mixin.py:137} INFO - [2023-04-09T23:29:43.298+0000] {dag.py:3456} INFO - Setting next_dagrun for example_subdag_operator.section-1 to None, run_after=None
[2023-04-09T23:29:43.299+0000] {logging_mixin.py:137} INFO - [2023-04-09T23:29:43.299+0000] {dag.py:3456} INFO - Setting next_dagrun for example_subdag_operator.section-2 to None, run_after=None
[2023-04-09T23:29:43.307+0000] {logging_mixin.py:137} INFO - [2023-04-09T23:29:43.307+0000] {dag.py:2705} INFO - Sync 2 DAGs
[2023-04-09T23:29:43.317+0000] {logging_mixin.py:137} INFO - [2023-04-09T23:29:43.316+0000] {dag.py:3456} INFO - Setting next_dagrun for example_subdag_operator.section-1 to None, run_after=None
[2023-04-09T23:29:43.317+0000] {logging_mixin.py:137} INFO - [2023-04-09T23:29:43.317+0000] {dag.py:3456} INFO - Setting next_dagrun for example_subdag_operator.section-2 to None, run_after=None
[2023-04-09T23:29:43.332+0000] {processor.py:175} INFO - Processing /home/airflow/.local/lib/python3.7/site-packages/airflow/example_dags/example_subdag_operator.py took 0.111 seconds
[2023-04-09T23:30:14.115+0000] {processor.py:153} INFO - Started process (PID=119) to work on /home/airflow/.local/lib/python3.7/site-packages/airflow/example_dags/example_subdag_operator.py
[2023-04-09T23:30:14.116+0000] {processor.py:743} INFO - Processing file /home/airflow/.local/lib/python3.7/site-packages/airflow/example_dags/example_subdag_operator.py for tasks to queue
[2023-04-09T23:30:14.116+0000] {logging_mixin.py:137} INFO - [2023-04-09T23:30:14.116+0000] {dagbag.py:532} INFO - Filling up the DagBag from /home/airflow/.local/lib/python3.7/site-packages/airflow/example_dags/example_subdag_operator.py
[2023-04-09T23:30:14.142+0000] {processor.py:753} INFO - DAG(s) dict_keys(['example_subdag_operator.section-1', 'example_subdag_operator.section-2', 'example_subdag_operator']) retrieved from /home/airflow/.local/lib/python3.7/site-packages/airflow/example_dags/example_subdag_operator.py
[2023-04-09T23:30:14.159+0000] {logging_mixin.py:137} INFO - [2023-04-09T23:30:14.159+0000] {dag.py:2705} INFO - Sync 3 DAGs
[2023-04-09T23:30:14.183+0000] {logging_mixin.py:137} INFO - [2023-04-09T23:30:14.183+0000] {dag.py:3456} INFO - Setting next_dagrun for example_subdag_operator to 2022-01-01T00:00:00+00:00, run_after=2022-01-01T00:00:00+00:00
[2023-04-09T23:30:14.187+0000] {logging_mixin.py:137} INFO - [2023-04-09T23:30:14.186+0000] {dag.py:3456} INFO - Setting next_dagrun for example_subdag_operator.section-1 to None, run_after=None
[2023-04-09T23:30:14.188+0000] {logging_mixin.py:137} INFO - [2023-04-09T23:30:14.187+0000] {dag.py:3456} INFO - Setting next_dagrun for example_subdag_operator.section-2 to None, run_after=None
[2023-04-09T23:30:14.194+0000] {logging_mixin.py:137} INFO - [2023-04-09T23:30:14.194+0000] {dag.py:2705} INFO - Sync 2 DAGs
[2023-04-09T23:30:14.200+0000] {logging_mixin.py:137} INFO - [2023-04-09T23:30:14.200+0000] {dag.py:3456} INFO - Setting next_dagrun for example_subdag_operator.section-1 to None, run_after=None
[2023-04-09T23:30:14.201+0000] {logging_mixin.py:137} INFO - [2023-04-09T23:30:14.201+0000] {dag.py:3456} INFO - Setting next_dagrun for example_subdag_operator.section-2 to None, run_after=None
[2023-04-09T23:30:14.212+0000] {processor.py:175} INFO - Processing /home/airflow/.local/lib/python3.7/site-packages/airflow/example_dags/example_subdag_operator.py took 0.099 seconds
[2023-04-09T23:30:44.527+0000] {processor.py:153} INFO - Started process (PID=171) to work on /home/airflow/.local/lib/python3.7/site-packages/airflow/example_dags/example_subdag_operator.py
[2023-04-09T23:30:44.528+0000] {processor.py:743} INFO - Processing file /home/airflow/.local/lib/python3.7/site-packages/airflow/example_dags/example_subdag_operator.py for tasks to queue
[2023-04-09T23:30:44.530+0000] {logging_mixin.py:137} INFO - [2023-04-09T23:30:44.529+0000] {dagbag.py:532} INFO - Filling up the DagBag from /home/airflow/.local/lib/python3.7/site-packages/airflow/example_dags/example_subdag_operator.py
[2023-04-09T23:30:44.574+0000] {processor.py:753} INFO - DAG(s) dict_keys(['example_subdag_operator.section-1', 'example_subdag_operator.section-2', 'example_subdag_operator']) retrieved from /home/airflow/.local/lib/python3.7/site-packages/airflow/example_dags/example_subdag_operator.py
[2023-04-09T23:30:44.593+0000] {logging_mixin.py:137} INFO - [2023-04-09T23:30:44.593+0000] {dag.py:2705} INFO - Sync 3 DAGs
[2023-04-09T23:30:44.620+0000] {logging_mixin.py:137} INFO - [2023-04-09T23:30:44.619+0000] {dag.py:3456} INFO - Setting next_dagrun for example_subdag_operator to 2022-01-01T00:00:00+00:00, run_after=2022-01-01T00:00:00+00:00
[2023-04-09T23:30:44.623+0000] {logging_mixin.py:137} INFO - [2023-04-09T23:30:44.623+0000] {dag.py:3456} INFO - Setting next_dagrun for example_subdag_operator.section-1 to None, run_after=None
[2023-04-09T23:30:44.624+0000] {logging_mixin.py:137} INFO - [2023-04-09T23:30:44.624+0000] {dag.py:3456} INFO - Setting next_dagrun for example_subdag_operator.section-2 to None, run_after=None
[2023-04-09T23:30:44.630+0000] {logging_mixin.py:137} INFO - [2023-04-09T23:30:44.630+0000] {dag.py:2705} INFO - Sync 2 DAGs
[2023-04-09T23:30:44.635+0000] {logging_mixin.py:137} INFO - [2023-04-09T23:30:44.635+0000] {dag.py:3456} INFO - Setting next_dagrun for example_subdag_operator.section-1 to None, run_after=None
[2023-04-09T23:30:44.635+0000] {logging_mixin.py:137} INFO - [2023-04-09T23:30:44.635+0000] {dag.py:3456} INFO - Setting next_dagrun for example_subdag_operator.section-2 to None, run_after=None
[2023-04-09T23:30:44.644+0000] {processor.py:175} INFO - Processing /home/airflow/.local/lib/python3.7/site-packages/airflow/example_dags/example_subdag_operator.py took 0.123 seconds
[2023-04-09T23:31:14.934+0000] {processor.py:153} INFO - Started process (PID=243) to work on /home/airflow/.local/lib/python3.7/site-packages/airflow/example_dags/example_subdag_operator.py
[2023-04-09T23:31:14.935+0000] {processor.py:743} INFO - Processing file /home/airflow/.local/lib/python3.7/site-packages/airflow/example_dags/example_subdag_operator.py for tasks to queue
[2023-04-09T23:31:14.936+0000] {logging_mixin.py:137} INFO - [2023-04-09T23:31:14.935+0000] {dagbag.py:532} INFO - Filling up the DagBag from /home/airflow/.local/lib/python3.7/site-packages/airflow/example_dags/example_subdag_operator.py
[2023-04-09T23:31:14.960+0000] {processor.py:753} INFO - DAG(s) dict_keys(['example_subdag_operator.section-1', 'example_subdag_operator.section-2', 'example_subdag_operator']) retrieved from /home/airflow/.local/lib/python3.7/site-packages/airflow/example_dags/example_subdag_operator.py
[2023-04-09T23:31:14.981+0000] {logging_mixin.py:137} INFO - [2023-04-09T23:31:14.980+0000] {dag.py:2705} INFO - Sync 3 DAGs
[2023-04-09T23:31:15.009+0000] {logging_mixin.py:137} INFO - [2023-04-09T23:31:15.009+0000] {dag.py:3456} INFO - Setting next_dagrun for example_subdag_operator to 2022-01-01T00:00:00+00:00, run_after=2022-01-01T00:00:00+00:00
[2023-04-09T23:31:15.012+0000] {logging_mixin.py:137} INFO - [2023-04-09T23:31:15.012+0000] {dag.py:3456} INFO - Setting next_dagrun for example_subdag_operator.section-1 to None, run_after=None
[2023-04-09T23:31:15.013+0000] {logging_mixin.py:137} INFO - [2023-04-09T23:31:15.013+0000] {dag.py:3456} INFO - Setting next_dagrun for example_subdag_operator.section-2 to None, run_after=None
[2023-04-09T23:31:15.020+0000] {logging_mixin.py:137} INFO - [2023-04-09T23:31:15.020+0000] {dag.py:2705} INFO - Sync 2 DAGs
[2023-04-09T23:31:15.026+0000] {logging_mixin.py:137} INFO - [2023-04-09T23:31:15.026+0000] {dag.py:3456} INFO - Setting next_dagrun for example_subdag_operator.section-1 to None, run_after=None
[2023-04-09T23:31:15.026+0000] {logging_mixin.py:137} INFO - [2023-04-09T23:31:15.026+0000] {dag.py:3456} INFO - Setting next_dagrun for example_subdag_operator.section-2 to None, run_after=None
[2023-04-09T23:31:15.037+0000] {processor.py:175} INFO - Processing /home/airflow/.local/lib/python3.7/site-packages/airflow/example_dags/example_subdag_operator.py took 0.105 seconds
