[2023-04-09T23:24:04.271+0000] {processor.py:153} INFO - Started process (PID=64) to work on /home/airflow/.local/lib/python3.7/site-packages/airflow/example_dags/example_external_task_marker_dag.py
[2023-04-09T23:24:04.271+0000] {processor.py:743} INFO - Processing file /home/airflow/.local/lib/python3.7/site-packages/airflow/example_dags/example_external_task_marker_dag.py for tasks to queue
[2023-04-09T23:24:04.272+0000] {logging_mixin.py:137} INFO - [2023-04-09T23:24:04.272+0000] {dagbag.py:532} INFO - Filling up the DagBag from /home/airflow/.local/lib/python3.7/site-packages/airflow/example_dags/example_external_task_marker_dag.py
[2023-04-09T23:24:04.287+0000] {processor.py:753} INFO - DAG(s) dict_keys(['example_external_task_marker_parent', 'example_external_task_marker_child']) retrieved from /home/airflow/.local/lib/python3.7/site-packages/airflow/example_dags/example_external_task_marker_dag.py
[2023-04-09T23:24:04.324+0000] {logging_mixin.py:137} INFO - [2023-04-09T23:24:04.324+0000] {dag.py:2705} INFO - Sync 2 DAGs
[2023-04-09T23:24:04.348+0000] {logging_mixin.py:137} INFO - [2023-04-09T23:24:04.348+0000] {dag.py:3456} INFO - Setting next_dagrun for example_external_task_marker_child to None, run_after=None
[2023-04-09T23:24:04.351+0000] {logging_mixin.py:137} INFO - [2023-04-09T23:24:04.351+0000] {dag.py:3456} INFO - Setting next_dagrun for example_external_task_marker_parent to None, run_after=None
[2023-04-09T23:24:04.365+0000] {processor.py:175} INFO - Processing /home/airflow/.local/lib/python3.7/site-packages/airflow/example_dags/example_external_task_marker_dag.py took 0.097 seconds
[2023-04-09T23:24:34.606+0000] {processor.py:153} INFO - Started process (PID=116) to work on /home/airflow/.local/lib/python3.7/site-packages/airflow/example_dags/example_external_task_marker_dag.py
[2023-04-09T23:24:34.607+0000] {processor.py:743} INFO - Processing file /home/airflow/.local/lib/python3.7/site-packages/airflow/example_dags/example_external_task_marker_dag.py for tasks to queue
[2023-04-09T23:24:34.607+0000] {logging_mixin.py:137} INFO - [2023-04-09T23:24:34.607+0000] {dagbag.py:532} INFO - Filling up the DagBag from /home/airflow/.local/lib/python3.7/site-packages/airflow/example_dags/example_external_task_marker_dag.py
[2023-04-09T23:24:34.621+0000] {processor.py:753} INFO - DAG(s) dict_keys(['example_external_task_marker_child', 'example_external_task_marker_parent']) retrieved from /home/airflow/.local/lib/python3.7/site-packages/airflow/example_dags/example_external_task_marker_dag.py
[2023-04-09T23:24:34.647+0000] {logging_mixin.py:137} INFO - [2023-04-09T23:24:34.647+0000] {dag.py:2705} INFO - Sync 2 DAGs
[2023-04-09T23:24:34.675+0000] {logging_mixin.py:137} INFO - [2023-04-09T23:24:34.675+0000] {dag.py:3456} INFO - Setting next_dagrun for example_external_task_marker_child to None, run_after=None
[2023-04-09T23:24:34.678+0000] {logging_mixin.py:137} INFO - [2023-04-09T23:24:34.678+0000] {dag.py:3456} INFO - Setting next_dagrun for example_external_task_marker_parent to None, run_after=None
[2023-04-09T23:24:34.694+0000] {processor.py:175} INFO - Processing /home/airflow/.local/lib/python3.7/site-packages/airflow/example_dags/example_external_task_marker_dag.py took 0.090 seconds
[2023-04-09T23:25:05.656+0000] {processor.py:153} INFO - Started process (PID=168) to work on /home/airflow/.local/lib/python3.7/site-packages/airflow/example_dags/example_external_task_marker_dag.py
[2023-04-09T23:25:05.656+0000] {processor.py:743} INFO - Processing file /home/airflow/.local/lib/python3.7/site-packages/airflow/example_dags/example_external_task_marker_dag.py for tasks to queue
[2023-04-09T23:25:05.657+0000] {logging_mixin.py:137} INFO - [2023-04-09T23:25:05.657+0000] {dagbag.py:532} INFO - Filling up the DagBag from /home/airflow/.local/lib/python3.7/site-packages/airflow/example_dags/example_external_task_marker_dag.py
[2023-04-09T23:25:05.671+0000] {processor.py:753} INFO - DAG(s) dict_keys(['example_external_task_marker_child', 'example_external_task_marker_parent']) retrieved from /home/airflow/.local/lib/python3.7/site-packages/airflow/example_dags/example_external_task_marker_dag.py
[2023-04-09T23:25:05.696+0000] {logging_mixin.py:137} INFO - [2023-04-09T23:25:05.696+0000] {dag.py:2705} INFO - Sync 2 DAGs
[2023-04-09T23:25:05.721+0000] {logging_mixin.py:137} INFO - [2023-04-09T23:25:05.721+0000] {dag.py:3456} INFO - Setting next_dagrun for example_external_task_marker_child to None, run_after=None
[2023-04-09T23:25:05.724+0000] {logging_mixin.py:137} INFO - [2023-04-09T23:25:05.724+0000] {dag.py:3456} INFO - Setting next_dagrun for example_external_task_marker_parent to None, run_after=None
[2023-04-09T23:25:05.737+0000] {processor.py:175} INFO - Processing /home/airflow/.local/lib/python3.7/site-packages/airflow/example_dags/example_external_task_marker_dag.py took 0.084 seconds
[2023-04-09T23:25:35.972+0000] {processor.py:153} INFO - Started process (PID=220) to work on /home/airflow/.local/lib/python3.7/site-packages/airflow/example_dags/example_external_task_marker_dag.py
[2023-04-09T23:25:35.973+0000] {processor.py:743} INFO - Processing file /home/airflow/.local/lib/python3.7/site-packages/airflow/example_dags/example_external_task_marker_dag.py for tasks to queue
[2023-04-09T23:25:35.973+0000] {logging_mixin.py:137} INFO - [2023-04-09T23:25:35.973+0000] {dagbag.py:532} INFO - Filling up the DagBag from /home/airflow/.local/lib/python3.7/site-packages/airflow/example_dags/example_external_task_marker_dag.py
[2023-04-09T23:25:35.984+0000] {processor.py:753} INFO - DAG(s) dict_keys(['example_external_task_marker_parent', 'example_external_task_marker_child']) retrieved from /home/airflow/.local/lib/python3.7/site-packages/airflow/example_dags/example_external_task_marker_dag.py
[2023-04-09T23:25:36.018+0000] {logging_mixin.py:137} INFO - [2023-04-09T23:25:36.018+0000] {dag.py:2705} INFO - Sync 2 DAGs
[2023-04-09T23:25:36.055+0000] {logging_mixin.py:137} INFO - [2023-04-09T23:25:36.055+0000] {dag.py:3456} INFO - Setting next_dagrun for example_external_task_marker_child to None, run_after=None
[2023-04-09T23:25:36.059+0000] {logging_mixin.py:137} INFO - [2023-04-09T23:25:36.058+0000] {dag.py:3456} INFO - Setting next_dagrun for example_external_task_marker_parent to None, run_after=None
[2023-04-09T23:25:36.075+0000] {processor.py:175} INFO - Processing /home/airflow/.local/lib/python3.7/site-packages/airflow/example_dags/example_external_task_marker_dag.py took 0.104 seconds
[2023-04-09T23:26:06.099+0000] {processor.py:153} INFO - Started process (PID=270) to work on /home/airflow/.local/lib/python3.7/site-packages/airflow/example_dags/example_external_task_marker_dag.py
[2023-04-09T23:26:06.100+0000] {processor.py:743} INFO - Processing file /home/airflow/.local/lib/python3.7/site-packages/airflow/example_dags/example_external_task_marker_dag.py for tasks to queue
[2023-04-09T23:26:06.101+0000] {logging_mixin.py:137} INFO - [2023-04-09T23:26:06.100+0000] {dagbag.py:532} INFO - Filling up the DagBag from /home/airflow/.local/lib/python3.7/site-packages/airflow/example_dags/example_external_task_marker_dag.py
[2023-04-09T23:26:06.110+0000] {processor.py:753} INFO - DAG(s) dict_keys(['example_external_task_marker_child', 'example_external_task_marker_parent']) retrieved from /home/airflow/.local/lib/python3.7/site-packages/airflow/example_dags/example_external_task_marker_dag.py
[2023-04-09T23:26:06.135+0000] {logging_mixin.py:137} INFO - [2023-04-09T23:26:06.135+0000] {dag.py:2705} INFO - Sync 2 DAGs
[2023-04-09T23:26:06.161+0000] {logging_mixin.py:137} INFO - [2023-04-09T23:26:06.161+0000] {dag.py:3456} INFO - Setting next_dagrun for example_external_task_marker_child to None, run_after=None
[2023-04-09T23:26:06.164+0000] {logging_mixin.py:137} INFO - [2023-04-09T23:26:06.164+0000] {dag.py:3456} INFO - Setting next_dagrun for example_external_task_marker_parent to None, run_after=None
[2023-04-09T23:26:06.178+0000] {processor.py:175} INFO - Processing /home/airflow/.local/lib/python3.7/site-packages/airflow/example_dags/example_external_task_marker_dag.py took 0.081 seconds
[2023-04-09T23:26:36.271+0000] {processor.py:153} INFO - Started process (PID=322) to work on /home/airflow/.local/lib/python3.7/site-packages/airflow/example_dags/example_external_task_marker_dag.py
[2023-04-09T23:26:36.272+0000] {processor.py:743} INFO - Processing file /home/airflow/.local/lib/python3.7/site-packages/airflow/example_dags/example_external_task_marker_dag.py for tasks to queue
[2023-04-09T23:26:36.272+0000] {logging_mixin.py:137} INFO - [2023-04-09T23:26:36.272+0000] {dagbag.py:532} INFO - Filling up the DagBag from /home/airflow/.local/lib/python3.7/site-packages/airflow/example_dags/example_external_task_marker_dag.py
[2023-04-09T23:26:36.282+0000] {processor.py:753} INFO - DAG(s) dict_keys(['example_external_task_marker_parent', 'example_external_task_marker_child']) retrieved from /home/airflow/.local/lib/python3.7/site-packages/airflow/example_dags/example_external_task_marker_dag.py
[2023-04-09T23:26:36.305+0000] {logging_mixin.py:137} INFO - [2023-04-09T23:26:36.305+0000] {dag.py:2705} INFO - Sync 2 DAGs
[2023-04-09T23:26:36.330+0000] {logging_mixin.py:137} INFO - [2023-04-09T23:26:36.330+0000] {dag.py:3456} INFO - Setting next_dagrun for example_external_task_marker_child to None, run_after=None
[2023-04-09T23:26:36.333+0000] {logging_mixin.py:137} INFO - [2023-04-09T23:26:36.333+0000] {dag.py:3456} INFO - Setting next_dagrun for example_external_task_marker_parent to None, run_after=None
[2023-04-09T23:26:36.348+0000] {processor.py:175} INFO - Processing /home/airflow/.local/lib/python3.7/site-packages/airflow/example_dags/example_external_task_marker_dag.py took 0.079 seconds
[2023-04-09T23:27:06.557+0000] {processor.py:153} INFO - Started process (PID=374) to work on /home/airflow/.local/lib/python3.7/site-packages/airflow/example_dags/example_external_task_marker_dag.py
[2023-04-09T23:27:06.558+0000] {processor.py:743} INFO - Processing file /home/airflow/.local/lib/python3.7/site-packages/airflow/example_dags/example_external_task_marker_dag.py for tasks to queue
[2023-04-09T23:27:06.559+0000] {logging_mixin.py:137} INFO - [2023-04-09T23:27:06.559+0000] {dagbag.py:532} INFO - Filling up the DagBag from /home/airflow/.local/lib/python3.7/site-packages/airflow/example_dags/example_external_task_marker_dag.py
[2023-04-09T23:27:06.585+0000] {processor.py:753} INFO - DAG(s) dict_keys(['example_external_task_marker_parent', 'example_external_task_marker_child']) retrieved from /home/airflow/.local/lib/python3.7/site-packages/airflow/example_dags/example_external_task_marker_dag.py
[2023-04-09T23:27:06.615+0000] {logging_mixin.py:137} INFO - [2023-04-09T23:27:06.615+0000] {dag.py:2705} INFO - Sync 2 DAGs
[2023-04-09T23:27:06.641+0000] {logging_mixin.py:137} INFO - [2023-04-09T23:27:06.641+0000] {dag.py:3456} INFO - Setting next_dagrun for example_external_task_marker_child to None, run_after=None
[2023-04-09T23:27:06.644+0000] {logging_mixin.py:137} INFO - [2023-04-09T23:27:06.643+0000] {dag.py:3456} INFO - Setting next_dagrun for example_external_task_marker_parent to None, run_after=None
[2023-04-09T23:27:06.659+0000] {processor.py:175} INFO - Processing /home/airflow/.local/lib/python3.7/site-packages/airflow/example_dags/example_external_task_marker_dag.py took 0.107 seconds
[2023-04-09T23:29:42.782+0000] {processor.py:153} INFO - Started process (PID=61) to work on /home/airflow/.local/lib/python3.7/site-packages/airflow/example_dags/example_external_task_marker_dag.py
[2023-04-09T23:29:42.783+0000] {processor.py:743} INFO - Processing file /home/airflow/.local/lib/python3.7/site-packages/airflow/example_dags/example_external_task_marker_dag.py for tasks to queue
[2023-04-09T23:29:42.783+0000] {logging_mixin.py:137} INFO - [2023-04-09T23:29:42.783+0000] {dagbag.py:532} INFO - Filling up the DagBag from /home/airflow/.local/lib/python3.7/site-packages/airflow/example_dags/example_external_task_marker_dag.py
[2023-04-09T23:29:42.795+0000] {processor.py:753} INFO - DAG(s) dict_keys(['example_external_task_marker_parent', 'example_external_task_marker_child']) retrieved from /home/airflow/.local/lib/python3.7/site-packages/airflow/example_dags/example_external_task_marker_dag.py
[2023-04-09T23:29:42.810+0000] {logging_mixin.py:137} INFO - [2023-04-09T23:29:42.810+0000] {dag.py:2705} INFO - Sync 2 DAGs
[2023-04-09T23:29:42.849+0000] {logging_mixin.py:137} INFO - [2023-04-09T23:29:42.849+0000] {dag.py:3456} INFO - Setting next_dagrun for example_external_task_marker_child to None, run_after=None
[2023-04-09T23:29:42.852+0000] {logging_mixin.py:137} INFO - [2023-04-09T23:29:42.852+0000] {dag.py:3456} INFO - Setting next_dagrun for example_external_task_marker_parent to None, run_after=None
[2023-04-09T23:29:42.869+0000] {processor.py:175} INFO - Processing /home/airflow/.local/lib/python3.7/site-packages/airflow/example_dags/example_external_task_marker_dag.py took 0.090 seconds
[2023-04-09T23:30:13.751+0000] {processor.py:153} INFO - Started process (PID=113) to work on /home/airflow/.local/lib/python3.7/site-packages/airflow/example_dags/example_external_task_marker_dag.py
[2023-04-09T23:30:13.752+0000] {processor.py:743} INFO - Processing file /home/airflow/.local/lib/python3.7/site-packages/airflow/example_dags/example_external_task_marker_dag.py for tasks to queue
[2023-04-09T23:30:13.752+0000] {logging_mixin.py:137} INFO - [2023-04-09T23:30:13.752+0000] {dagbag.py:532} INFO - Filling up the DagBag from /home/airflow/.local/lib/python3.7/site-packages/airflow/example_dags/example_external_task_marker_dag.py
[2023-04-09T23:30:13.762+0000] {processor.py:753} INFO - DAG(s) dict_keys(['example_external_task_marker_child', 'example_external_task_marker_parent']) retrieved from /home/airflow/.local/lib/python3.7/site-packages/airflow/example_dags/example_external_task_marker_dag.py
[2023-04-09T23:30:13.784+0000] {logging_mixin.py:137} INFO - [2023-04-09T23:30:13.784+0000] {dag.py:2705} INFO - Sync 2 DAGs
[2023-04-09T23:30:13.808+0000] {logging_mixin.py:137} INFO - [2023-04-09T23:30:13.808+0000] {dag.py:3456} INFO - Setting next_dagrun for example_external_task_marker_child to None, run_after=None
[2023-04-09T23:30:13.811+0000] {logging_mixin.py:137} INFO - [2023-04-09T23:30:13.811+0000] {dag.py:3456} INFO - Setting next_dagrun for example_external_task_marker_parent to None, run_after=None
[2023-04-09T23:30:13.826+0000] {processor.py:175} INFO - Processing /home/airflow/.local/lib/python3.7/site-packages/airflow/example_dags/example_external_task_marker_dag.py took 0.077 seconds
[2023-04-09T23:30:44.168+0000] {processor.py:153} INFO - Started process (PID=165) to work on /home/airflow/.local/lib/python3.7/site-packages/airflow/example_dags/example_external_task_marker_dag.py
[2023-04-09T23:30:44.168+0000] {processor.py:743} INFO - Processing file /home/airflow/.local/lib/python3.7/site-packages/airflow/example_dags/example_external_task_marker_dag.py for tasks to queue
[2023-04-09T23:30:44.169+0000] {logging_mixin.py:137} INFO - [2023-04-09T23:30:44.169+0000] {dagbag.py:532} INFO - Filling up the DagBag from /home/airflow/.local/lib/python3.7/site-packages/airflow/example_dags/example_external_task_marker_dag.py
[2023-04-09T23:30:44.180+0000] {processor.py:753} INFO - DAG(s) dict_keys(['example_external_task_marker_child', 'example_external_task_marker_parent']) retrieved from /home/airflow/.local/lib/python3.7/site-packages/airflow/example_dags/example_external_task_marker_dag.py
[2023-04-09T23:30:44.209+0000] {logging_mixin.py:137} INFO - [2023-04-09T23:30:44.209+0000] {dag.py:2705} INFO - Sync 2 DAGs
[2023-04-09T23:30:44.239+0000] {logging_mixin.py:137} INFO - [2023-04-09T23:30:44.239+0000] {dag.py:3456} INFO - Setting next_dagrun for example_external_task_marker_child to None, run_after=None
[2023-04-09T23:30:44.243+0000] {logging_mixin.py:137} INFO - [2023-04-09T23:30:44.243+0000] {dag.py:3456} INFO - Setting next_dagrun for example_external_task_marker_parent to None, run_after=None
[2023-04-09T23:30:44.261+0000] {processor.py:175} INFO - Processing /home/airflow/.local/lib/python3.7/site-packages/airflow/example_dags/example_external_task_marker_dag.py took 0.096 seconds
[2023-04-09T23:31:14.592+0000] {processor.py:153} INFO - Started process (PID=237) to work on /home/airflow/.local/lib/python3.7/site-packages/airflow/example_dags/example_external_task_marker_dag.py
[2023-04-09T23:31:14.593+0000] {processor.py:743} INFO - Processing file /home/airflow/.local/lib/python3.7/site-packages/airflow/example_dags/example_external_task_marker_dag.py for tasks to queue
[2023-04-09T23:31:14.593+0000] {logging_mixin.py:137} INFO - [2023-04-09T23:31:14.593+0000] {dagbag.py:532} INFO - Filling up the DagBag from /home/airflow/.local/lib/python3.7/site-packages/airflow/example_dags/example_external_task_marker_dag.py
[2023-04-09T23:31:14.604+0000] {processor.py:753} INFO - DAG(s) dict_keys(['example_external_task_marker_parent', 'example_external_task_marker_child']) retrieved from /home/airflow/.local/lib/python3.7/site-packages/airflow/example_dags/example_external_task_marker_dag.py
[2023-04-09T23:31:14.634+0000] {logging_mixin.py:137} INFO - [2023-04-09T23:31:14.634+0000] {dag.py:2705} INFO - Sync 2 DAGs
[2023-04-09T23:31:14.660+0000] {logging_mixin.py:137} INFO - [2023-04-09T23:31:14.659+0000] {dag.py:3456} INFO - Setting next_dagrun for example_external_task_marker_child to None, run_after=None
[2023-04-09T23:31:14.663+0000] {logging_mixin.py:137} INFO - [2023-04-09T23:31:14.663+0000] {dag.py:3456} INFO - Setting next_dagrun for example_external_task_marker_parent to None, run_after=None
[2023-04-09T23:31:14.680+0000] {processor.py:175} INFO - Processing /home/airflow/.local/lib/python3.7/site-packages/airflow/example_dags/example_external_task_marker_dag.py took 0.090 seconds
