[2023-04-09T23:24:05.535+0000] {processor.py:153} INFO - Started process (PID=82) to work on /home/airflow/.local/lib/python3.7/site-packages/airflow/example_dags/example_python_operator.py
[2023-04-09T23:24:05.536+0000] {processor.py:743} INFO - Processing file /home/airflow/.local/lib/python3.7/site-packages/airflow/example_dags/example_python_operator.py for tasks to queue
[2023-04-09T23:24:05.536+0000] {logging_mixin.py:137} INFO - [2023-04-09T23:24:05.536+0000] {dagbag.py:532} INFO - Filling up the DagBag from /home/airflow/.local/lib/python3.7/site-packages/airflow/example_dags/example_python_operator.py
[2023-04-09T23:24:05.552+0000] {logging_mixin.py:137} INFO - [2023-04-09T23:24:05.552+0000] {taskmixin.py:211} WARNING - Dependency <Task(_PythonDecoratedOperator): print_the_context>, log_sql_query already registered for DAG: example_python_operator
[2023-04-09T23:24:05.552+0000] {logging_mixin.py:137} INFO - [2023-04-09T23:24:05.552+0000] {taskmixin.py:211} WARNING - Dependency <Task(_PythonDecoratedOperator): log_sql_query>, print_the_context already registered for DAG: example_python_operator
[2023-04-09T23:24:05.553+0000] {logging_mixin.py:137} INFO - [2023-04-09T23:24:05.553+0000] {taskmixin.py:211} WARNING - Dependency <Task(_PythonDecoratedOperator): print_the_context>, log_sql_query already registered for DAG: example_python_operator
[2023-04-09T23:24:05.553+0000] {logging_mixin.py:137} INFO - [2023-04-09T23:24:05.553+0000] {taskmixin.py:211} WARNING - Dependency <Task(_PythonDecoratedOperator): log_sql_query>, print_the_context already registered for DAG: example_python_operator
[2023-04-09T23:24:05.554+0000] {logging_mixin.py:137} INFO - [2023-04-09T23:24:05.554+0000] {taskmixin.py:211} WARNING - Dependency <Task(_PythonDecoratedOperator): print_the_context>, log_sql_query already registered for DAG: example_python_operator
[2023-04-09T23:24:05.554+0000] {logging_mixin.py:137} INFO - [2023-04-09T23:24:05.554+0000] {taskmixin.py:211} WARNING - Dependency <Task(_PythonDecoratedOperator): log_sql_query>, print_the_context already registered for DAG: example_python_operator
[2023-04-09T23:24:05.554+0000] {logging_mixin.py:137} INFO - [2023-04-09T23:24:05.554+0000] {taskmixin.py:211} WARNING - Dependency <Task(_PythonDecoratedOperator): print_the_context>, log_sql_query already registered for DAG: example_python_operator
[2023-04-09T23:24:05.555+0000] {logging_mixin.py:137} INFO - [2023-04-09T23:24:05.555+0000] {taskmixin.py:211} WARNING - Dependency <Task(_PythonDecoratedOperator): log_sql_query>, print_the_context already registered for DAG: example_python_operator
[2023-04-09T23:24:05.560+0000] {processor.py:753} INFO - DAG(s) dict_keys(['example_python_operator']) retrieved from /home/airflow/.local/lib/python3.7/site-packages/airflow/example_dags/example_python_operator.py
[2023-04-09T23:24:05.650+0000] {logging_mixin.py:137} INFO - [2023-04-09T23:24:05.650+0000] {dag.py:2705} INFO - Sync 1 DAGs
[2023-04-09T23:24:05.672+0000] {logging_mixin.py:137} INFO - [2023-04-09T23:24:05.672+0000] {dag.py:3456} INFO - Setting next_dagrun for example_python_operator to None, run_after=None
[2023-04-09T23:24:05.687+0000] {processor.py:175} INFO - Processing /home/airflow/.local/lib/python3.7/site-packages/airflow/example_dags/example_python_operator.py took 0.154 seconds
[2023-04-09T23:24:35.735+0000] {processor.py:153} INFO - Started process (PID=134) to work on /home/airflow/.local/lib/python3.7/site-packages/airflow/example_dags/example_python_operator.py
[2023-04-09T23:24:35.736+0000] {processor.py:743} INFO - Processing file /home/airflow/.local/lib/python3.7/site-packages/airflow/example_dags/example_python_operator.py for tasks to queue
[2023-04-09T23:24:35.736+0000] {logging_mixin.py:137} INFO - [2023-04-09T23:24:35.736+0000] {dagbag.py:532} INFO - Filling up the DagBag from /home/airflow/.local/lib/python3.7/site-packages/airflow/example_dags/example_python_operator.py
[2023-04-09T23:24:35.751+0000] {logging_mixin.py:137} INFO - [2023-04-09T23:24:35.751+0000] {taskmixin.py:211} WARNING - Dependency <Task(_PythonDecoratedOperator): print_the_context>, log_sql_query already registered for DAG: example_python_operator
[2023-04-09T23:24:35.751+0000] {logging_mixin.py:137} INFO - [2023-04-09T23:24:35.751+0000] {taskmixin.py:211} WARNING - Dependency <Task(_PythonDecoratedOperator): log_sql_query>, print_the_context already registered for DAG: example_python_operator
[2023-04-09T23:24:35.752+0000] {logging_mixin.py:137} INFO - [2023-04-09T23:24:35.752+0000] {taskmixin.py:211} WARNING - Dependency <Task(_PythonDecoratedOperator): print_the_context>, log_sql_query already registered for DAG: example_python_operator
[2023-04-09T23:24:35.752+0000] {logging_mixin.py:137} INFO - [2023-04-09T23:24:35.752+0000] {taskmixin.py:211} WARNING - Dependency <Task(_PythonDecoratedOperator): log_sql_query>, print_the_context already registered for DAG: example_python_operator
[2023-04-09T23:24:35.752+0000] {logging_mixin.py:137} INFO - [2023-04-09T23:24:35.752+0000] {taskmixin.py:211} WARNING - Dependency <Task(_PythonDecoratedOperator): print_the_context>, log_sql_query already registered for DAG: example_python_operator
[2023-04-09T23:24:35.752+0000] {logging_mixin.py:137} INFO - [2023-04-09T23:24:35.752+0000] {taskmixin.py:211} WARNING - Dependency <Task(_PythonDecoratedOperator): log_sql_query>, print_the_context already registered for DAG: example_python_operator
[2023-04-09T23:24:35.753+0000] {logging_mixin.py:137} INFO - [2023-04-09T23:24:35.753+0000] {taskmixin.py:211} WARNING - Dependency <Task(_PythonDecoratedOperator): print_the_context>, log_sql_query already registered for DAG: example_python_operator
[2023-04-09T23:24:35.753+0000] {logging_mixin.py:137} INFO - [2023-04-09T23:24:35.753+0000] {taskmixin.py:211} WARNING - Dependency <Task(_PythonDecoratedOperator): log_sql_query>, print_the_context already registered for DAG: example_python_operator
[2023-04-09T23:24:35.759+0000] {processor.py:753} INFO - DAG(s) dict_keys(['example_python_operator']) retrieved from /home/airflow/.local/lib/python3.7/site-packages/airflow/example_dags/example_python_operator.py
[2023-04-09T23:24:35.785+0000] {logging_mixin.py:137} INFO - [2023-04-09T23:24:35.785+0000] {dag.py:2705} INFO - Sync 1 DAGs
[2023-04-09T23:24:35.809+0000] {logging_mixin.py:137} INFO - [2023-04-09T23:24:35.809+0000] {dag.py:3456} INFO - Setting next_dagrun for example_python_operator to None, run_after=None
[2023-04-09T23:24:35.824+0000] {processor.py:175} INFO - Processing /home/airflow/.local/lib/python3.7/site-packages/airflow/example_dags/example_python_operator.py took 0.091 seconds
[2023-04-09T23:25:06.975+0000] {processor.py:153} INFO - Started process (PID=186) to work on /home/airflow/.local/lib/python3.7/site-packages/airflow/example_dags/example_python_operator.py
[2023-04-09T23:25:06.976+0000] {processor.py:743} INFO - Processing file /home/airflow/.local/lib/python3.7/site-packages/airflow/example_dags/example_python_operator.py for tasks to queue
[2023-04-09T23:25:06.976+0000] {logging_mixin.py:137} INFO - [2023-04-09T23:25:06.976+0000] {dagbag.py:532} INFO - Filling up the DagBag from /home/airflow/.local/lib/python3.7/site-packages/airflow/example_dags/example_python_operator.py
[2023-04-09T23:25:07.004+0000] {logging_mixin.py:137} INFO - [2023-04-09T23:25:07.004+0000] {taskmixin.py:211} WARNING - Dependency <Task(_PythonDecoratedOperator): print_the_context>, log_sql_query already registered for DAG: example_python_operator
[2023-04-09T23:25:07.005+0000] {logging_mixin.py:137} INFO - [2023-04-09T23:25:07.005+0000] {taskmixin.py:211} WARNING - Dependency <Task(_PythonDecoratedOperator): log_sql_query>, print_the_context already registered for DAG: example_python_operator
[2023-04-09T23:25:07.006+0000] {logging_mixin.py:137} INFO - [2023-04-09T23:25:07.006+0000] {taskmixin.py:211} WARNING - Dependency <Task(_PythonDecoratedOperator): print_the_context>, log_sql_query already registered for DAG: example_python_operator
[2023-04-09T23:25:07.007+0000] {logging_mixin.py:137} INFO - [2023-04-09T23:25:07.006+0000] {taskmixin.py:211} WARNING - Dependency <Task(_PythonDecoratedOperator): log_sql_query>, print_the_context already registered for DAG: example_python_operator
[2023-04-09T23:25:07.008+0000] {logging_mixin.py:137} INFO - [2023-04-09T23:25:07.008+0000] {taskmixin.py:211} WARNING - Dependency <Task(_PythonDecoratedOperator): print_the_context>, log_sql_query already registered for DAG: example_python_operator
[2023-04-09T23:25:07.008+0000] {logging_mixin.py:137} INFO - [2023-04-09T23:25:07.008+0000] {taskmixin.py:211} WARNING - Dependency <Task(_PythonDecoratedOperator): log_sql_query>, print_the_context already registered for DAG: example_python_operator
[2023-04-09T23:25:07.010+0000] {logging_mixin.py:137} INFO - [2023-04-09T23:25:07.010+0000] {taskmixin.py:211} WARNING - Dependency <Task(_PythonDecoratedOperator): print_the_context>, log_sql_query already registered for DAG: example_python_operator
[2023-04-09T23:25:07.010+0000] {logging_mixin.py:137} INFO - [2023-04-09T23:25:07.010+0000] {taskmixin.py:211} WARNING - Dependency <Task(_PythonDecoratedOperator): log_sql_query>, print_the_context already registered for DAG: example_python_operator
[2023-04-09T23:25:07.022+0000] {processor.py:753} INFO - DAG(s) dict_keys(['example_python_operator']) retrieved from /home/airflow/.local/lib/python3.7/site-packages/airflow/example_dags/example_python_operator.py
[2023-04-09T23:25:07.046+0000] {logging_mixin.py:137} INFO - [2023-04-09T23:25:07.046+0000] {dag.py:2705} INFO - Sync 1 DAGs
[2023-04-09T23:25:07.070+0000] {logging_mixin.py:137} INFO - [2023-04-09T23:25:07.069+0000] {dag.py:3456} INFO - Setting next_dagrun for example_python_operator to None, run_after=None
[2023-04-09T23:25:07.085+0000] {processor.py:175} INFO - Processing /home/airflow/.local/lib/python3.7/site-packages/airflow/example_dags/example_python_operator.py took 0.113 seconds
[2023-04-09T23:25:37.238+0000] {processor.py:153} INFO - Started process (PID=238) to work on /home/airflow/.local/lib/python3.7/site-packages/airflow/example_dags/example_python_operator.py
[2023-04-09T23:25:37.239+0000] {processor.py:743} INFO - Processing file /home/airflow/.local/lib/python3.7/site-packages/airflow/example_dags/example_python_operator.py for tasks to queue
[2023-04-09T23:25:37.241+0000] {logging_mixin.py:137} INFO - [2023-04-09T23:25:37.240+0000] {dagbag.py:532} INFO - Filling up the DagBag from /home/airflow/.local/lib/python3.7/site-packages/airflow/example_dags/example_python_operator.py
[2023-04-09T23:25:37.277+0000] {logging_mixin.py:137} INFO - [2023-04-09T23:25:37.277+0000] {taskmixin.py:211} WARNING - Dependency <Task(_PythonDecoratedOperator): print_the_context>, log_sql_query already registered for DAG: example_python_operator
[2023-04-09T23:25:37.278+0000] {logging_mixin.py:137} INFO - [2023-04-09T23:25:37.277+0000] {taskmixin.py:211} WARNING - Dependency <Task(_PythonDecoratedOperator): log_sql_query>, print_the_context already registered for DAG: example_python_operator
[2023-04-09T23:25:37.278+0000] {logging_mixin.py:137} INFO - [2023-04-09T23:25:37.278+0000] {taskmixin.py:211} WARNING - Dependency <Task(_PythonDecoratedOperator): print_the_context>, log_sql_query already registered for DAG: example_python_operator
[2023-04-09T23:25:37.279+0000] {logging_mixin.py:137} INFO - [2023-04-09T23:25:37.278+0000] {taskmixin.py:211} WARNING - Dependency <Task(_PythonDecoratedOperator): log_sql_query>, print_the_context already registered for DAG: example_python_operator
[2023-04-09T23:25:37.279+0000] {logging_mixin.py:137} INFO - [2023-04-09T23:25:37.279+0000] {taskmixin.py:211} WARNING - Dependency <Task(_PythonDecoratedOperator): print_the_context>, log_sql_query already registered for DAG: example_python_operator
[2023-04-09T23:25:37.279+0000] {logging_mixin.py:137} INFO - [2023-04-09T23:25:37.279+0000] {taskmixin.py:211} WARNING - Dependency <Task(_PythonDecoratedOperator): log_sql_query>, print_the_context already registered for DAG: example_python_operator
[2023-04-09T23:25:37.280+0000] {logging_mixin.py:137} INFO - [2023-04-09T23:25:37.280+0000] {taskmixin.py:211} WARNING - Dependency <Task(_PythonDecoratedOperator): print_the_context>, log_sql_query already registered for DAG: example_python_operator
[2023-04-09T23:25:37.280+0000] {logging_mixin.py:137} INFO - [2023-04-09T23:25:37.280+0000] {taskmixin.py:211} WARNING - Dependency <Task(_PythonDecoratedOperator): log_sql_query>, print_the_context already registered for DAG: example_python_operator
[2023-04-09T23:25:37.286+0000] {processor.py:753} INFO - DAG(s) dict_keys(['example_python_operator']) retrieved from /home/airflow/.local/lib/python3.7/site-packages/airflow/example_dags/example_python_operator.py
[2023-04-09T23:25:37.312+0000] {logging_mixin.py:137} INFO - [2023-04-09T23:25:37.312+0000] {dag.py:2705} INFO - Sync 1 DAGs
[2023-04-09T23:25:37.340+0000] {logging_mixin.py:137} INFO - [2023-04-09T23:25:37.340+0000] {dag.py:3456} INFO - Setting next_dagrun for example_python_operator to None, run_after=None
[2023-04-09T23:25:37.360+0000] {processor.py:175} INFO - Processing /home/airflow/.local/lib/python3.7/site-packages/airflow/example_dags/example_python_operator.py took 0.128 seconds
[2023-04-09T23:26:08.659+0000] {processor.py:153} INFO - Started process (PID=290) to work on /home/airflow/.local/lib/python3.7/site-packages/airflow/example_dags/example_python_operator.py
[2023-04-09T23:26:08.659+0000] {processor.py:743} INFO - Processing file /home/airflow/.local/lib/python3.7/site-packages/airflow/example_dags/example_python_operator.py for tasks to queue
[2023-04-09T23:26:08.660+0000] {logging_mixin.py:137} INFO - [2023-04-09T23:26:08.660+0000] {dagbag.py:532} INFO - Filling up the DagBag from /home/airflow/.local/lib/python3.7/site-packages/airflow/example_dags/example_python_operator.py
[2023-04-09T23:26:08.674+0000] {logging_mixin.py:137} INFO - [2023-04-09T23:26:08.674+0000] {taskmixin.py:211} WARNING - Dependency <Task(_PythonDecoratedOperator): print_the_context>, log_sql_query already registered for DAG: example_python_operator
[2023-04-09T23:26:08.675+0000] {logging_mixin.py:137} INFO - [2023-04-09T23:26:08.675+0000] {taskmixin.py:211} WARNING - Dependency <Task(_PythonDecoratedOperator): log_sql_query>, print_the_context already registered for DAG: example_python_operator
[2023-04-09T23:26:08.675+0000] {logging_mixin.py:137} INFO - [2023-04-09T23:26:08.675+0000] {taskmixin.py:211} WARNING - Dependency <Task(_PythonDecoratedOperator): print_the_context>, log_sql_query already registered for DAG: example_python_operator
[2023-04-09T23:26:08.675+0000] {logging_mixin.py:137} INFO - [2023-04-09T23:26:08.675+0000] {taskmixin.py:211} WARNING - Dependency <Task(_PythonDecoratedOperator): log_sql_query>, print_the_context already registered for DAG: example_python_operator
[2023-04-09T23:26:08.676+0000] {logging_mixin.py:137} INFO - [2023-04-09T23:26:08.676+0000] {taskmixin.py:211} WARNING - Dependency <Task(_PythonDecoratedOperator): print_the_context>, log_sql_query already registered for DAG: example_python_operator
[2023-04-09T23:26:08.676+0000] {logging_mixin.py:137} INFO - [2023-04-09T23:26:08.676+0000] {taskmixin.py:211} WARNING - Dependency <Task(_PythonDecoratedOperator): log_sql_query>, print_the_context already registered for DAG: example_python_operator
[2023-04-09T23:26:08.677+0000] {logging_mixin.py:137} INFO - [2023-04-09T23:26:08.677+0000] {taskmixin.py:211} WARNING - Dependency <Task(_PythonDecoratedOperator): print_the_context>, log_sql_query already registered for DAG: example_python_operator
[2023-04-09T23:26:08.677+0000] {logging_mixin.py:137} INFO - [2023-04-09T23:26:08.677+0000] {taskmixin.py:211} WARNING - Dependency <Task(_PythonDecoratedOperator): log_sql_query>, print_the_context already registered for DAG: example_python_operator
[2023-04-09T23:26:08.683+0000] {processor.py:753} INFO - DAG(s) dict_keys(['example_python_operator']) retrieved from /home/airflow/.local/lib/python3.7/site-packages/airflow/example_dags/example_python_operator.py
[2023-04-09T23:26:08.710+0000] {logging_mixin.py:137} INFO - [2023-04-09T23:26:08.709+0000] {dag.py:2705} INFO - Sync 1 DAGs
[2023-04-09T23:26:08.735+0000] {logging_mixin.py:137} INFO - [2023-04-09T23:26:08.735+0000] {dag.py:3456} INFO - Setting next_dagrun for example_python_operator to None, run_after=None
[2023-04-09T23:26:08.752+0000] {processor.py:175} INFO - Processing /home/airflow/.local/lib/python3.7/site-packages/airflow/example_dags/example_python_operator.py took 0.096 seconds
[2023-04-09T23:26:38.875+0000] {processor.py:153} INFO - Started process (PID=342) to work on /home/airflow/.local/lib/python3.7/site-packages/airflow/example_dags/example_python_operator.py
[2023-04-09T23:26:38.876+0000] {processor.py:743} INFO - Processing file /home/airflow/.local/lib/python3.7/site-packages/airflow/example_dags/example_python_operator.py for tasks to queue
[2023-04-09T23:26:38.876+0000] {logging_mixin.py:137} INFO - [2023-04-09T23:26:38.876+0000] {dagbag.py:532} INFO - Filling up the DagBag from /home/airflow/.local/lib/python3.7/site-packages/airflow/example_dags/example_python_operator.py
[2023-04-09T23:26:38.891+0000] {logging_mixin.py:137} INFO - [2023-04-09T23:26:38.890+0000] {taskmixin.py:211} WARNING - Dependency <Task(_PythonDecoratedOperator): print_the_context>, log_sql_query already registered for DAG: example_python_operator
[2023-04-09T23:26:38.891+0000] {logging_mixin.py:137} INFO - [2023-04-09T23:26:38.891+0000] {taskmixin.py:211} WARNING - Dependency <Task(_PythonDecoratedOperator): log_sql_query>, print_the_context already registered for DAG: example_python_operator
[2023-04-09T23:26:38.891+0000] {logging_mixin.py:137} INFO - [2023-04-09T23:26:38.891+0000] {taskmixin.py:211} WARNING - Dependency <Task(_PythonDecoratedOperator): print_the_context>, log_sql_query already registered for DAG: example_python_operator
[2023-04-09T23:26:38.892+0000] {logging_mixin.py:137} INFO - [2023-04-09T23:26:38.891+0000] {taskmixin.py:211} WARNING - Dependency <Task(_PythonDecoratedOperator): log_sql_query>, print_the_context already registered for DAG: example_python_operator
[2023-04-09T23:26:38.892+0000] {logging_mixin.py:137} INFO - [2023-04-09T23:26:38.892+0000] {taskmixin.py:211} WARNING - Dependency <Task(_PythonDecoratedOperator): print_the_context>, log_sql_query already registered for DAG: example_python_operator
[2023-04-09T23:26:38.892+0000] {logging_mixin.py:137} INFO - [2023-04-09T23:26:38.892+0000] {taskmixin.py:211} WARNING - Dependency <Task(_PythonDecoratedOperator): log_sql_query>, print_the_context already registered for DAG: example_python_operator
[2023-04-09T23:26:38.893+0000] {logging_mixin.py:137} INFO - [2023-04-09T23:26:38.893+0000] {taskmixin.py:211} WARNING - Dependency <Task(_PythonDecoratedOperator): print_the_context>, log_sql_query already registered for DAG: example_python_operator
[2023-04-09T23:26:38.893+0000] {logging_mixin.py:137} INFO - [2023-04-09T23:26:38.893+0000] {taskmixin.py:211} WARNING - Dependency <Task(_PythonDecoratedOperator): log_sql_query>, print_the_context already registered for DAG: example_python_operator
[2023-04-09T23:26:38.899+0000] {processor.py:753} INFO - DAG(s) dict_keys(['example_python_operator']) retrieved from /home/airflow/.local/lib/python3.7/site-packages/airflow/example_dags/example_python_operator.py
[2023-04-09T23:26:38.924+0000] {logging_mixin.py:137} INFO - [2023-04-09T23:26:38.924+0000] {dag.py:2705} INFO - Sync 1 DAGs
[2023-04-09T23:26:38.948+0000] {logging_mixin.py:137} INFO - [2023-04-09T23:26:38.948+0000] {dag.py:3456} INFO - Setting next_dagrun for example_python_operator to None, run_after=None
[2023-04-09T23:26:38.965+0000] {processor.py:175} INFO - Processing /home/airflow/.local/lib/python3.7/site-packages/airflow/example_dags/example_python_operator.py took 0.092 seconds
[2023-04-09T23:27:10.092+0000] {processor.py:153} INFO - Started process (PID=394) to work on /home/airflow/.local/lib/python3.7/site-packages/airflow/example_dags/example_python_operator.py
[2023-04-09T23:27:10.093+0000] {processor.py:743} INFO - Processing file /home/airflow/.local/lib/python3.7/site-packages/airflow/example_dags/example_python_operator.py for tasks to queue
[2023-04-09T23:27:10.093+0000] {logging_mixin.py:137} INFO - [2023-04-09T23:27:10.093+0000] {dagbag.py:532} INFO - Filling up the DagBag from /home/airflow/.local/lib/python3.7/site-packages/airflow/example_dags/example_python_operator.py
[2023-04-09T23:27:10.107+0000] {logging_mixin.py:137} INFO - [2023-04-09T23:27:10.107+0000] {taskmixin.py:211} WARNING - Dependency <Task(_PythonDecoratedOperator): print_the_context>, log_sql_query already registered for DAG: example_python_operator
[2023-04-09T23:27:10.107+0000] {logging_mixin.py:137} INFO - [2023-04-09T23:27:10.107+0000] {taskmixin.py:211} WARNING - Dependency <Task(_PythonDecoratedOperator): log_sql_query>, print_the_context already registered for DAG: example_python_operator
[2023-04-09T23:27:10.108+0000] {logging_mixin.py:137} INFO - [2023-04-09T23:27:10.108+0000] {taskmixin.py:211} WARNING - Dependency <Task(_PythonDecoratedOperator): print_the_context>, log_sql_query already registered for DAG: example_python_operator
[2023-04-09T23:27:10.108+0000] {logging_mixin.py:137} INFO - [2023-04-09T23:27:10.108+0000] {taskmixin.py:211} WARNING - Dependency <Task(_PythonDecoratedOperator): log_sql_query>, print_the_context already registered for DAG: example_python_operator
[2023-04-09T23:27:10.108+0000] {logging_mixin.py:137} INFO - [2023-04-09T23:27:10.108+0000] {taskmixin.py:211} WARNING - Dependency <Task(_PythonDecoratedOperator): print_the_context>, log_sql_query already registered for DAG: example_python_operator
[2023-04-09T23:27:10.109+0000] {logging_mixin.py:137} INFO - [2023-04-09T23:27:10.108+0000] {taskmixin.py:211} WARNING - Dependency <Task(_PythonDecoratedOperator): log_sql_query>, print_the_context already registered for DAG: example_python_operator
[2023-04-09T23:27:10.109+0000] {logging_mixin.py:137} INFO - [2023-04-09T23:27:10.109+0000] {taskmixin.py:211} WARNING - Dependency <Task(_PythonDecoratedOperator): print_the_context>, log_sql_query already registered for DAG: example_python_operator
[2023-04-09T23:27:10.109+0000] {logging_mixin.py:137} INFO - [2023-04-09T23:27:10.109+0000] {taskmixin.py:211} WARNING - Dependency <Task(_PythonDecoratedOperator): log_sql_query>, print_the_context already registered for DAG: example_python_operator
[2023-04-09T23:27:10.115+0000] {processor.py:753} INFO - DAG(s) dict_keys(['example_python_operator']) retrieved from /home/airflow/.local/lib/python3.7/site-packages/airflow/example_dags/example_python_operator.py
[2023-04-09T23:27:10.152+0000] {logging_mixin.py:137} INFO - [2023-04-09T23:27:10.152+0000] {dag.py:2705} INFO - Sync 1 DAGs
[2023-04-09T23:27:10.178+0000] {logging_mixin.py:137} INFO - [2023-04-09T23:27:10.178+0000] {dag.py:3456} INFO - Setting next_dagrun for example_python_operator to None, run_after=None
[2023-04-09T23:27:10.194+0000] {processor.py:175} INFO - Processing /home/airflow/.local/lib/python3.7/site-packages/airflow/example_dags/example_python_operator.py took 0.105 seconds
[2023-04-09T23:29:43.847+0000] {processor.py:153} INFO - Started process (PID=79) to work on /home/airflow/.local/lib/python3.7/site-packages/airflow/example_dags/example_python_operator.py
[2023-04-09T23:29:43.847+0000] {processor.py:743} INFO - Processing file /home/airflow/.local/lib/python3.7/site-packages/airflow/example_dags/example_python_operator.py for tasks to queue
[2023-04-09T23:29:43.848+0000] {logging_mixin.py:137} INFO - [2023-04-09T23:29:43.848+0000] {dagbag.py:532} INFO - Filling up the DagBag from /home/airflow/.local/lib/python3.7/site-packages/airflow/example_dags/example_python_operator.py
[2023-04-09T23:29:43.863+0000] {logging_mixin.py:137} INFO - [2023-04-09T23:29:43.863+0000] {taskmixin.py:211} WARNING - Dependency <Task(_PythonDecoratedOperator): print_the_context>, log_sql_query already registered for DAG: example_python_operator
[2023-04-09T23:29:43.864+0000] {logging_mixin.py:137} INFO - [2023-04-09T23:29:43.864+0000] {taskmixin.py:211} WARNING - Dependency <Task(_PythonDecoratedOperator): log_sql_query>, print_the_context already registered for DAG: example_python_operator
[2023-04-09T23:29:43.864+0000] {logging_mixin.py:137} INFO - [2023-04-09T23:29:43.864+0000] {taskmixin.py:211} WARNING - Dependency <Task(_PythonDecoratedOperator): print_the_context>, log_sql_query already registered for DAG: example_python_operator
[2023-04-09T23:29:43.865+0000] {logging_mixin.py:137} INFO - [2023-04-09T23:29:43.864+0000] {taskmixin.py:211} WARNING - Dependency <Task(_PythonDecoratedOperator): log_sql_query>, print_the_context already registered for DAG: example_python_operator
[2023-04-09T23:29:43.865+0000] {logging_mixin.py:137} INFO - [2023-04-09T23:29:43.865+0000] {taskmixin.py:211} WARNING - Dependency <Task(_PythonDecoratedOperator): print_the_context>, log_sql_query already registered for DAG: example_python_operator
[2023-04-09T23:29:43.865+0000] {logging_mixin.py:137} INFO - [2023-04-09T23:29:43.865+0000] {taskmixin.py:211} WARNING - Dependency <Task(_PythonDecoratedOperator): log_sql_query>, print_the_context already registered for DAG: example_python_operator
[2023-04-09T23:29:43.866+0000] {logging_mixin.py:137} INFO - [2023-04-09T23:29:43.866+0000] {taskmixin.py:211} WARNING - Dependency <Task(_PythonDecoratedOperator): print_the_context>, log_sql_query already registered for DAG: example_python_operator
[2023-04-09T23:29:43.866+0000] {logging_mixin.py:137} INFO - [2023-04-09T23:29:43.866+0000] {taskmixin.py:211} WARNING - Dependency <Task(_PythonDecoratedOperator): log_sql_query>, print_the_context already registered for DAG: example_python_operator
[2023-04-09T23:29:43.874+0000] {processor.py:753} INFO - DAG(s) dict_keys(['example_python_operator']) retrieved from /home/airflow/.local/lib/python3.7/site-packages/airflow/example_dags/example_python_operator.py
[2023-04-09T23:29:43.884+0000] {logging_mixin.py:137} INFO - [2023-04-09T23:29:43.883+0000] {dag.py:2705} INFO - Sync 1 DAGs
[2023-04-09T23:29:43.908+0000] {logging_mixin.py:137} INFO - [2023-04-09T23:29:43.908+0000] {dag.py:3456} INFO - Setting next_dagrun for example_python_operator to None, run_after=None
[2023-04-09T23:29:43.926+0000] {processor.py:175} INFO - Processing /home/airflow/.local/lib/python3.7/site-packages/airflow/example_dags/example_python_operator.py took 0.082 seconds
[2023-04-09T23:30:14.933+0000] {processor.py:153} INFO - Started process (PID=131) to work on /home/airflow/.local/lib/python3.7/site-packages/airflow/example_dags/example_python_operator.py
[2023-04-09T23:30:14.934+0000] {processor.py:743} INFO - Processing file /home/airflow/.local/lib/python3.7/site-packages/airflow/example_dags/example_python_operator.py for tasks to queue
[2023-04-09T23:30:14.935+0000] {logging_mixin.py:137} INFO - [2023-04-09T23:30:14.935+0000] {dagbag.py:532} INFO - Filling up the DagBag from /home/airflow/.local/lib/python3.7/site-packages/airflow/example_dags/example_python_operator.py
[2023-04-09T23:30:14.971+0000] {logging_mixin.py:137} INFO - [2023-04-09T23:30:14.971+0000] {taskmixin.py:211} WARNING - Dependency <Task(_PythonDecoratedOperator): print_the_context>, log_sql_query already registered for DAG: example_python_operator
[2023-04-09T23:30:14.971+0000] {logging_mixin.py:137} INFO - [2023-04-09T23:30:14.971+0000] {taskmixin.py:211} WARNING - Dependency <Task(_PythonDecoratedOperator): log_sql_query>, print_the_context already registered for DAG: example_python_operator
[2023-04-09T23:30:14.972+0000] {logging_mixin.py:137} INFO - [2023-04-09T23:30:14.972+0000] {taskmixin.py:211} WARNING - Dependency <Task(_PythonDecoratedOperator): print_the_context>, log_sql_query already registered for DAG: example_python_operator
[2023-04-09T23:30:14.973+0000] {logging_mixin.py:137} INFO - [2023-04-09T23:30:14.972+0000] {taskmixin.py:211} WARNING - Dependency <Task(_PythonDecoratedOperator): log_sql_query>, print_the_context already registered for DAG: example_python_operator
[2023-04-09T23:30:14.973+0000] {logging_mixin.py:137} INFO - [2023-04-09T23:30:14.973+0000] {taskmixin.py:211} WARNING - Dependency <Task(_PythonDecoratedOperator): print_the_context>, log_sql_query already registered for DAG: example_python_operator
[2023-04-09T23:30:14.974+0000] {logging_mixin.py:137} INFO - [2023-04-09T23:30:14.973+0000] {taskmixin.py:211} WARNING - Dependency <Task(_PythonDecoratedOperator): log_sql_query>, print_the_context already registered for DAG: example_python_operator
[2023-04-09T23:30:14.974+0000] {logging_mixin.py:137} INFO - [2023-04-09T23:30:14.974+0000] {taskmixin.py:211} WARNING - Dependency <Task(_PythonDecoratedOperator): print_the_context>, log_sql_query already registered for DAG: example_python_operator
[2023-04-09T23:30:14.975+0000] {logging_mixin.py:137} INFO - [2023-04-09T23:30:14.974+0000] {taskmixin.py:211} WARNING - Dependency <Task(_PythonDecoratedOperator): log_sql_query>, print_the_context already registered for DAG: example_python_operator
[2023-04-09T23:30:14.980+0000] {processor.py:753} INFO - DAG(s) dict_keys(['example_python_operator']) retrieved from /home/airflow/.local/lib/python3.7/site-packages/airflow/example_dags/example_python_operator.py
[2023-04-09T23:30:15.044+0000] {logging_mixin.py:137} INFO - [2023-04-09T23:30:15.043+0000] {dag.py:2705} INFO - Sync 1 DAGs
[2023-04-09T23:30:15.065+0000] {logging_mixin.py:137} INFO - [2023-04-09T23:30:15.065+0000] {dag.py:3456} INFO - Setting next_dagrun for example_python_operator to None, run_after=None
[2023-04-09T23:30:15.081+0000] {processor.py:175} INFO - Processing /home/airflow/.local/lib/python3.7/site-packages/airflow/example_dags/example_python_operator.py took 0.153 seconds
[2023-04-09T23:30:45.547+0000] {processor.py:153} INFO - Started process (PID=183) to work on /home/airflow/.local/lib/python3.7/site-packages/airflow/example_dags/example_python_operator.py
[2023-04-09T23:30:45.548+0000] {processor.py:743} INFO - Processing file /home/airflow/.local/lib/python3.7/site-packages/airflow/example_dags/example_python_operator.py for tasks to queue
[2023-04-09T23:30:45.549+0000] {logging_mixin.py:137} INFO - [2023-04-09T23:30:45.549+0000] {dagbag.py:532} INFO - Filling up the DagBag from /home/airflow/.local/lib/python3.7/site-packages/airflow/example_dags/example_python_operator.py
[2023-04-09T23:30:45.585+0000] {logging_mixin.py:137} INFO - [2023-04-09T23:30:45.585+0000] {taskmixin.py:211} WARNING - Dependency <Task(_PythonDecoratedOperator): print_the_context>, log_sql_query already registered for DAG: example_python_operator
[2023-04-09T23:30:45.585+0000] {logging_mixin.py:137} INFO - [2023-04-09T23:30:45.585+0000] {taskmixin.py:211} WARNING - Dependency <Task(_PythonDecoratedOperator): log_sql_query>, print_the_context already registered for DAG: example_python_operator
[2023-04-09T23:30:45.586+0000] {logging_mixin.py:137} INFO - [2023-04-09T23:30:45.586+0000] {taskmixin.py:211} WARNING - Dependency <Task(_PythonDecoratedOperator): print_the_context>, log_sql_query already registered for DAG: example_python_operator
[2023-04-09T23:30:45.586+0000] {logging_mixin.py:137} INFO - [2023-04-09T23:30:45.586+0000] {taskmixin.py:211} WARNING - Dependency <Task(_PythonDecoratedOperator): log_sql_query>, print_the_context already registered for DAG: example_python_operator
[2023-04-09T23:30:45.587+0000] {logging_mixin.py:137} INFO - [2023-04-09T23:30:45.587+0000] {taskmixin.py:211} WARNING - Dependency <Task(_PythonDecoratedOperator): print_the_context>, log_sql_query already registered for DAG: example_python_operator
[2023-04-09T23:30:45.587+0000] {logging_mixin.py:137} INFO - [2023-04-09T23:30:45.587+0000] {taskmixin.py:211} WARNING - Dependency <Task(_PythonDecoratedOperator): log_sql_query>, print_the_context already registered for DAG: example_python_operator
[2023-04-09T23:30:45.588+0000] {logging_mixin.py:137} INFO - [2023-04-09T23:30:45.588+0000] {taskmixin.py:211} WARNING - Dependency <Task(_PythonDecoratedOperator): print_the_context>, log_sql_query already registered for DAG: example_python_operator
[2023-04-09T23:30:45.588+0000] {logging_mixin.py:137} INFO - [2023-04-09T23:30:45.588+0000] {taskmixin.py:211} WARNING - Dependency <Task(_PythonDecoratedOperator): log_sql_query>, print_the_context already registered for DAG: example_python_operator
[2023-04-09T23:30:45.595+0000] {processor.py:753} INFO - DAG(s) dict_keys(['example_python_operator']) retrieved from /home/airflow/.local/lib/python3.7/site-packages/airflow/example_dags/example_python_operator.py
[2023-04-09T23:30:45.623+0000] {logging_mixin.py:137} INFO - [2023-04-09T23:30:45.623+0000] {dag.py:2705} INFO - Sync 1 DAGs
[2023-04-09T23:30:45.649+0000] {logging_mixin.py:137} INFO - [2023-04-09T23:30:45.649+0000] {dag.py:3456} INFO - Setting next_dagrun for example_python_operator to None, run_after=None
[2023-04-09T23:30:45.667+0000] {processor.py:175} INFO - Processing /home/airflow/.local/lib/python3.7/site-packages/airflow/example_dags/example_python_operator.py took 0.125 seconds
[2023-04-09T23:31:15.807+0000] {processor.py:153} INFO - Started process (PID=255) to work on /home/airflow/.local/lib/python3.7/site-packages/airflow/example_dags/example_python_operator.py
[2023-04-09T23:31:15.808+0000] {processor.py:743} INFO - Processing file /home/airflow/.local/lib/python3.7/site-packages/airflow/example_dags/example_python_operator.py for tasks to queue
[2023-04-09T23:31:15.809+0000] {logging_mixin.py:137} INFO - [2023-04-09T23:31:15.809+0000] {dagbag.py:532} INFO - Filling up the DagBag from /home/airflow/.local/lib/python3.7/site-packages/airflow/example_dags/example_python_operator.py
[2023-04-09T23:31:15.841+0000] {logging_mixin.py:137} INFO - [2023-04-09T23:31:15.841+0000] {taskmixin.py:211} WARNING - Dependency <Task(_PythonDecoratedOperator): print_the_context>, log_sql_query already registered for DAG: example_python_operator
[2023-04-09T23:31:15.842+0000] {logging_mixin.py:137} INFO - [2023-04-09T23:31:15.842+0000] {taskmixin.py:211} WARNING - Dependency <Task(_PythonDecoratedOperator): log_sql_query>, print_the_context already registered for DAG: example_python_operator
[2023-04-09T23:31:15.843+0000] {logging_mixin.py:137} INFO - [2023-04-09T23:31:15.843+0000] {taskmixin.py:211} WARNING - Dependency <Task(_PythonDecoratedOperator): print_the_context>, log_sql_query already registered for DAG: example_python_operator
[2023-04-09T23:31:15.844+0000] {logging_mixin.py:137} INFO - [2023-04-09T23:31:15.843+0000] {taskmixin.py:211} WARNING - Dependency <Task(_PythonDecoratedOperator): log_sql_query>, print_the_context already registered for DAG: example_python_operator
[2023-04-09T23:31:15.845+0000] {logging_mixin.py:137} INFO - [2023-04-09T23:31:15.845+0000] {taskmixin.py:211} WARNING - Dependency <Task(_PythonDecoratedOperator): print_the_context>, log_sql_query already registered for DAG: example_python_operator
[2023-04-09T23:31:15.845+0000] {logging_mixin.py:137} INFO - [2023-04-09T23:31:15.845+0000] {taskmixin.py:211} WARNING - Dependency <Task(_PythonDecoratedOperator): log_sql_query>, print_the_context already registered for DAG: example_python_operator
[2023-04-09T23:31:15.847+0000] {logging_mixin.py:137} INFO - [2023-04-09T23:31:15.847+0000] {taskmixin.py:211} WARNING - Dependency <Task(_PythonDecoratedOperator): print_the_context>, log_sql_query already registered for DAG: example_python_operator
[2023-04-09T23:31:15.847+0000] {logging_mixin.py:137} INFO - [2023-04-09T23:31:15.847+0000] {taskmixin.py:211} WARNING - Dependency <Task(_PythonDecoratedOperator): log_sql_query>, print_the_context already registered for DAG: example_python_operator
[2023-04-09T23:31:15.854+0000] {processor.py:753} INFO - DAG(s) dict_keys(['example_python_operator']) retrieved from /home/airflow/.local/lib/python3.7/site-packages/airflow/example_dags/example_python_operator.py
[2023-04-09T23:31:15.888+0000] {logging_mixin.py:137} INFO - [2023-04-09T23:31:15.888+0000] {dag.py:2705} INFO - Sync 1 DAGs
[2023-04-09T23:31:15.916+0000] {logging_mixin.py:137} INFO - [2023-04-09T23:31:15.916+0000] {dag.py:3456} INFO - Setting next_dagrun for example_python_operator to None, run_after=None
[2023-04-09T23:31:15.937+0000] {processor.py:175} INFO - Processing /home/airflow/.local/lib/python3.7/site-packages/airflow/example_dags/example_python_operator.py took 0.135 seconds
