[2023-04-09T23:24:03.038+0000] {processor.py:153} INFO - Started process (PID=54) to work on /home/airflow/.local/lib/python3.7/site-packages/airflow/example_dags/example_skip_dag.py
[2023-04-09T23:24:03.039+0000] {processor.py:743} INFO - Processing file /home/airflow/.local/lib/python3.7/site-packages/airflow/example_dags/example_skip_dag.py for tasks to queue
[2023-04-09T23:24:03.039+0000] {logging_mixin.py:137} INFO - [2023-04-09T23:24:03.039+0000] {dagbag.py:532} INFO - Filling up the DagBag from /home/airflow/.local/lib/python3.7/site-packages/airflow/example_dags/example_skip_dag.py
[2023-04-09T23:24:03.053+0000] {processor.py:753} INFO - DAG(s) dict_keys(['example_skip_dag']) retrieved from /home/airflow/.local/lib/python3.7/site-packages/airflow/example_dags/example_skip_dag.py
[2023-04-09T23:24:03.084+0000] {logging_mixin.py:137} INFO - [2023-04-09T23:24:03.083+0000] {dag.py:2705} INFO - Sync 1 DAGs
[2023-04-09T23:24:03.115+0000] {logging_mixin.py:137} INFO - [2023-04-09T23:24:03.114+0000] {dag.py:3456} INFO - Setting next_dagrun for example_skip_dag to 2023-04-08T23:24:03.114796+00:00, run_after=2023-04-09T23:24:03.114796+00:00
[2023-04-09T23:24:03.133+0000] {processor.py:175} INFO - Processing /home/airflow/.local/lib/python3.7/site-packages/airflow/example_dags/example_skip_dag.py took 0.097 seconds
[2023-04-09T23:24:33.471+0000] {processor.py:153} INFO - Started process (PID=104) to work on /home/airflow/.local/lib/python3.7/site-packages/airflow/example_dags/example_skip_dag.py
[2023-04-09T23:24:33.472+0000] {processor.py:743} INFO - Processing file /home/airflow/.local/lib/python3.7/site-packages/airflow/example_dags/example_skip_dag.py for tasks to queue
[2023-04-09T23:24:33.473+0000] {logging_mixin.py:137} INFO - [2023-04-09T23:24:33.473+0000] {dagbag.py:532} INFO - Filling up the DagBag from /home/airflow/.local/lib/python3.7/site-packages/airflow/example_dags/example_skip_dag.py
[2023-04-09T23:24:33.500+0000] {processor.py:753} INFO - DAG(s) dict_keys(['example_skip_dag']) retrieved from /home/airflow/.local/lib/python3.7/site-packages/airflow/example_dags/example_skip_dag.py
[2023-04-09T23:24:33.527+0000] {logging_mixin.py:137} INFO - [2023-04-09T23:24:33.527+0000] {dag.py:2705} INFO - Sync 1 DAGs
[2023-04-09T23:24:33.552+0000] {logging_mixin.py:137} INFO - [2023-04-09T23:24:33.551+0000] {dag.py:3456} INFO - Setting next_dagrun for example_skip_dag to 2023-04-08T23:24:33.551685+00:00, run_after=2023-04-09T23:24:33.551685+00:00
[2023-04-09T23:24:33.568+0000] {processor.py:175} INFO - Processing /home/airflow/.local/lib/python3.7/site-packages/airflow/example_dags/example_skip_dag.py took 0.103 seconds
[2023-04-09T23:25:03.747+0000] {processor.py:153} INFO - Started process (PID=156) to work on /home/airflow/.local/lib/python3.7/site-packages/airflow/example_dags/example_skip_dag.py
[2023-04-09T23:25:03.747+0000] {processor.py:743} INFO - Processing file /home/airflow/.local/lib/python3.7/site-packages/airflow/example_dags/example_skip_dag.py for tasks to queue
[2023-04-09T23:25:03.748+0000] {logging_mixin.py:137} INFO - [2023-04-09T23:25:03.748+0000] {dagbag.py:532} INFO - Filling up the DagBag from /home/airflow/.local/lib/python3.7/site-packages/airflow/example_dags/example_skip_dag.py
[2023-04-09T23:25:03.759+0000] {processor.py:753} INFO - DAG(s) dict_keys(['example_skip_dag']) retrieved from /home/airflow/.local/lib/python3.7/site-packages/airflow/example_dags/example_skip_dag.py
[2023-04-09T23:25:03.799+0000] {logging_mixin.py:137} INFO - [2023-04-09T23:25:03.799+0000] {dag.py:2705} INFO - Sync 1 DAGs
[2023-04-09T23:25:03.825+0000] {logging_mixin.py:137} INFO - [2023-04-09T23:25:03.825+0000] {dag.py:3456} INFO - Setting next_dagrun for example_skip_dag to 2023-04-08T23:25:03.825309+00:00, run_after=2023-04-09T23:25:03.825309+00:00
[2023-04-09T23:25:03.842+0000] {processor.py:175} INFO - Processing /home/airflow/.local/lib/python3.7/site-packages/airflow/example_dags/example_skip_dag.py took 0.097 seconds
[2023-04-09T23:25:34.213+0000] {processor.py:153} INFO - Started process (PID=208) to work on /home/airflow/.local/lib/python3.7/site-packages/airflow/example_dags/example_skip_dag.py
[2023-04-09T23:25:34.213+0000] {processor.py:743} INFO - Processing file /home/airflow/.local/lib/python3.7/site-packages/airflow/example_dags/example_skip_dag.py for tasks to queue
[2023-04-09T23:25:34.214+0000] {logging_mixin.py:137} INFO - [2023-04-09T23:25:34.213+0000] {dagbag.py:532} INFO - Filling up the DagBag from /home/airflow/.local/lib/python3.7/site-packages/airflow/example_dags/example_skip_dag.py
[2023-04-09T23:25:34.224+0000] {processor.py:753} INFO - DAG(s) dict_keys(['example_skip_dag']) retrieved from /home/airflow/.local/lib/python3.7/site-packages/airflow/example_dags/example_skip_dag.py
[2023-04-09T23:25:34.255+0000] {logging_mixin.py:137} INFO - [2023-04-09T23:25:34.255+0000] {dag.py:2705} INFO - Sync 1 DAGs
[2023-04-09T23:25:34.284+0000] {logging_mixin.py:137} INFO - [2023-04-09T23:25:34.283+0000] {dag.py:3456} INFO - Setting next_dagrun for example_skip_dag to 2023-04-08T23:25:34.283787+00:00, run_after=2023-04-09T23:25:34.283787+00:00
[2023-04-09T23:25:34.301+0000] {processor.py:175} INFO - Processing /home/airflow/.local/lib/python3.7/site-packages/airflow/example_dags/example_skip_dag.py took 0.091 seconds
[2023-04-09T23:26:04.424+0000] {processor.py:153} INFO - Started process (PID=260) to work on /home/airflow/.local/lib/python3.7/site-packages/airflow/example_dags/example_skip_dag.py
[2023-04-09T23:26:04.425+0000] {processor.py:743} INFO - Processing file /home/airflow/.local/lib/python3.7/site-packages/airflow/example_dags/example_skip_dag.py for tasks to queue
[2023-04-09T23:26:04.426+0000] {logging_mixin.py:137} INFO - [2023-04-09T23:26:04.426+0000] {dagbag.py:532} INFO - Filling up the DagBag from /home/airflow/.local/lib/python3.7/site-packages/airflow/example_dags/example_skip_dag.py
[2023-04-09T23:26:04.450+0000] {processor.py:753} INFO - DAG(s) dict_keys(['example_skip_dag']) retrieved from /home/airflow/.local/lib/python3.7/site-packages/airflow/example_dags/example_skip_dag.py
[2023-04-09T23:26:04.484+0000] {logging_mixin.py:137} INFO - [2023-04-09T23:26:04.483+0000] {dag.py:2705} INFO - Sync 1 DAGs
[2023-04-09T23:26:04.506+0000] {logging_mixin.py:137} INFO - [2023-04-09T23:26:04.506+0000] {dag.py:3456} INFO - Setting next_dagrun for example_skip_dag to 2023-04-08T23:26:04.506361+00:00, run_after=2023-04-09T23:26:04.506361+00:00
[2023-04-09T23:26:04.522+0000] {processor.py:175} INFO - Processing /home/airflow/.local/lib/python3.7/site-packages/airflow/example_dags/example_skip_dag.py took 0.102 seconds
[2023-04-09T23:26:34.561+0000] {processor.py:153} INFO - Started process (PID=312) to work on /home/airflow/.local/lib/python3.7/site-packages/airflow/example_dags/example_skip_dag.py
[2023-04-09T23:26:34.562+0000] {processor.py:743} INFO - Processing file /home/airflow/.local/lib/python3.7/site-packages/airflow/example_dags/example_skip_dag.py for tasks to queue
[2023-04-09T23:26:34.563+0000] {logging_mixin.py:137} INFO - [2023-04-09T23:26:34.563+0000] {dagbag.py:532} INFO - Filling up the DagBag from /home/airflow/.local/lib/python3.7/site-packages/airflow/example_dags/example_skip_dag.py
[2023-04-09T23:26:34.590+0000] {processor.py:753} INFO - DAG(s) dict_keys(['example_skip_dag']) retrieved from /home/airflow/.local/lib/python3.7/site-packages/airflow/example_dags/example_skip_dag.py
[2023-04-09T23:26:34.616+0000] {logging_mixin.py:137} INFO - [2023-04-09T23:26:34.615+0000] {dag.py:2705} INFO - Sync 1 DAGs
[2023-04-09T23:26:34.640+0000] {logging_mixin.py:137} INFO - [2023-04-09T23:26:34.640+0000] {dag.py:3456} INFO - Setting next_dagrun for example_skip_dag to 2023-04-08T23:26:34.640224+00:00, run_after=2023-04-09T23:26:34.640224+00:00
[2023-04-09T23:26:34.655+0000] {processor.py:175} INFO - Processing /home/airflow/.local/lib/python3.7/site-packages/airflow/example_dags/example_skip_dag.py took 0.100 seconds
[2023-04-09T23:27:04.784+0000] {processor.py:153} INFO - Started process (PID=364) to work on /home/airflow/.local/lib/python3.7/site-packages/airflow/example_dags/example_skip_dag.py
[2023-04-09T23:27:04.786+0000] {processor.py:743} INFO - Processing file /home/airflow/.local/lib/python3.7/site-packages/airflow/example_dags/example_skip_dag.py for tasks to queue
[2023-04-09T23:27:04.787+0000] {logging_mixin.py:137} INFO - [2023-04-09T23:27:04.786+0000] {dagbag.py:532} INFO - Filling up the DagBag from /home/airflow/.local/lib/python3.7/site-packages/airflow/example_dags/example_skip_dag.py
[2023-04-09T23:27:04.811+0000] {processor.py:753} INFO - DAG(s) dict_keys(['example_skip_dag']) retrieved from /home/airflow/.local/lib/python3.7/site-packages/airflow/example_dags/example_skip_dag.py
[2023-04-09T23:27:04.853+0000] {logging_mixin.py:137} INFO - [2023-04-09T23:27:04.853+0000] {dag.py:2705} INFO - Sync 1 DAGs
[2023-04-09T23:27:04.879+0000] {logging_mixin.py:137} INFO - [2023-04-09T23:27:04.879+0000] {dag.py:3456} INFO - Setting next_dagrun for example_skip_dag to 2023-04-08T23:27:04.879130+00:00, run_after=2023-04-09T23:27:04.879130+00:00
[2023-04-09T23:27:04.896+0000] {processor.py:175} INFO - Processing /home/airflow/.local/lib/python3.7/site-packages/airflow/example_dags/example_skip_dag.py took 0.115 seconds
[2023-04-09T23:29:41.993+0000] {processor.py:153} INFO - Started process (PID=51) to work on /home/airflow/.local/lib/python3.7/site-packages/airflow/example_dags/example_skip_dag.py
[2023-04-09T23:29:41.993+0000] {processor.py:743} INFO - Processing file /home/airflow/.local/lib/python3.7/site-packages/airflow/example_dags/example_skip_dag.py for tasks to queue
[2023-04-09T23:29:41.994+0000] {logging_mixin.py:137} INFO - [2023-04-09T23:29:41.994+0000] {dagbag.py:532} INFO - Filling up the DagBag from /home/airflow/.local/lib/python3.7/site-packages/airflow/example_dags/example_skip_dag.py
[2023-04-09T23:29:42.009+0000] {processor.py:753} INFO - DAG(s) dict_keys(['example_skip_dag']) retrieved from /home/airflow/.local/lib/python3.7/site-packages/airflow/example_dags/example_skip_dag.py
[2023-04-09T23:29:42.023+0000] {logging_mixin.py:137} INFO - [2023-04-09T23:29:42.023+0000] {dag.py:2705} INFO - Sync 1 DAGs
[2023-04-09T23:29:42.055+0000] {logging_mixin.py:137} INFO - [2023-04-09T23:29:42.055+0000] {dag.py:3456} INFO - Setting next_dagrun for example_skip_dag to 2023-04-08T23:29:42.055129+00:00, run_after=2023-04-09T23:29:42.055129+00:00
[2023-04-09T23:29:42.077+0000] {processor.py:175} INFO - Processing /home/airflow/.local/lib/python3.7/site-packages/airflow/example_dags/example_skip_dag.py took 0.086 seconds
[2023-04-09T23:30:12.775+0000] {processor.py:153} INFO - Started process (PID=103) to work on /home/airflow/.local/lib/python3.7/site-packages/airflow/example_dags/example_skip_dag.py
[2023-04-09T23:30:12.776+0000] {processor.py:743} INFO - Processing file /home/airflow/.local/lib/python3.7/site-packages/airflow/example_dags/example_skip_dag.py for tasks to queue
[2023-04-09T23:30:12.777+0000] {logging_mixin.py:137} INFO - [2023-04-09T23:30:12.776+0000] {dagbag.py:532} INFO - Filling up the DagBag from /home/airflow/.local/lib/python3.7/site-packages/airflow/example_dags/example_skip_dag.py
[2023-04-09T23:30:12.789+0000] {processor.py:753} INFO - DAG(s) dict_keys(['example_skip_dag']) retrieved from /home/airflow/.local/lib/python3.7/site-packages/airflow/example_dags/example_skip_dag.py
[2023-04-09T23:30:12.824+0000] {logging_mixin.py:137} INFO - [2023-04-09T23:30:12.824+0000] {dag.py:2705} INFO - Sync 1 DAGs
[2023-04-09T23:30:12.848+0000] {logging_mixin.py:137} INFO - [2023-04-09T23:30:12.848+0000] {dag.py:3456} INFO - Setting next_dagrun for example_skip_dag to 2023-04-08T23:30:12.848445+00:00, run_after=2023-04-09T23:30:12.848445+00:00
[2023-04-09T23:30:12.866+0000] {processor.py:175} INFO - Processing /home/airflow/.local/lib/python3.7/site-packages/airflow/example_dags/example_skip_dag.py took 0.094 seconds
[2023-04-09T23:30:42.902+0000] {processor.py:153} INFO - Started process (PID=153) to work on /home/airflow/.local/lib/python3.7/site-packages/airflow/example_dags/example_skip_dag.py
[2023-04-09T23:30:42.903+0000] {processor.py:743} INFO - Processing file /home/airflow/.local/lib/python3.7/site-packages/airflow/example_dags/example_skip_dag.py for tasks to queue
[2023-04-09T23:30:42.904+0000] {logging_mixin.py:137} INFO - [2023-04-09T23:30:42.904+0000] {dagbag.py:532} INFO - Filling up the DagBag from /home/airflow/.local/lib/python3.7/site-packages/airflow/example_dags/example_skip_dag.py
[2023-04-09T23:30:42.927+0000] {processor.py:753} INFO - DAG(s) dict_keys(['example_skip_dag']) retrieved from /home/airflow/.local/lib/python3.7/site-packages/airflow/example_dags/example_skip_dag.py
[2023-04-09T23:30:42.954+0000] {logging_mixin.py:137} INFO - [2023-04-09T23:30:42.954+0000] {dag.py:2705} INFO - Sync 1 DAGs
[2023-04-09T23:30:42.979+0000] {logging_mixin.py:137} INFO - [2023-04-09T23:30:42.979+0000] {dag.py:3456} INFO - Setting next_dagrun for example_skip_dag to 2023-04-08T23:30:42.979344+00:00, run_after=2023-04-09T23:30:42.979344+00:00
[2023-04-09T23:30:42.997+0000] {processor.py:175} INFO - Processing /home/airflow/.local/lib/python3.7/site-packages/airflow/example_dags/example_skip_dag.py took 0.101 seconds
[2023-04-09T23:31:13.409+0000] {processor.py:153} INFO - Started process (PID=225) to work on /home/airflow/.local/lib/python3.7/site-packages/airflow/example_dags/example_skip_dag.py
[2023-04-09T23:31:13.410+0000] {processor.py:743} INFO - Processing file /home/airflow/.local/lib/python3.7/site-packages/airflow/example_dags/example_skip_dag.py for tasks to queue
[2023-04-09T23:31:13.410+0000] {logging_mixin.py:137} INFO - [2023-04-09T23:31:13.410+0000] {dagbag.py:532} INFO - Filling up the DagBag from /home/airflow/.local/lib/python3.7/site-packages/airflow/example_dags/example_skip_dag.py
[2023-04-09T23:31:13.423+0000] {processor.py:753} INFO - DAG(s) dict_keys(['example_skip_dag']) retrieved from /home/airflow/.local/lib/python3.7/site-packages/airflow/example_dags/example_skip_dag.py
[2023-04-09T23:31:13.446+0000] {logging_mixin.py:137} INFO - [2023-04-09T23:31:13.445+0000] {dag.py:2705} INFO - Sync 1 DAGs
[2023-04-09T23:31:13.472+0000] {logging_mixin.py:137} INFO - [2023-04-09T23:31:13.472+0000] {dag.py:3456} INFO - Setting next_dagrun for example_skip_dag to 2023-04-08T23:31:13.472045+00:00, run_after=2023-04-09T23:31:13.472045+00:00
[2023-04-09T23:31:13.489+0000] {processor.py:175} INFO - Processing /home/airflow/.local/lib/python3.7/site-packages/airflow/example_dags/example_skip_dag.py took 0.083 seconds
