[2023-04-09T23:24:05.946+0000] {processor.py:153} INFO - Started process (PID=88) to work on /home/airflow/.local/lib/python3.7/site-packages/airflow/example_dags/example_complex.py
[2023-04-09T23:24:05.947+0000] {processor.py:743} INFO - Processing file /home/airflow/.local/lib/python3.7/site-packages/airflow/example_dags/example_complex.py for tasks to queue
[2023-04-09T23:24:05.947+0000] {logging_mixin.py:137} INFO - [2023-04-09T23:24:05.947+0000] {dagbag.py:532} INFO - Filling up the DagBag from /home/airflow/.local/lib/python3.7/site-packages/airflow/example_dags/example_complex.py
[2023-04-09T23:24:05.959+0000] {logging_mixin.py:137} INFO - [2023-04-09T23:24:05.959+0000] {taskmixin.py:211} WARNING - Dependency <Task(BashOperator): create_entry_group>, delete_entry_group already registered for DAG: example_complex
[2023-04-09T23:24:05.959+0000] {logging_mixin.py:137} INFO - [2023-04-09T23:24:05.959+0000] {taskmixin.py:211} WARNING - Dependency <Task(BashOperator): delete_entry_group>, create_entry_group already registered for DAG: example_complex
[2023-04-09T23:24:05.959+0000] {logging_mixin.py:137} INFO - [2023-04-09T23:24:05.959+0000] {taskmixin.py:211} WARNING - Dependency <Task(BashOperator): create_entry_gcs>, delete_entry already registered for DAG: example_complex
[2023-04-09T23:24:05.960+0000] {logging_mixin.py:137} INFO - [2023-04-09T23:24:05.959+0000] {taskmixin.py:211} WARNING - Dependency <Task(BashOperator): delete_entry>, create_entry_gcs already registered for DAG: example_complex
[2023-04-09T23:24:05.960+0000] {logging_mixin.py:137} INFO - [2023-04-09T23:24:05.960+0000] {taskmixin.py:211} WARNING - Dependency <Task(BashOperator): create_tag>, delete_tag already registered for DAG: example_complex
[2023-04-09T23:24:05.960+0000] {logging_mixin.py:137} INFO - [2023-04-09T23:24:05.960+0000] {taskmixin.py:211} WARNING - Dependency <Task(BashOperator): delete_tag>, create_tag already registered for DAG: example_complex
[2023-04-09T23:24:05.966+0000] {processor.py:753} INFO - DAG(s) dict_keys(['example_complex']) retrieved from /home/airflow/.local/lib/python3.7/site-packages/airflow/example_dags/example_complex.py
[2023-04-09T23:24:06.000+0000] {logging_mixin.py:137} INFO - [2023-04-09T23:24:06.000+0000] {dag.py:2705} INFO - Sync 1 DAGs
[2023-04-09T23:24:06.027+0000] {logging_mixin.py:137} INFO - [2023-04-09T23:24:06.027+0000] {dag.py:3456} INFO - Setting next_dagrun for example_complex to None, run_after=None
[2023-04-09T23:24:06.044+0000] {processor.py:175} INFO - Processing /home/airflow/.local/lib/python3.7/site-packages/airflow/example_dags/example_complex.py took 0.100 seconds
[2023-04-09T23:24:36.210+0000] {processor.py:153} INFO - Started process (PID=140) to work on /home/airflow/.local/lib/python3.7/site-packages/airflow/example_dags/example_complex.py
[2023-04-09T23:24:36.211+0000] {processor.py:743} INFO - Processing file /home/airflow/.local/lib/python3.7/site-packages/airflow/example_dags/example_complex.py for tasks to queue
[2023-04-09T23:24:36.212+0000] {logging_mixin.py:137} INFO - [2023-04-09T23:24:36.212+0000] {dagbag.py:532} INFO - Filling up the DagBag from /home/airflow/.local/lib/python3.7/site-packages/airflow/example_dags/example_complex.py
[2023-04-09T23:24:36.236+0000] {logging_mixin.py:137} INFO - [2023-04-09T23:24:36.236+0000] {taskmixin.py:211} WARNING - Dependency <Task(BashOperator): create_entry_group>, delete_entry_group already registered for DAG: example_complex
[2023-04-09T23:24:36.236+0000] {logging_mixin.py:137} INFO - [2023-04-09T23:24:36.236+0000] {taskmixin.py:211} WARNING - Dependency <Task(BashOperator): delete_entry_group>, create_entry_group already registered for DAG: example_complex
[2023-04-09T23:24:36.237+0000] {logging_mixin.py:137} INFO - [2023-04-09T23:24:36.237+0000] {taskmixin.py:211} WARNING - Dependency <Task(BashOperator): create_entry_gcs>, delete_entry already registered for DAG: example_complex
[2023-04-09T23:24:36.237+0000] {logging_mixin.py:137} INFO - [2023-04-09T23:24:36.237+0000] {taskmixin.py:211} WARNING - Dependency <Task(BashOperator): delete_entry>, create_entry_gcs already registered for DAG: example_complex
[2023-04-09T23:24:36.238+0000] {logging_mixin.py:137} INFO - [2023-04-09T23:24:36.238+0000] {taskmixin.py:211} WARNING - Dependency <Task(BashOperator): create_tag>, delete_tag already registered for DAG: example_complex
[2023-04-09T23:24:36.238+0000] {logging_mixin.py:137} INFO - [2023-04-09T23:24:36.238+0000] {taskmixin.py:211} WARNING - Dependency <Task(BashOperator): delete_tag>, create_tag already registered for DAG: example_complex
[2023-04-09T23:24:36.250+0000] {processor.py:753} INFO - DAG(s) dict_keys(['example_complex']) retrieved from /home/airflow/.local/lib/python3.7/site-packages/airflow/example_dags/example_complex.py
[2023-04-09T23:24:36.285+0000] {logging_mixin.py:137} INFO - [2023-04-09T23:24:36.285+0000] {dag.py:2705} INFO - Sync 1 DAGs
[2023-04-09T23:24:36.310+0000] {logging_mixin.py:137} INFO - [2023-04-09T23:24:36.310+0000] {dag.py:3456} INFO - Setting next_dagrun for example_complex to None, run_after=None
[2023-04-09T23:24:36.326+0000] {processor.py:175} INFO - Processing /home/airflow/.local/lib/python3.7/site-packages/airflow/example_dags/example_complex.py took 0.120 seconds
[2023-04-09T23:25:07.344+0000] {processor.py:153} INFO - Started process (PID=192) to work on /home/airflow/.local/lib/python3.7/site-packages/airflow/example_dags/example_complex.py
[2023-04-09T23:25:07.345+0000] {processor.py:743} INFO - Processing file /home/airflow/.local/lib/python3.7/site-packages/airflow/example_dags/example_complex.py for tasks to queue
[2023-04-09T23:25:07.346+0000] {logging_mixin.py:137} INFO - [2023-04-09T23:25:07.346+0000] {dagbag.py:532} INFO - Filling up the DagBag from /home/airflow/.local/lib/python3.7/site-packages/airflow/example_dags/example_complex.py
[2023-04-09T23:25:07.373+0000] {logging_mixin.py:137} INFO - [2023-04-09T23:25:07.373+0000] {taskmixin.py:211} WARNING - Dependency <Task(BashOperator): create_entry_group>, delete_entry_group already registered for DAG: example_complex
[2023-04-09T23:25:07.373+0000] {logging_mixin.py:137} INFO - [2023-04-09T23:25:07.373+0000] {taskmixin.py:211} WARNING - Dependency <Task(BashOperator): delete_entry_group>, create_entry_group already registered for DAG: example_complex
[2023-04-09T23:25:07.374+0000] {logging_mixin.py:137} INFO - [2023-04-09T23:25:07.374+0000] {taskmixin.py:211} WARNING - Dependency <Task(BashOperator): create_entry_gcs>, delete_entry already registered for DAG: example_complex
[2023-04-09T23:25:07.374+0000] {logging_mixin.py:137} INFO - [2023-04-09T23:25:07.374+0000] {taskmixin.py:211} WARNING - Dependency <Task(BashOperator): delete_entry>, create_entry_gcs already registered for DAG: example_complex
[2023-04-09T23:25:07.375+0000] {logging_mixin.py:137} INFO - [2023-04-09T23:25:07.375+0000] {taskmixin.py:211} WARNING - Dependency <Task(BashOperator): create_tag>, delete_tag already registered for DAG: example_complex
[2023-04-09T23:25:07.376+0000] {logging_mixin.py:137} INFO - [2023-04-09T23:25:07.376+0000] {taskmixin.py:211} WARNING - Dependency <Task(BashOperator): delete_tag>, create_tag already registered for DAG: example_complex
[2023-04-09T23:25:07.387+0000] {processor.py:753} INFO - DAG(s) dict_keys(['example_complex']) retrieved from /home/airflow/.local/lib/python3.7/site-packages/airflow/example_dags/example_complex.py
[2023-04-09T23:25:07.422+0000] {logging_mixin.py:137} INFO - [2023-04-09T23:25:07.422+0000] {dag.py:2705} INFO - Sync 1 DAGs
[2023-04-09T23:25:07.446+0000] {logging_mixin.py:137} INFO - [2023-04-09T23:25:07.445+0000] {dag.py:3456} INFO - Setting next_dagrun for example_complex to None, run_after=None
[2023-04-09T23:25:07.462+0000] {processor.py:175} INFO - Processing /home/airflow/.local/lib/python3.7/site-packages/airflow/example_dags/example_complex.py took 0.124 seconds
[2023-04-09T23:25:37.604+0000] {processor.py:153} INFO - Started process (PID=244) to work on /home/airflow/.local/lib/python3.7/site-packages/airflow/example_dags/example_complex.py
[2023-04-09T23:25:37.605+0000] {processor.py:743} INFO - Processing file /home/airflow/.local/lib/python3.7/site-packages/airflow/example_dags/example_complex.py for tasks to queue
[2023-04-09T23:25:37.605+0000] {logging_mixin.py:137} INFO - [2023-04-09T23:25:37.605+0000] {dagbag.py:532} INFO - Filling up the DagBag from /home/airflow/.local/lib/python3.7/site-packages/airflow/example_dags/example_complex.py
[2023-04-09T23:25:37.615+0000] {logging_mixin.py:137} INFO - [2023-04-09T23:25:37.615+0000] {taskmixin.py:211} WARNING - Dependency <Task(BashOperator): create_entry_group>, delete_entry_group already registered for DAG: example_complex
[2023-04-09T23:25:37.615+0000] {logging_mixin.py:137} INFO - [2023-04-09T23:25:37.615+0000] {taskmixin.py:211} WARNING - Dependency <Task(BashOperator): delete_entry_group>, create_entry_group already registered for DAG: example_complex
[2023-04-09T23:25:37.616+0000] {logging_mixin.py:137} INFO - [2023-04-09T23:25:37.616+0000] {taskmixin.py:211} WARNING - Dependency <Task(BashOperator): create_entry_gcs>, delete_entry already registered for DAG: example_complex
[2023-04-09T23:25:37.616+0000] {logging_mixin.py:137} INFO - [2023-04-09T23:25:37.616+0000] {taskmixin.py:211} WARNING - Dependency <Task(BashOperator): delete_entry>, create_entry_gcs already registered for DAG: example_complex
[2023-04-09T23:25:37.616+0000] {logging_mixin.py:137} INFO - [2023-04-09T23:25:37.616+0000] {taskmixin.py:211} WARNING - Dependency <Task(BashOperator): create_tag>, delete_tag already registered for DAG: example_complex
[2023-04-09T23:25:37.616+0000] {logging_mixin.py:137} INFO - [2023-04-09T23:25:37.616+0000] {taskmixin.py:211} WARNING - Dependency <Task(BashOperator): delete_tag>, create_tag already registered for DAG: example_complex
[2023-04-09T23:25:37.623+0000] {processor.py:753} INFO - DAG(s) dict_keys(['example_complex']) retrieved from /home/airflow/.local/lib/python3.7/site-packages/airflow/example_dags/example_complex.py
[2023-04-09T23:25:37.671+0000] {logging_mixin.py:137} INFO - [2023-04-09T23:25:37.671+0000] {dag.py:2705} INFO - Sync 1 DAGs
[2023-04-09T23:25:37.696+0000] {logging_mixin.py:137} INFO - [2023-04-09T23:25:37.695+0000] {dag.py:3456} INFO - Setting next_dagrun for example_complex to None, run_after=None
[2023-04-09T23:25:37.713+0000] {processor.py:175} INFO - Processing /home/airflow/.local/lib/python3.7/site-packages/airflow/example_dags/example_complex.py took 0.111 seconds
[2023-04-09T23:26:09.040+0000] {processor.py:153} INFO - Started process (PID=296) to work on /home/airflow/.local/lib/python3.7/site-packages/airflow/example_dags/example_complex.py
[2023-04-09T23:26:09.041+0000] {processor.py:743} INFO - Processing file /home/airflow/.local/lib/python3.7/site-packages/airflow/example_dags/example_complex.py for tasks to queue
[2023-04-09T23:26:09.041+0000] {logging_mixin.py:137} INFO - [2023-04-09T23:26:09.041+0000] {dagbag.py:532} INFO - Filling up the DagBag from /home/airflow/.local/lib/python3.7/site-packages/airflow/example_dags/example_complex.py
[2023-04-09T23:26:09.051+0000] {logging_mixin.py:137} INFO - [2023-04-09T23:26:09.051+0000] {taskmixin.py:211} WARNING - Dependency <Task(BashOperator): create_entry_group>, delete_entry_group already registered for DAG: example_complex
[2023-04-09T23:26:09.051+0000] {logging_mixin.py:137} INFO - [2023-04-09T23:26:09.051+0000] {taskmixin.py:211} WARNING - Dependency <Task(BashOperator): delete_entry_group>, create_entry_group already registered for DAG: example_complex
[2023-04-09T23:26:09.051+0000] {logging_mixin.py:137} INFO - [2023-04-09T23:26:09.051+0000] {taskmixin.py:211} WARNING - Dependency <Task(BashOperator): create_entry_gcs>, delete_entry already registered for DAG: example_complex
[2023-04-09T23:26:09.051+0000] {logging_mixin.py:137} INFO - [2023-04-09T23:26:09.051+0000] {taskmixin.py:211} WARNING - Dependency <Task(BashOperator): delete_entry>, create_entry_gcs already registered for DAG: example_complex
[2023-04-09T23:26:09.052+0000] {logging_mixin.py:137} INFO - [2023-04-09T23:26:09.052+0000] {taskmixin.py:211} WARNING - Dependency <Task(BashOperator): create_tag>, delete_tag already registered for DAG: example_complex
[2023-04-09T23:26:09.052+0000] {logging_mixin.py:137} INFO - [2023-04-09T23:26:09.052+0000] {taskmixin.py:211} WARNING - Dependency <Task(BashOperator): delete_tag>, create_tag already registered for DAG: example_complex
[2023-04-09T23:26:09.058+0000] {processor.py:753} INFO - DAG(s) dict_keys(['example_complex']) retrieved from /home/airflow/.local/lib/python3.7/site-packages/airflow/example_dags/example_complex.py
[2023-04-09T23:26:09.093+0000] {logging_mixin.py:137} INFO - [2023-04-09T23:26:09.093+0000] {dag.py:2705} INFO - Sync 1 DAGs
[2023-04-09T23:26:09.118+0000] {logging_mixin.py:137} INFO - [2023-04-09T23:26:09.118+0000] {dag.py:3456} INFO - Setting next_dagrun for example_complex to None, run_after=None
[2023-04-09T23:26:09.136+0000] {processor.py:175} INFO - Processing /home/airflow/.local/lib/python3.7/site-packages/airflow/example_dags/example_complex.py took 0.099 seconds
[2023-04-09T23:26:39.241+0000] {processor.py:153} INFO - Started process (PID=348) to work on /home/airflow/.local/lib/python3.7/site-packages/airflow/example_dags/example_complex.py
[2023-04-09T23:26:39.243+0000] {processor.py:743} INFO - Processing file /home/airflow/.local/lib/python3.7/site-packages/airflow/example_dags/example_complex.py for tasks to queue
[2023-04-09T23:26:39.244+0000] {logging_mixin.py:137} INFO - [2023-04-09T23:26:39.244+0000] {dagbag.py:532} INFO - Filling up the DagBag from /home/airflow/.local/lib/python3.7/site-packages/airflow/example_dags/example_complex.py
[2023-04-09T23:26:39.267+0000] {logging_mixin.py:137} INFO - [2023-04-09T23:26:39.267+0000] {taskmixin.py:211} WARNING - Dependency <Task(BashOperator): create_entry_group>, delete_entry_group already registered for DAG: example_complex
[2023-04-09T23:26:39.268+0000] {logging_mixin.py:137} INFO - [2023-04-09T23:26:39.267+0000] {taskmixin.py:211} WARNING - Dependency <Task(BashOperator): delete_entry_group>, create_entry_group already registered for DAG: example_complex
[2023-04-09T23:26:39.268+0000] {logging_mixin.py:137} INFO - [2023-04-09T23:26:39.268+0000] {taskmixin.py:211} WARNING - Dependency <Task(BashOperator): create_entry_gcs>, delete_entry already registered for DAG: example_complex
[2023-04-09T23:26:39.268+0000] {logging_mixin.py:137} INFO - [2023-04-09T23:26:39.268+0000] {taskmixin.py:211} WARNING - Dependency <Task(BashOperator): delete_entry>, create_entry_gcs already registered for DAG: example_complex
[2023-04-09T23:26:39.269+0000] {logging_mixin.py:137} INFO - [2023-04-09T23:26:39.269+0000] {taskmixin.py:211} WARNING - Dependency <Task(BashOperator): create_tag>, delete_tag already registered for DAG: example_complex
[2023-04-09T23:26:39.270+0000] {logging_mixin.py:137} INFO - [2023-04-09T23:26:39.269+0000] {taskmixin.py:211} WARNING - Dependency <Task(BashOperator): delete_tag>, create_tag already registered for DAG: example_complex
[2023-04-09T23:26:39.282+0000] {processor.py:753} INFO - DAG(s) dict_keys(['example_complex']) retrieved from /home/airflow/.local/lib/python3.7/site-packages/airflow/example_dags/example_complex.py
[2023-04-09T23:26:39.316+0000] {logging_mixin.py:137} INFO - [2023-04-09T23:26:39.316+0000] {dag.py:2705} INFO - Sync 1 DAGs
[2023-04-09T23:26:39.341+0000] {logging_mixin.py:137} INFO - [2023-04-09T23:26:39.341+0000] {dag.py:3456} INFO - Setting next_dagrun for example_complex to None, run_after=None
[2023-04-09T23:26:39.359+0000] {processor.py:175} INFO - Processing /home/airflow/.local/lib/python3.7/site-packages/airflow/example_dags/example_complex.py took 0.123 seconds
[2023-04-09T23:27:10.499+0000] {processor.py:153} INFO - Started process (PID=400) to work on /home/airflow/.local/lib/python3.7/site-packages/airflow/example_dags/example_complex.py
[2023-04-09T23:27:10.500+0000] {processor.py:743} INFO - Processing file /home/airflow/.local/lib/python3.7/site-packages/airflow/example_dags/example_complex.py for tasks to queue
[2023-04-09T23:27:10.501+0000] {logging_mixin.py:137} INFO - [2023-04-09T23:27:10.501+0000] {dagbag.py:532} INFO - Filling up the DagBag from /home/airflow/.local/lib/python3.7/site-packages/airflow/example_dags/example_complex.py
[2023-04-09T23:27:10.524+0000] {logging_mixin.py:137} INFO - [2023-04-09T23:27:10.524+0000] {taskmixin.py:211} WARNING - Dependency <Task(BashOperator): create_entry_group>, delete_entry_group already registered for DAG: example_complex
[2023-04-09T23:27:10.525+0000] {logging_mixin.py:137} INFO - [2023-04-09T23:27:10.524+0000] {taskmixin.py:211} WARNING - Dependency <Task(BashOperator): delete_entry_group>, create_entry_group already registered for DAG: example_complex
[2023-04-09T23:27:10.525+0000] {logging_mixin.py:137} INFO - [2023-04-09T23:27:10.525+0000] {taskmixin.py:211} WARNING - Dependency <Task(BashOperator): create_entry_gcs>, delete_entry already registered for DAG: example_complex
[2023-04-09T23:27:10.525+0000] {logging_mixin.py:137} INFO - [2023-04-09T23:27:10.525+0000] {taskmixin.py:211} WARNING - Dependency <Task(BashOperator): delete_entry>, create_entry_gcs already registered for DAG: example_complex
[2023-04-09T23:27:10.526+0000] {logging_mixin.py:137} INFO - [2023-04-09T23:27:10.526+0000] {taskmixin.py:211} WARNING - Dependency <Task(BashOperator): create_tag>, delete_tag already registered for DAG: example_complex
[2023-04-09T23:27:10.527+0000] {logging_mixin.py:137} INFO - [2023-04-09T23:27:10.526+0000] {taskmixin.py:211} WARNING - Dependency <Task(BashOperator): delete_tag>, create_tag already registered for DAG: example_complex
[2023-04-09T23:27:10.539+0000] {processor.py:753} INFO - DAG(s) dict_keys(['example_complex']) retrieved from /home/airflow/.local/lib/python3.7/site-packages/airflow/example_dags/example_complex.py
[2023-04-09T23:27:10.573+0000] {logging_mixin.py:137} INFO - [2023-04-09T23:27:10.573+0000] {dag.py:2705} INFO - Sync 1 DAGs
[2023-04-09T23:27:10.598+0000] {logging_mixin.py:137} INFO - [2023-04-09T23:27:10.598+0000] {dag.py:3456} INFO - Setting next_dagrun for example_complex to None, run_after=None
[2023-04-09T23:27:10.614+0000] {processor.py:175} INFO - Processing /home/airflow/.local/lib/python3.7/site-packages/airflow/example_dags/example_complex.py took 0.120 seconds
[2023-04-09T23:29:44.158+0000] {processor.py:153} INFO - Started process (PID=85) to work on /home/airflow/.local/lib/python3.7/site-packages/airflow/example_dags/example_complex.py
[2023-04-09T23:29:44.159+0000] {processor.py:743} INFO - Processing file /home/airflow/.local/lib/python3.7/site-packages/airflow/example_dags/example_complex.py for tasks to queue
[2023-04-09T23:29:44.160+0000] {logging_mixin.py:137} INFO - [2023-04-09T23:29:44.160+0000] {dagbag.py:532} INFO - Filling up the DagBag from /home/airflow/.local/lib/python3.7/site-packages/airflow/example_dags/example_complex.py
[2023-04-09T23:29:44.183+0000] {logging_mixin.py:137} INFO - [2023-04-09T23:29:44.183+0000] {taskmixin.py:211} WARNING - Dependency <Task(BashOperator): create_entry_group>, delete_entry_group already registered for DAG: example_complex
[2023-04-09T23:29:44.184+0000] {logging_mixin.py:137} INFO - [2023-04-09T23:29:44.184+0000] {taskmixin.py:211} WARNING - Dependency <Task(BashOperator): delete_entry_group>, create_entry_group already registered for DAG: example_complex
[2023-04-09T23:29:44.184+0000] {logging_mixin.py:137} INFO - [2023-04-09T23:29:44.184+0000] {taskmixin.py:211} WARNING - Dependency <Task(BashOperator): create_entry_gcs>, delete_entry already registered for DAG: example_complex
[2023-04-09T23:29:44.185+0000] {logging_mixin.py:137} INFO - [2023-04-09T23:29:44.184+0000] {taskmixin.py:211} WARNING - Dependency <Task(BashOperator): delete_entry>, create_entry_gcs already registered for DAG: example_complex
[2023-04-09T23:29:44.185+0000] {logging_mixin.py:137} INFO - [2023-04-09T23:29:44.185+0000] {taskmixin.py:211} WARNING - Dependency <Task(BashOperator): create_tag>, delete_tag already registered for DAG: example_complex
[2023-04-09T23:29:44.186+0000] {logging_mixin.py:137} INFO - [2023-04-09T23:29:44.186+0000] {taskmixin.py:211} WARNING - Dependency <Task(BashOperator): delete_tag>, create_tag already registered for DAG: example_complex
[2023-04-09T23:29:44.198+0000] {processor.py:753} INFO - DAG(s) dict_keys(['example_complex']) retrieved from /home/airflow/.local/lib/python3.7/site-packages/airflow/example_dags/example_complex.py
[2023-04-09T23:29:44.208+0000] {logging_mixin.py:137} INFO - [2023-04-09T23:29:44.207+0000] {dag.py:2705} INFO - Sync 1 DAGs
[2023-04-09T23:29:44.231+0000] {logging_mixin.py:137} INFO - [2023-04-09T23:29:44.231+0000] {dag.py:3456} INFO - Setting next_dagrun for example_complex to None, run_after=None
[2023-04-09T23:29:44.248+0000] {processor.py:175} INFO - Processing /home/airflow/.local/lib/python3.7/site-packages/airflow/example_dags/example_complex.py took 0.095 seconds
[2023-04-09T23:30:15.376+0000] {processor.py:153} INFO - Started process (PID=137) to work on /home/airflow/.local/lib/python3.7/site-packages/airflow/example_dags/example_complex.py
[2023-04-09T23:30:15.377+0000] {processor.py:743} INFO - Processing file /home/airflow/.local/lib/python3.7/site-packages/airflow/example_dags/example_complex.py for tasks to queue
[2023-04-09T23:30:15.378+0000] {logging_mixin.py:137} INFO - [2023-04-09T23:30:15.378+0000] {dagbag.py:532} INFO - Filling up the DagBag from /home/airflow/.local/lib/python3.7/site-packages/airflow/example_dags/example_complex.py
[2023-04-09T23:30:15.405+0000] {logging_mixin.py:137} INFO - [2023-04-09T23:30:15.405+0000] {taskmixin.py:211} WARNING - Dependency <Task(BashOperator): create_entry_group>, delete_entry_group already registered for DAG: example_complex
[2023-04-09T23:30:15.405+0000] {logging_mixin.py:137} INFO - [2023-04-09T23:30:15.405+0000] {taskmixin.py:211} WARNING - Dependency <Task(BashOperator): delete_entry_group>, create_entry_group already registered for DAG: example_complex
[2023-04-09T23:30:15.406+0000] {logging_mixin.py:137} INFO - [2023-04-09T23:30:15.406+0000] {taskmixin.py:211} WARNING - Dependency <Task(BashOperator): create_entry_gcs>, delete_entry already registered for DAG: example_complex
[2023-04-09T23:30:15.406+0000] {logging_mixin.py:137} INFO - [2023-04-09T23:30:15.406+0000] {taskmixin.py:211} WARNING - Dependency <Task(BashOperator): delete_entry>, create_entry_gcs already registered for DAG: example_complex
[2023-04-09T23:30:15.407+0000] {logging_mixin.py:137} INFO - [2023-04-09T23:30:15.407+0000] {taskmixin.py:211} WARNING - Dependency <Task(BashOperator): create_tag>, delete_tag already registered for DAG: example_complex
[2023-04-09T23:30:15.408+0000] {logging_mixin.py:137} INFO - [2023-04-09T23:30:15.407+0000] {taskmixin.py:211} WARNING - Dependency <Task(BashOperator): delete_tag>, create_tag already registered for DAG: example_complex
[2023-04-09T23:30:15.420+0000] {processor.py:753} INFO - DAG(s) dict_keys(['example_complex']) retrieved from /home/airflow/.local/lib/python3.7/site-packages/airflow/example_dags/example_complex.py
[2023-04-09T23:30:15.457+0000] {logging_mixin.py:137} INFO - [2023-04-09T23:30:15.457+0000] {dag.py:2705} INFO - Sync 1 DAGs
[2023-04-09T23:30:15.485+0000] {logging_mixin.py:137} INFO - [2023-04-09T23:30:15.485+0000] {dag.py:3456} INFO - Setting next_dagrun for example_complex to None, run_after=None
[2023-04-09T23:30:15.505+0000] {processor.py:175} INFO - Processing /home/airflow/.local/lib/python3.7/site-packages/airflow/example_dags/example_complex.py took 0.135 seconds
[2023-04-09T23:30:45.918+0000] {processor.py:153} INFO - Started process (PID=189) to work on /home/airflow/.local/lib/python3.7/site-packages/airflow/example_dags/example_complex.py
[2023-04-09T23:30:45.919+0000] {processor.py:743} INFO - Processing file /home/airflow/.local/lib/python3.7/site-packages/airflow/example_dags/example_complex.py for tasks to queue
[2023-04-09T23:30:45.919+0000] {logging_mixin.py:137} INFO - [2023-04-09T23:30:45.919+0000] {dagbag.py:532} INFO - Filling up the DagBag from /home/airflow/.local/lib/python3.7/site-packages/airflow/example_dags/example_complex.py
[2023-04-09T23:30:45.929+0000] {logging_mixin.py:137} INFO - [2023-04-09T23:30:45.929+0000] {taskmixin.py:211} WARNING - Dependency <Task(BashOperator): create_entry_group>, delete_entry_group already registered for DAG: example_complex
[2023-04-09T23:30:45.929+0000] {logging_mixin.py:137} INFO - [2023-04-09T23:30:45.929+0000] {taskmixin.py:211} WARNING - Dependency <Task(BashOperator): delete_entry_group>, create_entry_group already registered for DAG: example_complex
[2023-04-09T23:30:45.930+0000] {logging_mixin.py:137} INFO - [2023-04-09T23:30:45.929+0000] {taskmixin.py:211} WARNING - Dependency <Task(BashOperator): create_entry_gcs>, delete_entry already registered for DAG: example_complex
[2023-04-09T23:30:45.930+0000] {logging_mixin.py:137} INFO - [2023-04-09T23:30:45.930+0000] {taskmixin.py:211} WARNING - Dependency <Task(BashOperator): delete_entry>, create_entry_gcs already registered for DAG: example_complex
[2023-04-09T23:30:45.930+0000] {logging_mixin.py:137} INFO - [2023-04-09T23:30:45.930+0000] {taskmixin.py:211} WARNING - Dependency <Task(BashOperator): create_tag>, delete_tag already registered for DAG: example_complex
[2023-04-09T23:30:45.930+0000] {logging_mixin.py:137} INFO - [2023-04-09T23:30:45.930+0000] {taskmixin.py:211} WARNING - Dependency <Task(BashOperator): delete_tag>, create_tag already registered for DAG: example_complex
[2023-04-09T23:30:45.936+0000] {processor.py:753} INFO - DAG(s) dict_keys(['example_complex']) retrieved from /home/airflow/.local/lib/python3.7/site-packages/airflow/example_dags/example_complex.py
[2023-04-09T23:30:45.968+0000] {logging_mixin.py:137} INFO - [2023-04-09T23:30:45.967+0000] {dag.py:2705} INFO - Sync 1 DAGs
[2023-04-09T23:30:45.990+0000] {logging_mixin.py:137} INFO - [2023-04-09T23:30:45.990+0000] {dag.py:3456} INFO - Setting next_dagrun for example_complex to None, run_after=None
[2023-04-09T23:30:46.006+0000] {processor.py:175} INFO - Processing /home/airflow/.local/lib/python3.7/site-packages/airflow/example_dags/example_complex.py took 0.090 seconds
[2023-04-09T23:31:16.283+0000] {processor.py:153} INFO - Started process (PID=261) to work on /home/airflow/.local/lib/python3.7/site-packages/airflow/example_dags/example_complex.py
[2023-04-09T23:31:16.284+0000] {processor.py:743} INFO - Processing file /home/airflow/.local/lib/python3.7/site-packages/airflow/example_dags/example_complex.py for tasks to queue
[2023-04-09T23:31:16.284+0000] {logging_mixin.py:137} INFO - [2023-04-09T23:31:16.284+0000] {dagbag.py:532} INFO - Filling up the DagBag from /home/airflow/.local/lib/python3.7/site-packages/airflow/example_dags/example_complex.py
[2023-04-09T23:31:16.295+0000] {logging_mixin.py:137} INFO - [2023-04-09T23:31:16.295+0000] {taskmixin.py:211} WARNING - Dependency <Task(BashOperator): create_entry_group>, delete_entry_group already registered for DAG: example_complex
[2023-04-09T23:31:16.295+0000] {logging_mixin.py:137} INFO - [2023-04-09T23:31:16.295+0000] {taskmixin.py:211} WARNING - Dependency <Task(BashOperator): delete_entry_group>, create_entry_group already registered for DAG: example_complex
[2023-04-09T23:31:16.295+0000] {logging_mixin.py:137} INFO - [2023-04-09T23:31:16.295+0000] {taskmixin.py:211} WARNING - Dependency <Task(BashOperator): create_entry_gcs>, delete_entry already registered for DAG: example_complex
[2023-04-09T23:31:16.295+0000] {logging_mixin.py:137} INFO - [2023-04-09T23:31:16.295+0000] {taskmixin.py:211} WARNING - Dependency <Task(BashOperator): delete_entry>, create_entry_gcs already registered for DAG: example_complex
[2023-04-09T23:31:16.296+0000] {logging_mixin.py:137} INFO - [2023-04-09T23:31:16.296+0000] {taskmixin.py:211} WARNING - Dependency <Task(BashOperator): create_tag>, delete_tag already registered for DAG: example_complex
[2023-04-09T23:31:16.296+0000] {logging_mixin.py:137} INFO - [2023-04-09T23:31:16.296+0000] {taskmixin.py:211} WARNING - Dependency <Task(BashOperator): delete_tag>, create_tag already registered for DAG: example_complex
[2023-04-09T23:31:16.302+0000] {processor.py:753} INFO - DAG(s) dict_keys(['example_complex']) retrieved from /home/airflow/.local/lib/python3.7/site-packages/airflow/example_dags/example_complex.py
[2023-04-09T23:31:16.337+0000] {logging_mixin.py:137} INFO - [2023-04-09T23:31:16.337+0000] {dag.py:2705} INFO - Sync 1 DAGs
[2023-04-09T23:31:16.370+0000] {logging_mixin.py:137} INFO - [2023-04-09T23:31:16.369+0000] {dag.py:3456} INFO - Setting next_dagrun for example_complex to None, run_after=None
[2023-04-09T23:31:16.391+0000] {processor.py:175} INFO - Processing /home/airflow/.local/lib/python3.7/site-packages/airflow/example_dags/example_complex.py took 0.110 seconds
