[2023-04-09T23:24:02.903+0000] {processor.py:153} INFO - Started process (PID=53) to work on /home/airflow/.local/lib/python3.7/site-packages/airflow/example_dags/example_branch_operator.py
[2023-04-09T23:24:02.904+0000] {processor.py:743} INFO - Processing file /home/airflow/.local/lib/python3.7/site-packages/airflow/example_dags/example_branch_operator.py for tasks to queue
[2023-04-09T23:24:02.905+0000] {logging_mixin.py:137} INFO - [2023-04-09T23:24:02.905+0000] {dagbag.py:532} INFO - Filling up the DagBag from /home/airflow/.local/lib/python3.7/site-packages/airflow/example_dags/example_branch_operator.py
[2023-04-09T23:24:02.940+0000] {processor.py:753} INFO - DAG(s) dict_keys(['example_branch_operator']) retrieved from /home/airflow/.local/lib/python3.7/site-packages/airflow/example_dags/example_branch_operator.py
[2023-04-09T23:24:02.967+0000] {logging_mixin.py:137} INFO - [2023-04-09T23:24:02.967+0000] {dag.py:2705} INFO - Sync 1 DAGs
[2023-04-09T23:24:02.999+0000] {logging_mixin.py:137} INFO - [2023-04-09T23:24:02.999+0000] {dag.py:3456} INFO - Setting next_dagrun for example_branch_operator to 2023-04-08T00:00:00+00:00, run_after=2023-04-09T00:00:00+00:00
[2023-04-09T23:24:03.019+0000] {processor.py:175} INFO - Processing /home/airflow/.local/lib/python3.7/site-packages/airflow/example_dags/example_branch_operator.py took 0.121 seconds
[2023-04-09T23:24:33.349+0000] {processor.py:153} INFO - Started process (PID=103) to work on /home/airflow/.local/lib/python3.7/site-packages/airflow/example_dags/example_branch_operator.py
[2023-04-09T23:24:33.350+0000] {processor.py:743} INFO - Processing file /home/airflow/.local/lib/python3.7/site-packages/airflow/example_dags/example_branch_operator.py for tasks to queue
[2023-04-09T23:24:33.351+0000] {logging_mixin.py:137} INFO - [2023-04-09T23:24:33.351+0000] {dagbag.py:532} INFO - Filling up the DagBag from /home/airflow/.local/lib/python3.7/site-packages/airflow/example_dags/example_branch_operator.py
[2023-04-09T23:24:33.385+0000] {processor.py:753} INFO - DAG(s) dict_keys(['example_branch_operator']) retrieved from /home/airflow/.local/lib/python3.7/site-packages/airflow/example_dags/example_branch_operator.py
[2023-04-09T23:24:33.408+0000] {logging_mixin.py:137} INFO - [2023-04-09T23:24:33.408+0000] {dag.py:2705} INFO - Sync 1 DAGs
[2023-04-09T23:24:33.434+0000] {logging_mixin.py:137} INFO - [2023-04-09T23:24:33.434+0000] {dag.py:3456} INFO - Setting next_dagrun for example_branch_operator to 2023-04-08T00:00:00+00:00, run_after=2023-04-09T00:00:00+00:00
[2023-04-09T23:24:33.451+0000] {processor.py:175} INFO - Processing /home/airflow/.local/lib/python3.7/site-packages/airflow/example_dags/example_branch_operator.py took 0.108 seconds
[2023-04-09T23:25:03.627+0000] {processor.py:153} INFO - Started process (PID=155) to work on /home/airflow/.local/lib/python3.7/site-packages/airflow/example_dags/example_branch_operator.py
[2023-04-09T23:25:03.628+0000] {processor.py:743} INFO - Processing file /home/airflow/.local/lib/python3.7/site-packages/airflow/example_dags/example_branch_operator.py for tasks to queue
[2023-04-09T23:25:03.629+0000] {logging_mixin.py:137} INFO - [2023-04-09T23:25:03.629+0000] {dagbag.py:532} INFO - Filling up the DagBag from /home/airflow/.local/lib/python3.7/site-packages/airflow/example_dags/example_branch_operator.py
[2023-04-09T23:25:03.664+0000] {processor.py:753} INFO - DAG(s) dict_keys(['example_branch_operator']) retrieved from /home/airflow/.local/lib/python3.7/site-packages/airflow/example_dags/example_branch_operator.py
[2023-04-09T23:25:03.689+0000] {logging_mixin.py:137} INFO - [2023-04-09T23:25:03.688+0000] {dag.py:2705} INFO - Sync 1 DAGs
[2023-04-09T23:25:03.714+0000] {logging_mixin.py:137} INFO - [2023-04-09T23:25:03.714+0000] {dag.py:3456} INFO - Setting next_dagrun for example_branch_operator to 2023-04-08T00:00:00+00:00, run_after=2023-04-09T00:00:00+00:00
[2023-04-09T23:25:03.732+0000] {processor.py:175} INFO - Processing /home/airflow/.local/lib/python3.7/site-packages/airflow/example_dags/example_branch_operator.py took 0.111 seconds
[2023-04-09T23:25:34.091+0000] {processor.py:153} INFO - Started process (PID=207) to work on /home/airflow/.local/lib/python3.7/site-packages/airflow/example_dags/example_branch_operator.py
[2023-04-09T23:25:34.092+0000] {processor.py:743} INFO - Processing file /home/airflow/.local/lib/python3.7/site-packages/airflow/example_dags/example_branch_operator.py for tasks to queue
[2023-04-09T23:25:34.093+0000] {logging_mixin.py:137} INFO - [2023-04-09T23:25:34.093+0000] {dagbag.py:532} INFO - Filling up the DagBag from /home/airflow/.local/lib/python3.7/site-packages/airflow/example_dags/example_branch_operator.py
[2023-04-09T23:25:34.125+0000] {processor.py:753} INFO - DAG(s) dict_keys(['example_branch_operator']) retrieved from /home/airflow/.local/lib/python3.7/site-packages/airflow/example_dags/example_branch_operator.py
[2023-04-09T23:25:34.153+0000] {logging_mixin.py:137} INFO - [2023-04-09T23:25:34.152+0000] {dag.py:2705} INFO - Sync 1 DAGs
[2023-04-09T23:25:34.181+0000] {logging_mixin.py:137} INFO - [2023-04-09T23:25:34.181+0000] {dag.py:3456} INFO - Setting next_dagrun for example_branch_operator to 2023-04-08T00:00:00+00:00, run_after=2023-04-09T00:00:00+00:00
[2023-04-09T23:25:34.200+0000] {processor.py:175} INFO - Processing /home/airflow/.local/lib/python3.7/site-packages/airflow/example_dags/example_branch_operator.py took 0.115 seconds
[2023-04-09T23:26:04.301+0000] {processor.py:153} INFO - Started process (PID=259) to work on /home/airflow/.local/lib/python3.7/site-packages/airflow/example_dags/example_branch_operator.py
[2023-04-09T23:26:04.302+0000] {processor.py:743} INFO - Processing file /home/airflow/.local/lib/python3.7/site-packages/airflow/example_dags/example_branch_operator.py for tasks to queue
[2023-04-09T23:26:04.303+0000] {logging_mixin.py:137} INFO - [2023-04-09T23:26:04.303+0000] {dagbag.py:532} INFO - Filling up the DagBag from /home/airflow/.local/lib/python3.7/site-packages/airflow/example_dags/example_branch_operator.py
[2023-04-09T23:26:04.335+0000] {processor.py:753} INFO - DAG(s) dict_keys(['example_branch_operator']) retrieved from /home/airflow/.local/lib/python3.7/site-packages/airflow/example_dags/example_branch_operator.py
[2023-04-09T23:26:04.362+0000] {logging_mixin.py:137} INFO - [2023-04-09T23:26:04.362+0000] {dag.py:2705} INFO - Sync 1 DAGs
[2023-04-09T23:26:04.389+0000] {logging_mixin.py:137} INFO - [2023-04-09T23:26:04.389+0000] {dag.py:3456} INFO - Setting next_dagrun for example_branch_operator to 2023-04-08T00:00:00+00:00, run_after=2023-04-09T00:00:00+00:00
[2023-04-09T23:26:04.407+0000] {processor.py:175} INFO - Processing /home/airflow/.local/lib/python3.7/site-packages/airflow/example_dags/example_branch_operator.py took 0.111 seconds
[2023-04-09T23:26:34.556+0000] {processor.py:153} INFO - Started process (PID=311) to work on /home/airflow/.local/lib/python3.7/site-packages/airflow/example_dags/example_branch_operator.py
[2023-04-09T23:26:34.557+0000] {processor.py:743} INFO - Processing file /home/airflow/.local/lib/python3.7/site-packages/airflow/example_dags/example_branch_operator.py for tasks to queue
[2023-04-09T23:26:34.558+0000] {logging_mixin.py:137} INFO - [2023-04-09T23:26:34.558+0000] {dagbag.py:532} INFO - Filling up the DagBag from /home/airflow/.local/lib/python3.7/site-packages/airflow/example_dags/example_branch_operator.py
[2023-04-09T23:26:34.589+0000] {processor.py:753} INFO - DAG(s) dict_keys(['example_branch_operator']) retrieved from /home/airflow/.local/lib/python3.7/site-packages/airflow/example_dags/example_branch_operator.py
[2023-04-09T23:26:34.618+0000] {logging_mixin.py:137} INFO - [2023-04-09T23:26:34.617+0000] {dag.py:2705} INFO - Sync 1 DAGs
[2023-04-09T23:26:34.645+0000] {logging_mixin.py:137} INFO - [2023-04-09T23:26:34.645+0000] {dag.py:3456} INFO - Setting next_dagrun for example_branch_operator to 2023-04-08T00:00:00+00:00, run_after=2023-04-09T00:00:00+00:00
[2023-04-09T23:26:34.661+0000] {processor.py:175} INFO - Processing /home/airflow/.local/lib/python3.7/site-packages/airflow/example_dags/example_branch_operator.py took 0.110 seconds
[2023-04-09T23:27:04.782+0000] {processor.py:153} INFO - Started process (PID=363) to work on /home/airflow/.local/lib/python3.7/site-packages/airflow/example_dags/example_branch_operator.py
[2023-04-09T23:27:04.784+0000] {processor.py:743} INFO - Processing file /home/airflow/.local/lib/python3.7/site-packages/airflow/example_dags/example_branch_operator.py for tasks to queue
[2023-04-09T23:27:04.785+0000] {logging_mixin.py:137} INFO - [2023-04-09T23:27:04.784+0000] {dagbag.py:532} INFO - Filling up the DagBag from /home/airflow/.local/lib/python3.7/site-packages/airflow/example_dags/example_branch_operator.py
[2023-04-09T23:27:04.816+0000] {processor.py:753} INFO - DAG(s) dict_keys(['example_branch_operator']) retrieved from /home/airflow/.local/lib/python3.7/site-packages/airflow/example_dags/example_branch_operator.py
[2023-04-09T23:27:04.846+0000] {logging_mixin.py:137} INFO - [2023-04-09T23:27:04.846+0000] {dag.py:2705} INFO - Sync 1 DAGs
[2023-04-09T23:27:04.872+0000] {logging_mixin.py:137} INFO - [2023-04-09T23:27:04.872+0000] {dag.py:3456} INFO - Setting next_dagrun for example_branch_operator to 2023-04-08T00:00:00+00:00, run_after=2023-04-09T00:00:00+00:00
[2023-04-09T23:27:04.888+0000] {processor.py:175} INFO - Processing /home/airflow/.local/lib/python3.7/site-packages/airflow/example_dags/example_branch_operator.py took 0.112 seconds
[2023-04-09T23:29:41.894+0000] {processor.py:153} INFO - Started process (PID=50) to work on /home/airflow/.local/lib/python3.7/site-packages/airflow/example_dags/example_branch_operator.py
[2023-04-09T23:29:41.895+0000] {processor.py:743} INFO - Processing file /home/airflow/.local/lib/python3.7/site-packages/airflow/example_dags/example_branch_operator.py for tasks to queue
[2023-04-09T23:29:41.895+0000] {logging_mixin.py:137} INFO - [2023-04-09T23:29:41.895+0000] {dagbag.py:532} INFO - Filling up the DagBag from /home/airflow/.local/lib/python3.7/site-packages/airflow/example_dags/example_branch_operator.py
[2023-04-09T23:29:41.913+0000] {processor.py:753} INFO - DAG(s) dict_keys(['example_branch_operator']) retrieved from /home/airflow/.local/lib/python3.7/site-packages/airflow/example_dags/example_branch_operator.py
[2023-04-09T23:29:41.922+0000] {logging_mixin.py:137} INFO - [2023-04-09T23:29:41.922+0000] {dag.py:2705} INFO - Sync 1 DAGs
[2023-04-09T23:29:41.948+0000] {logging_mixin.py:137} INFO - [2023-04-09T23:29:41.948+0000] {dag.py:3456} INFO - Setting next_dagrun for example_branch_operator to 2023-04-08T00:00:00+00:00, run_after=2023-04-09T00:00:00+00:00
[2023-04-09T23:29:41.968+0000] {processor.py:175} INFO - Processing /home/airflow/.local/lib/python3.7/site-packages/airflow/example_dags/example_branch_operator.py took 0.077 seconds
[2023-04-09T23:30:12.677+0000] {processor.py:153} INFO - Started process (PID=102) to work on /home/airflow/.local/lib/python3.7/site-packages/airflow/example_dags/example_branch_operator.py
[2023-04-09T23:30:12.678+0000] {processor.py:743} INFO - Processing file /home/airflow/.local/lib/python3.7/site-packages/airflow/example_dags/example_branch_operator.py for tasks to queue
[2023-04-09T23:30:12.679+0000] {logging_mixin.py:137} INFO - [2023-04-09T23:30:12.678+0000] {dagbag.py:532} INFO - Filling up the DagBag from /home/airflow/.local/lib/python3.7/site-packages/airflow/example_dags/example_branch_operator.py
[2023-04-09T23:30:12.692+0000] {processor.py:753} INFO - DAG(s) dict_keys(['example_branch_operator']) retrieved from /home/airflow/.local/lib/python3.7/site-packages/airflow/example_dags/example_branch_operator.py
[2023-04-09T23:30:12.716+0000] {logging_mixin.py:137} INFO - [2023-04-09T23:30:12.715+0000] {dag.py:2705} INFO - Sync 1 DAGs
[2023-04-09T23:30:12.740+0000] {logging_mixin.py:137} INFO - [2023-04-09T23:30:12.740+0000] {dag.py:3456} INFO - Setting next_dagrun for example_branch_operator to 2023-04-08T00:00:00+00:00, run_after=2023-04-09T00:00:00+00:00
[2023-04-09T23:30:12.756+0000] {processor.py:175} INFO - Processing /home/airflow/.local/lib/python3.7/site-packages/airflow/example_dags/example_branch_operator.py took 0.081 seconds
[2023-04-09T23:30:42.897+0000] {processor.py:153} INFO - Started process (PID=152) to work on /home/airflow/.local/lib/python3.7/site-packages/airflow/example_dags/example_branch_operator.py
[2023-04-09T23:30:42.898+0000] {processor.py:743} INFO - Processing file /home/airflow/.local/lib/python3.7/site-packages/airflow/example_dags/example_branch_operator.py for tasks to queue
[2023-04-09T23:30:42.899+0000] {logging_mixin.py:137} INFO - [2023-04-09T23:30:42.899+0000] {dagbag.py:532} INFO - Filling up the DagBag from /home/airflow/.local/lib/python3.7/site-packages/airflow/example_dags/example_branch_operator.py
[2023-04-09T23:30:42.930+0000] {processor.py:753} INFO - DAG(s) dict_keys(['example_branch_operator']) retrieved from /home/airflow/.local/lib/python3.7/site-packages/airflow/example_dags/example_branch_operator.py
[2023-04-09T23:30:42.961+0000] {logging_mixin.py:137} INFO - [2023-04-09T23:30:42.961+0000] {dag.py:2705} INFO - Sync 1 DAGs
[2023-04-09T23:30:42.991+0000] {logging_mixin.py:137} INFO - [2023-04-09T23:30:42.990+0000] {dag.py:3456} INFO - Setting next_dagrun for example_branch_operator to 2023-04-08T00:00:00+00:00, run_after=2023-04-09T00:00:00+00:00
[2023-04-09T23:30:43.011+0000] {processor.py:175} INFO - Processing /home/airflow/.local/lib/python3.7/site-packages/airflow/example_dags/example_branch_operator.py took 0.120 seconds
[2023-04-09T23:31:13.278+0000] {processor.py:153} INFO - Started process (PID=224) to work on /home/airflow/.local/lib/python3.7/site-packages/airflow/example_dags/example_branch_operator.py
[2023-04-09T23:31:13.279+0000] {processor.py:743} INFO - Processing file /home/airflow/.local/lib/python3.7/site-packages/airflow/example_dags/example_branch_operator.py for tasks to queue
[2023-04-09T23:31:13.279+0000] {logging_mixin.py:137} INFO - [2023-04-09T23:31:13.279+0000] {dagbag.py:532} INFO - Filling up the DagBag from /home/airflow/.local/lib/python3.7/site-packages/airflow/example_dags/example_branch_operator.py
[2023-04-09T23:31:13.299+0000] {processor.py:753} INFO - DAG(s) dict_keys(['example_branch_operator']) retrieved from /home/airflow/.local/lib/python3.7/site-packages/airflow/example_dags/example_branch_operator.py
[2023-04-09T23:31:13.330+0000] {logging_mixin.py:137} INFO - [2023-04-09T23:31:13.330+0000] {dag.py:2705} INFO - Sync 1 DAGs
[2023-04-09T23:31:13.365+0000] {logging_mixin.py:137} INFO - [2023-04-09T23:31:13.365+0000] {dag.py:3456} INFO - Setting next_dagrun for example_branch_operator to 2023-04-08T00:00:00+00:00, run_after=2023-04-09T00:00:00+00:00
[2023-04-09T23:31:13.386+0000] {processor.py:175} INFO - Processing /home/airflow/.local/lib/python3.7/site-packages/airflow/example_dags/example_branch_operator.py took 0.111 seconds
