[2023-04-09T23:24:04.860+0000] {processor.py:153} INFO - Started process (PID=72) to work on /home/airflow/.local/lib/python3.7/site-packages/airflow/example_dags/example_latest_only.py
[2023-04-09T23:24:04.861+0000] {processor.py:743} INFO - Processing file /home/airflow/.local/lib/python3.7/site-packages/airflow/example_dags/example_latest_only.py for tasks to queue
[2023-04-09T23:24:04.862+0000] {logging_mixin.py:137} INFO - [2023-04-09T23:24:04.862+0000] {dagbag.py:532} INFO - Filling up the DagBag from /home/airflow/.local/lib/python3.7/site-packages/airflow/example_dags/example_latest_only.py
[2023-04-09T23:24:04.888+0000] {processor.py:753} INFO - DAG(s) dict_keys(['latest_only']) retrieved from /home/airflow/.local/lib/python3.7/site-packages/airflow/example_dags/example_latest_only.py
[2023-04-09T23:24:04.913+0000] {logging_mixin.py:137} INFO - [2023-04-09T23:24:04.912+0000] {dag.py:2705} INFO - Sync 1 DAGs
[2023-04-09T23:24:04.938+0000] {logging_mixin.py:137} INFO - [2023-04-09T23:24:04.938+0000] {dag.py:3456} INFO - Setting next_dagrun for latest_only to 2023-04-09T19:24:04.938550+00:00, run_after=2023-04-09T23:24:04.938550+00:00
[2023-04-09T23:24:04.956+0000] {processor.py:175} INFO - Processing /home/airflow/.local/lib/python3.7/site-packages/airflow/example_dags/example_latest_only.py took 0.101 seconds
[2023-04-09T23:24:35.103+0000] {processor.py:153} INFO - Started process (PID=124) to work on /home/airflow/.local/lib/python3.7/site-packages/airflow/example_dags/example_latest_only.py
[2023-04-09T23:24:35.104+0000] {processor.py:743} INFO - Processing file /home/airflow/.local/lib/python3.7/site-packages/airflow/example_dags/example_latest_only.py for tasks to queue
[2023-04-09T23:24:35.104+0000] {logging_mixin.py:137} INFO - [2023-04-09T23:24:35.104+0000] {dagbag.py:532} INFO - Filling up the DagBag from /home/airflow/.local/lib/python3.7/site-packages/airflow/example_dags/example_latest_only.py
[2023-04-09T23:24:35.114+0000] {processor.py:753} INFO - DAG(s) dict_keys(['latest_only']) retrieved from /home/airflow/.local/lib/python3.7/site-packages/airflow/example_dags/example_latest_only.py
[2023-04-09T23:24:35.135+0000] {logging_mixin.py:137} INFO - [2023-04-09T23:24:35.135+0000] {dag.py:2705} INFO - Sync 1 DAGs
[2023-04-09T23:24:35.163+0000] {logging_mixin.py:137} INFO - [2023-04-09T23:24:35.163+0000] {dag.py:3456} INFO - Setting next_dagrun for latest_only to 2023-04-09T19:24:35.163044+00:00, run_after=2023-04-09T23:24:35.163044+00:00
[2023-04-09T23:24:35.179+0000] {processor.py:175} INFO - Processing /home/airflow/.local/lib/python3.7/site-packages/airflow/example_dags/example_latest_only.py took 0.078 seconds
[2023-04-09T23:25:06.151+0000] {processor.py:153} INFO - Started process (PID=176) to work on /home/airflow/.local/lib/python3.7/site-packages/airflow/example_dags/example_latest_only.py
[2023-04-09T23:25:06.152+0000] {processor.py:743} INFO - Processing file /home/airflow/.local/lib/python3.7/site-packages/airflow/example_dags/example_latest_only.py for tasks to queue
[2023-04-09T23:25:06.152+0000] {logging_mixin.py:137} INFO - [2023-04-09T23:25:06.152+0000] {dagbag.py:532} INFO - Filling up the DagBag from /home/airflow/.local/lib/python3.7/site-packages/airflow/example_dags/example_latest_only.py
[2023-04-09T23:25:06.162+0000] {processor.py:753} INFO - DAG(s) dict_keys(['latest_only']) retrieved from /home/airflow/.local/lib/python3.7/site-packages/airflow/example_dags/example_latest_only.py
[2023-04-09T23:25:06.185+0000] {logging_mixin.py:137} INFO - [2023-04-09T23:25:06.185+0000] {dag.py:2705} INFO - Sync 1 DAGs
[2023-04-09T23:25:06.212+0000] {logging_mixin.py:137} INFO - [2023-04-09T23:25:06.211+0000] {dag.py:3456} INFO - Setting next_dagrun for latest_only to 2023-04-09T19:25:06.211783+00:00, run_after=2023-04-09T23:25:06.211783+00:00
[2023-04-09T23:25:06.227+0000] {processor.py:175} INFO - Processing /home/airflow/.local/lib/python3.7/site-packages/airflow/example_dags/example_latest_only.py took 0.078 seconds
[2023-04-09T23:25:36.649+0000] {processor.py:153} INFO - Started process (PID=228) to work on /home/airflow/.local/lib/python3.7/site-packages/airflow/example_dags/example_latest_only.py
[2023-04-09T23:25:36.650+0000] {processor.py:743} INFO - Processing file /home/airflow/.local/lib/python3.7/site-packages/airflow/example_dags/example_latest_only.py for tasks to queue
[2023-04-09T23:25:36.650+0000] {logging_mixin.py:137} INFO - [2023-04-09T23:25:36.650+0000] {dagbag.py:532} INFO - Filling up the DagBag from /home/airflow/.local/lib/python3.7/site-packages/airflow/example_dags/example_latest_only.py
[2023-04-09T23:25:36.660+0000] {processor.py:753} INFO - DAG(s) dict_keys(['latest_only']) retrieved from /home/airflow/.local/lib/python3.7/site-packages/airflow/example_dags/example_latest_only.py
[2023-04-09T23:25:36.683+0000] {logging_mixin.py:137} INFO - [2023-04-09T23:25:36.682+0000] {dag.py:2705} INFO - Sync 1 DAGs
[2023-04-09T23:25:36.709+0000] {logging_mixin.py:137} INFO - [2023-04-09T23:25:36.709+0000] {dag.py:3456} INFO - Setting next_dagrun for latest_only to 2023-04-09T19:25:36.709270+00:00, run_after=2023-04-09T23:25:36.709270+00:00
[2023-04-09T23:25:36.727+0000] {processor.py:175} INFO - Processing /home/airflow/.local/lib/python3.7/site-packages/airflow/example_dags/example_latest_only.py took 0.080 seconds
[2023-04-09T23:26:07.830+0000] {processor.py:153} INFO - Started process (PID=280) to work on /home/airflow/.local/lib/python3.7/site-packages/airflow/example_dags/example_latest_only.py
[2023-04-09T23:26:07.831+0000] {processor.py:743} INFO - Processing file /home/airflow/.local/lib/python3.7/site-packages/airflow/example_dags/example_latest_only.py for tasks to queue
[2023-04-09T23:26:07.831+0000] {logging_mixin.py:137} INFO - [2023-04-09T23:26:07.831+0000] {dagbag.py:532} INFO - Filling up the DagBag from /home/airflow/.local/lib/python3.7/site-packages/airflow/example_dags/example_latest_only.py
[2023-04-09T23:26:07.842+0000] {processor.py:753} INFO - DAG(s) dict_keys(['latest_only']) retrieved from /home/airflow/.local/lib/python3.7/site-packages/airflow/example_dags/example_latest_only.py
[2023-04-09T23:26:07.873+0000] {logging_mixin.py:137} INFO - [2023-04-09T23:26:07.873+0000] {dag.py:2705} INFO - Sync 1 DAGs
[2023-04-09T23:26:07.897+0000] {logging_mixin.py:137} INFO - [2023-04-09T23:26:07.897+0000] {dag.py:3456} INFO - Setting next_dagrun for latest_only to 2023-04-09T19:26:07.897171+00:00, run_after=2023-04-09T23:26:07.897171+00:00
[2023-04-09T23:26:07.914+0000] {processor.py:175} INFO - Processing /home/airflow/.local/lib/python3.7/site-packages/airflow/example_dags/example_latest_only.py took 0.086 seconds
[2023-04-09T23:26:38.185+0000] {processor.py:153} INFO - Started process (PID=332) to work on /home/airflow/.local/lib/python3.7/site-packages/airflow/example_dags/example_latest_only.py
[2023-04-09T23:26:38.186+0000] {processor.py:743} INFO - Processing file /home/airflow/.local/lib/python3.7/site-packages/airflow/example_dags/example_latest_only.py for tasks to queue
[2023-04-09T23:26:38.186+0000] {logging_mixin.py:137} INFO - [2023-04-09T23:26:38.186+0000] {dagbag.py:532} INFO - Filling up the DagBag from /home/airflow/.local/lib/python3.7/site-packages/airflow/example_dags/example_latest_only.py
[2023-04-09T23:26:38.196+0000] {processor.py:753} INFO - DAG(s) dict_keys(['latest_only']) retrieved from /home/airflow/.local/lib/python3.7/site-packages/airflow/example_dags/example_latest_only.py
[2023-04-09T23:26:38.218+0000] {logging_mixin.py:137} INFO - [2023-04-09T23:26:38.218+0000] {dag.py:2705} INFO - Sync 1 DAGs
[2023-04-09T23:26:38.244+0000] {logging_mixin.py:137} INFO - [2023-04-09T23:26:38.244+0000] {dag.py:3456} INFO - Setting next_dagrun for latest_only to 2023-04-09T19:26:38.244460+00:00, run_after=2023-04-09T23:26:38.244460+00:00
[2023-04-09T23:26:38.265+0000] {processor.py:175} INFO - Processing /home/airflow/.local/lib/python3.7/site-packages/airflow/example_dags/example_latest_only.py took 0.082 seconds
[2023-04-09T23:27:09.330+0000] {processor.py:153} INFO - Started process (PID=384) to work on /home/airflow/.local/lib/python3.7/site-packages/airflow/example_dags/example_latest_only.py
[2023-04-09T23:27:09.331+0000] {processor.py:743} INFO - Processing file /home/airflow/.local/lib/python3.7/site-packages/airflow/example_dags/example_latest_only.py for tasks to queue
[2023-04-09T23:27:09.332+0000] {logging_mixin.py:137} INFO - [2023-04-09T23:27:09.332+0000] {dagbag.py:532} INFO - Filling up the DagBag from /home/airflow/.local/lib/python3.7/site-packages/airflow/example_dags/example_latest_only.py
[2023-04-09T23:27:09.354+0000] {processor.py:753} INFO - DAG(s) dict_keys(['latest_only']) retrieved from /home/airflow/.local/lib/python3.7/site-packages/airflow/example_dags/example_latest_only.py
[2023-04-09T23:27:09.392+0000] {logging_mixin.py:137} INFO - [2023-04-09T23:27:09.392+0000] {dag.py:2705} INFO - Sync 1 DAGs
[2023-04-09T23:27:09.418+0000] {logging_mixin.py:137} INFO - [2023-04-09T23:27:09.418+0000] {dag.py:3456} INFO - Setting next_dagrun for latest_only to 2023-04-09T19:27:09.418088+00:00, run_after=2023-04-09T23:27:09.418088+00:00
[2023-04-09T23:27:09.436+0000] {processor.py:175} INFO - Processing /home/airflow/.local/lib/python3.7/site-packages/airflow/example_dags/example_latest_only.py took 0.110 seconds
[2023-04-09T23:29:43.320+0000] {processor.py:153} INFO - Started process (PID=69) to work on /home/airflow/.local/lib/python3.7/site-packages/airflow/example_dags/example_latest_only.py
[2023-04-09T23:29:43.321+0000] {processor.py:743} INFO - Processing file /home/airflow/.local/lib/python3.7/site-packages/airflow/example_dags/example_latest_only.py for tasks to queue
[2023-04-09T23:29:43.321+0000] {logging_mixin.py:137} INFO - [2023-04-09T23:29:43.321+0000] {dagbag.py:532} INFO - Filling up the DagBag from /home/airflow/.local/lib/python3.7/site-packages/airflow/example_dags/example_latest_only.py
[2023-04-09T23:29:43.334+0000] {processor.py:753} INFO - DAG(s) dict_keys(['latest_only']) retrieved from /home/airflow/.local/lib/python3.7/site-packages/airflow/example_dags/example_latest_only.py
[2023-04-09T23:29:43.344+0000] {logging_mixin.py:137} INFO - [2023-04-09T23:29:43.344+0000] {dag.py:2705} INFO - Sync 1 DAGs
[2023-04-09T23:29:43.370+0000] {logging_mixin.py:137} INFO - [2023-04-09T23:29:43.370+0000] {dag.py:3456} INFO - Setting next_dagrun for latest_only to 2023-04-09T19:29:43.370562+00:00, run_after=2023-04-09T23:29:43.370562+00:00
[2023-04-09T23:29:43.388+0000] {processor.py:175} INFO - Processing /home/airflow/.local/lib/python3.7/site-packages/airflow/example_dags/example_latest_only.py took 0.071 seconds
[2023-04-09T23:30:14.245+0000] {processor.py:153} INFO - Started process (PID=121) to work on /home/airflow/.local/lib/python3.7/site-packages/airflow/example_dags/example_latest_only.py
[2023-04-09T23:30:14.246+0000] {processor.py:743} INFO - Processing file /home/airflow/.local/lib/python3.7/site-packages/airflow/example_dags/example_latest_only.py for tasks to queue
[2023-04-09T23:30:14.246+0000] {logging_mixin.py:137} INFO - [2023-04-09T23:30:14.246+0000] {dagbag.py:532} INFO - Filling up the DagBag from /home/airflow/.local/lib/python3.7/site-packages/airflow/example_dags/example_latest_only.py
[2023-04-09T23:30:14.257+0000] {processor.py:753} INFO - DAG(s) dict_keys(['latest_only']) retrieved from /home/airflow/.local/lib/python3.7/site-packages/airflow/example_dags/example_latest_only.py
[2023-04-09T23:30:14.279+0000] {logging_mixin.py:137} INFO - [2023-04-09T23:30:14.279+0000] {dag.py:2705} INFO - Sync 1 DAGs
[2023-04-09T23:30:14.305+0000] {logging_mixin.py:137} INFO - [2023-04-09T23:30:14.305+0000] {dag.py:3456} INFO - Setting next_dagrun for latest_only to 2023-04-09T19:30:14.305224+00:00, run_after=2023-04-09T23:30:14.305224+00:00
[2023-04-09T23:30:14.321+0000] {processor.py:175} INFO - Processing /home/airflow/.local/lib/python3.7/site-packages/airflow/example_dags/example_latest_only.py took 0.078 seconds
[2023-04-09T23:30:44.695+0000] {processor.py:153} INFO - Started process (PID=173) to work on /home/airflow/.local/lib/python3.7/site-packages/airflow/example_dags/example_latest_only.py
[2023-04-09T23:30:44.695+0000] {processor.py:743} INFO - Processing file /home/airflow/.local/lib/python3.7/site-packages/airflow/example_dags/example_latest_only.py for tasks to queue
[2023-04-09T23:30:44.696+0000] {logging_mixin.py:137} INFO - [2023-04-09T23:30:44.696+0000] {dagbag.py:532} INFO - Filling up the DagBag from /home/airflow/.local/lib/python3.7/site-packages/airflow/example_dags/example_latest_only.py
[2023-04-09T23:30:44.707+0000] {processor.py:753} INFO - DAG(s) dict_keys(['latest_only']) retrieved from /home/airflow/.local/lib/python3.7/site-packages/airflow/example_dags/example_latest_only.py
[2023-04-09T23:30:44.730+0000] {logging_mixin.py:137} INFO - [2023-04-09T23:30:44.730+0000] {dag.py:2705} INFO - Sync 1 DAGs
[2023-04-09T23:30:44.757+0000] {logging_mixin.py:137} INFO - [2023-04-09T23:30:44.756+0000] {dag.py:3456} INFO - Setting next_dagrun for latest_only to 2023-04-09T19:30:44.756753+00:00, run_after=2023-04-09T23:30:44.756753+00:00
[2023-04-09T23:30:44.775+0000] {processor.py:175} INFO - Processing /home/airflow/.local/lib/python3.7/site-packages/airflow/example_dags/example_latest_only.py took 0.083 seconds
[2023-04-09T23:31:15.075+0000] {processor.py:153} INFO - Started process (PID=245) to work on /home/airflow/.local/lib/python3.7/site-packages/airflow/example_dags/example_latest_only.py
[2023-04-09T23:31:15.076+0000] {processor.py:743} INFO - Processing file /home/airflow/.local/lib/python3.7/site-packages/airflow/example_dags/example_latest_only.py for tasks to queue
[2023-04-09T23:31:15.076+0000] {logging_mixin.py:137} INFO - [2023-04-09T23:31:15.076+0000] {dagbag.py:532} INFO - Filling up the DagBag from /home/airflow/.local/lib/python3.7/site-packages/airflow/example_dags/example_latest_only.py
[2023-04-09T23:31:15.086+0000] {processor.py:753} INFO - DAG(s) dict_keys(['latest_only']) retrieved from /home/airflow/.local/lib/python3.7/site-packages/airflow/example_dags/example_latest_only.py
[2023-04-09T23:31:15.116+0000] {logging_mixin.py:137} INFO - [2023-04-09T23:31:15.115+0000] {dag.py:2705} INFO - Sync 1 DAGs
[2023-04-09T23:31:15.147+0000] {logging_mixin.py:137} INFO - [2023-04-09T23:31:15.147+0000] {dag.py:3456} INFO - Setting next_dagrun for latest_only to 2023-04-09T19:31:15.147095+00:00, run_after=2023-04-09T23:31:15.147095+00:00
[2023-04-09T23:31:15.167+0000] {processor.py:175} INFO - Processing /home/airflow/.local/lib/python3.7/site-packages/airflow/example_dags/example_latest_only.py took 0.094 seconds
