[2023-04-09T23:24:03.153+0000] {processor.py:153} INFO - Started process (PID=55) to work on /home/airflow/.local/lib/python3.7/site-packages/airflow/example_dags/example_bash_operator.py
[2023-04-09T23:24:03.154+0000] {processor.py:743} INFO - Processing file /home/airflow/.local/lib/python3.7/site-packages/airflow/example_dags/example_bash_operator.py for tasks to queue
[2023-04-09T23:24:03.155+0000] {logging_mixin.py:137} INFO - [2023-04-09T23:24:03.155+0000] {dagbag.py:532} INFO - Filling up the DagBag from /home/airflow/.local/lib/python3.7/site-packages/airflow/example_dags/example_bash_operator.py
[2023-04-09T23:24:03.196+0000] {processor.py:753} INFO - DAG(s) dict_keys(['example_bash_operator']) retrieved from /home/airflow/.local/lib/python3.7/site-packages/airflow/example_dags/example_bash_operator.py
[2023-04-09T23:24:03.231+0000] {logging_mixin.py:137} INFO - [2023-04-09T23:24:03.231+0000] {dag.py:2705} INFO - Sync 1 DAGs
[2023-04-09T23:24:03.258+0000] {logging_mixin.py:137} INFO - [2023-04-09T23:24:03.258+0000] {dag.py:3456} INFO - Setting next_dagrun for example_bash_operator to 2023-04-08T00:00:00+00:00, run_after=2023-04-09T00:00:00+00:00
[2023-04-09T23:24:03.278+0000] {processor.py:175} INFO - Processing /home/airflow/.local/lib/python3.7/site-packages/airflow/example_dags/example_bash_operator.py took 0.129 seconds
[2023-04-09T23:24:33.588+0000] {processor.py:153} INFO - Started process (PID=105) to work on /home/airflow/.local/lib/python3.7/site-packages/airflow/example_dags/example_bash_operator.py
[2023-04-09T23:24:33.589+0000] {processor.py:743} INFO - Processing file /home/airflow/.local/lib/python3.7/site-packages/airflow/example_dags/example_bash_operator.py for tasks to queue
[2023-04-09T23:24:33.590+0000] {logging_mixin.py:137} INFO - [2023-04-09T23:24:33.590+0000] {dagbag.py:532} INFO - Filling up the DagBag from /home/airflow/.local/lib/python3.7/site-packages/airflow/example_dags/example_bash_operator.py
[2023-04-09T23:24:33.630+0000] {processor.py:753} INFO - DAG(s) dict_keys(['example_bash_operator']) retrieved from /home/airflow/.local/lib/python3.7/site-packages/airflow/example_dags/example_bash_operator.py
[2023-04-09T23:24:33.667+0000] {logging_mixin.py:137} INFO - [2023-04-09T23:24:33.667+0000] {dag.py:2705} INFO - Sync 1 DAGs
[2023-04-09T23:24:33.694+0000] {logging_mixin.py:137} INFO - [2023-04-09T23:24:33.694+0000] {dag.py:3456} INFO - Setting next_dagrun for example_bash_operator to 2023-04-08T00:00:00+00:00, run_after=2023-04-09T00:00:00+00:00
[2023-04-09T23:24:33.711+0000] {processor.py:175} INFO - Processing /home/airflow/.local/lib/python3.7/site-packages/airflow/example_dags/example_bash_operator.py took 0.128 seconds
[2023-04-09T23:25:03.869+0000] {processor.py:153} INFO - Started process (PID=157) to work on /home/airflow/.local/lib/python3.7/site-packages/airflow/example_dags/example_bash_operator.py
[2023-04-09T23:25:03.870+0000] {processor.py:743} INFO - Processing file /home/airflow/.local/lib/python3.7/site-packages/airflow/example_dags/example_bash_operator.py for tasks to queue
[2023-04-09T23:25:03.871+0000] {logging_mixin.py:137} INFO - [2023-04-09T23:25:03.871+0000] {dagbag.py:532} INFO - Filling up the DagBag from /home/airflow/.local/lib/python3.7/site-packages/airflow/example_dags/example_bash_operator.py
[2023-04-09T23:25:03.910+0000] {processor.py:753} INFO - DAG(s) dict_keys(['example_bash_operator']) retrieved from /home/airflow/.local/lib/python3.7/site-packages/airflow/example_dags/example_bash_operator.py
[2023-04-09T23:25:03.946+0000] {logging_mixin.py:137} INFO - [2023-04-09T23:25:03.946+0000] {dag.py:2705} INFO - Sync 1 DAGs
[2023-04-09T23:25:03.973+0000] {logging_mixin.py:137} INFO - [2023-04-09T23:25:03.973+0000] {dag.py:3456} INFO - Setting next_dagrun for example_bash_operator to 2023-04-08T00:00:00+00:00, run_after=2023-04-09T00:00:00+00:00
[2023-04-09T23:25:03.991+0000] {processor.py:175} INFO - Processing /home/airflow/.local/lib/python3.7/site-packages/airflow/example_dags/example_bash_operator.py took 0.126 seconds
[2023-04-09T23:25:34.325+0000] {processor.py:153} INFO - Started process (PID=209) to work on /home/airflow/.local/lib/python3.7/site-packages/airflow/example_dags/example_bash_operator.py
[2023-04-09T23:25:34.326+0000] {processor.py:743} INFO - Processing file /home/airflow/.local/lib/python3.7/site-packages/airflow/example_dags/example_bash_operator.py for tasks to queue
[2023-04-09T23:25:34.327+0000] {logging_mixin.py:137} INFO - [2023-04-09T23:25:34.327+0000] {dagbag.py:532} INFO - Filling up the DagBag from /home/airflow/.local/lib/python3.7/site-packages/airflow/example_dags/example_bash_operator.py
[2023-04-09T23:25:34.368+0000] {processor.py:753} INFO - DAG(s) dict_keys(['example_bash_operator']) retrieved from /home/airflow/.local/lib/python3.7/site-packages/airflow/example_dags/example_bash_operator.py
[2023-04-09T23:25:34.407+0000] {logging_mixin.py:137} INFO - [2023-04-09T23:25:34.406+0000] {dag.py:2705} INFO - Sync 1 DAGs
[2023-04-09T23:25:34.434+0000] {logging_mixin.py:137} INFO - [2023-04-09T23:25:34.434+0000] {dag.py:3456} INFO - Setting next_dagrun for example_bash_operator to 2023-04-08T00:00:00+00:00, run_after=2023-04-09T00:00:00+00:00
[2023-04-09T23:25:34.450+0000] {processor.py:175} INFO - Processing /home/airflow/.local/lib/python3.7/site-packages/airflow/example_dags/example_bash_operator.py took 0.130 seconds
[2023-04-09T23:26:04.547+0000] {processor.py:153} INFO - Started process (PID=261) to work on /home/airflow/.local/lib/python3.7/site-packages/airflow/example_dags/example_bash_operator.py
[2023-04-09T23:26:04.548+0000] {processor.py:743} INFO - Processing file /home/airflow/.local/lib/python3.7/site-packages/airflow/example_dags/example_bash_operator.py for tasks to queue
[2023-04-09T23:26:04.549+0000] {logging_mixin.py:137} INFO - [2023-04-09T23:26:04.549+0000] {dagbag.py:532} INFO - Filling up the DagBag from /home/airflow/.local/lib/python3.7/site-packages/airflow/example_dags/example_bash_operator.py
[2023-04-09T23:26:04.588+0000] {processor.py:753} INFO - DAG(s) dict_keys(['example_bash_operator']) retrieved from /home/airflow/.local/lib/python3.7/site-packages/airflow/example_dags/example_bash_operator.py
[2023-04-09T23:26:04.629+0000] {logging_mixin.py:137} INFO - [2023-04-09T23:26:04.629+0000] {dag.py:2705} INFO - Sync 1 DAGs
[2023-04-09T23:26:04.663+0000] {logging_mixin.py:137} INFO - [2023-04-09T23:26:04.662+0000] {dag.py:3456} INFO - Setting next_dagrun for example_bash_operator to 2023-04-08T00:00:00+00:00, run_after=2023-04-09T00:00:00+00:00
[2023-04-09T23:26:04.685+0000] {processor.py:175} INFO - Processing /home/airflow/.local/lib/python3.7/site-packages/airflow/example_dags/example_bash_operator.py took 0.143 seconds
[2023-04-09T23:26:35.688+0000] {processor.py:153} INFO - Started process (PID=313) to work on /home/airflow/.local/lib/python3.7/site-packages/airflow/example_dags/example_bash_operator.py
[2023-04-09T23:26:35.689+0000] {processor.py:743} INFO - Processing file /home/airflow/.local/lib/python3.7/site-packages/airflow/example_dags/example_bash_operator.py for tasks to queue
[2023-04-09T23:26:35.690+0000] {logging_mixin.py:137} INFO - [2023-04-09T23:26:35.690+0000] {dagbag.py:532} INFO - Filling up the DagBag from /home/airflow/.local/lib/python3.7/site-packages/airflow/example_dags/example_bash_operator.py
[2023-04-09T23:26:35.730+0000] {processor.py:753} INFO - DAG(s) dict_keys(['example_bash_operator']) retrieved from /home/airflow/.local/lib/python3.7/site-packages/airflow/example_dags/example_bash_operator.py
[2023-04-09T23:26:35.768+0000] {logging_mixin.py:137} INFO - [2023-04-09T23:26:35.768+0000] {dag.py:2705} INFO - Sync 1 DAGs
[2023-04-09T23:26:35.794+0000] {logging_mixin.py:137} INFO - [2023-04-09T23:26:35.794+0000] {dag.py:3456} INFO - Setting next_dagrun for example_bash_operator to 2023-04-08T00:00:00+00:00, run_after=2023-04-09T00:00:00+00:00
[2023-04-09T23:26:35.810+0000] {processor.py:175} INFO - Processing /home/airflow/.local/lib/python3.7/site-packages/airflow/example_dags/example_bash_operator.py took 0.127 seconds
[2023-04-09T23:27:05.922+0000] {processor.py:153} INFO - Started process (PID=365) to work on /home/airflow/.local/lib/python3.7/site-packages/airflow/example_dags/example_bash_operator.py
[2023-04-09T23:27:05.923+0000] {processor.py:743} INFO - Processing file /home/airflow/.local/lib/python3.7/site-packages/airflow/example_dags/example_bash_operator.py for tasks to queue
[2023-04-09T23:27:05.924+0000] {logging_mixin.py:137} INFO - [2023-04-09T23:27:05.924+0000] {dagbag.py:532} INFO - Filling up the DagBag from /home/airflow/.local/lib/python3.7/site-packages/airflow/example_dags/example_bash_operator.py
[2023-04-09T23:27:05.962+0000] {processor.py:753} INFO - DAG(s) dict_keys(['example_bash_operator']) retrieved from /home/airflow/.local/lib/python3.7/site-packages/airflow/example_dags/example_bash_operator.py
[2023-04-09T23:27:06.002+0000] {logging_mixin.py:137} INFO - [2023-04-09T23:27:06.002+0000] {dag.py:2705} INFO - Sync 1 DAGs
[2023-04-09T23:27:06.027+0000] {logging_mixin.py:137} INFO - [2023-04-09T23:27:06.027+0000] {dag.py:3456} INFO - Setting next_dagrun for example_bash_operator to 2023-04-08T00:00:00+00:00, run_after=2023-04-09T00:00:00+00:00
[2023-04-09T23:27:06.044+0000] {processor.py:175} INFO - Processing /home/airflow/.local/lib/python3.7/site-packages/airflow/example_dags/example_bash_operator.py took 0.127 seconds
[2023-04-09T23:29:42.099+0000] {processor.py:153} INFO - Started process (PID=52) to work on /home/airflow/.local/lib/python3.7/site-packages/airflow/example_dags/example_bash_operator.py
[2023-04-09T23:29:42.100+0000] {processor.py:743} INFO - Processing file /home/airflow/.local/lib/python3.7/site-packages/airflow/example_dags/example_bash_operator.py for tasks to queue
[2023-04-09T23:29:42.100+0000] {logging_mixin.py:137} INFO - [2023-04-09T23:29:42.100+0000] {dagbag.py:532} INFO - Filling up the DagBag from /home/airflow/.local/lib/python3.7/site-packages/airflow/example_dags/example_bash_operator.py
[2023-04-09T23:29:42.122+0000] {processor.py:753} INFO - DAG(s) dict_keys(['example_bash_operator']) retrieved from /home/airflow/.local/lib/python3.7/site-packages/airflow/example_dags/example_bash_operator.py
[2023-04-09T23:29:42.139+0000] {logging_mixin.py:137} INFO - [2023-04-09T23:29:42.139+0000] {dag.py:2705} INFO - Sync 1 DAGs
[2023-04-09T23:29:42.181+0000] {logging_mixin.py:137} INFO - [2023-04-09T23:29:42.180+0000] {dag.py:3456} INFO - Setting next_dagrun for example_bash_operator to 2023-04-08T00:00:00+00:00, run_after=2023-04-09T00:00:00+00:00
[2023-04-09T23:29:42.200+0000] {processor.py:175} INFO - Processing /home/airflow/.local/lib/python3.7/site-packages/airflow/example_dags/example_bash_operator.py took 0.104 seconds
[2023-04-09T23:30:12.885+0000] {processor.py:153} INFO - Started process (PID=104) to work on /home/airflow/.local/lib/python3.7/site-packages/airflow/example_dags/example_bash_operator.py
[2023-04-09T23:30:12.885+0000] {processor.py:743} INFO - Processing file /home/airflow/.local/lib/python3.7/site-packages/airflow/example_dags/example_bash_operator.py for tasks to queue
[2023-04-09T23:30:12.886+0000] {logging_mixin.py:137} INFO - [2023-04-09T23:30:12.885+0000] {dagbag.py:532} INFO - Filling up the DagBag from /home/airflow/.local/lib/python3.7/site-packages/airflow/example_dags/example_bash_operator.py
[2023-04-09T23:30:12.903+0000] {processor.py:753} INFO - DAG(s) dict_keys(['example_bash_operator']) retrieved from /home/airflow/.local/lib/python3.7/site-packages/airflow/example_dags/example_bash_operator.py
[2023-04-09T23:30:12.940+0000] {logging_mixin.py:137} INFO - [2023-04-09T23:30:12.940+0000] {dag.py:2705} INFO - Sync 1 DAGs
[2023-04-09T23:30:12.964+0000] {logging_mixin.py:137} INFO - [2023-04-09T23:30:12.964+0000] {dag.py:3456} INFO - Setting next_dagrun for example_bash_operator to 2023-04-08T00:00:00+00:00, run_after=2023-04-09T00:00:00+00:00
[2023-04-09T23:30:12.981+0000] {processor.py:175} INFO - Processing /home/airflow/.local/lib/python3.7/site-packages/airflow/example_dags/example_bash_operator.py took 0.099 seconds
[2023-04-09T23:30:43.490+0000] {processor.py:153} INFO - Started process (PID=156) to work on /home/airflow/.local/lib/python3.7/site-packages/airflow/example_dags/example_bash_operator.py
[2023-04-09T23:30:43.491+0000] {processor.py:743} INFO - Processing file /home/airflow/.local/lib/python3.7/site-packages/airflow/example_dags/example_bash_operator.py for tasks to queue
[2023-04-09T23:30:43.493+0000] {logging_mixin.py:137} INFO - [2023-04-09T23:30:43.492+0000] {dagbag.py:532} INFO - Filling up the DagBag from /home/airflow/.local/lib/python3.7/site-packages/airflow/example_dags/example_bash_operator.py
[2023-04-09T23:30:43.531+0000] {processor.py:753} INFO - DAG(s) dict_keys(['example_bash_operator']) retrieved from /home/airflow/.local/lib/python3.7/site-packages/airflow/example_dags/example_bash_operator.py
[2023-04-09T23:30:43.570+0000] {logging_mixin.py:137} INFO - [2023-04-09T23:30:43.570+0000] {dag.py:2705} INFO - Sync 1 DAGs
[2023-04-09T23:30:43.599+0000] {logging_mixin.py:137} INFO - [2023-04-09T23:30:43.599+0000] {dag.py:3456} INFO - Setting next_dagrun for example_bash_operator to 2023-04-08T00:00:00+00:00, run_after=2023-04-09T00:00:00+00:00
[2023-04-09T23:30:43.618+0000] {processor.py:175} INFO - Processing /home/airflow/.local/lib/python3.7/site-packages/airflow/example_dags/example_bash_operator.py took 0.133 seconds
[2023-04-09T23:31:13.983+0000] {processor.py:153} INFO - Started process (PID=228) to work on /home/airflow/.local/lib/python3.7/site-packages/airflow/example_dags/example_bash_operator.py
[2023-04-09T23:31:13.985+0000] {processor.py:743} INFO - Processing file /home/airflow/.local/lib/python3.7/site-packages/airflow/example_dags/example_bash_operator.py for tasks to queue
[2023-04-09T23:31:13.986+0000] {logging_mixin.py:137} INFO - [2023-04-09T23:31:13.985+0000] {dagbag.py:532} INFO - Filling up the DagBag from /home/airflow/.local/lib/python3.7/site-packages/airflow/example_dags/example_bash_operator.py
[2023-04-09T23:31:14.024+0000] {processor.py:753} INFO - DAG(s) dict_keys(['example_bash_operator']) retrieved from /home/airflow/.local/lib/python3.7/site-packages/airflow/example_dags/example_bash_operator.py
[2023-04-09T23:31:14.075+0000] {logging_mixin.py:137} INFO - [2023-04-09T23:31:14.074+0000] {dag.py:2705} INFO - Sync 1 DAGs
[2023-04-09T23:31:14.103+0000] {logging_mixin.py:137} INFO - [2023-04-09T23:31:14.103+0000] {dag.py:3456} INFO - Setting next_dagrun for example_bash_operator to 2023-04-08T00:00:00+00:00, run_after=2023-04-09T00:00:00+00:00
[2023-04-09T23:31:14.125+0000] {processor.py:175} INFO - Processing /home/airflow/.local/lib/python3.7/site-packages/airflow/example_dags/example_bash_operator.py took 0.147 seconds
