[2023-04-09T23:24:04.384+0000] {processor.py:153} INFO - Started process (PID=65) to work on /home/airflow/.local/lib/python3.7/site-packages/airflow/example_dags/example_short_circuit_operator.py
[2023-04-09T23:24:04.384+0000] {processor.py:743} INFO - Processing file /home/airflow/.local/lib/python3.7/site-packages/airflow/example_dags/example_short_circuit_operator.py for tasks to queue
[2023-04-09T23:24:04.385+0000] {logging_mixin.py:137} INFO - [2023-04-09T23:24:04.385+0000] {dagbag.py:532} INFO - Filling up the DagBag from /home/airflow/.local/lib/python3.7/site-packages/airflow/example_dags/example_short_circuit_operator.py
[2023-04-09T23:24:04.400+0000] {processor.py:753} INFO - DAG(s) dict_keys(['example_short_circuit_operator']) retrieved from /home/airflow/.local/lib/python3.7/site-packages/airflow/example_dags/example_short_circuit_operator.py
[2023-04-09T23:24:04.428+0000] {logging_mixin.py:137} INFO - [2023-04-09T23:24:04.428+0000] {dag.py:2705} INFO - Sync 1 DAGs
[2023-04-09T23:24:04.466+0000] {logging_mixin.py:137} INFO - [2023-04-09T23:24:04.466+0000] {dag.py:3456} INFO - Setting next_dagrun for example_short_circuit_operator to 2023-04-08T23:24:04.466028+00:00, run_after=2023-04-09T23:24:04.466028+00:00
[2023-04-09T23:24:04.489+0000] {processor.py:175} INFO - Processing /home/airflow/.local/lib/python3.7/site-packages/airflow/example_dags/example_short_circuit_operator.py took 0.108 seconds
[2023-04-09T23:24:34.678+0000] {processor.py:153} INFO - Started process (PID=117) to work on /home/airflow/.local/lib/python3.7/site-packages/airflow/example_dags/example_short_circuit_operator.py
[2023-04-09T23:24:34.679+0000] {processor.py:743} INFO - Processing file /home/airflow/.local/lib/python3.7/site-packages/airflow/example_dags/example_short_circuit_operator.py for tasks to queue
[2023-04-09T23:24:34.679+0000] {logging_mixin.py:137} INFO - [2023-04-09T23:24:34.679+0000] {dagbag.py:532} INFO - Filling up the DagBag from /home/airflow/.local/lib/python3.7/site-packages/airflow/example_dags/example_short_circuit_operator.py
[2023-04-09T23:24:34.695+0000] {processor.py:753} INFO - DAG(s) dict_keys(['example_short_circuit_operator']) retrieved from /home/airflow/.local/lib/python3.7/site-packages/airflow/example_dags/example_short_circuit_operator.py
[2023-04-09T23:24:34.721+0000] {logging_mixin.py:137} INFO - [2023-04-09T23:24:34.721+0000] {dag.py:2705} INFO - Sync 1 DAGs
[2023-04-09T23:24:34.748+0000] {logging_mixin.py:137} INFO - [2023-04-09T23:24:34.748+0000] {dag.py:3456} INFO - Setting next_dagrun for example_short_circuit_operator to 2023-04-08T23:24:34.747902+00:00, run_after=2023-04-09T23:24:34.747902+00:00
[2023-04-09T23:24:34.765+0000] {processor.py:175} INFO - Processing /home/airflow/.local/lib/python3.7/site-packages/airflow/example_dags/example_short_circuit_operator.py took 0.090 seconds
[2023-04-09T23:25:05.717+0000] {processor.py:153} INFO - Started process (PID=169) to work on /home/airflow/.local/lib/python3.7/site-packages/airflow/example_dags/example_short_circuit_operator.py
[2023-04-09T23:25:05.718+0000] {processor.py:743} INFO - Processing file /home/airflow/.local/lib/python3.7/site-packages/airflow/example_dags/example_short_circuit_operator.py for tasks to queue
[2023-04-09T23:25:05.718+0000] {logging_mixin.py:137} INFO - [2023-04-09T23:25:05.718+0000] {dagbag.py:532} INFO - Filling up the DagBag from /home/airflow/.local/lib/python3.7/site-packages/airflow/example_dags/example_short_circuit_operator.py
[2023-04-09T23:25:05.731+0000] {processor.py:753} INFO - DAG(s) dict_keys(['example_short_circuit_operator']) retrieved from /home/airflow/.local/lib/python3.7/site-packages/airflow/example_dags/example_short_circuit_operator.py
[2023-04-09T23:25:05.768+0000] {logging_mixin.py:137} INFO - [2023-04-09T23:25:05.767+0000] {dag.py:2705} INFO - Sync 1 DAGs
[2023-04-09T23:25:05.793+0000] {logging_mixin.py:137} INFO - [2023-04-09T23:25:05.792+0000] {dag.py:3456} INFO - Setting next_dagrun for example_short_circuit_operator to 2023-04-08T23:25:05.792750+00:00, run_after=2023-04-09T23:25:05.792750+00:00
[2023-04-09T23:25:05.810+0000] {processor.py:175} INFO - Processing /home/airflow/.local/lib/python3.7/site-packages/airflow/example_dags/example_short_circuit_operator.py took 0.094 seconds
[2023-04-09T23:25:36.102+0000] {processor.py:153} INFO - Started process (PID=221) to work on /home/airflow/.local/lib/python3.7/site-packages/airflow/example_dags/example_short_circuit_operator.py
[2023-04-09T23:25:36.103+0000] {processor.py:743} INFO - Processing file /home/airflow/.local/lib/python3.7/site-packages/airflow/example_dags/example_short_circuit_operator.py for tasks to queue
[2023-04-09T23:25:36.105+0000] {logging_mixin.py:137} INFO - [2023-04-09T23:25:36.104+0000] {dagbag.py:532} INFO - Filling up the DagBag from /home/airflow/.local/lib/python3.7/site-packages/airflow/example_dags/example_short_circuit_operator.py
[2023-04-09T23:25:36.139+0000] {processor.py:753} INFO - DAG(s) dict_keys(['example_short_circuit_operator']) retrieved from /home/airflow/.local/lib/python3.7/site-packages/airflow/example_dags/example_short_circuit_operator.py
[2023-04-09T23:25:36.166+0000] {logging_mixin.py:137} INFO - [2023-04-09T23:25:36.166+0000] {dag.py:2705} INFO - Sync 1 DAGs
[2023-04-09T23:25:36.192+0000] {logging_mixin.py:137} INFO - [2023-04-09T23:25:36.191+0000] {dag.py:3456} INFO - Setting next_dagrun for example_short_circuit_operator to 2023-04-08T23:25:36.191747+00:00, run_after=2023-04-09T23:25:36.191747+00:00
[2023-04-09T23:25:36.209+0000] {processor.py:175} INFO - Processing /home/airflow/.local/lib/python3.7/site-packages/airflow/example_dags/example_short_circuit_operator.py took 0.112 seconds
[2023-04-09T23:26:07.198+0000] {processor.py:153} INFO - Started process (PID=272) to work on /home/airflow/.local/lib/python3.7/site-packages/airflow/example_dags/example_short_circuit_operator.py
[2023-04-09T23:26:07.199+0000] {processor.py:743} INFO - Processing file /home/airflow/.local/lib/python3.7/site-packages/airflow/example_dags/example_short_circuit_operator.py for tasks to queue
[2023-04-09T23:26:07.200+0000] {logging_mixin.py:137} INFO - [2023-04-09T23:26:07.199+0000] {dagbag.py:532} INFO - Filling up the DagBag from /home/airflow/.local/lib/python3.7/site-packages/airflow/example_dags/example_short_circuit_operator.py
[2023-04-09T23:26:07.229+0000] {processor.py:753} INFO - DAG(s) dict_keys(['example_short_circuit_operator']) retrieved from /home/airflow/.local/lib/python3.7/site-packages/airflow/example_dags/example_short_circuit_operator.py
[2023-04-09T23:26:07.259+0000] {logging_mixin.py:137} INFO - [2023-04-09T23:26:07.259+0000] {dag.py:2705} INFO - Sync 1 DAGs
[2023-04-09T23:26:07.284+0000] {logging_mixin.py:137} INFO - [2023-04-09T23:26:07.284+0000] {dag.py:3456} INFO - Setting next_dagrun for example_short_circuit_operator to 2023-04-08T23:26:07.283962+00:00, run_after=2023-04-09T23:26:07.283962+00:00
[2023-04-09T23:26:07.300+0000] {processor.py:175} INFO - Processing /home/airflow/.local/lib/python3.7/site-packages/airflow/example_dags/example_short_circuit_operator.py took 0.107 seconds
[2023-04-09T23:26:37.363+0000] {processor.py:153} INFO - Started process (PID=323) to work on /home/airflow/.local/lib/python3.7/site-packages/airflow/example_dags/example_short_circuit_operator.py
[2023-04-09T23:26:37.364+0000] {processor.py:743} INFO - Processing file /home/airflow/.local/lib/python3.7/site-packages/airflow/example_dags/example_short_circuit_operator.py for tasks to queue
[2023-04-09T23:26:37.365+0000] {logging_mixin.py:137} INFO - [2023-04-09T23:26:37.365+0000] {dagbag.py:532} INFO - Filling up the DagBag from /home/airflow/.local/lib/python3.7/site-packages/airflow/example_dags/example_short_circuit_operator.py
[2023-04-09T23:26:37.394+0000] {processor.py:753} INFO - DAG(s) dict_keys(['example_short_circuit_operator']) retrieved from /home/airflow/.local/lib/python3.7/site-packages/airflow/example_dags/example_short_circuit_operator.py
[2023-04-09T23:26:37.419+0000] {logging_mixin.py:137} INFO - [2023-04-09T23:26:37.419+0000] {dag.py:2705} INFO - Sync 1 DAGs
[2023-04-09T23:26:37.443+0000] {logging_mixin.py:137} INFO - [2023-04-09T23:26:37.443+0000] {dag.py:3456} INFO - Setting next_dagrun for example_short_circuit_operator to 2023-04-08T23:26:37.443254+00:00, run_after=2023-04-09T23:26:37.443254+00:00
[2023-04-09T23:26:37.460+0000] {processor.py:175} INFO - Processing /home/airflow/.local/lib/python3.7/site-packages/airflow/example_dags/example_short_circuit_operator.py took 0.102 seconds
[2023-04-09T23:27:07.571+0000] {processor.py:153} INFO - Started process (PID=375) to work on /home/airflow/.local/lib/python3.7/site-packages/airflow/example_dags/example_short_circuit_operator.py
[2023-04-09T23:27:07.573+0000] {processor.py:743} INFO - Processing file /home/airflow/.local/lib/python3.7/site-packages/airflow/example_dags/example_short_circuit_operator.py for tasks to queue
[2023-04-09T23:27:07.574+0000] {logging_mixin.py:137} INFO - [2023-04-09T23:27:07.574+0000] {dagbag.py:532} INFO - Filling up the DagBag from /home/airflow/.local/lib/python3.7/site-packages/airflow/example_dags/example_short_circuit_operator.py
[2023-04-09T23:27:07.603+0000] {processor.py:753} INFO - DAG(s) dict_keys(['example_short_circuit_operator']) retrieved from /home/airflow/.local/lib/python3.7/site-packages/airflow/example_dags/example_short_circuit_operator.py
[2023-04-09T23:27:07.633+0000] {logging_mixin.py:137} INFO - [2023-04-09T23:27:07.633+0000] {dag.py:2705} INFO - Sync 1 DAGs
[2023-04-09T23:27:07.665+0000] {logging_mixin.py:137} INFO - [2023-04-09T23:27:07.665+0000] {dag.py:3456} INFO - Setting next_dagrun for example_short_circuit_operator to 2023-04-08T23:27:07.665611+00:00, run_after=2023-04-09T23:27:07.665611+00:00
[2023-04-09T23:27:07.699+0000] {processor.py:175} INFO - Processing /home/airflow/.local/lib/python3.7/site-packages/airflow/example_dags/example_short_circuit_operator.py took 0.132 seconds
[2023-04-09T23:29:42.887+0000] {processor.py:153} INFO - Started process (PID=62) to work on /home/airflow/.local/lib/python3.7/site-packages/airflow/example_dags/example_short_circuit_operator.py
[2023-04-09T23:29:42.888+0000] {processor.py:743} INFO - Processing file /home/airflow/.local/lib/python3.7/site-packages/airflow/example_dags/example_short_circuit_operator.py for tasks to queue
[2023-04-09T23:29:42.888+0000] {logging_mixin.py:137} INFO - [2023-04-09T23:29:42.888+0000] {dagbag.py:532} INFO - Filling up the DagBag from /home/airflow/.local/lib/python3.7/site-packages/airflow/example_dags/example_short_circuit_operator.py
[2023-04-09T23:29:42.910+0000] {processor.py:753} INFO - DAG(s) dict_keys(['example_short_circuit_operator']) retrieved from /home/airflow/.local/lib/python3.7/site-packages/airflow/example_dags/example_short_circuit_operator.py
[2023-04-09T23:29:42.920+0000] {logging_mixin.py:137} INFO - [2023-04-09T23:29:42.920+0000] {dag.py:2705} INFO - Sync 1 DAGs
[2023-04-09T23:29:42.946+0000] {logging_mixin.py:137} INFO - [2023-04-09T23:29:42.946+0000] {dag.py:3456} INFO - Setting next_dagrun for example_short_circuit_operator to 2023-04-08T23:29:42.946459+00:00, run_after=2023-04-09T23:29:42.946459+00:00
[2023-04-09T23:29:42.968+0000] {processor.py:175} INFO - Processing /home/airflow/.local/lib/python3.7/site-packages/airflow/example_dags/example_short_circuit_operator.py took 0.084 seconds
[2023-04-09T23:30:13.816+0000] {processor.py:153} INFO - Started process (PID=114) to work on /home/airflow/.local/lib/python3.7/site-packages/airflow/example_dags/example_short_circuit_operator.py
[2023-04-09T23:30:13.816+0000] {processor.py:743} INFO - Processing file /home/airflow/.local/lib/python3.7/site-packages/airflow/example_dags/example_short_circuit_operator.py for tasks to queue
[2023-04-09T23:30:13.817+0000] {logging_mixin.py:137} INFO - [2023-04-09T23:30:13.817+0000] {dagbag.py:532} INFO - Filling up the DagBag from /home/airflow/.local/lib/python3.7/site-packages/airflow/example_dags/example_short_circuit_operator.py
[2023-04-09T23:30:13.829+0000] {processor.py:753} INFO - DAG(s) dict_keys(['example_short_circuit_operator']) retrieved from /home/airflow/.local/lib/python3.7/site-packages/airflow/example_dags/example_short_circuit_operator.py
[2023-04-09T23:30:13.871+0000] {logging_mixin.py:137} INFO - [2023-04-09T23:30:13.871+0000] {dag.py:2705} INFO - Sync 1 DAGs
[2023-04-09T23:30:13.896+0000] {logging_mixin.py:137} INFO - [2023-04-09T23:30:13.896+0000] {dag.py:3456} INFO - Setting next_dagrun for example_short_circuit_operator to 2023-04-08T23:30:13.896645+00:00, run_after=2023-04-09T23:30:13.896645+00:00
[2023-04-09T23:30:13.913+0000] {processor.py:175} INFO - Processing /home/airflow/.local/lib/python3.7/site-packages/airflow/example_dags/example_short_circuit_operator.py took 0.100 seconds
[2023-04-09T23:30:44.229+0000] {processor.py:153} INFO - Started process (PID=166) to work on /home/airflow/.local/lib/python3.7/site-packages/airflow/example_dags/example_short_circuit_operator.py
[2023-04-09T23:30:44.231+0000] {processor.py:743} INFO - Processing file /home/airflow/.local/lib/python3.7/site-packages/airflow/example_dags/example_short_circuit_operator.py for tasks to queue
[2023-04-09T23:30:44.232+0000] {logging_mixin.py:137} INFO - [2023-04-09T23:30:44.231+0000] {dagbag.py:532} INFO - Filling up the DagBag from /home/airflow/.local/lib/python3.7/site-packages/airflow/example_dags/example_short_circuit_operator.py
[2023-04-09T23:30:44.260+0000] {processor.py:753} INFO - DAG(s) dict_keys(['example_short_circuit_operator']) retrieved from /home/airflow/.local/lib/python3.7/site-packages/airflow/example_dags/example_short_circuit_operator.py
[2023-04-09T23:30:44.290+0000] {logging_mixin.py:137} INFO - [2023-04-09T23:30:44.290+0000] {dag.py:2705} INFO - Sync 1 DAGs
[2023-04-09T23:30:44.315+0000] {logging_mixin.py:137} INFO - [2023-04-09T23:30:44.315+0000] {dag.py:3456} INFO - Setting next_dagrun for example_short_circuit_operator to 2023-04-08T23:30:44.314911+00:00, run_after=2023-04-09T23:30:44.314911+00:00
[2023-04-09T23:30:44.332+0000] {processor.py:175} INFO - Processing /home/airflow/.local/lib/python3.7/site-packages/airflow/example_dags/example_short_circuit_operator.py took 0.107 seconds
[2023-04-09T23:31:14.636+0000] {processor.py:153} INFO - Started process (PID=238) to work on /home/airflow/.local/lib/python3.7/site-packages/airflow/example_dags/example_short_circuit_operator.py
[2023-04-09T23:31:14.637+0000] {processor.py:743} INFO - Processing file /home/airflow/.local/lib/python3.7/site-packages/airflow/example_dags/example_short_circuit_operator.py for tasks to queue
[2023-04-09T23:31:14.637+0000] {logging_mixin.py:137} INFO - [2023-04-09T23:31:14.637+0000] {dagbag.py:532} INFO - Filling up the DagBag from /home/airflow/.local/lib/python3.7/site-packages/airflow/example_dags/example_short_circuit_operator.py
[2023-04-09T23:31:14.650+0000] {processor.py:753} INFO - DAG(s) dict_keys(['example_short_circuit_operator']) retrieved from /home/airflow/.local/lib/python3.7/site-packages/airflow/example_dags/example_short_circuit_operator.py
[2023-04-09T23:31:14.682+0000] {logging_mixin.py:137} INFO - [2023-04-09T23:31:14.682+0000] {dag.py:2705} INFO - Sync 1 DAGs
[2023-04-09T23:31:14.719+0000] {logging_mixin.py:137} INFO - [2023-04-09T23:31:14.718+0000] {dag.py:3456} INFO - Setting next_dagrun for example_short_circuit_operator to 2023-04-08T23:31:14.718662+00:00, run_after=2023-04-09T23:31:14.718662+00:00
[2023-04-09T23:31:14.738+0000] {processor.py:175} INFO - Processing /home/airflow/.local/lib/python3.7/site-packages/airflow/example_dags/example_short_circuit_operator.py took 0.104 seconds
