[2023-04-09T23:24:04.010+0000] {processor.py:153} INFO - Started process (PID=62) to work on /home/airflow/.local/lib/python3.7/site-packages/airflow/example_dags/example_datasets.py
[2023-04-09T23:24:04.011+0000] {processor.py:743} INFO - Processing file /home/airflow/.local/lib/python3.7/site-packages/airflow/example_dags/example_datasets.py for tasks to queue
[2023-04-09T23:24:04.012+0000] {logging_mixin.py:137} INFO - [2023-04-09T23:24:04.012+0000] {dagbag.py:532} INFO - Filling up the DagBag from /home/airflow/.local/lib/python3.7/site-packages/airflow/example_dags/example_datasets.py
[2023-04-09T23:24:04.035+0000] {processor.py:753} INFO - DAG(s) dict_keys(['dataset_produces_1', 'dataset_consumes_1_and_2', 'dataset_consumes_1_never_scheduled', 'dataset_consumes_unknown_never_scheduled', 'dataset_consumes_1', 'dataset_produces_2']) retrieved from /home/airflow/.local/lib/python3.7/site-packages/airflow/example_dags/example_datasets.py
[2023-04-09T23:24:04.147+0000] {logging_mixin.py:137} INFO - [2023-04-09T23:24:04.147+0000] {dag.py:2705} INFO - Sync 6 DAGs
[2023-04-09T23:24:04.183+0000] {logging_mixin.py:137} INFO - [2023-04-09T23:24:04.182+0000] {dag.py:3456} INFO - Setting next_dagrun for dataset_consumes_1 to None, run_after=None
[2023-04-09T23:24:04.188+0000] {logging_mixin.py:137} INFO - [2023-04-09T23:24:04.188+0000] {dag.py:3456} INFO - Setting next_dagrun for dataset_consumes_1_and_2 to None, run_after=None
[2023-04-09T23:24:04.190+0000] {logging_mixin.py:137} INFO - [2023-04-09T23:24:04.190+0000] {dag.py:3456} INFO - Setting next_dagrun for dataset_consumes_1_never_scheduled to None, run_after=None
[2023-04-09T23:24:04.193+0000] {logging_mixin.py:137} INFO - [2023-04-09T23:24:04.192+0000] {dag.py:3456} INFO - Setting next_dagrun for dataset_consumes_unknown_never_scheduled to None, run_after=None
[2023-04-09T23:24:04.198+0000] {logging_mixin.py:137} INFO - [2023-04-09T23:24:04.198+0000] {dag.py:3456} INFO - Setting next_dagrun for dataset_produces_1 to 2023-04-08T00:00:00+00:00, run_after=2023-04-09T00:00:00+00:00
[2023-04-09T23:24:04.200+0000] {logging_mixin.py:137} INFO - [2023-04-09T23:24:04.200+0000] {dag.py:3456} INFO - Setting next_dagrun for dataset_produces_2 to None, run_after=None
[2023-04-09T23:24:04.255+0000] {processor.py:175} INFO - Processing /home/airflow/.local/lib/python3.7/site-packages/airflow/example_dags/example_datasets.py took 0.248 seconds
[2023-04-09T23:24:34.441+0000] {processor.py:153} INFO - Started process (PID=114) to work on /home/airflow/.local/lib/python3.7/site-packages/airflow/example_dags/example_datasets.py
[2023-04-09T23:24:34.442+0000] {processor.py:743} INFO - Processing file /home/airflow/.local/lib/python3.7/site-packages/airflow/example_dags/example_datasets.py for tasks to queue
[2023-04-09T23:24:34.443+0000] {logging_mixin.py:137} INFO - [2023-04-09T23:24:34.443+0000] {dagbag.py:532} INFO - Filling up the DagBag from /home/airflow/.local/lib/python3.7/site-packages/airflow/example_dags/example_datasets.py
[2023-04-09T23:24:34.464+0000] {processor.py:753} INFO - DAG(s) dict_keys(['dataset_consumes_1_and_2', 'dataset_consumes_1_never_scheduled', 'dataset_produces_1', 'dataset_consumes_unknown_never_scheduled', 'dataset_produces_2', 'dataset_consumes_1']) retrieved from /home/airflow/.local/lib/python3.7/site-packages/airflow/example_dags/example_datasets.py
[2023-04-09T23:24:34.503+0000] {logging_mixin.py:137} INFO - [2023-04-09T23:24:34.503+0000] {dag.py:2705} INFO - Sync 6 DAGs
[2023-04-09T23:24:34.532+0000] {logging_mixin.py:137} INFO - [2023-04-09T23:24:34.532+0000] {dag.py:3456} INFO - Setting next_dagrun for dataset_consumes_1 to None, run_after=None
[2023-04-09T23:24:34.536+0000] {logging_mixin.py:137} INFO - [2023-04-09T23:24:34.536+0000] {dag.py:3456} INFO - Setting next_dagrun for dataset_consumes_1_and_2 to None, run_after=None
[2023-04-09T23:24:34.537+0000] {logging_mixin.py:137} INFO - [2023-04-09T23:24:34.537+0000] {dag.py:3456} INFO - Setting next_dagrun for dataset_consumes_1_never_scheduled to None, run_after=None
[2023-04-09T23:24:34.539+0000] {logging_mixin.py:137} INFO - [2023-04-09T23:24:34.539+0000] {dag.py:3456} INFO - Setting next_dagrun for dataset_consumes_unknown_never_scheduled to None, run_after=None
[2023-04-09T23:24:34.543+0000] {logging_mixin.py:137} INFO - [2023-04-09T23:24:34.542+0000] {dag.py:3456} INFO - Setting next_dagrun for dataset_produces_1 to 2023-04-08T00:00:00+00:00, run_after=2023-04-09T00:00:00+00:00
[2023-04-09T23:24:34.544+0000] {logging_mixin.py:137} INFO - [2023-04-09T23:24:34.544+0000] {dag.py:3456} INFO - Setting next_dagrun for dataset_produces_2 to None, run_after=None
[2023-04-09T23:24:34.579+0000] {processor.py:175} INFO - Processing /home/airflow/.local/lib/python3.7/site-packages/airflow/example_dags/example_datasets.py took 0.141 seconds
[2023-04-09T23:25:05.394+0000] {processor.py:153} INFO - Started process (PID=166) to work on /home/airflow/.local/lib/python3.7/site-packages/airflow/example_dags/example_datasets.py
[2023-04-09T23:25:05.395+0000] {processor.py:743} INFO - Processing file /home/airflow/.local/lib/python3.7/site-packages/airflow/example_dags/example_datasets.py for tasks to queue
[2023-04-09T23:25:05.396+0000] {logging_mixin.py:137} INFO - [2023-04-09T23:25:05.396+0000] {dagbag.py:532} INFO - Filling up the DagBag from /home/airflow/.local/lib/python3.7/site-packages/airflow/example_dags/example_datasets.py
[2023-04-09T23:25:05.413+0000] {processor.py:753} INFO - DAG(s) dict_keys(['dataset_consumes_1_and_2', 'dataset_consumes_unknown_never_scheduled', 'dataset_consumes_1', 'dataset_consumes_1_never_scheduled', 'dataset_produces_1', 'dataset_produces_2']) retrieved from /home/airflow/.local/lib/python3.7/site-packages/airflow/example_dags/example_datasets.py
[2023-04-09T23:25:05.455+0000] {logging_mixin.py:137} INFO - [2023-04-09T23:25:05.455+0000] {dag.py:2705} INFO - Sync 6 DAGs
[2023-04-09T23:25:05.486+0000] {logging_mixin.py:137} INFO - [2023-04-09T23:25:05.486+0000] {dag.py:3456} INFO - Setting next_dagrun for dataset_consumes_1 to None, run_after=None
[2023-04-09T23:25:05.490+0000] {logging_mixin.py:137} INFO - [2023-04-09T23:25:05.490+0000] {dag.py:3456} INFO - Setting next_dagrun for dataset_consumes_1_and_2 to None, run_after=None
[2023-04-09T23:25:05.492+0000] {logging_mixin.py:137} INFO - [2023-04-09T23:25:05.492+0000] {dag.py:3456} INFO - Setting next_dagrun for dataset_consumes_1_never_scheduled to None, run_after=None
[2023-04-09T23:25:05.493+0000] {logging_mixin.py:137} INFO - [2023-04-09T23:25:05.493+0000] {dag.py:3456} INFO - Setting next_dagrun for dataset_consumes_unknown_never_scheduled to None, run_after=None
[2023-04-09T23:25:05.496+0000] {logging_mixin.py:137} INFO - [2023-04-09T23:25:05.496+0000] {dag.py:3456} INFO - Setting next_dagrun for dataset_produces_1 to 2023-04-08T00:00:00+00:00, run_after=2023-04-09T00:00:00+00:00
[2023-04-09T23:25:05.498+0000] {logging_mixin.py:137} INFO - [2023-04-09T23:25:05.497+0000] {dag.py:3456} INFO - Setting next_dagrun for dataset_produces_2 to None, run_after=None
[2023-04-09T23:25:05.533+0000] {processor.py:175} INFO - Processing /home/airflow/.local/lib/python3.7/site-packages/airflow/example_dags/example_datasets.py took 0.141 seconds
[2023-04-09T23:25:35.710+0000] {processor.py:153} INFO - Started process (PID=216) to work on /home/airflow/.local/lib/python3.7/site-packages/airflow/example_dags/example_datasets.py
[2023-04-09T23:25:35.711+0000] {processor.py:743} INFO - Processing file /home/airflow/.local/lib/python3.7/site-packages/airflow/example_dags/example_datasets.py for tasks to queue
[2023-04-09T23:25:35.712+0000] {logging_mixin.py:137} INFO - [2023-04-09T23:25:35.712+0000] {dagbag.py:532} INFO - Filling up the DagBag from /home/airflow/.local/lib/python3.7/site-packages/airflow/example_dags/example_datasets.py
[2023-04-09T23:25:35.742+0000] {processor.py:753} INFO - DAG(s) dict_keys(['dataset_consumes_1', 'dataset_consumes_1_and_2', 'dataset_produces_2', 'dataset_produces_1', 'dataset_consumes_1_never_scheduled', 'dataset_consumes_unknown_never_scheduled']) retrieved from /home/airflow/.local/lib/python3.7/site-packages/airflow/example_dags/example_datasets.py
[2023-04-09T23:25:35.790+0000] {logging_mixin.py:137} INFO - [2023-04-09T23:25:35.789+0000] {dag.py:2705} INFO - Sync 6 DAGs
[2023-04-09T23:25:35.821+0000] {logging_mixin.py:137} INFO - [2023-04-09T23:25:35.820+0000] {dag.py:3456} INFO - Setting next_dagrun for dataset_consumes_1 to None, run_after=None
[2023-04-09T23:25:35.825+0000] {logging_mixin.py:137} INFO - [2023-04-09T23:25:35.824+0000] {dag.py:3456} INFO - Setting next_dagrun for dataset_consumes_1_and_2 to None, run_after=None
[2023-04-09T23:25:35.826+0000] {logging_mixin.py:137} INFO - [2023-04-09T23:25:35.826+0000] {dag.py:3456} INFO - Setting next_dagrun for dataset_consumes_1_never_scheduled to None, run_after=None
[2023-04-09T23:25:35.827+0000] {logging_mixin.py:137} INFO - [2023-04-09T23:25:35.827+0000] {dag.py:3456} INFO - Setting next_dagrun for dataset_consumes_unknown_never_scheduled to None, run_after=None
[2023-04-09T23:25:35.830+0000] {logging_mixin.py:137} INFO - [2023-04-09T23:25:35.830+0000] {dag.py:3456} INFO - Setting next_dagrun for dataset_produces_1 to 2023-04-08T00:00:00+00:00, run_after=2023-04-09T00:00:00+00:00
[2023-04-09T23:25:35.832+0000] {logging_mixin.py:137} INFO - [2023-04-09T23:25:35.832+0000] {dag.py:3456} INFO - Setting next_dagrun for dataset_produces_2 to None, run_after=None
[2023-04-09T23:25:35.861+0000] {processor.py:175} INFO - Processing /home/airflow/.local/lib/python3.7/site-packages/airflow/example_dags/example_datasets.py took 0.156 seconds
[2023-04-09T23:26:05.940+0000] {processor.py:153} INFO - Started process (PID=268) to work on /home/airflow/.local/lib/python3.7/site-packages/airflow/example_dags/example_datasets.py
[2023-04-09T23:26:05.941+0000] {processor.py:743} INFO - Processing file /home/airflow/.local/lib/python3.7/site-packages/airflow/example_dags/example_datasets.py for tasks to queue
[2023-04-09T23:26:05.942+0000] {logging_mixin.py:137} INFO - [2023-04-09T23:26:05.942+0000] {dagbag.py:532} INFO - Filling up the DagBag from /home/airflow/.local/lib/python3.7/site-packages/airflow/example_dags/example_datasets.py
[2023-04-09T23:26:05.971+0000] {processor.py:753} INFO - DAG(s) dict_keys(['dataset_consumes_1_and_2', 'dataset_produces_1', 'dataset_consumes_1_never_scheduled', 'dataset_produces_2', 'dataset_consumes_unknown_never_scheduled', 'dataset_consumes_1']) retrieved from /home/airflow/.local/lib/python3.7/site-packages/airflow/example_dags/example_datasets.py
[2023-04-09T23:26:06.012+0000] {logging_mixin.py:137} INFO - [2023-04-09T23:26:06.011+0000] {dag.py:2705} INFO - Sync 6 DAGs
[2023-04-09T23:26:06.038+0000] {logging_mixin.py:137} INFO - [2023-04-09T23:26:06.038+0000] {dag.py:3456} INFO - Setting next_dagrun for dataset_consumes_1 to None, run_after=None
[2023-04-09T23:26:06.041+0000] {logging_mixin.py:137} INFO - [2023-04-09T23:26:06.041+0000] {dag.py:3456} INFO - Setting next_dagrun for dataset_consumes_1_and_2 to None, run_after=None
[2023-04-09T23:26:06.043+0000] {logging_mixin.py:137} INFO - [2023-04-09T23:26:06.043+0000] {dag.py:3456} INFO - Setting next_dagrun for dataset_consumes_1_never_scheduled to None, run_after=None
[2023-04-09T23:26:06.044+0000] {logging_mixin.py:137} INFO - [2023-04-09T23:26:06.044+0000] {dag.py:3456} INFO - Setting next_dagrun for dataset_consumes_unknown_never_scheduled to None, run_after=None
[2023-04-09T23:26:06.046+0000] {logging_mixin.py:137} INFO - [2023-04-09T23:26:06.046+0000] {dag.py:3456} INFO - Setting next_dagrun for dataset_produces_1 to 2023-04-08T00:00:00+00:00, run_after=2023-04-09T00:00:00+00:00
[2023-04-09T23:26:06.047+0000] {logging_mixin.py:137} INFO - [2023-04-09T23:26:06.047+0000] {dag.py:3456} INFO - Setting next_dagrun for dataset_produces_2 to None, run_after=None
[2023-04-09T23:26:06.076+0000] {processor.py:175} INFO - Processing /home/airflow/.local/lib/python3.7/site-packages/airflow/example_dags/example_datasets.py took 0.141 seconds
[2023-04-09T23:26:36.114+0000] {processor.py:153} INFO - Started process (PID=320) to work on /home/airflow/.local/lib/python3.7/site-packages/airflow/example_dags/example_datasets.py
[2023-04-09T23:26:36.115+0000] {processor.py:743} INFO - Processing file /home/airflow/.local/lib/python3.7/site-packages/airflow/example_dags/example_datasets.py for tasks to queue
[2023-04-09T23:26:36.116+0000] {logging_mixin.py:137} INFO - [2023-04-09T23:26:36.116+0000] {dagbag.py:532} INFO - Filling up the DagBag from /home/airflow/.local/lib/python3.7/site-packages/airflow/example_dags/example_datasets.py
[2023-04-09T23:26:36.145+0000] {processor.py:753} INFO - DAG(s) dict_keys(['dataset_consumes_1', 'dataset_produces_1', 'dataset_consumes_1_and_2', 'dataset_produces_2', 'dataset_consumes_1_never_scheduled', 'dataset_consumes_unknown_never_scheduled']) retrieved from /home/airflow/.local/lib/python3.7/site-packages/airflow/example_dags/example_datasets.py
[2023-04-09T23:26:36.185+0000] {logging_mixin.py:137} INFO - [2023-04-09T23:26:36.185+0000] {dag.py:2705} INFO - Sync 6 DAGs
[2023-04-09T23:26:36.213+0000] {logging_mixin.py:137} INFO - [2023-04-09T23:26:36.213+0000] {dag.py:3456} INFO - Setting next_dagrun for dataset_consumes_1 to None, run_after=None
[2023-04-09T23:26:36.216+0000] {logging_mixin.py:137} INFO - [2023-04-09T23:26:36.216+0000] {dag.py:3456} INFO - Setting next_dagrun for dataset_consumes_1_and_2 to None, run_after=None
[2023-04-09T23:26:36.217+0000] {logging_mixin.py:137} INFO - [2023-04-09T23:26:36.217+0000] {dag.py:3456} INFO - Setting next_dagrun for dataset_consumes_1_never_scheduled to None, run_after=None
[2023-04-09T23:26:36.218+0000] {logging_mixin.py:137} INFO - [2023-04-09T23:26:36.218+0000] {dag.py:3456} INFO - Setting next_dagrun for dataset_consumes_unknown_never_scheduled to None, run_after=None
[2023-04-09T23:26:36.220+0000] {logging_mixin.py:137} INFO - [2023-04-09T23:26:36.220+0000] {dag.py:3456} INFO - Setting next_dagrun for dataset_produces_1 to 2023-04-08T00:00:00+00:00, run_after=2023-04-09T00:00:00+00:00
[2023-04-09T23:26:36.221+0000] {logging_mixin.py:137} INFO - [2023-04-09T23:26:36.221+0000] {dag.py:3456} INFO - Setting next_dagrun for dataset_produces_2 to None, run_after=None
[2023-04-09T23:26:36.250+0000] {processor.py:175} INFO - Processing /home/airflow/.local/lib/python3.7/site-packages/airflow/example_dags/example_datasets.py took 0.141 seconds
[2023-04-09T23:27:06.303+0000] {processor.py:153} INFO - Started process (PID=372) to work on /home/airflow/.local/lib/python3.7/site-packages/airflow/example_dags/example_datasets.py
[2023-04-09T23:27:06.303+0000] {processor.py:743} INFO - Processing file /home/airflow/.local/lib/python3.7/site-packages/airflow/example_dags/example_datasets.py for tasks to queue
[2023-04-09T23:27:06.304+0000] {logging_mixin.py:137} INFO - [2023-04-09T23:27:06.304+0000] {dagbag.py:532} INFO - Filling up the DagBag from /home/airflow/.local/lib/python3.7/site-packages/airflow/example_dags/example_datasets.py
[2023-04-09T23:27:06.316+0000] {processor.py:753} INFO - DAG(s) dict_keys(['dataset_consumes_1_never_scheduled', 'dataset_consumes_1', 'dataset_produces_1', 'dataset_consumes_1_and_2', 'dataset_produces_2', 'dataset_consumes_unknown_never_scheduled']) retrieved from /home/airflow/.local/lib/python3.7/site-packages/airflow/example_dags/example_datasets.py
[2023-04-09T23:27:06.351+0000] {logging_mixin.py:137} INFO - [2023-04-09T23:27:06.351+0000] {dag.py:2705} INFO - Sync 6 DAGs
[2023-04-09T23:27:06.375+0000] {logging_mixin.py:137} INFO - [2023-04-09T23:27:06.375+0000] {dag.py:3456} INFO - Setting next_dagrun for dataset_consumes_1 to None, run_after=None
[2023-04-09T23:27:06.378+0000] {logging_mixin.py:137} INFO - [2023-04-09T23:27:06.378+0000] {dag.py:3456} INFO - Setting next_dagrun for dataset_consumes_1_and_2 to None, run_after=None
[2023-04-09T23:27:06.379+0000] {logging_mixin.py:137} INFO - [2023-04-09T23:27:06.379+0000] {dag.py:3456} INFO - Setting next_dagrun for dataset_consumes_1_never_scheduled to None, run_after=None
[2023-04-09T23:27:06.380+0000] {logging_mixin.py:137} INFO - [2023-04-09T23:27:06.380+0000] {dag.py:3456} INFO - Setting next_dagrun for dataset_consumes_unknown_never_scheduled to None, run_after=None
[2023-04-09T23:27:06.383+0000] {logging_mixin.py:137} INFO - [2023-04-09T23:27:06.383+0000] {dag.py:3456} INFO - Setting next_dagrun for dataset_produces_1 to 2023-04-08T00:00:00+00:00, run_after=2023-04-09T00:00:00+00:00
[2023-04-09T23:27:06.384+0000] {logging_mixin.py:137} INFO - [2023-04-09T23:27:06.383+0000] {dag.py:3456} INFO - Setting next_dagrun for dataset_produces_2 to None, run_after=None
[2023-04-09T23:27:06.414+0000] {processor.py:175} INFO - Processing /home/airflow/.local/lib/python3.7/site-packages/airflow/example_dags/example_datasets.py took 0.113 seconds
[2023-04-09T23:29:42.638+0000] {processor.py:153} INFO - Started process (PID=59) to work on /home/airflow/.local/lib/python3.7/site-packages/airflow/example_dags/example_datasets.py
[2023-04-09T23:29:42.638+0000] {processor.py:743} INFO - Processing file /home/airflow/.local/lib/python3.7/site-packages/airflow/example_dags/example_datasets.py for tasks to queue
[2023-04-09T23:29:42.639+0000] {logging_mixin.py:137} INFO - [2023-04-09T23:29:42.639+0000] {dagbag.py:532} INFO - Filling up the DagBag from /home/airflow/.local/lib/python3.7/site-packages/airflow/example_dags/example_datasets.py
[2023-04-09T23:29:42.655+0000] {processor.py:753} INFO - DAG(s) dict_keys(['dataset_consumes_1_never_scheduled', 'dataset_produces_2', 'dataset_consumes_1', 'dataset_consumes_1_and_2', 'dataset_consumes_unknown_never_scheduled', 'dataset_produces_1']) retrieved from /home/airflow/.local/lib/python3.7/site-packages/airflow/example_dags/example_datasets.py
[2023-04-09T23:29:42.671+0000] {logging_mixin.py:137} INFO - [2023-04-09T23:29:42.671+0000] {dag.py:2705} INFO - Sync 6 DAGs
[2023-04-09T23:29:42.706+0000] {logging_mixin.py:137} INFO - [2023-04-09T23:29:42.705+0000] {dag.py:3456} INFO - Setting next_dagrun for dataset_consumes_1 to None, run_after=None
[2023-04-09T23:29:42.710+0000] {logging_mixin.py:137} INFO - [2023-04-09T23:29:42.710+0000] {dag.py:3456} INFO - Setting next_dagrun for dataset_consumes_1_and_2 to None, run_after=None
[2023-04-09T23:29:42.712+0000] {logging_mixin.py:137} INFO - [2023-04-09T23:29:42.712+0000] {dag.py:3456} INFO - Setting next_dagrun for dataset_consumes_1_never_scheduled to None, run_after=None
[2023-04-09T23:29:42.713+0000] {logging_mixin.py:137} INFO - [2023-04-09T23:29:42.713+0000] {dag.py:3456} INFO - Setting next_dagrun for dataset_consumes_unknown_never_scheduled to None, run_after=None
[2023-04-09T23:29:42.717+0000] {logging_mixin.py:137} INFO - [2023-04-09T23:29:42.717+0000] {dag.py:3456} INFO - Setting next_dagrun for dataset_produces_1 to 2023-04-08T00:00:00+00:00, run_after=2023-04-09T00:00:00+00:00
[2023-04-09T23:29:42.718+0000] {logging_mixin.py:137} INFO - [2023-04-09T23:29:42.718+0000] {dag.py:3456} INFO - Setting next_dagrun for dataset_produces_2 to None, run_after=None
[2023-04-09T23:29:42.758+0000] {processor.py:175} INFO - Processing /home/airflow/.local/lib/python3.7/site-packages/airflow/example_dags/example_datasets.py took 0.123 seconds
[2023-04-09T23:30:13.545+0000] {processor.py:153} INFO - Started process (PID=111) to work on /home/airflow/.local/lib/python3.7/site-packages/airflow/example_dags/example_datasets.py
[2023-04-09T23:30:13.547+0000] {processor.py:743} INFO - Processing file /home/airflow/.local/lib/python3.7/site-packages/airflow/example_dags/example_datasets.py for tasks to queue
[2023-04-09T23:30:13.548+0000] {logging_mixin.py:137} INFO - [2023-04-09T23:30:13.548+0000] {dagbag.py:532} INFO - Filling up the DagBag from /home/airflow/.local/lib/python3.7/site-packages/airflow/example_dags/example_datasets.py
[2023-04-09T23:30:13.581+0000] {processor.py:753} INFO - DAG(s) dict_keys(['dataset_consumes_1', 'dataset_consumes_1_never_scheduled', 'dataset_produces_1', 'dataset_consumes_unknown_never_scheduled', 'dataset_consumes_1_and_2', 'dataset_produces_2']) retrieved from /home/airflow/.local/lib/python3.7/site-packages/airflow/example_dags/example_datasets.py
[2023-04-09T23:30:13.675+0000] {logging_mixin.py:137} INFO - [2023-04-09T23:30:13.675+0000] {dag.py:2705} INFO - Sync 6 DAGs
[2023-04-09T23:30:13.698+0000] {logging_mixin.py:137} INFO - [2023-04-09T23:30:13.697+0000] {dag.py:3456} INFO - Setting next_dagrun for dataset_consumes_1 to None, run_after=None
[2023-04-09T23:30:13.700+0000] {logging_mixin.py:137} INFO - [2023-04-09T23:30:13.700+0000] {dag.py:3456} INFO - Setting next_dagrun for dataset_consumes_1_and_2 to None, run_after=None
[2023-04-09T23:30:13.701+0000] {logging_mixin.py:137} INFO - [2023-04-09T23:30:13.701+0000] {dag.py:3456} INFO - Setting next_dagrun for dataset_consumes_1_never_scheduled to None, run_after=None
[2023-04-09T23:30:13.702+0000] {logging_mixin.py:137} INFO - [2023-04-09T23:30:13.702+0000] {dag.py:3456} INFO - Setting next_dagrun for dataset_consumes_unknown_never_scheduled to None, run_after=None
[2023-04-09T23:30:13.704+0000] {logging_mixin.py:137} INFO - [2023-04-09T23:30:13.704+0000] {dag.py:3456} INFO - Setting next_dagrun for dataset_produces_1 to 2023-04-08T00:00:00+00:00, run_after=2023-04-09T00:00:00+00:00
[2023-04-09T23:30:13.705+0000] {logging_mixin.py:137} INFO - [2023-04-09T23:30:13.705+0000] {dag.py:3456} INFO - Setting next_dagrun for dataset_produces_2 to None, run_after=None
[2023-04-09T23:30:13.733+0000] {processor.py:175} INFO - Processing /home/airflow/.local/lib/python3.7/site-packages/airflow/example_dags/example_datasets.py took 0.193 seconds
[2023-04-09T23:30:44.022+0000] {processor.py:153} INFO - Started process (PID=163) to work on /home/airflow/.local/lib/python3.7/site-packages/airflow/example_dags/example_datasets.py
[2023-04-09T23:30:44.023+0000] {processor.py:743} INFO - Processing file /home/airflow/.local/lib/python3.7/site-packages/airflow/example_dags/example_datasets.py for tasks to queue
[2023-04-09T23:30:44.023+0000] {logging_mixin.py:137} INFO - [2023-04-09T23:30:44.023+0000] {dagbag.py:532} INFO - Filling up the DagBag from /home/airflow/.local/lib/python3.7/site-packages/airflow/example_dags/example_datasets.py
[2023-04-09T23:30:44.035+0000] {processor.py:753} INFO - DAG(s) dict_keys(['dataset_produces_1', 'dataset_consumes_1', 'dataset_produces_2', 'dataset_consumes_1_never_scheduled', 'dataset_consumes_1_and_2', 'dataset_consumes_unknown_never_scheduled']) retrieved from /home/airflow/.local/lib/python3.7/site-packages/airflow/example_dags/example_datasets.py
[2023-04-09T23:30:44.078+0000] {logging_mixin.py:137} INFO - [2023-04-09T23:30:44.077+0000] {dag.py:2705} INFO - Sync 6 DAGs
[2023-04-09T23:30:44.105+0000] {logging_mixin.py:137} INFO - [2023-04-09T23:30:44.104+0000] {dag.py:3456} INFO - Setting next_dagrun for dataset_consumes_1 to None, run_after=None
[2023-04-09T23:30:44.108+0000] {logging_mixin.py:137} INFO - [2023-04-09T23:30:44.108+0000] {dag.py:3456} INFO - Setting next_dagrun for dataset_consumes_1_and_2 to None, run_after=None
[2023-04-09T23:30:44.109+0000] {logging_mixin.py:137} INFO - [2023-04-09T23:30:44.109+0000] {dag.py:3456} INFO - Setting next_dagrun for dataset_consumes_1_never_scheduled to None, run_after=None
[2023-04-09T23:30:44.110+0000] {logging_mixin.py:137} INFO - [2023-04-09T23:30:44.110+0000] {dag.py:3456} INFO - Setting next_dagrun for dataset_consumes_unknown_never_scheduled to None, run_after=None
[2023-04-09T23:30:44.112+0000] {logging_mixin.py:137} INFO - [2023-04-09T23:30:44.112+0000] {dag.py:3456} INFO - Setting next_dagrun for dataset_produces_1 to 2023-04-08T00:00:00+00:00, run_after=2023-04-09T00:00:00+00:00
[2023-04-09T23:30:44.113+0000] {logging_mixin.py:137} INFO - [2023-04-09T23:30:44.113+0000] {dag.py:3456} INFO - Setting next_dagrun for dataset_produces_2 to None, run_after=None
[2023-04-09T23:30:44.144+0000] {processor.py:175} INFO - Processing /home/airflow/.local/lib/python3.7/site-packages/airflow/example_dags/example_datasets.py took 0.124 seconds
[2023-04-09T23:31:14.430+0000] {processor.py:153} INFO - Started process (PID=235) to work on /home/airflow/.local/lib/python3.7/site-packages/airflow/example_dags/example_datasets.py
[2023-04-09T23:31:14.431+0000] {processor.py:743} INFO - Processing file /home/airflow/.local/lib/python3.7/site-packages/airflow/example_dags/example_datasets.py for tasks to queue
[2023-04-09T23:31:14.431+0000] {logging_mixin.py:137} INFO - [2023-04-09T23:31:14.431+0000] {dagbag.py:532} INFO - Filling up the DagBag from /home/airflow/.local/lib/python3.7/site-packages/airflow/example_dags/example_datasets.py
[2023-04-09T23:31:14.446+0000] {processor.py:753} INFO - DAG(s) dict_keys(['dataset_produces_2', 'dataset_consumes_1_and_2', 'dataset_consumes_1_never_scheduled', 'dataset_consumes_1', 'dataset_consumes_unknown_never_scheduled', 'dataset_produces_1']) retrieved from /home/airflow/.local/lib/python3.7/site-packages/airflow/example_dags/example_datasets.py
[2023-04-09T23:31:14.498+0000] {logging_mixin.py:137} INFO - [2023-04-09T23:31:14.498+0000] {dag.py:2705} INFO - Sync 6 DAGs
[2023-04-09T23:31:14.530+0000] {logging_mixin.py:137} INFO - [2023-04-09T23:31:14.530+0000] {dag.py:3456} INFO - Setting next_dagrun for dataset_consumes_1 to None, run_after=None
[2023-04-09T23:31:14.533+0000] {logging_mixin.py:137} INFO - [2023-04-09T23:31:14.533+0000] {dag.py:3456} INFO - Setting next_dagrun for dataset_consumes_1_and_2 to None, run_after=None
[2023-04-09T23:31:14.534+0000] {logging_mixin.py:137} INFO - [2023-04-09T23:31:14.534+0000] {dag.py:3456} INFO - Setting next_dagrun for dataset_consumes_1_never_scheduled to None, run_after=None
[2023-04-09T23:31:14.535+0000] {logging_mixin.py:137} INFO - [2023-04-09T23:31:14.535+0000] {dag.py:3456} INFO - Setting next_dagrun for dataset_consumes_unknown_never_scheduled to None, run_after=None
[2023-04-09T23:31:14.537+0000] {logging_mixin.py:137} INFO - [2023-04-09T23:31:14.537+0000] {dag.py:3456} INFO - Setting next_dagrun for dataset_produces_1 to 2023-04-08T00:00:00+00:00, run_after=2023-04-09T00:00:00+00:00
[2023-04-09T23:31:14.539+0000] {logging_mixin.py:137} INFO - [2023-04-09T23:31:14.538+0000] {dag.py:3456} INFO - Setting next_dagrun for dataset_produces_2 to None, run_after=None
[2023-04-09T23:31:14.571+0000] {processor.py:175} INFO - Processing /home/airflow/.local/lib/python3.7/site-packages/airflow/example_dags/example_datasets.py took 0.144 seconds
