[2023-04-09T23:24:03.973+0000] {processor.py:153} INFO - Started process (PID=61) to work on /home/airflow/.local/lib/python3.7/site-packages/airflow/example_dags/example_nested_branch_dag.py
[2023-04-09T23:24:03.974+0000] {processor.py:743} INFO - Processing file /home/airflow/.local/lib/python3.7/site-packages/airflow/example_dags/example_nested_branch_dag.py for tasks to queue
[2023-04-09T23:24:03.975+0000] {logging_mixin.py:137} INFO - [2023-04-09T23:24:03.974+0000] {dagbag.py:532} INFO - Filling up the DagBag from /home/airflow/.local/lib/python3.7/site-packages/airflow/example_dags/example_nested_branch_dag.py
[2023-04-09T23:24:04.004+0000] {processor.py:753} INFO - DAG(s) dict_keys(['example_nested_branch_dag']) retrieved from /home/airflow/.local/lib/python3.7/site-packages/airflow/example_dags/example_nested_branch_dag.py
[2023-04-09T23:24:04.037+0000] {logging_mixin.py:137} INFO - [2023-04-09T23:24:04.037+0000] {dag.py:2705} INFO - Sync 1 DAGs
[2023-04-09T23:24:04.077+0000] {logging_mixin.py:137} INFO - [2023-04-09T23:24:04.077+0000] {dag.py:3456} INFO - Setting next_dagrun for example_nested_branch_dag to 2023-04-08T00:00:00+00:00, run_after=2023-04-09T00:00:00+00:00
[2023-04-09T23:24:04.102+0000] {processor.py:175} INFO - Processing /home/airflow/.local/lib/python3.7/site-packages/airflow/example_dags/example_nested_branch_dag.py took 0.132 seconds
[2023-04-09T23:24:34.435+0000] {processor.py:153} INFO - Started process (PID=113) to work on /home/airflow/.local/lib/python3.7/site-packages/airflow/example_dags/example_nested_branch_dag.py
[2023-04-09T23:24:34.435+0000] {processor.py:743} INFO - Processing file /home/airflow/.local/lib/python3.7/site-packages/airflow/example_dags/example_nested_branch_dag.py for tasks to queue
[2023-04-09T23:24:34.436+0000] {logging_mixin.py:137} INFO - [2023-04-09T23:24:34.436+0000] {dagbag.py:532} INFO - Filling up the DagBag from /home/airflow/.local/lib/python3.7/site-packages/airflow/example_dags/example_nested_branch_dag.py
[2023-04-09T23:24:34.459+0000] {processor.py:753} INFO - DAG(s) dict_keys(['example_nested_branch_dag']) retrieved from /home/airflow/.local/lib/python3.7/site-packages/airflow/example_dags/example_nested_branch_dag.py
[2023-04-09T23:24:34.486+0000] {logging_mixin.py:137} INFO - [2023-04-09T23:24:34.486+0000] {dag.py:2705} INFO - Sync 1 DAGs
[2023-04-09T23:24:34.518+0000] {logging_mixin.py:137} INFO - [2023-04-09T23:24:34.518+0000] {dag.py:3456} INFO - Setting next_dagrun for example_nested_branch_dag to 2023-04-08T00:00:00+00:00, run_after=2023-04-09T00:00:00+00:00
[2023-04-09T23:24:34.536+0000] {processor.py:175} INFO - Processing /home/airflow/.local/lib/python3.7/site-packages/airflow/example_dags/example_nested_branch_dag.py took 0.104 seconds
[2023-04-09T23:25:05.256+0000] {processor.py:153} INFO - Started process (PID=164) to work on /home/airflow/.local/lib/python3.7/site-packages/airflow/example_dags/example_nested_branch_dag.py
[2023-04-09T23:25:05.257+0000] {processor.py:743} INFO - Processing file /home/airflow/.local/lib/python3.7/site-packages/airflow/example_dags/example_nested_branch_dag.py for tasks to queue
[2023-04-09T23:25:05.258+0000] {logging_mixin.py:137} INFO - [2023-04-09T23:25:05.257+0000] {dagbag.py:532} INFO - Filling up the DagBag from /home/airflow/.local/lib/python3.7/site-packages/airflow/example_dags/example_nested_branch_dag.py
[2023-04-09T23:25:05.300+0000] {processor.py:753} INFO - DAG(s) dict_keys(['example_nested_branch_dag']) retrieved from /home/airflow/.local/lib/python3.7/site-packages/airflow/example_dags/example_nested_branch_dag.py
[2023-04-09T23:25:05.326+0000] {logging_mixin.py:137} INFO - [2023-04-09T23:25:05.326+0000] {dag.py:2705} INFO - Sync 1 DAGs
[2023-04-09T23:25:05.355+0000] {logging_mixin.py:137} INFO - [2023-04-09T23:25:05.354+0000] {dag.py:3456} INFO - Setting next_dagrun for example_nested_branch_dag to 2023-04-08T00:00:00+00:00, run_after=2023-04-09T00:00:00+00:00
[2023-04-09T23:25:05.374+0000] {processor.py:175} INFO - Processing /home/airflow/.local/lib/python3.7/site-packages/airflow/example_dags/example_nested_branch_dag.py took 0.123 seconds
[2023-04-09T23:25:35.702+0000] {processor.py:153} INFO - Started process (PID=215) to work on /home/airflow/.local/lib/python3.7/site-packages/airflow/example_dags/example_nested_branch_dag.py
[2023-04-09T23:25:35.703+0000] {processor.py:743} INFO - Processing file /home/airflow/.local/lib/python3.7/site-packages/airflow/example_dags/example_nested_branch_dag.py for tasks to queue
[2023-04-09T23:25:35.705+0000] {logging_mixin.py:137} INFO - [2023-04-09T23:25:35.704+0000] {dagbag.py:532} INFO - Filling up the DagBag from /home/airflow/.local/lib/python3.7/site-packages/airflow/example_dags/example_nested_branch_dag.py
[2023-04-09T23:25:35.749+0000] {processor.py:753} INFO - DAG(s) dict_keys(['example_nested_branch_dag']) retrieved from /home/airflow/.local/lib/python3.7/site-packages/airflow/example_dags/example_nested_branch_dag.py
[2023-04-09T23:25:35.773+0000] {logging_mixin.py:137} INFO - [2023-04-09T23:25:35.773+0000] {dag.py:2705} INFO - Sync 1 DAGs
[2023-04-09T23:25:35.803+0000] {logging_mixin.py:137} INFO - [2023-04-09T23:25:35.803+0000] {dag.py:3456} INFO - Setting next_dagrun for example_nested_branch_dag to 2023-04-08T00:00:00+00:00, run_after=2023-04-09T00:00:00+00:00
[2023-04-09T23:25:35.821+0000] {processor.py:175} INFO - Processing /home/airflow/.local/lib/python3.7/site-packages/airflow/example_dags/example_nested_branch_dag.py took 0.123 seconds
[2023-04-09T23:26:05.933+0000] {processor.py:153} INFO - Started process (PID=267) to work on /home/airflow/.local/lib/python3.7/site-packages/airflow/example_dags/example_nested_branch_dag.py
[2023-04-09T23:26:05.934+0000] {processor.py:743} INFO - Processing file /home/airflow/.local/lib/python3.7/site-packages/airflow/example_dags/example_nested_branch_dag.py for tasks to queue
[2023-04-09T23:26:05.935+0000] {logging_mixin.py:137} INFO - [2023-04-09T23:26:05.935+0000] {dagbag.py:532} INFO - Filling up the DagBag from /home/airflow/.local/lib/python3.7/site-packages/airflow/example_dags/example_nested_branch_dag.py
[2023-04-09T23:26:05.977+0000] {processor.py:753} INFO - DAG(s) dict_keys(['example_nested_branch_dag']) retrieved from /home/airflow/.local/lib/python3.7/site-packages/airflow/example_dags/example_nested_branch_dag.py
[2023-04-09T23:26:06.001+0000] {logging_mixin.py:137} INFO - [2023-04-09T23:26:06.001+0000] {dag.py:2705} INFO - Sync 1 DAGs
[2023-04-09T23:26:06.028+0000] {logging_mixin.py:137} INFO - [2023-04-09T23:26:06.028+0000] {dag.py:3456} INFO - Setting next_dagrun for example_nested_branch_dag to 2023-04-08T00:00:00+00:00, run_after=2023-04-09T00:00:00+00:00
[2023-04-09T23:26:06.045+0000] {processor.py:175} INFO - Processing /home/airflow/.local/lib/python3.7/site-packages/airflow/example_dags/example_nested_branch_dag.py took 0.117 seconds
[2023-04-09T23:26:36.108+0000] {processor.py:153} INFO - Started process (PID=319) to work on /home/airflow/.local/lib/python3.7/site-packages/airflow/example_dags/example_nested_branch_dag.py
[2023-04-09T23:26:36.109+0000] {processor.py:743} INFO - Processing file /home/airflow/.local/lib/python3.7/site-packages/airflow/example_dags/example_nested_branch_dag.py for tasks to queue
[2023-04-09T23:26:36.110+0000] {logging_mixin.py:137} INFO - [2023-04-09T23:26:36.110+0000] {dagbag.py:532} INFO - Filling up the DagBag from /home/airflow/.local/lib/python3.7/site-packages/airflow/example_dags/example_nested_branch_dag.py
[2023-04-09T23:26:36.151+0000] {processor.py:753} INFO - DAG(s) dict_keys(['example_nested_branch_dag']) retrieved from /home/airflow/.local/lib/python3.7/site-packages/airflow/example_dags/example_nested_branch_dag.py
[2023-04-09T23:26:36.176+0000] {logging_mixin.py:137} INFO - [2023-04-09T23:26:36.175+0000] {dag.py:2705} INFO - Sync 1 DAGs
[2023-04-09T23:26:36.202+0000] {logging_mixin.py:137} INFO - [2023-04-09T23:26:36.202+0000] {dag.py:3456} INFO - Setting next_dagrun for example_nested_branch_dag to 2023-04-08T00:00:00+00:00, run_after=2023-04-09T00:00:00+00:00
[2023-04-09T23:26:36.217+0000] {processor.py:175} INFO - Processing /home/airflow/.local/lib/python3.7/site-packages/airflow/example_dags/example_nested_branch_dag.py took 0.115 seconds
[2023-04-09T23:27:06.298+0000] {processor.py:153} INFO - Started process (PID=371) to work on /home/airflow/.local/lib/python3.7/site-packages/airflow/example_dags/example_nested_branch_dag.py
[2023-04-09T23:27:06.299+0000] {processor.py:743} INFO - Processing file /home/airflow/.local/lib/python3.7/site-packages/airflow/example_dags/example_nested_branch_dag.py for tasks to queue
[2023-04-09T23:27:06.300+0000] {logging_mixin.py:137} INFO - [2023-04-09T23:27:06.300+0000] {dagbag.py:532} INFO - Filling up the DagBag from /home/airflow/.local/lib/python3.7/site-packages/airflow/example_dags/example_nested_branch_dag.py
[2023-04-09T23:27:06.343+0000] {processor.py:753} INFO - DAG(s) dict_keys(['example_nested_branch_dag']) retrieved from /home/airflow/.local/lib/python3.7/site-packages/airflow/example_dags/example_nested_branch_dag.py
[2023-04-09T23:27:06.367+0000] {logging_mixin.py:137} INFO - [2023-04-09T23:27:06.367+0000] {dag.py:2705} INFO - Sync 1 DAGs
[2023-04-09T23:27:06.393+0000] {logging_mixin.py:137} INFO - [2023-04-09T23:27:06.393+0000] {dag.py:3456} INFO - Setting next_dagrun for example_nested_branch_dag to 2023-04-08T00:00:00+00:00, run_after=2023-04-09T00:00:00+00:00
[2023-04-09T23:27:06.409+0000] {processor.py:175} INFO - Processing /home/airflow/.local/lib/python3.7/site-packages/airflow/example_dags/example_nested_branch_dag.py took 0.116 seconds
[2023-04-09T23:29:42.574+0000] {processor.py:153} INFO - Started process (PID=58) to work on /home/airflow/.local/lib/python3.7/site-packages/airflow/example_dags/example_nested_branch_dag.py
[2023-04-09T23:29:42.574+0000] {processor.py:743} INFO - Processing file /home/airflow/.local/lib/python3.7/site-packages/airflow/example_dags/example_nested_branch_dag.py for tasks to queue
[2023-04-09T23:29:42.575+0000] {logging_mixin.py:137} INFO - [2023-04-09T23:29:42.575+0000] {dagbag.py:532} INFO - Filling up the DagBag from /home/airflow/.local/lib/python3.7/site-packages/airflow/example_dags/example_nested_branch_dag.py
[2023-04-09T23:29:42.600+0000] {processor.py:753} INFO - DAG(s) dict_keys(['example_nested_branch_dag']) retrieved from /home/airflow/.local/lib/python3.7/site-packages/airflow/example_dags/example_nested_branch_dag.py
[2023-04-09T23:29:42.611+0000] {logging_mixin.py:137} INFO - [2023-04-09T23:29:42.611+0000] {dag.py:2705} INFO - Sync 1 DAGs
[2023-04-09T23:29:42.648+0000] {logging_mixin.py:137} INFO - [2023-04-09T23:29:42.648+0000] {dag.py:3456} INFO - Setting next_dagrun for example_nested_branch_dag to 2023-04-08T00:00:00+00:00, run_after=2023-04-09T00:00:00+00:00
[2023-04-09T23:29:42.669+0000] {processor.py:175} INFO - Processing /home/airflow/.local/lib/python3.7/site-packages/airflow/example_dags/example_nested_branch_dag.py took 0.098 seconds
[2023-04-09T23:30:13.536+0000] {processor.py:153} INFO - Started process (PID=110) to work on /home/airflow/.local/lib/python3.7/site-packages/airflow/example_dags/example_nested_branch_dag.py
[2023-04-09T23:30:13.537+0000] {processor.py:743} INFO - Processing file /home/airflow/.local/lib/python3.7/site-packages/airflow/example_dags/example_nested_branch_dag.py for tasks to queue
[2023-04-09T23:30:13.538+0000] {logging_mixin.py:137} INFO - [2023-04-09T23:30:13.538+0000] {dagbag.py:532} INFO - Filling up the DagBag from /home/airflow/.local/lib/python3.7/site-packages/airflow/example_dags/example_nested_branch_dag.py
[2023-04-09T23:30:13.580+0000] {processor.py:753} INFO - DAG(s) dict_keys(['example_nested_branch_dag']) retrieved from /home/airflow/.local/lib/python3.7/site-packages/airflow/example_dags/example_nested_branch_dag.py
[2023-04-09T23:30:13.609+0000] {logging_mixin.py:137} INFO - [2023-04-09T23:30:13.609+0000] {dag.py:2705} INFO - Sync 1 DAGs
[2023-04-09T23:30:13.640+0000] {logging_mixin.py:137} INFO - [2023-04-09T23:30:13.640+0000] {dag.py:3456} INFO - Setting next_dagrun for example_nested_branch_dag to 2023-04-08T00:00:00+00:00, run_after=2023-04-09T00:00:00+00:00
[2023-04-09T23:30:13.660+0000] {processor.py:175} INFO - Processing /home/airflow/.local/lib/python3.7/site-packages/airflow/example_dags/example_nested_branch_dag.py took 0.128 seconds
[2023-04-09T23:30:43.954+0000] {processor.py:153} INFO - Started process (PID=162) to work on /home/airflow/.local/lib/python3.7/site-packages/airflow/example_dags/example_nested_branch_dag.py
[2023-04-09T23:30:43.955+0000] {processor.py:743} INFO - Processing file /home/airflow/.local/lib/python3.7/site-packages/airflow/example_dags/example_nested_branch_dag.py for tasks to queue
[2023-04-09T23:30:43.955+0000] {logging_mixin.py:137} INFO - [2023-04-09T23:30:43.955+0000] {dagbag.py:532} INFO - Filling up the DagBag from /home/airflow/.local/lib/python3.7/site-packages/airflow/example_dags/example_nested_branch_dag.py
[2023-04-09T23:30:44.000+0000] {processor.py:753} INFO - DAG(s) dict_keys(['example_nested_branch_dag']) retrieved from /home/airflow/.local/lib/python3.7/site-packages/airflow/example_dags/example_nested_branch_dag.py
[2023-04-09T23:30:44.023+0000] {logging_mixin.py:137} INFO - [2023-04-09T23:30:44.023+0000] {dag.py:2705} INFO - Sync 1 DAGs
[2023-04-09T23:30:44.047+0000] {logging_mixin.py:137} INFO - [2023-04-09T23:30:44.047+0000] {dag.py:3456} INFO - Setting next_dagrun for example_nested_branch_dag to 2023-04-08T00:00:00+00:00, run_after=2023-04-09T00:00:00+00:00
[2023-04-09T23:30:44.064+0000] {processor.py:175} INFO - Processing /home/airflow/.local/lib/python3.7/site-packages/airflow/example_dags/example_nested_branch_dag.py took 0.112 seconds
[2023-04-09T23:31:14.388+0000] {processor.py:153} INFO - Started process (PID=234) to work on /home/airflow/.local/lib/python3.7/site-packages/airflow/example_dags/example_nested_branch_dag.py
[2023-04-09T23:31:14.389+0000] {processor.py:743} INFO - Processing file /home/airflow/.local/lib/python3.7/site-packages/airflow/example_dags/example_nested_branch_dag.py for tasks to queue
[2023-04-09T23:31:14.391+0000] {logging_mixin.py:137} INFO - [2023-04-09T23:31:14.390+0000] {dagbag.py:532} INFO - Filling up the DagBag from /home/airflow/.local/lib/python3.7/site-packages/airflow/example_dags/example_nested_branch_dag.py
[2023-04-09T23:31:14.433+0000] {processor.py:753} INFO - DAG(s) dict_keys(['example_nested_branch_dag']) retrieved from /home/airflow/.local/lib/python3.7/site-packages/airflow/example_dags/example_nested_branch_dag.py
[2023-04-09T23:31:14.457+0000] {logging_mixin.py:137} INFO - [2023-04-09T23:31:14.457+0000] {dag.py:2705} INFO - Sync 1 DAGs
[2023-04-09T23:31:14.486+0000] {logging_mixin.py:137} INFO - [2023-04-09T23:31:14.486+0000] {dag.py:3456} INFO - Setting next_dagrun for example_nested_branch_dag to 2023-04-08T00:00:00+00:00, run_after=2023-04-09T00:00:00+00:00
[2023-04-09T23:31:14.507+0000] {processor.py:175} INFO - Processing /home/airflow/.local/lib/python3.7/site-packages/airflow/example_dags/example_nested_branch_dag.py took 0.124 seconds
