[2023-04-09T23:24:05.311+0000] {processor.py:153} INFO - Started process (PID=78) to work on /home/airflow/.local/lib/python3.7/site-packages/airflow/example_dags/example_branch_python_dop_operator_3.py
[2023-04-09T23:24:05.312+0000] {processor.py:743} INFO - Processing file /home/airflow/.local/lib/python3.7/site-packages/airflow/example_dags/example_branch_python_dop_operator_3.py for tasks to queue
[2023-04-09T23:24:05.312+0000] {logging_mixin.py:137} INFO - [2023-04-09T23:24:05.312+0000] {dagbag.py:532} INFO - Filling up the DagBag from /home/airflow/.local/lib/python3.7/site-packages/airflow/example_dags/example_branch_python_dop_operator_3.py
[2023-04-09T23:24:05.335+0000] {processor.py:753} INFO - DAG(s) dict_keys(['example_branch_dop_operator_v3']) retrieved from /home/airflow/.local/lib/python3.7/site-packages/airflow/example_dags/example_branch_python_dop_operator_3.py
[2023-04-09T23:24:05.360+0000] {logging_mixin.py:137} INFO - [2023-04-09T23:24:05.359+0000] {dag.py:2705} INFO - Sync 1 DAGs
[2023-04-09T23:24:05.394+0000] {logging_mixin.py:137} INFO - [2023-04-09T23:24:05.394+0000] {dag.py:3456} INFO - Setting next_dagrun for example_branch_dop_operator_v3 to 2023-04-09T23:23:00+00:00, run_after=2023-04-09T23:24:00+00:00
[2023-04-09T23:24:05.414+0000] {processor.py:175} INFO - Processing /home/airflow/.local/lib/python3.7/site-packages/airflow/example_dags/example_branch_python_dop_operator_3.py took 0.105 seconds
[2023-04-09T23:24:35.473+0000] {processor.py:153} INFO - Started process (PID=130) to work on /home/airflow/.local/lib/python3.7/site-packages/airflow/example_dags/example_branch_python_dop_operator_3.py
[2023-04-09T23:24:35.474+0000] {processor.py:743} INFO - Processing file /home/airflow/.local/lib/python3.7/site-packages/airflow/example_dags/example_branch_python_dop_operator_3.py for tasks to queue
[2023-04-09T23:24:35.474+0000] {logging_mixin.py:137} INFO - [2023-04-09T23:24:35.474+0000] {dagbag.py:532} INFO - Filling up the DagBag from /home/airflow/.local/lib/python3.7/site-packages/airflow/example_dags/example_branch_python_dop_operator_3.py
[2023-04-09T23:24:35.496+0000] {processor.py:753} INFO - DAG(s) dict_keys(['example_branch_dop_operator_v3']) retrieved from /home/airflow/.local/lib/python3.7/site-packages/airflow/example_dags/example_branch_python_dop_operator_3.py
[2023-04-09T23:24:35.533+0000] {logging_mixin.py:137} INFO - [2023-04-09T23:24:35.533+0000] {dag.py:2705} INFO - Sync 1 DAGs
[2023-04-09T23:24:35.567+0000] {logging_mixin.py:137} INFO - [2023-04-09T23:24:35.567+0000] {dag.py:3456} INFO - Setting next_dagrun for example_branch_dop_operator_v3 to 2023-04-09T23:23:00+00:00, run_after=2023-04-09T23:24:00+00:00
[2023-04-09T23:24:35.586+0000] {processor.py:175} INFO - Processing /home/airflow/.local/lib/python3.7/site-packages/airflow/example_dags/example_branch_python_dop_operator_3.py took 0.115 seconds
[2023-04-09T23:25:06.622+0000] {processor.py:153} INFO - Started process (PID=182) to work on /home/airflow/.local/lib/python3.7/site-packages/airflow/example_dags/example_branch_python_dop_operator_3.py
[2023-04-09T23:25:06.623+0000] {processor.py:743} INFO - Processing file /home/airflow/.local/lib/python3.7/site-packages/airflow/example_dags/example_branch_python_dop_operator_3.py for tasks to queue
[2023-04-09T23:25:06.623+0000] {logging_mixin.py:137} INFO - [2023-04-09T23:25:06.623+0000] {dagbag.py:532} INFO - Filling up the DagBag from /home/airflow/.local/lib/python3.7/site-packages/airflow/example_dags/example_branch_python_dop_operator_3.py
[2023-04-09T23:25:06.642+0000] {processor.py:753} INFO - DAG(s) dict_keys(['example_branch_dop_operator_v3']) retrieved from /home/airflow/.local/lib/python3.7/site-packages/airflow/example_dags/example_branch_python_dop_operator_3.py
[2023-04-09T23:25:06.666+0000] {logging_mixin.py:137} INFO - [2023-04-09T23:25:06.666+0000] {dag.py:2705} INFO - Sync 1 DAGs
[2023-04-09T23:25:06.703+0000] {logging_mixin.py:137} INFO - [2023-04-09T23:25:06.703+0000] {dag.py:3456} INFO - Setting next_dagrun for example_branch_dop_operator_v3 to 2023-04-09T23:24:00+00:00, run_after=2023-04-09T23:25:00+00:00
[2023-04-09T23:25:06.722+0000] {processor.py:175} INFO - Processing /home/airflow/.local/lib/python3.7/site-packages/airflow/example_dags/example_branch_python_dop_operator_3.py took 0.102 seconds
[2023-04-09T23:25:36.999+0000] {processor.py:153} INFO - Started process (PID=234) to work on /home/airflow/.local/lib/python3.7/site-packages/airflow/example_dags/example_branch_python_dop_operator_3.py
[2023-04-09T23:25:37.000+0000] {processor.py:743} INFO - Processing file /home/airflow/.local/lib/python3.7/site-packages/airflow/example_dags/example_branch_python_dop_operator_3.py for tasks to queue
[2023-04-09T23:25:37.001+0000] {logging_mixin.py:137} INFO - [2023-04-09T23:25:37.001+0000] {dagbag.py:532} INFO - Filling up the DagBag from /home/airflow/.local/lib/python3.7/site-packages/airflow/example_dags/example_branch_python_dop_operator_3.py
[2023-04-09T23:25:37.043+0000] {processor.py:753} INFO - DAG(s) dict_keys(['example_branch_dop_operator_v3']) retrieved from /home/airflow/.local/lib/python3.7/site-packages/airflow/example_dags/example_branch_python_dop_operator_3.py
[2023-04-09T23:25:37.065+0000] {logging_mixin.py:137} INFO - [2023-04-09T23:25:37.064+0000] {dag.py:2705} INFO - Sync 1 DAGs
[2023-04-09T23:25:37.101+0000] {logging_mixin.py:137} INFO - [2023-04-09T23:25:37.101+0000] {dag.py:3456} INFO - Setting next_dagrun for example_branch_dop_operator_v3 to 2023-04-09T23:24:00+00:00, run_after=2023-04-09T23:25:00+00:00
[2023-04-09T23:25:37.119+0000] {processor.py:175} INFO - Processing /home/airflow/.local/lib/python3.7/site-packages/airflow/example_dags/example_branch_python_dop_operator_3.py took 0.125 seconds
[2023-04-09T23:26:08.325+0000] {processor.py:153} INFO - Started process (PID=286) to work on /home/airflow/.local/lib/python3.7/site-packages/airflow/example_dags/example_branch_python_dop_operator_3.py
[2023-04-09T23:26:08.326+0000] {processor.py:743} INFO - Processing file /home/airflow/.local/lib/python3.7/site-packages/airflow/example_dags/example_branch_python_dop_operator_3.py for tasks to queue
[2023-04-09T23:26:08.326+0000] {logging_mixin.py:137} INFO - [2023-04-09T23:26:08.326+0000] {dagbag.py:532} INFO - Filling up the DagBag from /home/airflow/.local/lib/python3.7/site-packages/airflow/example_dags/example_branch_python_dop_operator_3.py
[2023-04-09T23:26:08.346+0000] {processor.py:753} INFO - DAG(s) dict_keys(['example_branch_dop_operator_v3']) retrieved from /home/airflow/.local/lib/python3.7/site-packages/airflow/example_dags/example_branch_python_dop_operator_3.py
[2023-04-09T23:26:08.380+0000] {logging_mixin.py:137} INFO - [2023-04-09T23:26:08.380+0000] {dag.py:2705} INFO - Sync 1 DAGs
[2023-04-09T23:26:08.410+0000] {logging_mixin.py:137} INFO - [2023-04-09T23:26:08.410+0000] {dag.py:3456} INFO - Setting next_dagrun for example_branch_dop_operator_v3 to 2023-04-09T23:25:00+00:00, run_after=2023-04-09T23:26:00+00:00
[2023-04-09T23:26:08.426+0000] {processor.py:175} INFO - Processing /home/airflow/.local/lib/python3.7/site-packages/airflow/example_dags/example_branch_python_dop_operator_3.py took 0.103 seconds
[2023-04-09T23:26:38.646+0000] {processor.py:153} INFO - Started process (PID=338) to work on /home/airflow/.local/lib/python3.7/site-packages/airflow/example_dags/example_branch_python_dop_operator_3.py
[2023-04-09T23:26:38.647+0000] {processor.py:743} INFO - Processing file /home/airflow/.local/lib/python3.7/site-packages/airflow/example_dags/example_branch_python_dop_operator_3.py for tasks to queue
[2023-04-09T23:26:38.648+0000] {logging_mixin.py:137} INFO - [2023-04-09T23:26:38.648+0000] {dagbag.py:532} INFO - Filling up the DagBag from /home/airflow/.local/lib/python3.7/site-packages/airflow/example_dags/example_branch_python_dop_operator_3.py
[2023-04-09T23:26:38.667+0000] {processor.py:753} INFO - DAG(s) dict_keys(['example_branch_dop_operator_v3']) retrieved from /home/airflow/.local/lib/python3.7/site-packages/airflow/example_dags/example_branch_python_dop_operator_3.py
[2023-04-09T23:26:38.687+0000] {logging_mixin.py:137} INFO - [2023-04-09T23:26:38.686+0000] {dag.py:2705} INFO - Sync 1 DAGs
[2023-04-09T23:26:38.715+0000] {logging_mixin.py:137} INFO - [2023-04-09T23:26:38.715+0000] {dag.py:3456} INFO - Setting next_dagrun for example_branch_dop_operator_v3 to 2023-04-09T23:25:00+00:00, run_after=2023-04-09T23:26:00+00:00
[2023-04-09T23:26:38.730+0000] {processor.py:175} INFO - Processing /home/airflow/.local/lib/python3.7/site-packages/airflow/example_dags/example_branch_python_dop_operator_3.py took 0.086 seconds
[2023-04-09T23:27:09.850+0000] {processor.py:153} INFO - Started process (PID=390) to work on /home/airflow/.local/lib/python3.7/site-packages/airflow/example_dags/example_branch_python_dop_operator_3.py
[2023-04-09T23:27:09.850+0000] {processor.py:743} INFO - Processing file /home/airflow/.local/lib/python3.7/site-packages/airflow/example_dags/example_branch_python_dop_operator_3.py for tasks to queue
[2023-04-09T23:27:09.851+0000] {logging_mixin.py:137} INFO - [2023-04-09T23:27:09.850+0000] {dagbag.py:532} INFO - Filling up the DagBag from /home/airflow/.local/lib/python3.7/site-packages/airflow/example_dags/example_branch_python_dop_operator_3.py
[2023-04-09T23:27:09.870+0000] {processor.py:753} INFO - DAG(s) dict_keys(['example_branch_dop_operator_v3']) retrieved from /home/airflow/.local/lib/python3.7/site-packages/airflow/example_dags/example_branch_python_dop_operator_3.py
[2023-04-09T23:27:09.890+0000] {logging_mixin.py:137} INFO - [2023-04-09T23:27:09.890+0000] {dag.py:2705} INFO - Sync 1 DAGs
[2023-04-09T23:27:09.918+0000] {logging_mixin.py:137} INFO - [2023-04-09T23:27:09.918+0000] {dag.py:3456} INFO - Setting next_dagrun for example_branch_dop_operator_v3 to 2023-04-09T23:26:00+00:00, run_after=2023-04-09T23:27:00+00:00
[2023-04-09T23:27:09.933+0000] {processor.py:175} INFO - Processing /home/airflow/.local/lib/python3.7/site-packages/airflow/example_dags/example_branch_python_dop_operator_3.py took 0.086 seconds
[2023-04-09T23:29:43.606+0000] {processor.py:153} INFO - Started process (PID=75) to work on /home/airflow/.local/lib/python3.7/site-packages/airflow/example_dags/example_branch_python_dop_operator_3.py
[2023-04-09T23:29:43.606+0000] {processor.py:743} INFO - Processing file /home/airflow/.local/lib/python3.7/site-packages/airflow/example_dags/example_branch_python_dop_operator_3.py for tasks to queue
[2023-04-09T23:29:43.607+0000] {logging_mixin.py:137} INFO - [2023-04-09T23:29:43.607+0000] {dagbag.py:532} INFO - Filling up the DagBag from /home/airflow/.local/lib/python3.7/site-packages/airflow/example_dags/example_branch_python_dop_operator_3.py
[2023-04-09T23:29:43.632+0000] {processor.py:753} INFO - DAG(s) dict_keys(['example_branch_dop_operator_v3']) retrieved from /home/airflow/.local/lib/python3.7/site-packages/airflow/example_dags/example_branch_python_dop_operator_3.py
[2023-04-09T23:29:43.642+0000] {logging_mixin.py:137} INFO - [2023-04-09T23:29:43.642+0000] {dag.py:2705} INFO - Sync 1 DAGs
[2023-04-09T23:29:43.678+0000] {logging_mixin.py:137} INFO - [2023-04-09T23:29:43.678+0000] {dag.py:3456} INFO - Setting next_dagrun for example_branch_dop_operator_v3 to 2023-04-09T23:28:00+00:00, run_after=2023-04-09T23:29:00+00:00
[2023-04-09T23:29:43.698+0000] {processor.py:175} INFO - Processing /home/airflow/.local/lib/python3.7/site-packages/airflow/example_dags/example_branch_python_dop_operator_3.py took 0.094 seconds
[2023-04-09T23:30:14.702+0000] {processor.py:153} INFO - Started process (PID=127) to work on /home/airflow/.local/lib/python3.7/site-packages/airflow/example_dags/example_branch_python_dop_operator_3.py
[2023-04-09T23:30:14.703+0000] {processor.py:743} INFO - Processing file /home/airflow/.local/lib/python3.7/site-packages/airflow/example_dags/example_branch_python_dop_operator_3.py for tasks to queue
[2023-04-09T23:30:14.704+0000] {logging_mixin.py:137} INFO - [2023-04-09T23:30:14.703+0000] {dagbag.py:532} INFO - Filling up the DagBag from /home/airflow/.local/lib/python3.7/site-packages/airflow/example_dags/example_branch_python_dop_operator_3.py
[2023-04-09T23:30:14.744+0000] {processor.py:753} INFO - DAG(s) dict_keys(['example_branch_dop_operator_v3']) retrieved from /home/airflow/.local/lib/python3.7/site-packages/airflow/example_dags/example_branch_python_dop_operator_3.py
[2023-04-09T23:30:14.765+0000] {logging_mixin.py:137} INFO - [2023-04-09T23:30:14.765+0000] {dag.py:2705} INFO - Sync 1 DAGs
[2023-04-09T23:30:14.794+0000] {logging_mixin.py:137} INFO - [2023-04-09T23:30:14.794+0000] {dag.py:3456} INFO - Setting next_dagrun for example_branch_dop_operator_v3 to 2023-04-09T23:29:00+00:00, run_after=2023-04-09T23:30:00+00:00
[2023-04-09T23:30:14.811+0000] {processor.py:175} INFO - Processing /home/airflow/.local/lib/python3.7/site-packages/airflow/example_dags/example_branch_python_dop_operator_3.py took 0.115 seconds
[2023-04-09T23:30:45.182+0000] {processor.py:153} INFO - Started process (PID=179) to work on /home/airflow/.local/lib/python3.7/site-packages/airflow/example_dags/example_branch_python_dop_operator_3.py
[2023-04-09T23:30:45.184+0000] {processor.py:743} INFO - Processing file /home/airflow/.local/lib/python3.7/site-packages/airflow/example_dags/example_branch_python_dop_operator_3.py for tasks to queue
[2023-04-09T23:30:45.185+0000] {logging_mixin.py:137} INFO - [2023-04-09T23:30:45.184+0000] {dagbag.py:532} INFO - Filling up the DagBag from /home/airflow/.local/lib/python3.7/site-packages/airflow/example_dags/example_branch_python_dop_operator_3.py
[2023-04-09T23:30:45.225+0000] {processor.py:753} INFO - DAG(s) dict_keys(['example_branch_dop_operator_v3']) retrieved from /home/airflow/.local/lib/python3.7/site-packages/airflow/example_dags/example_branch_python_dop_operator_3.py
[2023-04-09T23:30:45.247+0000] {logging_mixin.py:137} INFO - [2023-04-09T23:30:45.246+0000] {dag.py:2705} INFO - Sync 1 DAGs
[2023-04-09T23:30:45.278+0000] {logging_mixin.py:137} INFO - [2023-04-09T23:30:45.277+0000] {dag.py:3456} INFO - Setting next_dagrun for example_branch_dop_operator_v3 to 2023-04-09T23:29:00+00:00, run_after=2023-04-09T23:30:00+00:00
[2023-04-09T23:30:45.295+0000] {processor.py:175} INFO - Processing /home/airflow/.local/lib/python3.7/site-packages/airflow/example_dags/example_branch_python_dop_operator_3.py took 0.118 seconds
[2023-04-09T23:31:15.545+0000] {processor.py:153} INFO - Started process (PID=251) to work on /home/airflow/.local/lib/python3.7/site-packages/airflow/example_dags/example_branch_python_dop_operator_3.py
[2023-04-09T23:31:15.546+0000] {processor.py:743} INFO - Processing file /home/airflow/.local/lib/python3.7/site-packages/airflow/example_dags/example_branch_python_dop_operator_3.py for tasks to queue
[2023-04-09T23:31:15.547+0000] {logging_mixin.py:137} INFO - [2023-04-09T23:31:15.547+0000] {dagbag.py:532} INFO - Filling up the DagBag from /home/airflow/.local/lib/python3.7/site-packages/airflow/example_dags/example_branch_python_dop_operator_3.py
[2023-04-09T23:31:15.589+0000] {processor.py:753} INFO - DAG(s) dict_keys(['example_branch_dop_operator_v3']) retrieved from /home/airflow/.local/lib/python3.7/site-packages/airflow/example_dags/example_branch_python_dop_operator_3.py
[2023-04-09T23:31:15.610+0000] {logging_mixin.py:137} INFO - [2023-04-09T23:31:15.610+0000] {dag.py:2705} INFO - Sync 1 DAGs
[2023-04-09T23:31:15.639+0000] {logging_mixin.py:137} INFO - [2023-04-09T23:31:15.639+0000] {dag.py:3456} INFO - Setting next_dagrun for example_branch_dop_operator_v3 to 2023-04-09T23:30:00+00:00, run_after=2023-04-09T23:31:00+00:00
[2023-04-09T23:31:15.657+0000] {processor.py:175} INFO - Processing /home/airflow/.local/lib/python3.7/site-packages/airflow/example_dags/example_branch_python_dop_operator_3.py took 0.117 seconds
