[2023-04-09T23:24:04.520+0000] {processor.py:153} INFO - Started process (PID=67) to work on /home/airflow/.local/lib/python3.7/site-packages/airflow/example_dags/example_short_circuit_decorator.py
[2023-04-09T23:24:04.521+0000] {processor.py:743} INFO - Processing file /home/airflow/.local/lib/python3.7/site-packages/airflow/example_dags/example_short_circuit_decorator.py for tasks to queue
[2023-04-09T23:24:04.521+0000] {logging_mixin.py:137} INFO - [2023-04-09T23:24:04.521+0000] {dagbag.py:532} INFO - Filling up the DagBag from /home/airflow/.local/lib/python3.7/site-packages/airflow/example_dags/example_short_circuit_decorator.py
[2023-04-09T23:24:04.553+0000] {processor.py:753} INFO - DAG(s) dict_keys(['example_short_circuit_decorator']) retrieved from /home/airflow/.local/lib/python3.7/site-packages/airflow/example_dags/example_short_circuit_decorator.py
[2023-04-09T23:24:04.586+0000] {logging_mixin.py:137} INFO - [2023-04-09T23:24:04.586+0000] {dag.py:2705} INFO - Sync 1 DAGs
[2023-04-09T23:24:04.621+0000] {logging_mixin.py:137} INFO - [2023-04-09T23:24:04.621+0000] {dag.py:3456} INFO - Setting next_dagrun for example_short_circuit_decorator to 2023-04-08T23:24:04.620893+00:00, run_after=2023-04-09T23:24:04.620893+00:00
[2023-04-09T23:24:04.640+0000] {processor.py:175} INFO - Processing /home/airflow/.local/lib/python3.7/site-packages/airflow/example_dags/example_short_circuit_decorator.py took 0.122 seconds
[2023-04-09T23:24:34.784+0000] {processor.py:153} INFO - Started process (PID=119) to work on /home/airflow/.local/lib/python3.7/site-packages/airflow/example_dags/example_short_circuit_decorator.py
[2023-04-09T23:24:34.785+0000] {processor.py:743} INFO - Processing file /home/airflow/.local/lib/python3.7/site-packages/airflow/example_dags/example_short_circuit_decorator.py for tasks to queue
[2023-04-09T23:24:34.786+0000] {logging_mixin.py:137} INFO - [2023-04-09T23:24:34.785+0000] {dagbag.py:532} INFO - Filling up the DagBag from /home/airflow/.local/lib/python3.7/site-packages/airflow/example_dags/example_short_circuit_decorator.py
[2023-04-09T23:24:34.807+0000] {processor.py:753} INFO - DAG(s) dict_keys(['example_short_circuit_decorator']) retrieved from /home/airflow/.local/lib/python3.7/site-packages/airflow/example_dags/example_short_circuit_decorator.py
[2023-04-09T23:24:34.833+0000] {logging_mixin.py:137} INFO - [2023-04-09T23:24:34.833+0000] {dag.py:2705} INFO - Sync 1 DAGs
[2023-04-09T23:24:34.860+0000] {logging_mixin.py:137} INFO - [2023-04-09T23:24:34.860+0000] {dag.py:3456} INFO - Setting next_dagrun for example_short_circuit_decorator to 2023-04-08T23:24:34.860553+00:00, run_after=2023-04-09T23:24:34.860553+00:00
[2023-04-09T23:24:34.879+0000] {processor.py:175} INFO - Processing /home/airflow/.local/lib/python3.7/site-packages/airflow/example_dags/example_short_circuit_decorator.py took 0.097 seconds
[2023-04-09T23:25:05.831+0000] {processor.py:153} INFO - Started process (PID=171) to work on /home/airflow/.local/lib/python3.7/site-packages/airflow/example_dags/example_short_circuit_decorator.py
[2023-04-09T23:25:05.832+0000] {processor.py:743} INFO - Processing file /home/airflow/.local/lib/python3.7/site-packages/airflow/example_dags/example_short_circuit_decorator.py for tasks to queue
[2023-04-09T23:25:05.833+0000] {logging_mixin.py:137} INFO - [2023-04-09T23:25:05.833+0000] {dagbag.py:532} INFO - Filling up the DagBag from /home/airflow/.local/lib/python3.7/site-packages/airflow/example_dags/example_short_circuit_decorator.py
[2023-04-09T23:25:05.874+0000] {processor.py:753} INFO - DAG(s) dict_keys(['example_short_circuit_decorator']) retrieved from /home/airflow/.local/lib/python3.7/site-packages/airflow/example_dags/example_short_circuit_decorator.py
[2023-04-09T23:25:05.900+0000] {logging_mixin.py:137} INFO - [2023-04-09T23:25:05.900+0000] {dag.py:2705} INFO - Sync 1 DAGs
[2023-04-09T23:25:05.925+0000] {logging_mixin.py:137} INFO - [2023-04-09T23:25:05.925+0000] {dag.py:3456} INFO - Setting next_dagrun for example_short_circuit_decorator to 2023-04-08T23:25:05.925547+00:00, run_after=2023-04-09T23:25:05.925547+00:00
[2023-04-09T23:25:05.941+0000] {processor.py:175} INFO - Processing /home/airflow/.local/lib/python3.7/site-packages/airflow/example_dags/example_short_circuit_decorator.py took 0.115 seconds
[2023-04-09T23:25:36.348+0000] {processor.py:153} INFO - Started process (PID=223) to work on /home/airflow/.local/lib/python3.7/site-packages/airflow/example_dags/example_short_circuit_decorator.py
[2023-04-09T23:25:36.350+0000] {processor.py:743} INFO - Processing file /home/airflow/.local/lib/python3.7/site-packages/airflow/example_dags/example_short_circuit_decorator.py for tasks to queue
[2023-04-09T23:25:36.351+0000] {logging_mixin.py:137} INFO - [2023-04-09T23:25:36.351+0000] {dagbag.py:532} INFO - Filling up the DagBag from /home/airflow/.local/lib/python3.7/site-packages/airflow/example_dags/example_short_circuit_decorator.py
[2023-04-09T23:25:36.395+0000] {processor.py:753} INFO - DAG(s) dict_keys(['example_short_circuit_decorator']) retrieved from /home/airflow/.local/lib/python3.7/site-packages/airflow/example_dags/example_short_circuit_decorator.py
[2023-04-09T23:25:36.420+0000] {logging_mixin.py:137} INFO - [2023-04-09T23:25:36.420+0000] {dag.py:2705} INFO - Sync 1 DAGs
[2023-04-09T23:25:36.446+0000] {logging_mixin.py:137} INFO - [2023-04-09T23:25:36.446+0000] {dag.py:3456} INFO - Setting next_dagrun for example_short_circuit_decorator to 2023-04-08T23:25:36.446279+00:00, run_after=2023-04-09T23:25:36.446279+00:00
[2023-04-09T23:25:36.461+0000] {processor.py:175} INFO - Processing /home/airflow/.local/lib/python3.7/site-packages/airflow/example_dags/example_short_circuit_decorator.py took 0.118 seconds
[2023-04-09T23:26:07.446+0000] {processor.py:153} INFO - Started process (PID=275) to work on /home/airflow/.local/lib/python3.7/site-packages/airflow/example_dags/example_short_circuit_decorator.py
[2023-04-09T23:26:07.447+0000] {processor.py:743} INFO - Processing file /home/airflow/.local/lib/python3.7/site-packages/airflow/example_dags/example_short_circuit_decorator.py for tasks to queue
[2023-04-09T23:26:07.447+0000] {logging_mixin.py:137} INFO - [2023-04-09T23:26:07.447+0000] {dagbag.py:532} INFO - Filling up the DagBag from /home/airflow/.local/lib/python3.7/site-packages/airflow/example_dags/example_short_circuit_decorator.py
[2023-04-09T23:26:07.467+0000] {processor.py:753} INFO - DAG(s) dict_keys(['example_short_circuit_decorator']) retrieved from /home/airflow/.local/lib/python3.7/site-packages/airflow/example_dags/example_short_circuit_decorator.py
[2023-04-09T23:26:07.493+0000] {logging_mixin.py:137} INFO - [2023-04-09T23:26:07.492+0000] {dag.py:2705} INFO - Sync 1 DAGs
[2023-04-09T23:26:07.518+0000] {logging_mixin.py:137} INFO - [2023-04-09T23:26:07.518+0000] {dag.py:3456} INFO - Setting next_dagrun for example_short_circuit_decorator to 2023-04-08T23:26:07.517971+00:00, run_after=2023-04-09T23:26:07.517971+00:00
[2023-04-09T23:26:07.534+0000] {processor.py:175} INFO - Processing /home/airflow/.local/lib/python3.7/site-packages/airflow/example_dags/example_short_circuit_decorator.py took 0.090 seconds
[2023-04-09T23:26:37.587+0000] {processor.py:153} INFO - Started process (PID=325) to work on /home/airflow/.local/lib/python3.7/site-packages/airflow/example_dags/example_short_circuit_decorator.py
[2023-04-09T23:26:37.588+0000] {processor.py:743} INFO - Processing file /home/airflow/.local/lib/python3.7/site-packages/airflow/example_dags/example_short_circuit_decorator.py for tasks to queue
[2023-04-09T23:26:37.588+0000] {logging_mixin.py:137} INFO - [2023-04-09T23:26:37.588+0000] {dagbag.py:532} INFO - Filling up the DagBag from /home/airflow/.local/lib/python3.7/site-packages/airflow/example_dags/example_short_circuit_decorator.py
[2023-04-09T23:26:37.608+0000] {processor.py:753} INFO - DAG(s) dict_keys(['example_short_circuit_decorator']) retrieved from /home/airflow/.local/lib/python3.7/site-packages/airflow/example_dags/example_short_circuit_decorator.py
[2023-04-09T23:26:37.634+0000] {logging_mixin.py:137} INFO - [2023-04-09T23:26:37.634+0000] {dag.py:2705} INFO - Sync 1 DAGs
[2023-04-09T23:26:37.659+0000] {logging_mixin.py:137} INFO - [2023-04-09T23:26:37.658+0000] {dag.py:3456} INFO - Setting next_dagrun for example_short_circuit_decorator to 2023-04-08T23:26:37.658782+00:00, run_after=2023-04-09T23:26:37.658782+00:00
[2023-04-09T23:26:37.675+0000] {processor.py:175} INFO - Processing /home/airflow/.local/lib/python3.7/site-packages/airflow/example_dags/example_short_circuit_decorator.py took 0.090 seconds
[2023-04-09T23:27:07.732+0000] {processor.py:153} INFO - Started process (PID=377) to work on /home/airflow/.local/lib/python3.7/site-packages/airflow/example_dags/example_short_circuit_decorator.py
[2023-04-09T23:27:07.733+0000] {processor.py:743} INFO - Processing file /home/airflow/.local/lib/python3.7/site-packages/airflow/example_dags/example_short_circuit_decorator.py for tasks to queue
[2023-04-09T23:27:07.734+0000] {logging_mixin.py:137} INFO - [2023-04-09T23:27:07.734+0000] {dagbag.py:532} INFO - Filling up the DagBag from /home/airflow/.local/lib/python3.7/site-packages/airflow/example_dags/example_short_circuit_decorator.py
[2023-04-09T23:27:07.774+0000] {processor.py:753} INFO - DAG(s) dict_keys(['example_short_circuit_decorator']) retrieved from /home/airflow/.local/lib/python3.7/site-packages/airflow/example_dags/example_short_circuit_decorator.py
[2023-04-09T23:27:07.800+0000] {logging_mixin.py:137} INFO - [2023-04-09T23:27:07.800+0000] {dag.py:2705} INFO - Sync 1 DAGs
[2023-04-09T23:27:07.825+0000] {logging_mixin.py:137} INFO - [2023-04-09T23:27:07.825+0000] {dag.py:3456} INFO - Setting next_dagrun for example_short_circuit_decorator to 2023-04-08T23:27:07.825648+00:00, run_after=2023-04-09T23:27:07.825648+00:00
[2023-04-09T23:27:07.844+0000] {processor.py:175} INFO - Processing /home/airflow/.local/lib/python3.7/site-packages/airflow/example_dags/example_short_circuit_decorator.py took 0.117 seconds
[2023-04-09T23:29:42.991+0000] {processor.py:153} INFO - Started process (PID=64) to work on /home/airflow/.local/lib/python3.7/site-packages/airflow/example_dags/example_short_circuit_decorator.py
[2023-04-09T23:29:42.992+0000] {processor.py:743} INFO - Processing file /home/airflow/.local/lib/python3.7/site-packages/airflow/example_dags/example_short_circuit_decorator.py for tasks to queue
[2023-04-09T23:29:42.992+0000] {logging_mixin.py:137} INFO - [2023-04-09T23:29:42.992+0000] {dagbag.py:532} INFO - Filling up the DagBag from /home/airflow/.local/lib/python3.7/site-packages/airflow/example_dags/example_short_circuit_decorator.py
[2023-04-09T23:29:43.017+0000] {processor.py:753} INFO - DAG(s) dict_keys(['example_short_circuit_decorator']) retrieved from /home/airflow/.local/lib/python3.7/site-packages/airflow/example_dags/example_short_circuit_decorator.py
[2023-04-09T23:29:43.027+0000] {logging_mixin.py:137} INFO - [2023-04-09T23:29:43.027+0000] {dag.py:2705} INFO - Sync 1 DAGs
[2023-04-09T23:29:43.060+0000] {logging_mixin.py:137} INFO - [2023-04-09T23:29:43.059+0000] {dag.py:3456} INFO - Setting next_dagrun for example_short_circuit_decorator to 2023-04-08T23:29:43.059616+00:00, run_after=2023-04-09T23:29:43.059616+00:00
[2023-04-09T23:29:43.079+0000] {processor.py:175} INFO - Processing /home/airflow/.local/lib/python3.7/site-packages/airflow/example_dags/example_short_circuit_decorator.py took 0.091 seconds
[2023-04-09T23:30:13.933+0000] {processor.py:153} INFO - Started process (PID=116) to work on /home/airflow/.local/lib/python3.7/site-packages/airflow/example_dags/example_short_circuit_decorator.py
[2023-04-09T23:30:13.934+0000] {processor.py:743} INFO - Processing file /home/airflow/.local/lib/python3.7/site-packages/airflow/example_dags/example_short_circuit_decorator.py for tasks to queue
[2023-04-09T23:30:13.934+0000] {logging_mixin.py:137} INFO - [2023-04-09T23:30:13.934+0000] {dagbag.py:532} INFO - Filling up the DagBag from /home/airflow/.local/lib/python3.7/site-packages/airflow/example_dags/example_short_circuit_decorator.py
[2023-04-09T23:30:13.954+0000] {processor.py:753} INFO - DAG(s) dict_keys(['example_short_circuit_decorator']) retrieved from /home/airflow/.local/lib/python3.7/site-packages/airflow/example_dags/example_short_circuit_decorator.py
[2023-04-09T23:30:13.982+0000] {logging_mixin.py:137} INFO - [2023-04-09T23:30:13.982+0000] {dag.py:2705} INFO - Sync 1 DAGs
[2023-04-09T23:30:14.009+0000] {logging_mixin.py:137} INFO - [2023-04-09T23:30:14.009+0000] {dag.py:3456} INFO - Setting next_dagrun for example_short_circuit_decorator to 2023-04-08T23:30:14.009641+00:00, run_after=2023-04-09T23:30:14.009641+00:00
[2023-04-09T23:30:14.027+0000] {processor.py:175} INFO - Processing /home/airflow/.local/lib/python3.7/site-packages/airflow/example_dags/example_short_circuit_decorator.py took 0.096 seconds
[2023-04-09T23:30:44.355+0000] {processor.py:153} INFO - Started process (PID=168) to work on /home/airflow/.local/lib/python3.7/site-packages/airflow/example_dags/example_short_circuit_decorator.py
[2023-04-09T23:30:44.356+0000] {processor.py:743} INFO - Processing file /home/airflow/.local/lib/python3.7/site-packages/airflow/example_dags/example_short_circuit_decorator.py for tasks to queue
[2023-04-09T23:30:44.357+0000] {logging_mixin.py:137} INFO - [2023-04-09T23:30:44.357+0000] {dagbag.py:532} INFO - Filling up the DagBag from /home/airflow/.local/lib/python3.7/site-packages/airflow/example_dags/example_short_circuit_decorator.py
[2023-04-09T23:30:44.399+0000] {processor.py:753} INFO - DAG(s) dict_keys(['example_short_circuit_decorator']) retrieved from /home/airflow/.local/lib/python3.7/site-packages/airflow/example_dags/example_short_circuit_decorator.py
[2023-04-09T23:30:44.426+0000] {logging_mixin.py:137} INFO - [2023-04-09T23:30:44.426+0000] {dag.py:2705} INFO - Sync 1 DAGs
[2023-04-09T23:30:44.454+0000] {logging_mixin.py:137} INFO - [2023-04-09T23:30:44.454+0000] {dag.py:3456} INFO - Setting next_dagrun for example_short_circuit_decorator to 2023-04-08T23:30:44.454091+00:00, run_after=2023-04-09T23:30:44.454091+00:00
[2023-04-09T23:30:44.474+0000] {processor.py:175} INFO - Processing /home/airflow/.local/lib/python3.7/site-packages/airflow/example_dags/example_short_circuit_decorator.py took 0.124 seconds
[2023-04-09T23:31:14.755+0000] {processor.py:153} INFO - Started process (PID=240) to work on /home/airflow/.local/lib/python3.7/site-packages/airflow/example_dags/example_short_circuit_decorator.py
[2023-04-09T23:31:14.756+0000] {processor.py:743} INFO - Processing file /home/airflow/.local/lib/python3.7/site-packages/airflow/example_dags/example_short_circuit_decorator.py for tasks to queue
[2023-04-09T23:31:14.757+0000] {logging_mixin.py:137} INFO - [2023-04-09T23:31:14.757+0000] {dagbag.py:532} INFO - Filling up the DagBag from /home/airflow/.local/lib/python3.7/site-packages/airflow/example_dags/example_short_circuit_decorator.py
[2023-04-09T23:31:14.777+0000] {processor.py:753} INFO - DAG(s) dict_keys(['example_short_circuit_decorator']) retrieved from /home/airflow/.local/lib/python3.7/site-packages/airflow/example_dags/example_short_circuit_decorator.py
[2023-04-09T23:31:14.810+0000] {logging_mixin.py:137} INFO - [2023-04-09T23:31:14.809+0000] {dag.py:2705} INFO - Sync 1 DAGs
[2023-04-09T23:31:14.840+0000] {logging_mixin.py:137} INFO - [2023-04-09T23:31:14.840+0000] {dag.py:3456} INFO - Setting next_dagrun for example_short_circuit_decorator to 2023-04-08T23:31:14.840205+00:00, run_after=2023-04-09T23:31:14.840205+00:00
[2023-04-09T23:31:14.859+0000] {processor.py:175} INFO - Processing /home/airflow/.local/lib/python3.7/site-packages/airflow/example_dags/example_short_circuit_decorator.py took 0.106 seconds
