[2023-04-09T23:24:05.098+0000] {processor.py:153} INFO - Started process (PID=76) to work on /home/airflow/.local/lib/python3.7/site-packages/airflow/example_dags/example_latest_only_with_trigger.py
[2023-04-09T23:24:05.098+0000] {processor.py:743} INFO - Processing file /home/airflow/.local/lib/python3.7/site-packages/airflow/example_dags/example_latest_only_with_trigger.py for tasks to queue
[2023-04-09T23:24:05.099+0000] {logging_mixin.py:137} INFO - [2023-04-09T23:24:05.099+0000] {dagbag.py:532} INFO - Filling up the DagBag from /home/airflow/.local/lib/python3.7/site-packages/airflow/example_dags/example_latest_only_with_trigger.py
[2023-04-09T23:24:05.113+0000] {processor.py:753} INFO - DAG(s) dict_keys(['latest_only_with_trigger']) retrieved from /home/airflow/.local/lib/python3.7/site-packages/airflow/example_dags/example_latest_only_with_trigger.py
[2023-04-09T23:24:05.139+0000] {logging_mixin.py:137} INFO - [2023-04-09T23:24:05.139+0000] {dag.py:2705} INFO - Sync 1 DAGs
[2023-04-09T23:24:05.165+0000] {logging_mixin.py:137} INFO - [2023-04-09T23:24:05.165+0000] {dag.py:3456} INFO - Setting next_dagrun for latest_only_with_trigger to 2023-04-09T19:24:05.165456+00:00, run_after=2023-04-09T23:24:05.165456+00:00
[2023-04-09T23:24:05.182+0000] {processor.py:175} INFO - Processing /home/airflow/.local/lib/python3.7/site-packages/airflow/example_dags/example_latest_only_with_trigger.py took 0.087 seconds
[2023-04-09T23:24:35.359+0000] {processor.py:153} INFO - Started process (PID=128) to work on /home/airflow/.local/lib/python3.7/site-packages/airflow/example_dags/example_latest_only_with_trigger.py
[2023-04-09T23:24:35.359+0000] {processor.py:743} INFO - Processing file /home/airflow/.local/lib/python3.7/site-packages/airflow/example_dags/example_latest_only_with_trigger.py for tasks to queue
[2023-04-09T23:24:35.360+0000] {logging_mixin.py:137} INFO - [2023-04-09T23:24:35.359+0000] {dagbag.py:532} INFO - Filling up the DagBag from /home/airflow/.local/lib/python3.7/site-packages/airflow/example_dags/example_latest_only_with_trigger.py
[2023-04-09T23:24:35.370+0000] {processor.py:753} INFO - DAG(s) dict_keys(['latest_only_with_trigger']) retrieved from /home/airflow/.local/lib/python3.7/site-packages/airflow/example_dags/example_latest_only_with_trigger.py
[2023-04-09T23:24:35.393+0000] {logging_mixin.py:137} INFO - [2023-04-09T23:24:35.393+0000] {dag.py:2705} INFO - Sync 1 DAGs
[2023-04-09T23:24:35.420+0000] {logging_mixin.py:137} INFO - [2023-04-09T23:24:35.420+0000] {dag.py:3456} INFO - Setting next_dagrun for latest_only_with_trigger to 2023-04-09T19:24:35.420168+00:00, run_after=2023-04-09T23:24:35.420168+00:00
[2023-04-09T23:24:35.452+0000] {processor.py:175} INFO - Processing /home/airflow/.local/lib/python3.7/site-packages/airflow/example_dags/example_latest_only_with_trigger.py took 0.095 seconds
[2023-04-09T23:25:06.505+0000] {processor.py:153} INFO - Started process (PID=180) to work on /home/airflow/.local/lib/python3.7/site-packages/airflow/example_dags/example_latest_only_with_trigger.py
[2023-04-09T23:25:06.506+0000] {processor.py:743} INFO - Processing file /home/airflow/.local/lib/python3.7/site-packages/airflow/example_dags/example_latest_only_with_trigger.py for tasks to queue
[2023-04-09T23:25:06.506+0000] {logging_mixin.py:137} INFO - [2023-04-09T23:25:06.506+0000] {dagbag.py:532} INFO - Filling up the DagBag from /home/airflow/.local/lib/python3.7/site-packages/airflow/example_dags/example_latest_only_with_trigger.py
[2023-04-09T23:25:06.517+0000] {processor.py:753} INFO - DAG(s) dict_keys(['latest_only_with_trigger']) retrieved from /home/airflow/.local/lib/python3.7/site-packages/airflow/example_dags/example_latest_only_with_trigger.py
[2023-04-09T23:25:06.555+0000] {logging_mixin.py:137} INFO - [2023-04-09T23:25:06.555+0000] {dag.py:2705} INFO - Sync 1 DAGs
[2023-04-09T23:25:06.580+0000] {logging_mixin.py:137} INFO - [2023-04-09T23:25:06.580+0000] {dag.py:3456} INFO - Setting next_dagrun for latest_only_with_trigger to 2023-04-09T19:25:06.580113+00:00, run_after=2023-04-09T23:25:06.580113+00:00
[2023-04-09T23:25:06.597+0000] {processor.py:175} INFO - Processing /home/airflow/.local/lib/python3.7/site-packages/airflow/example_dags/example_latest_only_with_trigger.py took 0.094 seconds
[2023-04-09T23:25:36.888+0000] {processor.py:153} INFO - Started process (PID=232) to work on /home/airflow/.local/lib/python3.7/site-packages/airflow/example_dags/example_latest_only_with_trigger.py
[2023-04-09T23:25:36.889+0000] {processor.py:743} INFO - Processing file /home/airflow/.local/lib/python3.7/site-packages/airflow/example_dags/example_latest_only_with_trigger.py for tasks to queue
[2023-04-09T23:25:36.890+0000] {logging_mixin.py:137} INFO - [2023-04-09T23:25:36.890+0000] {dagbag.py:532} INFO - Filling up the DagBag from /home/airflow/.local/lib/python3.7/site-packages/airflow/example_dags/example_latest_only_with_trigger.py
[2023-04-09T23:25:36.910+0000] {processor.py:753} INFO - DAG(s) dict_keys(['latest_only_with_trigger']) retrieved from /home/airflow/.local/lib/python3.7/site-packages/airflow/example_dags/example_latest_only_with_trigger.py
[2023-04-09T23:25:36.938+0000] {logging_mixin.py:137} INFO - [2023-04-09T23:25:36.938+0000] {dag.py:2705} INFO - Sync 1 DAGs
[2023-04-09T23:25:36.963+0000] {logging_mixin.py:137} INFO - [2023-04-09T23:25:36.963+0000] {dag.py:3456} INFO - Setting next_dagrun for latest_only_with_trigger to 2023-04-09T19:25:36.962979+00:00, run_after=2023-04-09T23:25:36.962979+00:00
[2023-04-09T23:25:36.978+0000] {processor.py:175} INFO - Processing /home/airflow/.local/lib/python3.7/site-packages/airflow/example_dags/example_latest_only_with_trigger.py took 0.095 seconds
[2023-04-09T23:26:08.206+0000] {processor.py:153} INFO - Started process (PID=284) to work on /home/airflow/.local/lib/python3.7/site-packages/airflow/example_dags/example_latest_only_with_trigger.py
[2023-04-09T23:26:08.207+0000] {processor.py:743} INFO - Processing file /home/airflow/.local/lib/python3.7/site-packages/airflow/example_dags/example_latest_only_with_trigger.py for tasks to queue
[2023-04-09T23:26:08.208+0000] {logging_mixin.py:137} INFO - [2023-04-09T23:26:08.207+0000] {dagbag.py:532} INFO - Filling up the DagBag from /home/airflow/.local/lib/python3.7/site-packages/airflow/example_dags/example_latest_only_with_trigger.py
[2023-04-09T23:26:08.234+0000] {processor.py:753} INFO - DAG(s) dict_keys(['latest_only_with_trigger']) retrieved from /home/airflow/.local/lib/python3.7/site-packages/airflow/example_dags/example_latest_only_with_trigger.py
[2023-04-09T23:26:08.261+0000] {logging_mixin.py:137} INFO - [2023-04-09T23:26:08.260+0000] {dag.py:2705} INFO - Sync 1 DAGs
[2023-04-09T23:26:08.284+0000] {logging_mixin.py:137} INFO - [2023-04-09T23:26:08.284+0000] {dag.py:3456} INFO - Setting next_dagrun for latest_only_with_trigger to 2023-04-09T19:26:08.284079+00:00, run_after=2023-04-09T23:26:08.284079+00:00
[2023-04-09T23:26:08.299+0000] {processor.py:175} INFO - Processing /home/airflow/.local/lib/python3.7/site-packages/airflow/example_dags/example_latest_only_with_trigger.py took 0.098 seconds
[2023-04-09T23:26:38.532+0000] {processor.py:153} INFO - Started process (PID=336) to work on /home/airflow/.local/lib/python3.7/site-packages/airflow/example_dags/example_latest_only_with_trigger.py
[2023-04-09T23:26:38.533+0000] {processor.py:743} INFO - Processing file /home/airflow/.local/lib/python3.7/site-packages/airflow/example_dags/example_latest_only_with_trigger.py for tasks to queue
[2023-04-09T23:26:38.534+0000] {logging_mixin.py:137} INFO - [2023-04-09T23:26:38.533+0000] {dagbag.py:532} INFO - Filling up the DagBag from /home/airflow/.local/lib/python3.7/site-packages/airflow/example_dags/example_latest_only_with_trigger.py
[2023-04-09T23:26:38.558+0000] {processor.py:753} INFO - DAG(s) dict_keys(['latest_only_with_trigger']) retrieved from /home/airflow/.local/lib/python3.7/site-packages/airflow/example_dags/example_latest_only_with_trigger.py
[2023-04-09T23:26:38.587+0000] {logging_mixin.py:137} INFO - [2023-04-09T23:26:38.587+0000] {dag.py:2705} INFO - Sync 1 DAGs
[2023-04-09T23:26:38.611+0000] {logging_mixin.py:137} INFO - [2023-04-09T23:26:38.611+0000] {dag.py:3456} INFO - Setting next_dagrun for latest_only_with_trigger to 2023-04-09T19:26:38.610903+00:00, run_after=2023-04-09T23:26:38.610903+00:00
[2023-04-09T23:26:38.626+0000] {processor.py:175} INFO - Processing /home/airflow/.local/lib/python3.7/site-packages/airflow/example_dags/example_latest_only_with_trigger.py took 0.099 seconds
[2023-04-09T23:27:09.725+0000] {processor.py:153} INFO - Started process (PID=388) to work on /home/airflow/.local/lib/python3.7/site-packages/airflow/example_dags/example_latest_only_with_trigger.py
[2023-04-09T23:27:09.727+0000] {processor.py:743} INFO - Processing file /home/airflow/.local/lib/python3.7/site-packages/airflow/example_dags/example_latest_only_with_trigger.py for tasks to queue
[2023-04-09T23:27:09.728+0000] {logging_mixin.py:137} INFO - [2023-04-09T23:27:09.728+0000] {dagbag.py:532} INFO - Filling up the DagBag from /home/airflow/.local/lib/python3.7/site-packages/airflow/example_dags/example_latest_only_with_trigger.py
[2023-04-09T23:27:09.755+0000] {processor.py:753} INFO - DAG(s) dict_keys(['latest_only_with_trigger']) retrieved from /home/airflow/.local/lib/python3.7/site-packages/airflow/example_dags/example_latest_only_with_trigger.py
[2023-04-09T23:27:09.781+0000] {logging_mixin.py:137} INFO - [2023-04-09T23:27:09.781+0000] {dag.py:2705} INFO - Sync 1 DAGs
[2023-04-09T23:27:09.808+0000] {logging_mixin.py:137} INFO - [2023-04-09T23:27:09.808+0000] {dag.py:3456} INFO - Setting next_dagrun for latest_only_with_trigger to 2023-04-09T19:27:09.808426+00:00, run_after=2023-04-09T23:27:09.808426+00:00
[2023-04-09T23:27:09.829+0000] {processor.py:175} INFO - Processing /home/airflow/.local/lib/python3.7/site-packages/airflow/example_dags/example_latest_only_with_trigger.py took 0.109 seconds
[2023-04-09T23:29:43.517+0000] {processor.py:153} INFO - Started process (PID=73) to work on /home/airflow/.local/lib/python3.7/site-packages/airflow/example_dags/example_latest_only_with_trigger.py
[2023-04-09T23:29:43.518+0000] {processor.py:743} INFO - Processing file /home/airflow/.local/lib/python3.7/site-packages/airflow/example_dags/example_latest_only_with_trigger.py for tasks to queue
[2023-04-09T23:29:43.519+0000] {logging_mixin.py:137} INFO - [2023-04-09T23:29:43.518+0000] {dagbag.py:532} INFO - Filling up the DagBag from /home/airflow/.local/lib/python3.7/site-packages/airflow/example_dags/example_latest_only_with_trigger.py
[2023-04-09T23:29:43.531+0000] {processor.py:753} INFO - DAG(s) dict_keys(['latest_only_with_trigger']) retrieved from /home/airflow/.local/lib/python3.7/site-packages/airflow/example_dags/example_latest_only_with_trigger.py
[2023-04-09T23:29:43.540+0000] {logging_mixin.py:137} INFO - [2023-04-09T23:29:43.540+0000] {dag.py:2705} INFO - Sync 1 DAGs
[2023-04-09T23:29:43.564+0000] {logging_mixin.py:137} INFO - [2023-04-09T23:29:43.564+0000] {dag.py:3456} INFO - Setting next_dagrun for latest_only_with_trigger to 2023-04-09T19:29:43.564036+00:00, run_after=2023-04-09T23:29:43.564036+00:00
[2023-04-09T23:29:43.587+0000] {processor.py:175} INFO - Processing /home/airflow/.local/lib/python3.7/site-packages/airflow/example_dags/example_latest_only_with_trigger.py took 0.071 seconds
[2023-04-09T23:30:14.488+0000] {processor.py:153} INFO - Started process (PID=125) to work on /home/airflow/.local/lib/python3.7/site-packages/airflow/example_dags/example_latest_only_with_trigger.py
[2023-04-09T23:30:14.489+0000] {processor.py:743} INFO - Processing file /home/airflow/.local/lib/python3.7/site-packages/airflow/example_dags/example_latest_only_with_trigger.py for tasks to queue
[2023-04-09T23:30:14.489+0000] {logging_mixin.py:137} INFO - [2023-04-09T23:30:14.489+0000] {dagbag.py:532} INFO - Filling up the DagBag from /home/airflow/.local/lib/python3.7/site-packages/airflow/example_dags/example_latest_only_with_trigger.py
[2023-04-09T23:30:14.500+0000] {processor.py:753} INFO - DAG(s) dict_keys(['latest_only_with_trigger']) retrieved from /home/airflow/.local/lib/python3.7/site-packages/airflow/example_dags/example_latest_only_with_trigger.py
[2023-04-09T23:30:14.523+0000] {logging_mixin.py:137} INFO - [2023-04-09T23:30:14.523+0000] {dag.py:2705} INFO - Sync 1 DAGs
[2023-04-09T23:30:14.547+0000] {logging_mixin.py:137} INFO - [2023-04-09T23:30:14.547+0000] {dag.py:3456} INFO - Setting next_dagrun for latest_only_with_trigger to 2023-04-09T19:30:14.547219+00:00, run_after=2023-04-09T23:30:14.547219+00:00
[2023-04-09T23:30:14.566+0000] {processor.py:175} INFO - Processing /home/airflow/.local/lib/python3.7/site-packages/airflow/example_dags/example_latest_only_with_trigger.py took 0.080 seconds
[2023-04-09T23:30:45.050+0000] {processor.py:153} INFO - Started process (PID=177) to work on /home/airflow/.local/lib/python3.7/site-packages/airflow/example_dags/example_latest_only_with_trigger.py
[2023-04-09T23:30:45.051+0000] {processor.py:743} INFO - Processing file /home/airflow/.local/lib/python3.7/site-packages/airflow/example_dags/example_latest_only_with_trigger.py for tasks to queue
[2023-04-09T23:30:45.052+0000] {logging_mixin.py:137} INFO - [2023-04-09T23:30:45.052+0000] {dagbag.py:532} INFO - Filling up the DagBag from /home/airflow/.local/lib/python3.7/site-packages/airflow/example_dags/example_latest_only_with_trigger.py
[2023-04-09T23:30:45.077+0000] {processor.py:753} INFO - DAG(s) dict_keys(['latest_only_with_trigger']) retrieved from /home/airflow/.local/lib/python3.7/site-packages/airflow/example_dags/example_latest_only_with_trigger.py
[2023-04-09T23:30:45.112+0000] {logging_mixin.py:137} INFO - [2023-04-09T23:30:45.112+0000] {dag.py:2705} INFO - Sync 1 DAGs
[2023-04-09T23:30:45.137+0000] {logging_mixin.py:137} INFO - [2023-04-09T23:30:45.137+0000] {dag.py:3456} INFO - Setting next_dagrun for latest_only_with_trigger to 2023-04-09T19:30:45.137434+00:00, run_after=2023-04-09T23:30:45.137434+00:00
[2023-04-09T23:30:45.156+0000] {processor.py:175} INFO - Processing /home/airflow/.local/lib/python3.7/site-packages/airflow/example_dags/example_latest_only_with_trigger.py took 0.111 seconds
[2023-04-09T23:31:15.329+0000] {processor.py:153} INFO - Started process (PID=249) to work on /home/airflow/.local/lib/python3.7/site-packages/airflow/example_dags/example_latest_only_with_trigger.py
[2023-04-09T23:31:15.330+0000] {processor.py:743} INFO - Processing file /home/airflow/.local/lib/python3.7/site-packages/airflow/example_dags/example_latest_only_with_trigger.py for tasks to queue
[2023-04-09T23:31:15.330+0000] {logging_mixin.py:137} INFO - [2023-04-09T23:31:15.330+0000] {dagbag.py:532} INFO - Filling up the DagBag from /home/airflow/.local/lib/python3.7/site-packages/airflow/example_dags/example_latest_only_with_trigger.py
[2023-04-09T23:31:15.342+0000] {processor.py:753} INFO - DAG(s) dict_keys(['latest_only_with_trigger']) retrieved from /home/airflow/.local/lib/python3.7/site-packages/airflow/example_dags/example_latest_only_with_trigger.py
[2023-04-09T23:31:15.363+0000] {logging_mixin.py:137} INFO - [2023-04-09T23:31:15.363+0000] {dag.py:2705} INFO - Sync 1 DAGs
[2023-04-09T23:31:15.391+0000] {logging_mixin.py:137} INFO - [2023-04-09T23:31:15.390+0000] {dag.py:3456} INFO - Setting next_dagrun for latest_only_with_trigger to 2023-04-09T19:31:15.390715+00:00, run_after=2023-04-09T23:31:15.390715+00:00
[2023-04-09T23:31:15.411+0000] {processor.py:175} INFO - Processing /home/airflow/.local/lib/python3.7/site-packages/airflow/example_dags/example_latest_only_with_trigger.py took 0.084 seconds
