[2023-04-09T23:24:03.298+0000] {processor.py:153} INFO - Started process (PID=56) to work on /home/airflow/.local/lib/python3.7/site-packages/airflow/example_dags/example_dag_decorator.py
[2023-04-09T23:24:03.299+0000] {processor.py:743} INFO - Processing file /home/airflow/.local/lib/python3.7/site-packages/airflow/example_dags/example_dag_decorator.py for tasks to queue
[2023-04-09T23:24:03.299+0000] {logging_mixin.py:137} INFO - [2023-04-09T23:24:03.299+0000] {dagbag.py:532} INFO - Filling up the DagBag from /home/airflow/.local/lib/python3.7/site-packages/airflow/example_dags/example_dag_decorator.py
[2023-04-09T23:24:03.317+0000] {logging_mixin.py:137} INFO - [2023-04-09T23:24:03.317+0000] {taskmixin.py:211} WARNING - Dependency <Task(_PythonDecoratedOperator): prepare_email>, send_email already registered for DAG: example_dag_decorator
[2023-04-09T23:24:03.318+0000] {logging_mixin.py:137} INFO - [2023-04-09T23:24:03.318+0000] {taskmixin.py:211} WARNING - Dependency <Task(EmailOperator): send_email>, prepare_email already registered for DAG: example_dag_decorator
[2023-04-09T23:24:03.332+0000] {processor.py:753} INFO - DAG(s) dict_keys(['example_dag_decorator']) retrieved from /home/airflow/.local/lib/python3.7/site-packages/airflow/example_dags/example_dag_decorator.py
[2023-04-09T23:24:03.411+0000] {logging_mixin.py:137} INFO - [2023-04-09T23:24:03.410+0000] {dag.py:2705} INFO - Sync 1 DAGs
[2023-04-09T23:24:03.438+0000] {logging_mixin.py:137} INFO - [2023-04-09T23:24:03.438+0000] {dag.py:3456} INFO - Setting next_dagrun for example_dag_decorator to None, run_after=None
[2023-04-09T23:24:03.461+0000] {processor.py:175} INFO - Processing /home/airflow/.local/lib/python3.7/site-packages/airflow/example_dags/example_dag_decorator.py took 0.165 seconds
[2023-04-09T23:24:33.729+0000] {processor.py:153} INFO - Started process (PID=106) to work on /home/airflow/.local/lib/python3.7/site-packages/airflow/example_dags/example_dag_decorator.py
[2023-04-09T23:24:33.730+0000] {processor.py:743} INFO - Processing file /home/airflow/.local/lib/python3.7/site-packages/airflow/example_dags/example_dag_decorator.py for tasks to queue
[2023-04-09T23:24:33.730+0000] {logging_mixin.py:137} INFO - [2023-04-09T23:24:33.730+0000] {dagbag.py:532} INFO - Filling up the DagBag from /home/airflow/.local/lib/python3.7/site-packages/airflow/example_dags/example_dag_decorator.py
[2023-04-09T23:24:33.749+0000] {logging_mixin.py:137} INFO - [2023-04-09T23:24:33.749+0000] {taskmixin.py:211} WARNING - Dependency <Task(_PythonDecoratedOperator): prepare_email>, send_email already registered for DAG: example_dag_decorator
[2023-04-09T23:24:33.749+0000] {logging_mixin.py:137} INFO - [2023-04-09T23:24:33.749+0000] {taskmixin.py:211} WARNING - Dependency <Task(EmailOperator): send_email>, prepare_email already registered for DAG: example_dag_decorator
[2023-04-09T23:24:33.762+0000] {processor.py:753} INFO - DAG(s) dict_keys(['example_dag_decorator']) retrieved from /home/airflow/.local/lib/python3.7/site-packages/airflow/example_dags/example_dag_decorator.py
[2023-04-09T23:24:33.844+0000] {logging_mixin.py:137} INFO - [2023-04-09T23:24:33.844+0000] {dag.py:2705} INFO - Sync 1 DAGs
[2023-04-09T23:24:33.871+0000] {logging_mixin.py:137} INFO - [2023-04-09T23:24:33.871+0000] {dag.py:3456} INFO - Setting next_dagrun for example_dag_decorator to None, run_after=None
[2023-04-09T23:24:33.891+0000] {processor.py:175} INFO - Processing /home/airflow/.local/lib/python3.7/site-packages/airflow/example_dags/example_dag_decorator.py took 0.166 seconds
[2023-04-09T23:25:04.000+0000] {processor.py:153} INFO - Started process (PID=159) to work on /home/airflow/.local/lib/python3.7/site-packages/airflow/example_dags/example_dag_decorator.py
[2023-04-09T23:25:04.001+0000] {processor.py:743} INFO - Processing file /home/airflow/.local/lib/python3.7/site-packages/airflow/example_dags/example_dag_decorator.py for tasks to queue
[2023-04-09T23:25:04.001+0000] {logging_mixin.py:137} INFO - [2023-04-09T23:25:04.001+0000] {dagbag.py:532} INFO - Filling up the DagBag from /home/airflow/.local/lib/python3.7/site-packages/airflow/example_dags/example_dag_decorator.py
[2023-04-09T23:25:04.015+0000] {logging_mixin.py:137} INFO - [2023-04-09T23:25:04.015+0000] {taskmixin.py:211} WARNING - Dependency <Task(_PythonDecoratedOperator): prepare_email>, send_email already registered for DAG: example_dag_decorator
[2023-04-09T23:25:04.015+0000] {logging_mixin.py:137} INFO - [2023-04-09T23:25:04.015+0000] {taskmixin.py:211} WARNING - Dependency <Task(EmailOperator): send_email>, prepare_email already registered for DAG: example_dag_decorator
[2023-04-09T23:25:04.025+0000] {processor.py:753} INFO - DAG(s) dict_keys(['example_dag_decorator']) retrieved from /home/airflow/.local/lib/python3.7/site-packages/airflow/example_dags/example_dag_decorator.py
[2023-04-09T23:25:04.106+0000] {logging_mixin.py:137} INFO - [2023-04-09T23:25:04.106+0000] {dag.py:2705} INFO - Sync 1 DAGs
[2023-04-09T23:25:04.130+0000] {logging_mixin.py:137} INFO - [2023-04-09T23:25:04.130+0000] {dag.py:3456} INFO - Setting next_dagrun for example_dag_decorator to None, run_after=None
[2023-04-09T23:25:04.147+0000] {processor.py:175} INFO - Processing /home/airflow/.local/lib/python3.7/site-packages/airflow/example_dags/example_dag_decorator.py took 0.149 seconds
[2023-04-09T23:25:34.455+0000] {processor.py:153} INFO - Started process (PID=211) to work on /home/airflow/.local/lib/python3.7/site-packages/airflow/example_dags/example_dag_decorator.py
[2023-04-09T23:25:34.456+0000] {processor.py:743} INFO - Processing file /home/airflow/.local/lib/python3.7/site-packages/airflow/example_dags/example_dag_decorator.py for tasks to queue
[2023-04-09T23:25:34.456+0000] {logging_mixin.py:137} INFO - [2023-04-09T23:25:34.456+0000] {dagbag.py:532} INFO - Filling up the DagBag from /home/airflow/.local/lib/python3.7/site-packages/airflow/example_dags/example_dag_decorator.py
[2023-04-09T23:25:34.471+0000] {logging_mixin.py:137} INFO - [2023-04-09T23:25:34.471+0000] {taskmixin.py:211} WARNING - Dependency <Task(_PythonDecoratedOperator): prepare_email>, send_email already registered for DAG: example_dag_decorator
[2023-04-09T23:25:34.471+0000] {logging_mixin.py:137} INFO - [2023-04-09T23:25:34.471+0000] {taskmixin.py:211} WARNING - Dependency <Task(EmailOperator): send_email>, prepare_email already registered for DAG: example_dag_decorator
[2023-04-09T23:25:34.482+0000] {processor.py:753} INFO - DAG(s) dict_keys(['example_dag_decorator']) retrieved from /home/airflow/.local/lib/python3.7/site-packages/airflow/example_dags/example_dag_decorator.py
[2023-04-09T23:25:34.561+0000] {logging_mixin.py:137} INFO - [2023-04-09T23:25:34.561+0000] {dag.py:2705} INFO - Sync 1 DAGs
[2023-04-09T23:25:34.586+0000] {logging_mixin.py:137} INFO - [2023-04-09T23:25:34.586+0000] {dag.py:3456} INFO - Setting next_dagrun for example_dag_decorator to None, run_after=None
[2023-04-09T23:25:34.607+0000] {processor.py:175} INFO - Processing /home/airflow/.local/lib/python3.7/site-packages/airflow/example_dags/example_dag_decorator.py took 0.155 seconds
[2023-04-09T23:26:04.694+0000] {processor.py:153} INFO - Started process (PID=263) to work on /home/airflow/.local/lib/python3.7/site-packages/airflow/example_dags/example_dag_decorator.py
[2023-04-09T23:26:04.695+0000] {processor.py:743} INFO - Processing file /home/airflow/.local/lib/python3.7/site-packages/airflow/example_dags/example_dag_decorator.py for tasks to queue
[2023-04-09T23:26:04.696+0000] {logging_mixin.py:137} INFO - [2023-04-09T23:26:04.696+0000] {dagbag.py:532} INFO - Filling up the DagBag from /home/airflow/.local/lib/python3.7/site-packages/airflow/example_dags/example_dag_decorator.py
[2023-04-09T23:26:04.727+0000] {logging_mixin.py:137} INFO - [2023-04-09T23:26:04.727+0000] {taskmixin.py:211} WARNING - Dependency <Task(_PythonDecoratedOperator): prepare_email>, send_email already registered for DAG: example_dag_decorator
[2023-04-09T23:26:04.728+0000] {logging_mixin.py:137} INFO - [2023-04-09T23:26:04.727+0000] {taskmixin.py:211} WARNING - Dependency <Task(EmailOperator): send_email>, prepare_email already registered for DAG: example_dag_decorator
[2023-04-09T23:26:04.743+0000] {processor.py:753} INFO - DAG(s) dict_keys(['example_dag_decorator']) retrieved from /home/airflow/.local/lib/python3.7/site-packages/airflow/example_dags/example_dag_decorator.py
[2023-04-09T23:26:04.810+0000] {logging_mixin.py:137} INFO - [2023-04-09T23:26:04.810+0000] {dag.py:2705} INFO - Sync 1 DAGs
[2023-04-09T23:26:04.833+0000] {logging_mixin.py:137} INFO - [2023-04-09T23:26:04.833+0000] {dag.py:3456} INFO - Setting next_dagrun for example_dag_decorator to None, run_after=None
[2023-04-09T23:26:04.851+0000] {processor.py:175} INFO - Processing /home/airflow/.local/lib/python3.7/site-packages/airflow/example_dags/example_dag_decorator.py took 0.161 seconds
[2023-04-09T23:26:35.695+0000] {processor.py:153} INFO - Started process (PID=314) to work on /home/airflow/.local/lib/python3.7/site-packages/airflow/example_dags/example_dag_decorator.py
[2023-04-09T23:26:35.696+0000] {processor.py:743} INFO - Processing file /home/airflow/.local/lib/python3.7/site-packages/airflow/example_dags/example_dag_decorator.py for tasks to queue
[2023-04-09T23:26:35.697+0000] {logging_mixin.py:137} INFO - [2023-04-09T23:26:35.697+0000] {dagbag.py:532} INFO - Filling up the DagBag from /home/airflow/.local/lib/python3.7/site-packages/airflow/example_dags/example_dag_decorator.py
[2023-04-09T23:26:35.729+0000] {logging_mixin.py:137} INFO - [2023-04-09T23:26:35.728+0000] {taskmixin.py:211} WARNING - Dependency <Task(_PythonDecoratedOperator): prepare_email>, send_email already registered for DAG: example_dag_decorator
[2023-04-09T23:26:35.729+0000] {logging_mixin.py:137} INFO - [2023-04-09T23:26:35.729+0000] {taskmixin.py:211} WARNING - Dependency <Task(EmailOperator): send_email>, prepare_email already registered for DAG: example_dag_decorator
[2023-04-09T23:26:35.745+0000] {processor.py:753} INFO - DAG(s) dict_keys(['example_dag_decorator']) retrieved from /home/airflow/.local/lib/python3.7/site-packages/airflow/example_dags/example_dag_decorator.py
[2023-04-09T23:26:35.818+0000] {logging_mixin.py:137} INFO - [2023-04-09T23:26:35.818+0000] {dag.py:2705} INFO - Sync 1 DAGs
[2023-04-09T23:26:35.842+0000] {logging_mixin.py:137} INFO - [2023-04-09T23:26:35.842+0000] {dag.py:3456} INFO - Setting next_dagrun for example_dag_decorator to None, run_after=None
[2023-04-09T23:26:35.859+0000] {processor.py:175} INFO - Processing /home/airflow/.local/lib/python3.7/site-packages/airflow/example_dags/example_dag_decorator.py took 0.168 seconds
[2023-04-09T23:27:05.929+0000] {processor.py:153} INFO - Started process (PID=366) to work on /home/airflow/.local/lib/python3.7/site-packages/airflow/example_dags/example_dag_decorator.py
[2023-04-09T23:27:05.930+0000] {processor.py:743} INFO - Processing file /home/airflow/.local/lib/python3.7/site-packages/airflow/example_dags/example_dag_decorator.py for tasks to queue
[2023-04-09T23:27:05.931+0000] {logging_mixin.py:137} INFO - [2023-04-09T23:27:05.931+0000] {dagbag.py:532} INFO - Filling up the DagBag from /home/airflow/.local/lib/python3.7/site-packages/airflow/example_dags/example_dag_decorator.py
[2023-04-09T23:27:05.962+0000] {logging_mixin.py:137} INFO - [2023-04-09T23:27:05.962+0000] {taskmixin.py:211} WARNING - Dependency <Task(_PythonDecoratedOperator): prepare_email>, send_email already registered for DAG: example_dag_decorator
[2023-04-09T23:27:05.963+0000] {logging_mixin.py:137} INFO - [2023-04-09T23:27:05.962+0000] {taskmixin.py:211} WARNING - Dependency <Task(EmailOperator): send_email>, prepare_email already registered for DAG: example_dag_decorator
[2023-04-09T23:27:05.976+0000] {processor.py:753} INFO - DAG(s) dict_keys(['example_dag_decorator']) retrieved from /home/airflow/.local/lib/python3.7/site-packages/airflow/example_dags/example_dag_decorator.py
[2023-04-09T23:27:06.042+0000] {logging_mixin.py:137} INFO - [2023-04-09T23:27:06.042+0000] {dag.py:2705} INFO - Sync 1 DAGs
[2023-04-09T23:27:06.068+0000] {logging_mixin.py:137} INFO - [2023-04-09T23:27:06.068+0000] {dag.py:3456} INFO - Setting next_dagrun for example_dag_decorator to None, run_after=None
[2023-04-09T23:27:06.086+0000] {processor.py:175} INFO - Processing /home/airflow/.local/lib/python3.7/site-packages/airflow/example_dags/example_dag_decorator.py took 0.162 seconds
[2023-04-09T23:29:42.220+0000] {processor.py:153} INFO - Started process (PID=53) to work on /home/airflow/.local/lib/python3.7/site-packages/airflow/example_dags/example_dag_decorator.py
[2023-04-09T23:29:42.221+0000] {processor.py:743} INFO - Processing file /home/airflow/.local/lib/python3.7/site-packages/airflow/example_dags/example_dag_decorator.py for tasks to queue
[2023-04-09T23:29:42.222+0000] {logging_mixin.py:137} INFO - [2023-04-09T23:29:42.221+0000] {dagbag.py:532} INFO - Filling up the DagBag from /home/airflow/.local/lib/python3.7/site-packages/airflow/example_dags/example_dag_decorator.py
[2023-04-09T23:29:42.239+0000] {logging_mixin.py:137} INFO - [2023-04-09T23:29:42.239+0000] {taskmixin.py:211} WARNING - Dependency <Task(_PythonDecoratedOperator): prepare_email>, send_email already registered for DAG: example_dag_decorator
[2023-04-09T23:29:42.239+0000] {logging_mixin.py:137} INFO - [2023-04-09T23:29:42.239+0000] {taskmixin.py:211} WARNING - Dependency <Task(EmailOperator): send_email>, prepare_email already registered for DAG: example_dag_decorator
[2023-04-09T23:29:42.249+0000] {processor.py:753} INFO - DAG(s) dict_keys(['example_dag_decorator']) retrieved from /home/airflow/.local/lib/python3.7/site-packages/airflow/example_dags/example_dag_decorator.py
[2023-04-09T23:29:42.261+0000] {logging_mixin.py:137} INFO - [2023-04-09T23:29:42.261+0000] {dag.py:2705} INFO - Sync 1 DAGs
[2023-04-09T23:29:42.294+0000] {logging_mixin.py:137} INFO - [2023-04-09T23:29:42.294+0000] {dag.py:3456} INFO - Setting next_dagrun for example_dag_decorator to None, run_after=None
[2023-04-09T23:29:42.316+0000] {processor.py:175} INFO - Processing /home/airflow/.local/lib/python3.7/site-packages/airflow/example_dags/example_dag_decorator.py took 0.098 seconds
[2023-04-09T23:30:13.001+0000] {processor.py:153} INFO - Started process (PID=105) to work on /home/airflow/.local/lib/python3.7/site-packages/airflow/example_dags/example_dag_decorator.py
[2023-04-09T23:30:13.001+0000] {processor.py:743} INFO - Processing file /home/airflow/.local/lib/python3.7/site-packages/airflow/example_dags/example_dag_decorator.py for tasks to queue
[2023-04-09T23:30:13.002+0000] {logging_mixin.py:137} INFO - [2023-04-09T23:30:13.002+0000] {dagbag.py:532} INFO - Filling up the DagBag from /home/airflow/.local/lib/python3.7/site-packages/airflow/example_dags/example_dag_decorator.py
[2023-04-09T23:30:13.015+0000] {logging_mixin.py:137} INFO - [2023-04-09T23:30:13.015+0000] {taskmixin.py:211} WARNING - Dependency <Task(_PythonDecoratedOperator): prepare_email>, send_email already registered for DAG: example_dag_decorator
[2023-04-09T23:30:13.015+0000] {logging_mixin.py:137} INFO - [2023-04-09T23:30:13.015+0000] {taskmixin.py:211} WARNING - Dependency <Task(EmailOperator): send_email>, prepare_email already registered for DAG: example_dag_decorator
[2023-04-09T23:30:13.024+0000] {processor.py:753} INFO - DAG(s) dict_keys(['example_dag_decorator']) retrieved from /home/airflow/.local/lib/python3.7/site-packages/airflow/example_dags/example_dag_decorator.py
[2023-04-09T23:30:13.091+0000] {logging_mixin.py:137} INFO - [2023-04-09T23:30:13.091+0000] {dag.py:2705} INFO - Sync 1 DAGs
[2023-04-09T23:30:13.115+0000] {logging_mixin.py:137} INFO - [2023-04-09T23:30:13.114+0000] {dag.py:3456} INFO - Setting next_dagrun for example_dag_decorator to None, run_after=None
[2023-04-09T23:30:13.133+0000] {processor.py:175} INFO - Processing /home/airflow/.local/lib/python3.7/site-packages/airflow/example_dags/example_dag_decorator.py took 0.134 seconds
[2023-04-09T23:30:43.645+0000] {processor.py:153} INFO - Started process (PID=157) to work on /home/airflow/.local/lib/python3.7/site-packages/airflow/example_dags/example_dag_decorator.py
[2023-04-09T23:30:43.645+0000] {processor.py:743} INFO - Processing file /home/airflow/.local/lib/python3.7/site-packages/airflow/example_dags/example_dag_decorator.py for tasks to queue
[2023-04-09T23:30:43.646+0000] {logging_mixin.py:137} INFO - [2023-04-09T23:30:43.646+0000] {dagbag.py:532} INFO - Filling up the DagBag from /home/airflow/.local/lib/python3.7/site-packages/airflow/example_dags/example_dag_decorator.py
[2023-04-09T23:30:43.672+0000] {logging_mixin.py:137} INFO - [2023-04-09T23:30:43.671+0000] {taskmixin.py:211} WARNING - Dependency <Task(_PythonDecoratedOperator): prepare_email>, send_email already registered for DAG: example_dag_decorator
[2023-04-09T23:30:43.672+0000] {logging_mixin.py:137} INFO - [2023-04-09T23:30:43.672+0000] {taskmixin.py:211} WARNING - Dependency <Task(EmailOperator): send_email>, prepare_email already registered for DAG: example_dag_decorator
[2023-04-09T23:30:43.692+0000] {processor.py:753} INFO - DAG(s) dict_keys(['example_dag_decorator']) retrieved from /home/airflow/.local/lib/python3.7/site-packages/airflow/example_dags/example_dag_decorator.py
[2023-04-09T23:30:43.769+0000] {logging_mixin.py:137} INFO - [2023-04-09T23:30:43.769+0000] {dag.py:2705} INFO - Sync 1 DAGs
[2023-04-09T23:30:43.795+0000] {logging_mixin.py:137} INFO - [2023-04-09T23:30:43.795+0000] {dag.py:3456} INFO - Setting next_dagrun for example_dag_decorator to None, run_after=None
[2023-04-09T23:30:43.813+0000] {processor.py:175} INFO - Processing /home/airflow/.local/lib/python3.7/site-packages/airflow/example_dags/example_dag_decorator.py took 0.171 seconds
[2023-04-09T23:31:13.989+0000] {processor.py:153} INFO - Started process (PID=229) to work on /home/airflow/.local/lib/python3.7/site-packages/airflow/example_dags/example_dag_decorator.py
[2023-04-09T23:31:13.990+0000] {processor.py:743} INFO - Processing file /home/airflow/.local/lib/python3.7/site-packages/airflow/example_dags/example_dag_decorator.py for tasks to queue
[2023-04-09T23:31:13.991+0000] {logging_mixin.py:137} INFO - [2023-04-09T23:31:13.991+0000] {dagbag.py:532} INFO - Filling up the DagBag from /home/airflow/.local/lib/python3.7/site-packages/airflow/example_dags/example_dag_decorator.py
[2023-04-09T23:31:14.022+0000] {logging_mixin.py:137} INFO - [2023-04-09T23:31:14.022+0000] {taskmixin.py:211} WARNING - Dependency <Task(_PythonDecoratedOperator): prepare_email>, send_email already registered for DAG: example_dag_decorator
[2023-04-09T23:31:14.023+0000] {logging_mixin.py:137} INFO - [2023-04-09T23:31:14.023+0000] {taskmixin.py:211} WARNING - Dependency <Task(EmailOperator): send_email>, prepare_email already registered for DAG: example_dag_decorator
[2023-04-09T23:31:14.036+0000] {processor.py:753} INFO - DAG(s) dict_keys(['example_dag_decorator']) retrieved from /home/airflow/.local/lib/python3.7/site-packages/airflow/example_dags/example_dag_decorator.py
[2023-04-09T23:31:14.122+0000] {logging_mixin.py:137} INFO - [2023-04-09T23:31:14.122+0000] {dag.py:2705} INFO - Sync 1 DAGs
[2023-04-09T23:31:14.152+0000] {logging_mixin.py:137} INFO - [2023-04-09T23:31:14.152+0000] {dag.py:3456} INFO - Setting next_dagrun for example_dag_decorator to None, run_after=None
[2023-04-09T23:31:14.176+0000] {processor.py:175} INFO - Processing /home/airflow/.local/lib/python3.7/site-packages/airflow/example_dags/example_dag_decorator.py took 0.192 seconds
