[2023-04-09T23:24:05.911+0000] {processor.py:153} INFO - Started process (PID=87) to work on /home/airflow/.local/lib/python3.7/site-packages/airflow/example_dags/tutorial_dag.py
[2023-04-09T23:24:05.911+0000] {processor.py:743} INFO - Processing file /home/airflow/.local/lib/python3.7/site-packages/airflow/example_dags/tutorial_dag.py for tasks to queue
[2023-04-09T23:24:05.912+0000] {logging_mixin.py:137} INFO - [2023-04-09T23:24:05.912+0000] {dagbag.py:532} INFO - Filling up the DagBag from /home/airflow/.local/lib/python3.7/site-packages/airflow/example_dags/tutorial_dag.py
[2023-04-09T23:24:05.923+0000] {processor.py:753} INFO - DAG(s) dict_keys(['tutorial_dag']) retrieved from /home/airflow/.local/lib/python3.7/site-packages/airflow/example_dags/tutorial_dag.py
[2023-04-09T23:24:05.949+0000] {logging_mixin.py:137} INFO - [2023-04-09T23:24:05.948+0000] {dag.py:2705} INFO - Sync 1 DAGs
[2023-04-09T23:24:05.980+0000] {logging_mixin.py:137} INFO - [2023-04-09T23:24:05.980+0000] {dag.py:3456} INFO - Setting next_dagrun for tutorial_dag to None, run_after=None
[2023-04-09T23:24:05.998+0000] {processor.py:175} INFO - Processing /home/airflow/.local/lib/python3.7/site-packages/airflow/example_dags/tutorial_dag.py took 0.089 seconds
[2023-04-09T23:24:36.207+0000] {processor.py:153} INFO - Started process (PID=139) to work on /home/airflow/.local/lib/python3.7/site-packages/airflow/example_dags/tutorial_dag.py
[2023-04-09T23:24:36.208+0000] {processor.py:743} INFO - Processing file /home/airflow/.local/lib/python3.7/site-packages/airflow/example_dags/tutorial_dag.py for tasks to queue
[2023-04-09T23:24:36.209+0000] {logging_mixin.py:137} INFO - [2023-04-09T23:24:36.209+0000] {dagbag.py:532} INFO - Filling up the DagBag from /home/airflow/.local/lib/python3.7/site-packages/airflow/example_dags/tutorial_dag.py
[2023-04-09T23:24:36.233+0000] {processor.py:753} INFO - DAG(s) dict_keys(['tutorial_dag']) retrieved from /home/airflow/.local/lib/python3.7/site-packages/airflow/example_dags/tutorial_dag.py
[2023-04-09T23:24:36.261+0000] {logging_mixin.py:137} INFO - [2023-04-09T23:24:36.261+0000] {dag.py:2705} INFO - Sync 1 DAGs
[2023-04-09T23:24:36.287+0000] {logging_mixin.py:137} INFO - [2023-04-09T23:24:36.286+0000] {dag.py:3456} INFO - Setting next_dagrun for tutorial_dag to None, run_after=None
[2023-04-09T23:24:36.303+0000] {processor.py:175} INFO - Processing /home/airflow/.local/lib/python3.7/site-packages/airflow/example_dags/tutorial_dag.py took 0.102 seconds
[2023-04-09T23:25:07.331+0000] {processor.py:153} INFO - Started process (PID=191) to work on /home/airflow/.local/lib/python3.7/site-packages/airflow/example_dags/tutorial_dag.py
[2023-04-09T23:25:07.331+0000] {processor.py:743} INFO - Processing file /home/airflow/.local/lib/python3.7/site-packages/airflow/example_dags/tutorial_dag.py for tasks to queue
[2023-04-09T23:25:07.332+0000] {logging_mixin.py:137} INFO - [2023-04-09T23:25:07.332+0000] {dagbag.py:532} INFO - Filling up the DagBag from /home/airflow/.local/lib/python3.7/site-packages/airflow/example_dags/tutorial_dag.py
[2023-04-09T23:25:07.342+0000] {processor.py:753} INFO - DAG(s) dict_keys(['tutorial_dag']) retrieved from /home/airflow/.local/lib/python3.7/site-packages/airflow/example_dags/tutorial_dag.py
[2023-04-09T23:25:07.380+0000] {logging_mixin.py:137} INFO - [2023-04-09T23:25:07.380+0000] {dag.py:2705} INFO - Sync 1 DAGs
[2023-04-09T23:25:07.404+0000] {logging_mixin.py:137} INFO - [2023-04-09T23:25:07.404+0000] {dag.py:3456} INFO - Setting next_dagrun for tutorial_dag to None, run_after=None
[2023-04-09T23:25:07.420+0000] {processor.py:175} INFO - Processing /home/airflow/.local/lib/python3.7/site-packages/airflow/example_dags/tutorial_dag.py took 0.092 seconds
[2023-04-09T23:25:37.519+0000] {processor.py:153} INFO - Started process (PID=243) to work on /home/airflow/.local/lib/python3.7/site-packages/airflow/example_dags/tutorial_dag.py
[2023-04-09T23:25:37.520+0000] {processor.py:743} INFO - Processing file /home/airflow/.local/lib/python3.7/site-packages/airflow/example_dags/tutorial_dag.py for tasks to queue
[2023-04-09T23:25:37.520+0000] {logging_mixin.py:137} INFO - [2023-04-09T23:25:37.520+0000] {dagbag.py:532} INFO - Filling up the DagBag from /home/airflow/.local/lib/python3.7/site-packages/airflow/example_dags/tutorial_dag.py
[2023-04-09T23:25:37.530+0000] {processor.py:753} INFO - DAG(s) dict_keys(['tutorial_dag']) retrieved from /home/airflow/.local/lib/python3.7/site-packages/airflow/example_dags/tutorial_dag.py
[2023-04-09T23:25:37.551+0000] {logging_mixin.py:137} INFO - [2023-04-09T23:25:37.551+0000] {dag.py:2705} INFO - Sync 1 DAGs
[2023-04-09T23:25:37.574+0000] {logging_mixin.py:137} INFO - [2023-04-09T23:25:37.573+0000] {dag.py:3456} INFO - Setting next_dagrun for tutorial_dag to None, run_after=None
[2023-04-09T23:25:37.588+0000] {processor.py:175} INFO - Processing /home/airflow/.local/lib/python3.7/site-packages/airflow/example_dags/tutorial_dag.py took 0.071 seconds
[2023-04-09T23:26:09.014+0000] {processor.py:153} INFO - Started process (PID=295) to work on /home/airflow/.local/lib/python3.7/site-packages/airflow/example_dags/tutorial_dag.py
[2023-04-09T23:26:09.015+0000] {processor.py:743} INFO - Processing file /home/airflow/.local/lib/python3.7/site-packages/airflow/example_dags/tutorial_dag.py for tasks to queue
[2023-04-09T23:26:09.015+0000] {logging_mixin.py:137} INFO - [2023-04-09T23:26:09.015+0000] {dagbag.py:532} INFO - Filling up the DagBag from /home/airflow/.local/lib/python3.7/site-packages/airflow/example_dags/tutorial_dag.py
[2023-04-09T23:26:09.024+0000] {processor.py:753} INFO - DAG(s) dict_keys(['tutorial_dag']) retrieved from /home/airflow/.local/lib/python3.7/site-packages/airflow/example_dags/tutorial_dag.py
[2023-04-09T23:26:09.062+0000] {logging_mixin.py:137} INFO - [2023-04-09T23:26:09.061+0000] {dag.py:2705} INFO - Sync 1 DAGs
[2023-04-09T23:26:09.095+0000] {logging_mixin.py:137} INFO - [2023-04-09T23:26:09.095+0000] {dag.py:3456} INFO - Setting next_dagrun for tutorial_dag to None, run_after=None
[2023-04-09T23:26:09.113+0000] {processor.py:175} INFO - Processing /home/airflow/.local/lib/python3.7/site-packages/airflow/example_dags/tutorial_dag.py took 0.101 seconds
[2023-04-09T23:26:39.228+0000] {processor.py:153} INFO - Started process (PID=347) to work on /home/airflow/.local/lib/python3.7/site-packages/airflow/example_dags/tutorial_dag.py
[2023-04-09T23:26:39.229+0000] {processor.py:743} INFO - Processing file /home/airflow/.local/lib/python3.7/site-packages/airflow/example_dags/tutorial_dag.py for tasks to queue
[2023-04-09T23:26:39.229+0000] {logging_mixin.py:137} INFO - [2023-04-09T23:26:39.229+0000] {dagbag.py:532} INFO - Filling up the DagBag from /home/airflow/.local/lib/python3.7/site-packages/airflow/example_dags/tutorial_dag.py
[2023-04-09T23:26:39.239+0000] {processor.py:753} INFO - DAG(s) dict_keys(['tutorial_dag']) retrieved from /home/airflow/.local/lib/python3.7/site-packages/airflow/example_dags/tutorial_dag.py
[2023-04-09T23:26:39.263+0000] {logging_mixin.py:137} INFO - [2023-04-09T23:26:39.263+0000] {dag.py:2705} INFO - Sync 1 DAGs
[2023-04-09T23:26:39.290+0000] {logging_mixin.py:137} INFO - [2023-04-09T23:26:39.290+0000] {dag.py:3456} INFO - Setting next_dagrun for tutorial_dag to None, run_after=None
[2023-04-09T23:26:39.306+0000] {processor.py:175} INFO - Processing /home/airflow/.local/lib/python3.7/site-packages/airflow/example_dags/tutorial_dag.py took 0.081 seconds
[2023-04-09T23:27:10.382+0000] {processor.py:153} INFO - Started process (PID=399) to work on /home/airflow/.local/lib/python3.7/site-packages/airflow/example_dags/tutorial_dag.py
[2023-04-09T23:27:10.383+0000] {processor.py:743} INFO - Processing file /home/airflow/.local/lib/python3.7/site-packages/airflow/example_dags/tutorial_dag.py for tasks to queue
[2023-04-09T23:27:10.384+0000] {logging_mixin.py:137} INFO - [2023-04-09T23:27:10.383+0000] {dagbag.py:532} INFO - Filling up the DagBag from /home/airflow/.local/lib/python3.7/site-packages/airflow/example_dags/tutorial_dag.py
[2023-04-09T23:27:10.397+0000] {processor.py:753} INFO - DAG(s) dict_keys(['tutorial_dag']) retrieved from /home/airflow/.local/lib/python3.7/site-packages/airflow/example_dags/tutorial_dag.py
[2023-04-09T23:27:10.423+0000] {logging_mixin.py:137} INFO - [2023-04-09T23:27:10.423+0000] {dag.py:2705} INFO - Sync 1 DAGs
[2023-04-09T23:27:10.457+0000] {logging_mixin.py:137} INFO - [2023-04-09T23:27:10.457+0000] {dag.py:3456} INFO - Setting next_dagrun for tutorial_dag to None, run_after=None
[2023-04-09T23:27:10.475+0000] {processor.py:175} INFO - Processing /home/airflow/.local/lib/python3.7/site-packages/airflow/example_dags/tutorial_dag.py took 0.096 seconds
[2023-04-09T23:29:44.149+0000] {processor.py:153} INFO - Started process (PID=84) to work on /home/airflow/.local/lib/python3.7/site-packages/airflow/example_dags/tutorial_dag.py
[2023-04-09T23:29:44.150+0000] {processor.py:743} INFO - Processing file /home/airflow/.local/lib/python3.7/site-packages/airflow/example_dags/tutorial_dag.py for tasks to queue
[2023-04-09T23:29:44.150+0000] {logging_mixin.py:137} INFO - [2023-04-09T23:29:44.150+0000] {dagbag.py:532} INFO - Filling up the DagBag from /home/airflow/.local/lib/python3.7/site-packages/airflow/example_dags/tutorial_dag.py
[2023-04-09T23:29:44.160+0000] {processor.py:753} INFO - DAG(s) dict_keys(['tutorial_dag']) retrieved from /home/airflow/.local/lib/python3.7/site-packages/airflow/example_dags/tutorial_dag.py
[2023-04-09T23:29:44.172+0000] {logging_mixin.py:137} INFO - [2023-04-09T23:29:44.172+0000] {dag.py:2705} INFO - Sync 1 DAGs
[2023-04-09T23:29:44.198+0000] {logging_mixin.py:137} INFO - [2023-04-09T23:29:44.198+0000] {dag.py:3456} INFO - Setting next_dagrun for tutorial_dag to None, run_after=None
[2023-04-09T23:29:44.219+0000] {processor.py:175} INFO - Processing /home/airflow/.local/lib/python3.7/site-packages/airflow/example_dags/tutorial_dag.py took 0.072 seconds
[2023-04-09T23:30:15.284+0000] {processor.py:153} INFO - Started process (PID=136) to work on /home/airflow/.local/lib/python3.7/site-packages/airflow/example_dags/tutorial_dag.py
[2023-04-09T23:30:15.284+0000] {processor.py:743} INFO - Processing file /home/airflow/.local/lib/python3.7/site-packages/airflow/example_dags/tutorial_dag.py for tasks to queue
[2023-04-09T23:30:15.285+0000] {logging_mixin.py:137} INFO - [2023-04-09T23:30:15.285+0000] {dagbag.py:532} INFO - Filling up the DagBag from /home/airflow/.local/lib/python3.7/site-packages/airflow/example_dags/tutorial_dag.py
[2023-04-09T23:30:15.294+0000] {processor.py:753} INFO - DAG(s) dict_keys(['tutorial_dag']) retrieved from /home/airflow/.local/lib/python3.7/site-packages/airflow/example_dags/tutorial_dag.py
[2023-04-09T23:30:15.320+0000] {logging_mixin.py:137} INFO - [2023-04-09T23:30:15.319+0000] {dag.py:2705} INFO - Sync 1 DAGs
[2023-04-09T23:30:15.353+0000] {logging_mixin.py:137} INFO - [2023-04-09T23:30:15.353+0000] {dag.py:3456} INFO - Setting next_dagrun for tutorial_dag to None, run_after=None
[2023-04-09T23:30:15.371+0000] {processor.py:175} INFO - Processing /home/airflow/.local/lib/python3.7/site-packages/airflow/example_dags/tutorial_dag.py took 0.090 seconds
[2023-04-09T23:30:45.911+0000] {processor.py:153} INFO - Started process (PID=188) to work on /home/airflow/.local/lib/python3.7/site-packages/airflow/example_dags/tutorial_dag.py
[2023-04-09T23:30:45.912+0000] {processor.py:743} INFO - Processing file /home/airflow/.local/lib/python3.7/site-packages/airflow/example_dags/tutorial_dag.py for tasks to queue
[2023-04-09T23:30:45.912+0000] {logging_mixin.py:137} INFO - [2023-04-09T23:30:45.912+0000] {dagbag.py:532} INFO - Filling up the DagBag from /home/airflow/.local/lib/python3.7/site-packages/airflow/example_dags/tutorial_dag.py
[2023-04-09T23:30:45.922+0000] {processor.py:753} INFO - DAG(s) dict_keys(['tutorial_dag']) retrieved from /home/airflow/.local/lib/python3.7/site-packages/airflow/example_dags/tutorial_dag.py
[2023-04-09T23:30:45.946+0000] {logging_mixin.py:137} INFO - [2023-04-09T23:30:45.946+0000] {dag.py:2705} INFO - Sync 1 DAGs
[2023-04-09T23:30:45.970+0000] {logging_mixin.py:137} INFO - [2023-04-09T23:30:45.970+0000] {dag.py:3456} INFO - Setting next_dagrun for tutorial_dag to None, run_after=None
[2023-04-09T23:30:45.987+0000] {processor.py:175} INFO - Processing /home/airflow/.local/lib/python3.7/site-packages/airflow/example_dags/tutorial_dag.py took 0.078 seconds
[2023-04-09T23:31:16.177+0000] {processor.py:153} INFO - Started process (PID=260) to work on /home/airflow/.local/lib/python3.7/site-packages/airflow/example_dags/tutorial_dag.py
[2023-04-09T23:31:16.177+0000] {processor.py:743} INFO - Processing file /home/airflow/.local/lib/python3.7/site-packages/airflow/example_dags/tutorial_dag.py for tasks to queue
[2023-04-09T23:31:16.178+0000] {logging_mixin.py:137} INFO - [2023-04-09T23:31:16.178+0000] {dagbag.py:532} INFO - Filling up the DagBag from /home/airflow/.local/lib/python3.7/site-packages/airflow/example_dags/tutorial_dag.py
[2023-04-09T23:31:16.188+0000] {processor.py:753} INFO - DAG(s) dict_keys(['tutorial_dag']) retrieved from /home/airflow/.local/lib/python3.7/site-packages/airflow/example_dags/tutorial_dag.py
[2023-04-09T23:31:16.218+0000] {logging_mixin.py:137} INFO - [2023-04-09T23:31:16.218+0000] {dag.py:2705} INFO - Sync 1 DAGs
[2023-04-09T23:31:16.249+0000] {logging_mixin.py:137} INFO - [2023-04-09T23:31:16.248+0000] {dag.py:3456} INFO - Setting next_dagrun for tutorial_dag to None, run_after=None
[2023-04-09T23:31:16.265+0000] {processor.py:175} INFO - Processing /home/airflow/.local/lib/python3.7/site-packages/airflow/example_dags/tutorial_dag.py took 0.091 seconds
